[0.336s] Invoking command in '/home/paulav/contact_ws/build/trust_contact': AMENT_PREFIX_PATH=/home/paulav/contact_ws/install/messages:${AMENT_PREFIX_PATH} CMAKE_PREFIX_PATH=/home/paulav/contact_ws/install/messages:/usr/local LD_LIBRARY_PATH=/home/paulav/contact_ws/install/messages/lib:${LD_LIBRARY_PATH} PYTHONPATH=/home/paulav/contact_ws/build/trust_contact/prefix_override:/usr/lib/python3/dist-packages/colcon_core/task/python/colcon_distutils_commands:/home/paulav/contact_ws/install/trust_contact/lib/python3.10/site-packages:/home/paulav/contact_ws/install/messages/local/lib/python3.10/dist-packages:${PYTHONPATH} /usr/bin/python3 -W ignore:setup.py install is deprecated -W ignore:easy_install command is deprecated setup.py develop --editable --build-directory /home/paulav/contact_ws/build/trust_contact/build --no-deps symlink_data
[0.465s] running develop
[0.552s] running egg_info
[0.552s] writing trust_contact.egg-info/PKG-INFO
[0.552s] writing dependency_links to trust_contact.egg-info/dependency_links.txt
[0.552s] writing entry points to trust_contact.egg-info/entry_points.txt
[0.552s] writing requirements to trust_contact.egg-info/requires.txt
[0.552s] writing top-level names to trust_contact.egg-info/top_level.txt
[0.554s] reading manifest file 'trust_contact.egg-info/SOURCES.txt'
[0.555s] writing manifest file 'trust_contact.egg-info/SOURCES.txt'
[0.556s] running build_ext
[0.556s] Creating /home/paulav/contact_ws/install/trust_contact/lib/python3.10/site-packages/trust-contact.egg-link (link to .)
[0.556s] Installing contact_classifier_node script to /home/paulav/contact_ws/install/trust_contact/lib/trust_contact
[0.556s] Installing fsm_node script to /home/paulav/contact_ws/install/trust_contact/lib/trust_contact
[0.556s] Installing residual_node script to /home/paulav/contact_ws/install/trust_contact/lib/trust_contact
[0.556s] Installing simulation script to /home/paulav/contact_ws/install/trust_contact/lib/trust_contact
[0.556s] 
[0.556s] Installed /home/paulav/contact_ws/build/trust_contact
[0.556s] running symlink_data
[0.570s] Invoked command in '/home/paulav/contact_ws/build/trust_contact' returned '0': AMENT_PREFIX_PATH=/home/paulav/contact_ws/install/messages:${AMENT_PREFIX_PATH} CMAKE_PREFIX_PATH=/home/paulav/contact_ws/install/messages:/usr/local LD_LIBRARY_PATH=/home/paulav/contact_ws/install/messages/lib:${LD_LIBRARY_PATH} PYTHONPATH=/home/paulav/contact_ws/build/trust_contact/prefix_override:/usr/lib/python3/dist-packages/colcon_core/task/python/colcon_distutils_commands:/home/paulav/contact_ws/install/trust_contact/lib/python3.10/site-packages:/home/paulav/contact_ws/install/messages/local/lib/python3.10/dist-packages:${PYTHONPATH} /usr/bin/python3 -W ignore:setup.py install is deprecated -W ignore:easy_install command is deprecated setup.py develop --editable --build-directory /home/paulav/contact_ws/build/trust_contact/build --no-deps symlink_data
