[0.332s] Invoking command in '/home/paulav/contact_ws/build/trust_contact': CMAKE_PREFIX_PATH=/home/paulav/contact_ws/install/messages:/usr/local PYTHONPATH=/home/paulav/contact_ws/build/trust_contact/prefix_override:/usr/lib/python3/dist-packages/colcon_core/task/python/colcon_distutils_commands:/home/paulav/contact_ws/install/trust_contact/lib/python3.10/site-packages:${PYTHONPATH} /usr/bin/python3 -W ignore:setup.py install is deprecated -W ignore:easy_install command is deprecated setup.py develop --editable --build-directory /home/paulav/contact_ws/build/trust_contact/build --no-deps symlink_data
[0.463s] running develop
[0.548s] running egg_info
[0.548s] writing trust_contact.egg-info/PKG-INFO
[0.548s] writing dependency_links to trust_contact.egg-info/dependency_links.txt
[0.548s] writing entry points to trust_contact.egg-info/entry_points.txt
[0.548s] writing requirements to trust_contact.egg-info/requires.txt
[0.548s] writing top-level names to trust_contact.egg-info/top_level.txt
[0.549s] reading manifest file 'trust_contact.egg-info/SOURCES.txt'
[0.550s] writing manifest file 'trust_contact.egg-info/SOURCES.txt'
[0.551s] running build_ext
[0.551s] Creating /home/paulav/contact_ws/install/trust_contact/lib/python3.10/site-packages/trust-contact.egg-link (link to .)
[0.551s] Installing contact_classifier_node script to /home/paulav/contact_ws/install/trust_contact/lib/trust_contact
[0.551s] Installing fsm_node script to /home/paulav/contact_ws/install/trust_contact/lib/trust_contact
[0.551s] Installing residual_node script to /home/paulav/contact_ws/install/trust_contact/lib/trust_contact
[0.551s] Installing simulation script to /home/paulav/contact_ws/install/trust_contact/lib/trust_contact
[0.551s] 
[0.551s] Installed /home/paulav/contact_ws/build/trust_contact
[0.551s] running symlink_data
[0.566s] Invoked command in '/home/paulav/contact_ws/build/trust_contact' returned '0': CMAKE_PREFIX_PATH=/home/paulav/contact_ws/install/messages:/usr/local PYTHONPATH=/home/paulav/contact_ws/build/trust_contact/prefix_override:/usr/lib/python3/dist-packages/colcon_core/task/python/colcon_distutils_commands:/home/paulav/contact_ws/install/trust_contact/lib/python3.10/site-packages:${PYTHONPATH} /usr/bin/python3 -W ignore:setup.py install is deprecated -W ignore:easy_install command is deprecated setup.py develop --editable --build-directory /home/paulav/contact_ws/build/trust_contact/build --no-deps symlink_data
