[0.357s] Invoking command in '/home/paulav/contact_ws/build/trust_contact': CMAKE_PREFIX_PATH=/home/paulav/contact_ws/install/messages:/usr/local PYTHONPATH=/home/paulav/contact_ws/build/trust_contact/prefix_override:/usr/lib/python3/dist-packages/colcon_core/task/python/colcon_distutils_commands:/home/paulav/contact_ws/install/trust_contact/lib/python3.10/site-packages:${PYTHONPATH} /usr/bin/python3 -W ignore:setup.py install is deprecated -W ignore:easy_install command is deprecated setup.py develop --editable --build-directory /home/paulav/contact_ws/build/trust_contact/build --no-deps symlink_data
[0.498s] running develop
[0.585s] running egg_info
[0.585s] writing trust_contact.egg-info/PKG-INFO
[0.585s] writing dependency_links to trust_contact.egg-info/dependency_links.txt
[0.585s] writing entry points to trust_contact.egg-info/entry_points.txt
[0.585s] writing requirements to trust_contact.egg-info/requires.txt
[0.585s] writing top-level names to trust_contact.egg-info/top_level.txt
[0.586s] reading manifest file 'trust_contact.egg-info/SOURCES.txt'
[0.587s] writing manifest file 'trust_contact.egg-info/SOURCES.txt'
[0.587s] running build_ext
[0.587s] Creating /home/paulav/contact_ws/install/trust_contact/lib/python3.10/site-packages/trust-contact.egg-link (link to .)
[0.588s] Installing fsm_node script to /home/paulav/contact_ws/install/trust_contact/lib/trust_contact
[0.588s] Installing residual_node script to /home/paulav/contact_ws/install/trust_contact/lib/trust_contact
[0.588s] Installing simulation script to /home/paulav/contact_ws/install/trust_contact/lib/trust_contact
[0.588s] 
[0.588s] Installed /home/paulav/contact_ws/build/trust_contact
[0.588s] running symlink_data
[0.588s] creating /home/paulav/contact_ws/install/trust_contact/share/trust_contact/launch
[0.588s] symbolically linking /home/paulav/contact_ws/build/trust_contact/launch/trust_contact_launch.py -> /home/paulav/contact_ws/install/trust_contact/share/trust_contact/launch
[0.602s] Invoked command in '/home/paulav/contact_ws/build/trust_contact' returned '0': CMAKE_PREFIX_PATH=/home/paulav/contact_ws/install/messages:/usr/local PYTHONPATH=/home/paulav/contact_ws/build/trust_contact/prefix_override:/usr/lib/python3/dist-packages/colcon_core/task/python/colcon_distutils_commands:/home/paulav/contact_ws/install/trust_contact/lib/python3.10/site-packages:${PYTHONPATH} /usr/bin/python3 -W ignore:setup.py install is deprecated -W ignore:easy_install command is deprecated setup.py develop --editable --build-directory /home/paulav/contact_ws/build/trust_contact/build --no-deps symlink_data
