[0.008s] Invoking command in '/home/paulav/contact_ws/build/messages': CMAKE_PREFIX_PATH=${CMAKE_PREFIX_PATH}:/home/paulav/contact_ws/install/contact_localization_ros:/home/paulav/contact_ws/install/trust_contact:/opt/ros/humble /usr/bin/cmake /home/paulav/contact_ws/src/messages -DAMENT_CMAKE_SYMLINK_INSTALL=1 -DCMAKE_INSTALL_PREFIX=/home/paulav/contact_ws/install/messages
[0.025s] -- Found ament_cmake: 1.3.12 (/opt/ros/humble/share/ament_cmake/cmake)
[0.104s] -- Override CMake install command with custom implementation using symlinks instead of copying resources
[0.111s] -- Found rosidl_default_generators: 1.2.0 (/opt/ros/humble/share/rosidl_default_generators/cmake)
[0.112s] -- Using all available rosidl_typesupport_c: rosidl_typesupport_fastrtps_c;rosidl_typesupport_introspection_c
[0.114s] -- Found rosidl_adapter: 3.1.8 (/opt/ros/humble/share/rosidl_adapter/cmake)
[0.133s] -- Using all available rosidl_typesupport_cpp: rosidl_typesupport_fastrtps_cpp;rosidl_typesupport_introspection_cpp
[0.149s] -- Found builtin_interfaces: 1.2.2 (/opt/ros/humble/share/builtin_interfaces/cmake)
[0.312s] -- Found ament_cmake_ros: 0.10.0 (/opt/ros/humble/share/ament_cmake_ros/cmake)
[0.444s] -- Using all available rosidl_typesupport_c: rosidl_typesupport_fastrtps_c;rosidl_typesupport_introspection_c
[0.622s] -- Using all available rosidl_typesupport_cpp: rosidl_typesupport_fastrtps_cpp;rosidl_typesupport_introspection_cpp
[0.642s] -- Found python_cmake_module: 0.10.0 (/opt/ros/humble/share/python_cmake_module/cmake)
[0.665s] -- Using PYTHON_EXECUTABLE: /usr/bin/python3
[0.665s] -- Using PYTHON_INCLUDE_DIRS: /usr/include/python3.10
[0.665s] -- Using PYTHON_LIBRARIES: /usr/lib/x86_64-linux-gnu/libpython3.10.so
[0.674s] -- Found ament_lint_auto: 0.12.14 (/opt/ros/humble/share/ament_lint_auto/cmake)
[0.683s] -- Added test 'lint_cmake' to check CMake code style
[0.683s] -- Added test 'xmllint' to check XML markup files
[0.685s] -- Configuring done
[0.704s] -- Generating done
[0.709s] -- Build files have been written to: /home/paulav/contact_ws/build/messages
[0.713s] Invoked command in '/home/paulav/contact_ws/build/messages' returned '0': CMAKE_PREFIX_PATH=${CMAKE_PREFIX_PATH}:/home/paulav/contact_ws/install/contact_localization_ros:/home/paulav/contact_ws/install/trust_contact:/opt/ros/humble /usr/bin/cmake /home/paulav/contact_ws/src/messages -DAMENT_CMAKE_SYMLINK_INSTALL=1 -DCMAKE_INSTALL_PREFIX=/home/paulav/contact_ws/install/messages
[0.714s] Invoking command in '/home/paulav/contact_ws/build/messages': CMAKE_PREFIX_PATH=${CMAKE_PREFIX_PATH}:/home/paulav/contact_ws/install/contact_localization_ros:/home/paulav/contact_ws/install/trust_contact:/opt/ros/humble /usr/bin/cmake --build /home/paulav/contact_ws/build/messages -- -j24 -l24
[0.755s] [35m[1mConsolidate compiler generated dependencies of target messages__rosidl_generator_c[0m
[0.769s] failed to create symbolic link '/home/paulav/contact_ws/build/messages/ament_cmake_python/messages/messages' because existing path cannot be removed: Is a directory
[0.770s] gmake[2]: *** [CMakeFiles/ament_cmake_python_symlink_messages.dir/build.make:70: CMakeFiles/ament_cmake_python_symlink_messages] Error 1
[0.770s] gmake[1]: *** [CMakeFiles/Makefile2:421: CMakeFiles/ament_cmake_python_symlink_messages.dir/all] Error 2
[0.770s] gmake[1]: *** Waiting for unfinished jobs....
[0.772s] [  3%] Built target messages__cpp
[0.772s] [ 12%] Built target messages__rosidl_generator_c
[0.774s] gmake: *** [Makefile:146: all] Error 2
[0.777s] Invoked command in '/home/paulav/contact_ws/build/messages' returned '2': CMAKE_PREFIX_PATH=${CMAKE_PREFIX_PATH}:/home/paulav/contact_ws/install/contact_localization_ros:/home/paulav/contact_ws/install/trust_contact:/opt/ros/humble /usr/bin/cmake --build /home/paulav/contact_ws/build/messages -- -j24 -l24
