[0.054s] DEBUG:colcon:Command line arguments: ['/usr/bin/colcon', 'build', '--symlink-install']
[0.054s] DEBUG:colcon:Parsed command line arguments: Namespace(log_base=None, log_level=None, verb_name='build', build_base='build', install_base='install', merge_install=False, symlink_install=True, test_result_base=None, continue_on_error=False, executor='parallel', parallel_workers=24, event_handlers=None, ignore_user_meta=False, metas=['./colcon.meta'], base_paths=['.'], packages_ignore=None, packages_ignore_regex=None, paths=None, packages_up_to=None, packages_up_to_regex=None, packages_above=None, packages_above_and_dependencies=None, packages_above_depth=None, packages_select_by_dep=None, packages_skip_by_dep=None, packages_skip_up_to=None, packages_select_build_failed=False, packages_skip_build_finished=False, packages_select_test_failures=False, packages_skip_test_passed=False, packages_select=None, packages_skip=None, packages_select_regex=None, packages_skip_regex=None, packages_start=None, packages_end=None, allow_overriding=[], cmake_args=None, cmake_target=None, cmake_target_skip_unavailable=False, cmake_clean_cache=False, cmake_clean_first=False, cmake_force_configure=False, ament_cmake_args=None, catkin_cmake_args=None, catkin_skip_building_tests=False, mixin_files=None, mixin=None, verb_parser=<colcon_mixin.mixin.mixin_argument.MixinArgumentDecorator object at 0x7a810d9a4940>, verb_extension=<colcon_core.verb.build.BuildVerb object at 0x7a810d973f40>, main=<bound method BuildVerb.main of <colcon_core.verb.build.BuildVerb object at 0x7a810d973f40>>, mixin_verb=('build',))
[0.144s] Level 1:colcon.colcon_core.package_discovery:discover_packages(colcon_meta) check parameters
[0.144s] Level 1:colcon.colcon_core.package_discovery:discover_packages(recursive) check parameters
[0.144s] Level 1:colcon.colcon_core.package_discovery:discover_packages(ignore) check parameters
[0.144s] Level 1:colcon.colcon_core.package_discovery:discover_packages(path) check parameters
[0.144s] Level 1:colcon.colcon_core.package_discovery:discover_packages(colcon_meta) discover
[0.144s] Level 1:colcon.colcon_core.package_discovery:discover_packages(recursive) discover
[0.144s] INFO:colcon.colcon_core.package_discovery:Crawling recursively for packages in '/home/paulav/contact_ws/src'
[0.144s] Level 1:colcon.colcon_core.package_identification:_identify(.) by extensions ['ignore', 'ignore_ament_install']
[0.144s] Level 1:colcon.colcon_core.package_identification:_identify(.) by extension 'ignore'
[0.144s] Level 1:colcon.colcon_core.package_identification:_identify(.) by extension 'ignore_ament_install'
[0.144s] Level 1:colcon.colcon_core.package_identification:_identify(.) by extensions ['colcon_pkg']
[0.144s] Level 1:colcon.colcon_core.package_identification:_identify(.) by extension 'colcon_pkg'
[0.144s] Level 1:colcon.colcon_core.package_identification:_identify(.) by extensions ['colcon_meta']
[0.144s] Level 1:colcon.colcon_core.package_identification:_identify(.) by extension 'colcon_meta'
[0.144s] Level 1:colcon.colcon_core.package_identification:_identify(.) by extensions ['ros']
[0.144s] Level 1:colcon.colcon_core.package_identification:_identify(.) by extension 'ros'
[0.153s] Level 1:colcon.colcon_core.package_identification:_identify(.) by extensions ['cmake', 'python']
[0.153s] Level 1:colcon.colcon_core.package_identification:_identify(.) by extension 'cmake'
[0.153s] Level 1:colcon.colcon_core.package_identification:_identify(.) by extension 'python'
[0.153s] Level 1:colcon.colcon_core.package_identification:_identify(.) by extensions ['python_setup_py']
[0.153s] Level 1:colcon.colcon_core.package_identification:_identify(.) by extension 'python_setup_py'
[0.153s] Level 1:colcon.colcon_core.package_identification:_identify(build) by extensions ['ignore', 'ignore_ament_install']
[0.153s] Level 1:colcon.colcon_core.package_identification:_identify(build) by extension 'ignore'
[0.153s] Level 1:colcon.colcon_core.package_identification:_identify(build) ignored
[0.153s] Level 1:colcon.colcon_core.package_identification:_identify(contact_localization_ros) by extensions ['ignore', 'ignore_ament_install']
[0.153s] Level 1:colcon.colcon_core.package_identification:_identify(contact_localization_ros) by extension 'ignore'
[0.153s] Level 1:colcon.colcon_core.package_identification:_identify(contact_localization_ros) by extension 'ignore_ament_install'
[0.154s] Level 1:colcon.colcon_core.package_identification:_identify(contact_localization_ros) by extensions ['colcon_pkg']
[0.154s] Level 1:colcon.colcon_core.package_identification:_identify(contact_localization_ros) by extension 'colcon_pkg'
[0.154s] Level 1:colcon.colcon_core.package_identification:_identify(contact_localization_ros) by extensions ['colcon_meta']
[0.154s] Level 1:colcon.colcon_core.package_identification:_identify(contact_localization_ros) by extension 'colcon_meta'
[0.154s] Level 1:colcon.colcon_core.package_identification:_identify(contact_localization_ros) by extensions ['ros']
[0.154s] Level 1:colcon.colcon_core.package_identification:_identify(contact_localization_ros) by extension 'ros'
[0.155s] DEBUG:colcon.colcon_core.package_identification:Package 'contact_localization_ros' with type 'ros.ament_python' and name 'contact_localization_ros'
[0.155s] Level 1:colcon.colcon_core.package_identification:_identify(force_location) by extensions ['ignore', 'ignore_ament_install']
[0.155s] Level 1:colcon.colcon_core.package_identification:_identify(force_location) by extension 'ignore'
[0.155s] Level 1:colcon.colcon_core.package_identification:_identify(force_location) by extension 'ignore_ament_install'
[0.155s] Level 1:colcon.colcon_core.package_identification:_identify(force_location) by extensions ['colcon_pkg']
[0.155s] Level 1:colcon.colcon_core.package_identification:_identify(force_location) by extension 'colcon_pkg'
[0.155s] Level 1:colcon.colcon_core.package_identification:_identify(force_location) by extensions ['colcon_meta']
[0.155s] Level 1:colcon.colcon_core.package_identification:_identify(force_location) by extension 'colcon_meta'
[0.155s] Level 1:colcon.colcon_core.package_identification:_identify(force_location) by extensions ['ros']
[0.155s] Level 1:colcon.colcon_core.package_identification:_identify(force_location) by extension 'ros'
[0.155s] Level 1:colcon.colcon_core.package_identification:_identify(force_location) by extensions ['cmake', 'python']
[0.155s] Level 1:colcon.colcon_core.package_identification:_identify(force_location) by extension 'cmake'
[0.155s] Level 1:colcon.colcon_core.package_identification:_identify(force_location) by extension 'python'
[0.155s] Level 1:colcon.colcon_core.package_identification:_identify(force_location) by extensions ['python_setup_py']
[0.155s] Level 1:colcon.colcon_core.package_identification:_identify(force_location) by extension 'python_setup_py'
[0.155s] Level 1:colcon.colcon_core.package_identification:_identify(force_location/diffusion) by extensions ['ignore', 'ignore_ament_install']
[0.155s] Level 1:colcon.colcon_core.package_identification:_identify(force_location/diffusion) by extension 'ignore'
[0.155s] Level 1:colcon.colcon_core.package_identification:_identify(force_location/diffusion) by extension 'ignore_ament_install'
[0.155s] Level 1:colcon.colcon_core.package_identification:_identify(force_location/diffusion) by extensions ['colcon_pkg']
[0.155s] Level 1:colcon.colcon_core.package_identification:_identify(force_location/diffusion) by extension 'colcon_pkg'
[0.155s] Level 1:colcon.colcon_core.package_identification:_identify(force_location/diffusion) by extensions ['colcon_meta']
[0.155s] Level 1:colcon.colcon_core.package_identification:_identify(force_location/diffusion) by extension 'colcon_meta'
[0.155s] Level 1:colcon.colcon_core.package_identification:_identify(force_location/diffusion) by extensions ['ros']
[0.155s] Level 1:colcon.colcon_core.package_identification:_identify(force_location/diffusion) by extension 'ros'
[0.155s] Level 1:colcon.colcon_core.package_identification:_identify(force_location/diffusion) by extensions ['cmake', 'python']
[0.155s] Level 1:colcon.colcon_core.package_identification:_identify(force_location/diffusion) by extension 'cmake'
[0.155s] Level 1:colcon.colcon_core.package_identification:_identify(force_location/diffusion) by extension 'python'
[0.155s] Level 1:colcon.colcon_core.package_identification:_identify(force_location/diffusion) by extensions ['python_setup_py']
[0.155s] Level 1:colcon.colcon_core.package_identification:_identify(force_location/diffusion) by extension 'python_setup_py'
[0.156s] Level 1:colcon.colcon_core.package_identification:_identify(force_location/diffusion/peg_trainingset) by extensions ['ignore', 'ignore_ament_install']
[0.156s] Level 1:colcon.colcon_core.package_identification:_identify(force_location/diffusion/peg_trainingset) by extension 'ignore'
[0.156s] Level 1:colcon.colcon_core.package_identification:_identify(force_location/diffusion/peg_trainingset) by extension 'ignore_ament_install'
[0.156s] Level 1:colcon.colcon_core.package_identification:_identify(force_location/diffusion/peg_trainingset) by extensions ['colcon_pkg']
[0.156s] Level 1:colcon.colcon_core.package_identification:_identify(force_location/diffusion/peg_trainingset) by extension 'colcon_pkg'
[0.156s] Level 1:colcon.colcon_core.package_identification:_identify(force_location/diffusion/peg_trainingset) by extensions ['colcon_meta']
[0.156s] Level 1:colcon.colcon_core.package_identification:_identify(force_location/diffusion/peg_trainingset) by extension 'colcon_meta'
[0.156s] Level 1:colcon.colcon_core.package_identification:_identify(force_location/diffusion/peg_trainingset) by extensions ['ros']
[0.156s] Level 1:colcon.colcon_core.package_identification:_identify(force_location/diffusion/peg_trainingset) by extension 'ros'
[0.156s] Level 1:colcon.colcon_core.package_identification:_identify(force_location/diffusion/peg_trainingset) by extensions ['cmake', 'python']
[0.156s] Level 1:colcon.colcon_core.package_identification:_identify(force_location/diffusion/peg_trainingset) by extension 'cmake'
[0.156s] Level 1:colcon.colcon_core.package_identification:_identify(force_location/diffusion/peg_trainingset) by extension 'python'
[0.156s] Level 1:colcon.colcon_core.package_identification:_identify(force_location/diffusion/peg_trainingset) by extensions ['python_setup_py']
[0.156s] Level 1:colcon.colcon_core.package_identification:_identify(force_location/diffusion/peg_trainingset) by extension 'python_setup_py'
[0.156s] Level 1:colcon.colcon_core.package_identification:_identify(force_location/force_application) by extensions ['ignore', 'ignore_ament_install']
[0.156s] Level 1:colcon.colcon_core.package_identification:_identify(force_location/force_application) by extension 'ignore'
[0.156s] Level 1:colcon.colcon_core.package_identification:_identify(force_location/force_application) by extension 'ignore_ament_install'
[0.156s] Level 1:colcon.colcon_core.package_identification:_identify(force_location/force_application) by extensions ['colcon_pkg']
[0.156s] Level 1:colcon.colcon_core.package_identification:_identify(force_location/force_application) by extension 'colcon_pkg'
[0.156s] Level 1:colcon.colcon_core.package_identification:_identify(force_location/force_application) by extensions ['colcon_meta']
[0.156s] Level 1:colcon.colcon_core.package_identification:_identify(force_location/force_application) by extension 'colcon_meta'
[0.156s] Level 1:colcon.colcon_core.package_identification:_identify(force_location/force_application) by extensions ['ros']
[0.156s] Level 1:colcon.colcon_core.package_identification:_identify(force_location/force_application) by extension 'ros'
[0.156s] Level 1:colcon.colcon_core.package_identification:_identify(force_location/force_application) by extensions ['cmake', 'python']
[0.156s] Level 1:colcon.colcon_core.package_identification:_identify(force_location/force_application) by extension 'cmake'
[0.156s] Level 1:colcon.colcon_core.package_identification:_identify(force_location/force_application) by extension 'python'
[0.156s] Level 1:colcon.colcon_core.package_identification:_identify(force_location/force_application) by extensions ['python_setup_py']
[0.156s] Level 1:colcon.colcon_core.package_identification:_identify(force_location/force_application) by extension 'python_setup_py'
[0.156s] Level 1:colcon.colcon_core.package_identification:_identify(force_location/force_application/pointcloud) by extensions ['ignore', 'ignore_ament_install']
[0.156s] Level 1:colcon.colcon_core.package_identification:_identify(force_location/force_application/pointcloud) by extension 'ignore'
[0.156s] Level 1:colcon.colcon_core.package_identification:_identify(force_location/force_application/pointcloud) by extension 'ignore_ament_install'
[0.156s] Level 1:colcon.colcon_core.package_identification:_identify(force_location/force_application/pointcloud) by extensions ['colcon_pkg']
[0.156s] Level 1:colcon.colcon_core.package_identification:_identify(force_location/force_application/pointcloud) by extension 'colcon_pkg'
[0.156s] Level 1:colcon.colcon_core.package_identification:_identify(force_location/force_application/pointcloud) by extensions ['colcon_meta']
[0.156s] Level 1:colcon.colcon_core.package_identification:_identify(force_location/force_application/pointcloud) by extension 'colcon_meta'
[0.156s] Level 1:colcon.colcon_core.package_identification:_identify(force_location/force_application/pointcloud) by extensions ['ros']
[0.156s] Level 1:colcon.colcon_core.package_identification:_identify(force_location/force_application/pointcloud) by extension 'ros'
[0.156s] Level 1:colcon.colcon_core.package_identification:_identify(force_location/force_application/pointcloud) by extensions ['cmake', 'python']
[0.156s] Level 1:colcon.colcon_core.package_identification:_identify(force_location/force_application/pointcloud) by extension 'cmake'
[0.156s] Level 1:colcon.colcon_core.package_identification:_identify(force_location/force_application/pointcloud) by extension 'python'
[0.156s] Level 1:colcon.colcon_core.package_identification:_identify(force_location/force_application/pointcloud) by extensions ['python_setup_py']
[0.156s] Level 1:colcon.colcon_core.package_identification:_identify(force_location/force_application/pointcloud) by extension 'python_setup_py'
[0.156s] Level 1:colcon.colcon_core.package_identification:_identify(install) by extensions ['ignore', 'ignore_ament_install']
[0.156s] Level 1:colcon.colcon_core.package_identification:_identify(install) by extension 'ignore'
[0.156s] Level 1:colcon.colcon_core.package_identification:_identify(install) ignored
[0.157s] Level 1:colcon.colcon_core.package_identification:_identify(log) by extensions ['ignore', 'ignore_ament_install']
[0.157s] Level 1:colcon.colcon_core.package_identification:_identify(log) by extension 'ignore'
[0.157s] Level 1:colcon.colcon_core.package_identification:_identify(log) ignored
[0.157s] Level 1:colcon.colcon_core.package_identification:_identify(messages) by extensions ['ignore', 'ignore_ament_install']
[0.157s] Level 1:colcon.colcon_core.package_identification:_identify(messages) by extension 'ignore'
[0.157s] Level 1:colcon.colcon_core.package_identification:_identify(messages) by extension 'ignore_ament_install'
[0.157s] Level 1:colcon.colcon_core.package_identification:_identify(messages) by extensions ['colcon_pkg']
[0.157s] Level 1:colcon.colcon_core.package_identification:_identify(messages) by extension 'colcon_pkg'
[0.157s] Level 1:colcon.colcon_core.package_identification:_identify(messages) by extensions ['colcon_meta']
[0.157s] Level 1:colcon.colcon_core.package_identification:_identify(messages) by extension 'colcon_meta'
[0.157s] Level 1:colcon.colcon_core.package_identification:_identify(messages) by extensions ['ros']
[0.157s] Level 1:colcon.colcon_core.package_identification:_identify(messages) by extension 'ros'
[0.157s] DEBUG:colcon.colcon_core.package_identification:Package 'messages' with type 'ros.ament_cmake' and name 'messages'
[0.157s] Level 1:colcon.colcon_core.package_identification:_identify(trust_contact) by extensions ['ignore', 'ignore_ament_install']
[0.157s] Level 1:colcon.colcon_core.package_identification:_identify(trust_contact) by extension 'ignore'
[0.157s] Level 1:colcon.colcon_core.package_identification:_identify(trust_contact) by extension 'ignore_ament_install'
[0.157s] Level 1:colcon.colcon_core.package_identification:_identify(trust_contact) by extensions ['colcon_pkg']
[0.157s] Level 1:colcon.colcon_core.package_identification:_identify(trust_contact) by extension 'colcon_pkg'
[0.157s] Level 1:colcon.colcon_core.package_identification:_identify(trust_contact) by extensions ['colcon_meta']
[0.157s] Level 1:colcon.colcon_core.package_identification:_identify(trust_contact) by extension 'colcon_meta'
[0.157s] Level 1:colcon.colcon_core.package_identification:_identify(trust_contact) by extensions ['ros']
[0.157s] Level 1:colcon.colcon_core.package_identification:_identify(trust_contact) by extension 'ros'
[0.157s] DEBUG:colcon.colcon_core.package_identification:Package 'trust_contact' with type 'ros.ament_python' and name 'trust_contact'
[0.157s] Level 1:colcon.colcon_core.package_identification:_identify(trust_contact_change) by extensions ['ignore', 'ignore_ament_install']
[0.158s] Level 1:colcon.colcon_core.package_identification:_identify(trust_contact_change) by extension 'ignore'
[0.158s] Level 1:colcon.colcon_core.package_identification:_identify(trust_contact_change) by extension 'ignore_ament_install'
[0.158s] Level 1:colcon.colcon_core.package_identification:_identify(trust_contact_change) by extensions ['colcon_pkg']
[0.158s] Level 1:colcon.colcon_core.package_identification:_identify(trust_contact_change) by extension 'colcon_pkg'
[0.158s] Level 1:colcon.colcon_core.package_identification:_identify(trust_contact_change) by extensions ['colcon_meta']
[0.158s] Level 1:colcon.colcon_core.package_identification:_identify(trust_contact_change) by extension 'colcon_meta'
[0.158s] Level 1:colcon.colcon_core.package_identification:_identify(trust_contact_change) by extensions ['ros']
[0.158s] Level 1:colcon.colcon_core.package_identification:_identify(trust_contact_change) by extension 'ros'
[0.158s] Level 1:colcon.colcon_core.package_identification:_identify(trust_contact_change) by extensions ['cmake', 'python']
[0.158s] Level 1:colcon.colcon_core.package_identification:_identify(trust_contact_change) by extension 'cmake'
[0.158s] Level 1:colcon.colcon_core.package_identification:_identify(trust_contact_change) by extension 'python'
[0.158s] Level 1:colcon.colcon_core.package_identification:_identify(trust_contact_change) by extensions ['python_setup_py']
[0.158s] Level 1:colcon.colcon_core.package_identification:_identify(trust_contact_change) by extension 'python_setup_py'
[0.158s] Level 1:colcon.colcon_core.package_identification:_identify(trust_contact_change/build) by extensions ['ignore', 'ignore_ament_install']
[0.158s] Level 1:colcon.colcon_core.package_identification:_identify(trust_contact_change/build) by extension 'ignore'
[0.158s] Level 1:colcon.colcon_core.package_identification:_identify(trust_contact_change/build) ignored
[0.158s] Level 1:colcon.colcon_core.package_identification:_identify(trust_contact_change/install) by extensions ['ignore', 'ignore_ament_install']
[0.158s] Level 1:colcon.colcon_core.package_identification:_identify(trust_contact_change/install) by extension 'ignore'
[0.158s] Level 1:colcon.colcon_core.package_identification:_identify(trust_contact_change/install) ignored
[0.158s] Level 1:colcon.colcon_core.package_identification:_identify(trust_contact_change/log) by extensions ['ignore', 'ignore_ament_install']
[0.158s] Level 1:colcon.colcon_core.package_identification:_identify(trust_contact_change/log) by extension 'ignore'
[0.158s] Level 1:colcon.colcon_core.package_identification:_identify(trust_contact_change/log) ignored
[0.158s] Level 1:colcon.colcon_core.package_identification:_identify(trust_contact_change/models) by extensions ['ignore', 'ignore_ament_install']
[0.158s] Level 1:colcon.colcon_core.package_identification:_identify(trust_contact_change/models) by extension 'ignore'
[0.158s] Level 1:colcon.colcon_core.package_identification:_identify(trust_contact_change/models) by extension 'ignore_ament_install'
[0.158s] Level 1:colcon.colcon_core.package_identification:_identify(trust_contact_change/models) by extensions ['colcon_pkg']
[0.158s] Level 1:colcon.colcon_core.package_identification:_identify(trust_contact_change/models) by extension 'colcon_pkg'
[0.158s] Level 1:colcon.colcon_core.package_identification:_identify(trust_contact_change/models) by extensions ['colcon_meta']
[0.158s] Level 1:colcon.colcon_core.package_identification:_identify(trust_contact_change/models) by extension 'colcon_meta'
[0.158s] Level 1:colcon.colcon_core.package_identification:_identify(trust_contact_change/models) by extensions ['ros']
[0.158s] Level 1:colcon.colcon_core.package_identification:_identify(trust_contact_change/models) by extension 'ros'
[0.158s] Level 1:colcon.colcon_core.package_identification:_identify(trust_contact_change/models) by extensions ['cmake', 'python']
[0.158s] Level 1:colcon.colcon_core.package_identification:_identify(trust_contact_change/models) by extension 'cmake'
[0.158s] Level 1:colcon.colcon_core.package_identification:_identify(trust_contact_change/models) by extension 'python'
[0.158s] Level 1:colcon.colcon_core.package_identification:_identify(trust_contact_change/models) by extensions ['python_setup_py']
[0.158s] Level 1:colcon.colcon_core.package_identification:_identify(trust_contact_change/models) by extension 'python_setup_py'
[0.158s] Level 1:colcon.colcon_core.package_identification:_identify(trust_contact_change/models/assets) by extensions ['ignore', 'ignore_ament_install']
[0.158s] Level 1:colcon.colcon_core.package_identification:_identify(trust_contact_change/models/assets) by extension 'ignore'
[0.158s] Level 1:colcon.colcon_core.package_identification:_identify(trust_contact_change/models/assets) by extension 'ignore_ament_install'
[0.158s] Level 1:colcon.colcon_core.package_identification:_identify(trust_contact_change/models/assets) by extensions ['colcon_pkg']
[0.158s] Level 1:colcon.colcon_core.package_identification:_identify(trust_contact_change/models/assets) by extension 'colcon_pkg'
[0.158s] Level 1:colcon.colcon_core.package_identification:_identify(trust_contact_change/models/assets) by extensions ['colcon_meta']
[0.158s] Level 1:colcon.colcon_core.package_identification:_identify(trust_contact_change/models/assets) by extension 'colcon_meta'
[0.158s] Level 1:colcon.colcon_core.package_identification:_identify(trust_contact_change/models/assets) by extensions ['ros']
[0.158s] Level 1:colcon.colcon_core.package_identification:_identify(trust_contact_change/models/assets) by extension 'ros'
[0.158s] Level 1:colcon.colcon_core.package_identification:_identify(trust_contact_change/models/assets) by extensions ['cmake', 'python']
[0.158s] Level 1:colcon.colcon_core.package_identification:_identify(trust_contact_change/models/assets) by extension 'cmake'
[0.158s] Level 1:colcon.colcon_core.package_identification:_identify(trust_contact_change/models/assets) by extension 'python'
[0.158s] Level 1:colcon.colcon_core.package_identification:_identify(trust_contact_change/models/assets) by extensions ['python_setup_py']
[0.158s] Level 1:colcon.colcon_core.package_identification:_identify(trust_contact_change/models/assets) by extension 'python_setup_py'
[0.159s] Level 1:colcon.colcon_core.package_discovery:discover_packages(recursive) using defaults
[0.159s] Level 1:colcon.colcon_core.package_discovery:discover_packages(ignore) discover
[0.159s] Level 1:colcon.colcon_core.package_discovery:discover_packages(ignore) using defaults
[0.159s] Level 1:colcon.colcon_core.package_discovery:discover_packages(path) discover
[0.159s] Level 1:colcon.colcon_core.package_discovery:discover_packages(path) using defaults
[0.168s] Level 1:colcon.colcon_core.package_discovery:discover_packages(prefix_path) check parameters
[0.168s] Level 1:colcon.colcon_core.package_discovery:discover_packages(prefix_path) discover
[0.169s] DEBUG:colcon.colcon_installed_package_information.package_discovery:Found 3 installed packages in /home/paulav/contact_ws/install
[0.170s] DEBUG:colcon.colcon_installed_package_information.package_discovery:Found 378 installed packages in /opt/ros/humble
[0.171s] Level 1:colcon.colcon_core.package_discovery:discover_packages(prefix_path) using defaults
[0.191s] Level 5:colcon.colcon_core.verb:set package 'contact_localization_ros' build argument 'cmake_args' from command line to 'None'
[0.191s] Level 5:colcon.colcon_core.verb:set package 'contact_localization_ros' build argument 'cmake_target' from command line to 'None'
[0.191s] Level 5:colcon.colcon_core.verb:set package 'contact_localization_ros' build argument 'cmake_target_skip_unavailable' from command line to 'False'
[0.191s] Level 5:colcon.colcon_core.verb:set package 'contact_localization_ros' build argument 'cmake_clean_cache' from command line to 'False'
[0.191s] Level 5:colcon.colcon_core.verb:set package 'contact_localization_ros' build argument 'cmake_clean_first' from command line to 'False'
[0.191s] Level 5:colcon.colcon_core.verb:set package 'contact_localization_ros' build argument 'cmake_force_configure' from command line to 'False'
[0.191s] Level 5:colcon.colcon_core.verb:set package 'contact_localization_ros' build argument 'ament_cmake_args' from command line to 'None'
[0.191s] Level 5:colcon.colcon_core.verb:set package 'contact_localization_ros' build argument 'catkin_cmake_args' from command line to 'None'
[0.191s] Level 5:colcon.colcon_core.verb:set package 'contact_localization_ros' build argument 'catkin_skip_building_tests' from command line to 'False'
[0.191s] DEBUG:colcon.colcon_core.verb:Building package 'contact_localization_ros' with the following arguments: {'ament_cmake_args': None, 'build_base': '/home/paulav/contact_ws/src/build/contact_localization_ros', 'catkin_cmake_args': None, 'catkin_skip_building_tests': False, 'cmake_args': None, 'cmake_clean_cache': False, 'cmake_clean_first': False, 'cmake_force_configure': False, 'cmake_target': None, 'cmake_target_skip_unavailable': False, 'install_base': '/home/paulav/contact_ws/src/install/contact_localization_ros', 'merge_install': False, 'path': '/home/paulav/contact_ws/src/contact_localization_ros', 'symlink_install': True, 'test_result_base': None}
[0.191s] Level 5:colcon.colcon_core.verb:set package 'messages' build argument 'cmake_args' from command line to 'None'
[0.191s] Level 5:colcon.colcon_core.verb:set package 'messages' build argument 'cmake_target' from command line to 'None'
[0.191s] Level 5:colcon.colcon_core.verb:set package 'messages' build argument 'cmake_target_skip_unavailable' from command line to 'False'
[0.191s] Level 5:colcon.colcon_core.verb:set package 'messages' build argument 'cmake_clean_cache' from command line to 'False'
[0.191s] Level 5:colcon.colcon_core.verb:set package 'messages' build argument 'cmake_clean_first' from command line to 'False'
[0.191s] Level 5:colcon.colcon_core.verb:set package 'messages' build argument 'cmake_force_configure' from command line to 'False'
[0.191s] Level 5:colcon.colcon_core.verb:set package 'messages' build argument 'ament_cmake_args' from command line to 'None'
[0.191s] Level 5:colcon.colcon_core.verb:set package 'messages' build argument 'catkin_cmake_args' from command line to 'None'
[0.191s] Level 5:colcon.colcon_core.verb:set package 'messages' build argument 'catkin_skip_building_tests' from command line to 'False'
[0.191s] DEBUG:colcon.colcon_core.verb:Building package 'messages' with the following arguments: {'ament_cmake_args': None, 'build_base': '/home/paulav/contact_ws/src/build/messages', 'catkin_cmake_args': None, 'catkin_skip_building_tests': False, 'cmake_args': None, 'cmake_clean_cache': False, 'cmake_clean_first': False, 'cmake_force_configure': False, 'cmake_target': None, 'cmake_target_skip_unavailable': False, 'install_base': '/home/paulav/contact_ws/src/install/messages', 'merge_install': False, 'path': '/home/paulav/contact_ws/src/messages', 'symlink_install': True, 'test_result_base': None}
[0.191s] Level 5:colcon.colcon_core.verb:set package 'trust_contact' build argument 'cmake_args' from command line to 'None'
[0.191s] Level 5:colcon.colcon_core.verb:set package 'trust_contact' build argument 'cmake_target' from command line to 'None'
[0.191s] Level 5:colcon.colcon_core.verb:set package 'trust_contact' build argument 'cmake_target_skip_unavailable' from command line to 'False'
[0.191s] Level 5:colcon.colcon_core.verb:set package 'trust_contact' build argument 'cmake_clean_cache' from command line to 'False'
[0.191s] Level 5:colcon.colcon_core.verb:set package 'trust_contact' build argument 'cmake_clean_first' from command line to 'False'
[0.191s] Level 5:colcon.colcon_core.verb:set package 'trust_contact' build argument 'cmake_force_configure' from command line to 'False'
[0.191s] Level 5:colcon.colcon_core.verb:set package 'trust_contact' build argument 'ament_cmake_args' from command line to 'None'
[0.191s] Level 5:colcon.colcon_core.verb:set package 'trust_contact' build argument 'catkin_cmake_args' from command line to 'None'
[0.191s] Level 5:colcon.colcon_core.verb:set package 'trust_contact' build argument 'catkin_skip_building_tests' from command line to 'False'
[0.191s] DEBUG:colcon.colcon_core.verb:Building package 'trust_contact' with the following arguments: {'ament_cmake_args': None, 'build_base': '/home/paulav/contact_ws/src/build/trust_contact', 'catkin_cmake_args': None, 'catkin_skip_building_tests': False, 'cmake_args': None, 'cmake_clean_cache': False, 'cmake_clean_first': False, 'cmake_force_configure': False, 'cmake_target': None, 'cmake_target_skip_unavailable': False, 'install_base': '/home/paulav/contact_ws/src/install/trust_contact', 'merge_install': False, 'path': '/home/paulav/contact_ws/src/trust_contact', 'symlink_install': True, 'test_result_base': None}
[0.191s] INFO:colcon.colcon_core.executor:Executing jobs using 'parallel' executor
[0.192s] DEBUG:colcon.colcon_parallel_executor.executor.parallel:run_until_complete
[0.192s] INFO:colcon.colcon_ros.task.ament_cmake.build:Building ROS package in '/home/paulav/contact_ws/src/messages' with build type 'ament_cmake'
[0.192s] INFO:colcon.colcon_cmake.task.cmake.build:Building CMake package in '/home/paulav/contact_ws/src/messages'
[0.193s] INFO:colcon.colcon_core.plugin_system:Skipping extension 'colcon_core.shell.bat': Not used on non-Windows systems
[0.194s] INFO:colcon.colcon_core.shell:Skip shell extension 'powershell' for command environment: Not usable outside of PowerShell
[0.194s] DEBUG:colcon.colcon_core.shell:Skip shell extension 'dsv' for command environment
[0.196s] INFO:colcon.colcon_ros.task.ament_python.build:Building ROS package in '/home/paulav/contact_ws/src/contact_localization_ros' with build type 'ament_python'
[0.196s] Level 1:colcon.colcon_core.shell:create_environment_hook('contact_localization_ros', 'ament_prefix_path')
[0.196s] INFO:colcon.colcon_core.shell:Creating environment hook '/home/paulav/contact_ws/src/install/contact_localization_ros/share/contact_localization_ros/hook/ament_prefix_path.ps1'
[0.196s] INFO:colcon.colcon_core.shell:Creating environment descriptor '/home/paulav/contact_ws/src/install/contact_localization_ros/share/contact_localization_ros/hook/ament_prefix_path.dsv'
[0.197s] INFO:colcon.colcon_core.shell:Creating environment hook '/home/paulav/contact_ws/src/install/contact_localization_ros/share/contact_localization_ros/hook/ament_prefix_path.sh'
[0.197s] INFO:colcon.colcon_core.shell:Skip shell extension 'powershell' for command environment: Not usable outside of PowerShell
[0.197s] DEBUG:colcon.colcon_core.shell:Skip shell extension 'dsv' for command environment
[0.201s] DEBUG:colcon.colcon_core.event_handler.log_command:Invoking command in '/home/paulav/contact_ws/src/build/messages': CMAKE_PREFIX_PATH=${CMAKE_PREFIX_PATH}:/home/paulav/contact_ws/install/trust_contact:/home/paulav/contact_ws/install/contact_localization_ros:/opt/ros/humble /usr/bin/cmake /home/paulav/contact_ws/src/messages -DAMENT_CMAKE_SYMLINK_INSTALL=1 -DCMAKE_INSTALL_PREFIX=/home/paulav/contact_ws/src/install/messages
[0.337s] INFO:colcon.colcon_core.task.python.build:Building Python package in '/home/paulav/contact_ws/src/contact_localization_ros'
[0.337s] INFO:colcon.colcon_core.shell:Skip shell extension 'powershell' for command environment: Not usable outside of PowerShell
[0.337s] DEBUG:colcon.colcon_core.shell:Skip shell extension 'dsv' for command environment
[0.537s] DEBUG:colcon.colcon_core.event_handler.log_command:Invoking command in '/home/paulav/contact_ws/src/build/contact_localization_ros': PYTHONPATH=/home/paulav/contact_ws/src/build/contact_localization_ros/prefix_override:/usr/lib/python3/dist-packages/colcon_core/task/python/colcon_distutils_commands:/home/paulav/contact_ws/src/install/contact_localization_ros/lib/python3.10/site-packages:${PYTHONPATH} /usr/bin/python3 -W ignore:setup.py install is deprecated -W ignore:easy_install command is deprecated setup.py develop --editable --build-directory /home/paulav/contact_ws/src/build/contact_localization_ros/build --no-deps symlink_data
[0.768s] Level 1:colcon.colcon_core.shell:create_environment_hook('contact_localization_ros', 'pythonpath_develop')
[0.768s] INFO:colcon.colcon_core.shell:Creating environment hook '/home/paulav/contact_ws/src/build/contact_localization_ros/share/contact_localization_ros/hook/pythonpath_develop.ps1'
[0.768s] DEBUG:colcon.colcon_core.event_handler.log_command:Invoked command in '/home/paulav/contact_ws/src/build/contact_localization_ros' returned '0': PYTHONPATH=/home/paulav/contact_ws/src/build/contact_localization_ros/prefix_override:/usr/lib/python3/dist-packages/colcon_core/task/python/colcon_distutils_commands:/home/paulav/contact_ws/src/install/contact_localization_ros/lib/python3.10/site-packages:${PYTHONPATH} /usr/bin/python3 -W ignore:setup.py install is deprecated -W ignore:easy_install command is deprecated setup.py develop --editable --build-directory /home/paulav/contact_ws/src/build/contact_localization_ros/build --no-deps symlink_data
[0.768s] INFO:colcon.colcon_core.shell:Creating environment descriptor '/home/paulav/contact_ws/src/build/contact_localization_ros/share/contact_localization_ros/hook/pythonpath_develop.dsv'
[0.768s] INFO:colcon.colcon_core.shell:Creating environment hook '/home/paulav/contact_ws/src/build/contact_localization_ros/share/contact_localization_ros/hook/pythonpath_develop.sh'
[0.770s] Level 1:colcon.colcon_core.environment:checking '/home/paulav/contact_ws/src/install/contact_localization_ros' for CMake module files
[0.770s] Level 1:colcon.colcon_core.environment:checking '/home/paulav/contact_ws/src/install/contact_localization_ros' for CMake config files
[0.770s] Level 1:colcon.colcon_core.environment:checking '/home/paulav/contact_ws/src/install/contact_localization_ros/lib'
[0.770s] Level 1:colcon.colcon_core.environment:checking '/home/paulav/contact_ws/src/install/contact_localization_ros/bin'
[0.770s] Level 1:colcon.colcon_core.environment:checking '/home/paulav/contact_ws/src/install/contact_localization_ros/lib/pkgconfig/contact_localization_ros.pc'
[0.770s] Level 1:colcon.colcon_core.environment:checking '/home/paulav/contact_ws/src/install/contact_localization_ros/lib/python3.10/site-packages'
[0.770s] Level 1:colcon.colcon_core.shell:create_environment_hook('contact_localization_ros', 'pythonpath')
[0.770s] INFO:colcon.colcon_core.shell:Creating environment hook '/home/paulav/contact_ws/src/install/contact_localization_ros/share/contact_localization_ros/hook/pythonpath.ps1'
[0.770s] INFO:colcon.colcon_core.shell:Creating environment descriptor '/home/paulav/contact_ws/src/install/contact_localization_ros/share/contact_localization_ros/hook/pythonpath.dsv'
[0.771s] INFO:colcon.colcon_core.shell:Creating environment hook '/home/paulav/contact_ws/src/install/contact_localization_ros/share/contact_localization_ros/hook/pythonpath.sh'
[0.771s] Level 1:colcon.colcon_core.environment:checking '/home/paulav/contact_ws/src/install/contact_localization_ros/bin'
[0.771s] Level 1:colcon.colcon_core.environment:create_environment_scripts_only(contact_localization_ros)
[0.771s] INFO:colcon.colcon_core.shell:Creating package script '/home/paulav/contact_ws/src/install/contact_localization_ros/share/contact_localization_ros/package.ps1'
[0.771s] INFO:colcon.colcon_core.shell:Creating package descriptor '/home/paulav/contact_ws/src/install/contact_localization_ros/share/contact_localization_ros/package.dsv'
[0.772s] INFO:colcon.colcon_core.shell:Creating package script '/home/paulav/contact_ws/src/install/contact_localization_ros/share/contact_localization_ros/package.sh'
[0.772s] INFO:colcon.colcon_core.shell:Creating package script '/home/paulav/contact_ws/src/install/contact_localization_ros/share/contact_localization_ros/package.bash'
[0.772s] INFO:colcon.colcon_core.shell:Creating package script '/home/paulav/contact_ws/src/install/contact_localization_ros/share/contact_localization_ros/package.zsh'
[0.772s] Level 1:colcon.colcon_core.environment:create_file_with_runtime_dependencies(/home/paulav/contact_ws/src/install/contact_localization_ros/share/colcon-core/packages/contact_localization_ros)
[1.332s] DEBUG:colcon.colcon_core.event_handler.log_command:Invoked command in '/home/paulav/contact_ws/src/build/messages' returned '0': CMAKE_PREFIX_PATH=${CMAKE_PREFIX_PATH}:/home/paulav/contact_ws/install/trust_contact:/home/paulav/contact_ws/install/contact_localization_ros:/opt/ros/humble /usr/bin/cmake /home/paulav/contact_ws/src/messages -DAMENT_CMAKE_SYMLINK_INSTALL=1 -DCMAKE_INSTALL_PREFIX=/home/paulav/contact_ws/src/install/messages
[1.332s] DEBUG:colcon.colcon_core.event_handler.log_command:Invoking command in '/home/paulav/contact_ws/src/build/messages': CMAKE_PREFIX_PATH=${CMAKE_PREFIX_PATH}:/home/paulav/contact_ws/install/trust_contact:/home/paulav/contact_ws/install/contact_localization_ros:/opt/ros/humble /usr/bin/cmake --build /home/paulav/contact_ws/src/build/messages -- -j24 -l24
[2.556s] DEBUG:colcon.colcon_core.event_handler.log_command:Invoked command in '/home/paulav/contact_ws/src/build/messages' returned '0': CMAKE_PREFIX_PATH=${CMAKE_PREFIX_PATH}:/home/paulav/contact_ws/install/trust_contact:/home/paulav/contact_ws/install/contact_localization_ros:/opt/ros/humble /usr/bin/cmake --build /home/paulav/contact_ws/src/build/messages -- -j24 -l24
[2.573s] DEBUG:colcon.colcon_core.event_handler.log_command:Invoking command in '/home/paulav/contact_ws/src/build/messages': CMAKE_PREFIX_PATH=${CMAKE_PREFIX_PATH}:/home/paulav/contact_ws/install/trust_contact:/home/paulav/contact_ws/install/contact_localization_ros:/opt/ros/humble /usr/bin/cmake --install /home/paulav/contact_ws/src/build/messages
[3.256s] Level 1:colcon.colcon_core.environment:create_environment_scripts_only(messages)
[3.257s] DEBUG:colcon.colcon_core.event_handler.log_command:Invoked command in '/home/paulav/contact_ws/src/build/messages' returned '0': CMAKE_PREFIX_PATH=${CMAKE_PREFIX_PATH}:/home/paulav/contact_ws/install/trust_contact:/home/paulav/contact_ws/install/contact_localization_ros:/opt/ros/humble /usr/bin/cmake --install /home/paulav/contact_ws/src/build/messages
[3.257s] Level 1:colcon.colcon_core.environment:checking '/home/paulav/contact_ws/src/install/messages' for CMake module files
[3.257s] Level 1:colcon.colcon_core.environment:checking '/home/paulav/contact_ws/src/install/messages' for CMake config files
[3.257s] Level 1:colcon.colcon_core.shell:create_environment_hook('messages', 'cmake_prefix_path')
[3.257s] INFO:colcon.colcon_core.shell:Creating environment hook '/home/paulav/contact_ws/src/install/messages/share/messages/hook/cmake_prefix_path.ps1'
[3.258s] INFO:colcon.colcon_core.shell:Creating environment descriptor '/home/paulav/contact_ws/src/install/messages/share/messages/hook/cmake_prefix_path.dsv'
[3.258s] INFO:colcon.colcon_core.shell:Creating environment hook '/home/paulav/contact_ws/src/install/messages/share/messages/hook/cmake_prefix_path.sh'
[3.258s] Level 1:colcon.colcon_core.environment:checking '/home/paulav/contact_ws/src/install/messages/lib'
[3.258s] Level 1:colcon.colcon_core.shell:create_environment_hook('messages', 'ld_library_path_lib')
[3.258s] INFO:colcon.colcon_core.shell:Creating environment hook '/home/paulav/contact_ws/src/install/messages/share/messages/hook/ld_library_path_lib.ps1'
[3.258s] INFO:colcon.colcon_core.shell:Creating environment descriptor '/home/paulav/contact_ws/src/install/messages/share/messages/hook/ld_library_path_lib.dsv'
[3.258s] INFO:colcon.colcon_core.shell:Creating environment hook '/home/paulav/contact_ws/src/install/messages/share/messages/hook/ld_library_path_lib.sh'
[3.259s] Level 1:colcon.colcon_core.environment:checking '/home/paulav/contact_ws/src/install/messages/bin'
[3.259s] Level 1:colcon.colcon_core.environment:checking '/home/paulav/contact_ws/src/install/messages/lib/pkgconfig/messages.pc'
[3.259s] Level 1:colcon.colcon_core.environment:checking '/home/paulav/contact_ws/src/install/messages/lib/python3.10/site-packages'
[3.259s] Level 1:colcon.colcon_core.environment:checking '/home/paulav/contact_ws/src/install/messages/bin'
[3.259s] INFO:colcon.colcon_core.shell:Creating package script '/home/paulav/contact_ws/src/install/messages/share/messages/package.ps1'
[3.259s] INFO:colcon.colcon_core.shell:Creating package descriptor '/home/paulav/contact_ws/src/install/messages/share/messages/package.dsv'
[3.259s] INFO:colcon.colcon_core.shell:Creating package script '/home/paulav/contact_ws/src/install/messages/share/messages/package.sh'
[3.260s] INFO:colcon.colcon_core.shell:Creating package script '/home/paulav/contact_ws/src/install/messages/share/messages/package.bash'
[3.260s] INFO:colcon.colcon_core.shell:Creating package script '/home/paulav/contact_ws/src/install/messages/share/messages/package.zsh'
[3.260s] Level 1:colcon.colcon_core.environment:create_file_with_runtime_dependencies(/home/paulav/contact_ws/src/install/messages/share/colcon-core/packages/messages)
[3.260s] Level 1:colcon.colcon_core.environment:create_environment_scripts_only(messages)
[3.260s] Level 1:colcon.colcon_core.environment:checking '/home/paulav/contact_ws/src/install/messages' for CMake module files
[3.260s] Level 1:colcon.colcon_core.environment:checking '/home/paulav/contact_ws/src/install/messages' for CMake config files
[3.260s] Level 1:colcon.colcon_core.shell:create_environment_hook('messages', 'cmake_prefix_path')
[3.261s] INFO:colcon.colcon_core.shell:Creating environment hook '/home/paulav/contact_ws/src/install/messages/share/messages/hook/cmake_prefix_path.ps1'
[3.261s] INFO:colcon.colcon_core.shell:Creating environment descriptor '/home/paulav/contact_ws/src/install/messages/share/messages/hook/cmake_prefix_path.dsv'
[3.261s] INFO:colcon.colcon_core.shell:Creating environment hook '/home/paulav/contact_ws/src/install/messages/share/messages/hook/cmake_prefix_path.sh'
[3.261s] Level 1:colcon.colcon_core.environment:checking '/home/paulav/contact_ws/src/install/messages/lib'
[3.261s] Level 1:colcon.colcon_core.shell:create_environment_hook('messages', 'ld_library_path_lib')
[3.261s] INFO:colcon.colcon_core.shell:Creating environment hook '/home/paulav/contact_ws/src/install/messages/share/messages/hook/ld_library_path_lib.ps1'
[3.261s] INFO:colcon.colcon_core.shell:Creating environment descriptor '/home/paulav/contact_ws/src/install/messages/share/messages/hook/ld_library_path_lib.dsv'
[3.262s] INFO:colcon.colcon_core.shell:Creating environment hook '/home/paulav/contact_ws/src/install/messages/share/messages/hook/ld_library_path_lib.sh'
[3.262s] Level 1:colcon.colcon_core.environment:checking '/home/paulav/contact_ws/src/install/messages/bin'
[3.262s] Level 1:colcon.colcon_core.environment:checking '/home/paulav/contact_ws/src/install/messages/lib/pkgconfig/messages.pc'
[3.262s] Level 1:colcon.colcon_core.environment:checking '/home/paulav/contact_ws/src/install/messages/lib/python3.10/site-packages'
[3.262s] Level 1:colcon.colcon_core.environment:checking '/home/paulav/contact_ws/src/install/messages/bin'
[3.262s] INFO:colcon.colcon_core.shell:Creating package script '/home/paulav/contact_ws/src/install/messages/share/messages/package.ps1'
[3.262s] INFO:colcon.colcon_core.shell:Creating package descriptor '/home/paulav/contact_ws/src/install/messages/share/messages/package.dsv'
[3.263s] INFO:colcon.colcon_core.shell:Creating package script '/home/paulav/contact_ws/src/install/messages/share/messages/package.sh'
[3.263s] INFO:colcon.colcon_core.shell:Creating package script '/home/paulav/contact_ws/src/install/messages/share/messages/package.bash'
[3.263s] INFO:colcon.colcon_core.shell:Creating package script '/home/paulav/contact_ws/src/install/messages/share/messages/package.zsh'
[3.263s] Level 1:colcon.colcon_core.environment:create_file_with_runtime_dependencies(/home/paulav/contact_ws/src/install/messages/share/colcon-core/packages/messages)
[3.263s] INFO:colcon.colcon_ros.task.ament_python.build:Building ROS package in '/home/paulav/contact_ws/src/trust_contact' with build type 'ament_python'
[3.263s] Level 1:colcon.colcon_core.shell:create_environment_hook('trust_contact', 'ament_prefix_path')
[3.263s] INFO:colcon.colcon_core.shell:Creating environment hook '/home/paulav/contact_ws/src/install/trust_contact/share/trust_contact/hook/ament_prefix_path.ps1'
[3.264s] INFO:colcon.colcon_core.shell:Creating environment descriptor '/home/paulav/contact_ws/src/install/trust_contact/share/trust_contact/hook/ament_prefix_path.dsv'
[3.264s] INFO:colcon.colcon_core.shell:Creating environment hook '/home/paulav/contact_ws/src/install/trust_contact/share/trust_contact/hook/ament_prefix_path.sh'
[3.264s] INFO:colcon.colcon_core.shell:Skip shell extension 'powershell' for command environment: Not usable outside of PowerShell
[3.264s] DEBUG:colcon.colcon_core.shell:Skip shell extension 'dsv' for command environment
[3.411s] INFO:colcon.colcon_core.task.python.build:Building Python package in '/home/paulav/contact_ws/src/trust_contact'
[3.411s] INFO:colcon.colcon_core.shell:Skip shell extension 'powershell' for command environment: Not usable outside of PowerShell
[3.411s] DEBUG:colcon.colcon_core.shell:Skip shell extension 'dsv' for command environment
[3.615s] DEBUG:colcon.colcon_core.event_handler.log_command:Invoking command in '/home/paulav/contact_ws/src/build/trust_contact': AMENT_PREFIX_PATH=/home/paulav/contact_ws/src/install/messages:${AMENT_PREFIX_PATH} CMAKE_PREFIX_PATH=/home/paulav/contact_ws/src/install/messages:/home/paulav/contact_ws/install/messages:/usr/local LD_LIBRARY_PATH=/home/paulav/contact_ws/src/install/messages/lib:${LD_LIBRARY_PATH} PYTHONPATH=/home/paulav/contact_ws/src/build/trust_contact/prefix_override:/usr/lib/python3/dist-packages/colcon_core/task/python/colcon_distutils_commands:/home/paulav/contact_ws/src/install/trust_contact/lib/python3.10/site-packages:/home/paulav/contact_ws/src/install/messages/local/lib/python3.10/dist-packages:${PYTHONPATH} /usr/bin/python3 -W ignore:setup.py install is deprecated -W ignore:easy_install command is deprecated setup.py develop --editable --build-directory /home/paulav/contact_ws/src/build/trust_contact/build --no-deps symlink_data
[3.848s] Level 1:colcon.colcon_core.shell:create_environment_hook('trust_contact', 'pythonpath_develop')
[3.848s] INFO:colcon.colcon_core.shell:Creating environment hook '/home/paulav/contact_ws/src/build/trust_contact/share/trust_contact/hook/pythonpath_develop.ps1'
[3.848s] DEBUG:colcon.colcon_core.event_handler.log_command:Invoked command in '/home/paulav/contact_ws/src/build/trust_contact' returned '0': AMENT_PREFIX_PATH=/home/paulav/contact_ws/src/install/messages:${AMENT_PREFIX_PATH} CMAKE_PREFIX_PATH=/home/paulav/contact_ws/src/install/messages:/home/paulav/contact_ws/install/messages:/usr/local LD_LIBRARY_PATH=/home/paulav/contact_ws/src/install/messages/lib:${LD_LIBRARY_PATH} PYTHONPATH=/home/paulav/contact_ws/src/build/trust_contact/prefix_override:/usr/lib/python3/dist-packages/colcon_core/task/python/colcon_distutils_commands:/home/paulav/contact_ws/src/install/trust_contact/lib/python3.10/site-packages:/home/paulav/contact_ws/src/install/messages/local/lib/python3.10/dist-packages:${PYTHONPATH} /usr/bin/python3 -W ignore:setup.py install is deprecated -W ignore:easy_install command is deprecated setup.py develop --editable --build-directory /home/paulav/contact_ws/src/build/trust_contact/build --no-deps symlink_data
[3.849s] INFO:colcon.colcon_core.shell:Creating environment descriptor '/home/paulav/contact_ws/src/build/trust_contact/share/trust_contact/hook/pythonpath_develop.dsv'
[3.849s] INFO:colcon.colcon_core.shell:Creating environment hook '/home/paulav/contact_ws/src/build/trust_contact/share/trust_contact/hook/pythonpath_develop.sh'
[3.849s] Level 1:colcon.colcon_core.environment:checking '/home/paulav/contact_ws/src/install/trust_contact' for CMake module files
[3.849s] Level 1:colcon.colcon_core.environment:checking '/home/paulav/contact_ws/src/install/trust_contact' for CMake config files
[3.850s] Level 1:colcon.colcon_core.environment:checking '/home/paulav/contact_ws/src/install/trust_contact/lib'
[3.850s] Level 1:colcon.colcon_core.environment:checking '/home/paulav/contact_ws/src/install/trust_contact/bin'
[3.850s] Level 1:colcon.colcon_core.environment:checking '/home/paulav/contact_ws/src/install/trust_contact/lib/pkgconfig/trust_contact.pc'
[3.850s] Level 1:colcon.colcon_core.environment:checking '/home/paulav/contact_ws/src/install/trust_contact/lib/python3.10/site-packages'
[3.850s] Level 1:colcon.colcon_core.shell:create_environment_hook('trust_contact', 'pythonpath')
[3.850s] INFO:colcon.colcon_core.shell:Creating environment hook '/home/paulav/contact_ws/src/install/trust_contact/share/trust_contact/hook/pythonpath.ps1'
[3.850s] INFO:colcon.colcon_core.shell:Creating environment descriptor '/home/paulav/contact_ws/src/install/trust_contact/share/trust_contact/hook/pythonpath.dsv'
[3.850s] INFO:colcon.colcon_core.shell:Creating environment hook '/home/paulav/contact_ws/src/install/trust_contact/share/trust_contact/hook/pythonpath.sh'
[3.851s] Level 1:colcon.colcon_core.environment:checking '/home/paulav/contact_ws/src/install/trust_contact/bin'
[3.851s] Level 1:colcon.colcon_core.environment:create_environment_scripts_only(trust_contact)
[3.851s] INFO:colcon.colcon_core.shell:Creating package script '/home/paulav/contact_ws/src/install/trust_contact/share/trust_contact/package.ps1'
[3.851s] INFO:colcon.colcon_core.shell:Creating package descriptor '/home/paulav/contact_ws/src/install/trust_contact/share/trust_contact/package.dsv'
[3.851s] INFO:colcon.colcon_core.shell:Creating package script '/home/paulav/contact_ws/src/install/trust_contact/share/trust_contact/package.sh'
[3.851s] INFO:colcon.colcon_core.shell:Creating package script '/home/paulav/contact_ws/src/install/trust_contact/share/trust_contact/package.bash'
[3.851s] INFO:colcon.colcon_core.shell:Creating package script '/home/paulav/contact_ws/src/install/trust_contact/share/trust_contact/package.zsh'
[3.852s] Level 1:colcon.colcon_core.environment:create_file_with_runtime_dependencies(/home/paulav/contact_ws/src/install/trust_contact/share/colcon-core/packages/trust_contact)
[3.852s] DEBUG:colcon.colcon_parallel_executor.executor.parallel:closing loop
[3.852s] DEBUG:colcon.colcon_parallel_executor.executor.parallel:loop closed
[3.852s] DEBUG:colcon.colcon_parallel_executor.executor.parallel:run_until_complete finished with '0'
[3.852s] DEBUG:colcon.colcon_core.event_reactor:joining thread
[3.855s] INFO:colcon.colcon_core.plugin_system:Skipping extension 'colcon_notification.desktop_notification.terminal_notifier': Not used on non-Darwin systems
[3.855s] INFO:colcon.colcon_core.plugin_system:Skipping extension 'colcon_notification.desktop_notification.win32': Not used on non-Windows systems
[3.855s] INFO:colcon.colcon_notification.desktop_notification:Sending desktop notification using 'notify2'
[3.873s] DEBUG:colcon.colcon_core.event_reactor:joined thread
[3.873s] INFO:colcon.colcon_core.shell:Creating prefix script '/home/paulav/contact_ws/src/install/local_setup.ps1'
[3.873s] INFO:colcon.colcon_core.shell:Creating prefix util module '/home/paulav/contact_ws/src/install/_local_setup_util_ps1.py'
[3.874s] INFO:colcon.colcon_core.shell:Creating prefix chain script '/home/paulav/contact_ws/src/install/setup.ps1'
[3.874s] INFO:colcon.colcon_core.shell:Creating prefix script '/home/paulav/contact_ws/src/install/local_setup.sh'
[3.874s] INFO:colcon.colcon_core.shell:Creating prefix util module '/home/paulav/contact_ws/src/install/_local_setup_util_sh.py'
[3.875s] INFO:colcon.colcon_core.shell:Creating prefix chain script '/home/paulav/contact_ws/src/install/setup.sh'
[3.875s] INFO:colcon.colcon_core.shell:Creating prefix script '/home/paulav/contact_ws/src/install/local_setup.bash'
[3.875s] INFO:colcon.colcon_core.shell:Creating prefix chain script '/home/paulav/contact_ws/src/install/setup.bash'
[3.876s] INFO:colcon.colcon_core.shell:Creating prefix script '/home/paulav/contact_ws/src/install/local_setup.zsh'
[3.876s] INFO:colcon.colcon_core.shell:Creating prefix chain script '/home/paulav/contact_ws/src/install/setup.zsh'
