running develop
running egg_info
creating contact_localization_ros.egg-info
writing contact_localization_ros.egg-info/PKG-INFO
writing dependency_links to contact_localization_ros.egg-info/dependency_links.txt
writing entry points to contact_localization_ros.egg-info/entry_points.txt
writing requirements to contact_localization_ros.egg-info/requires.txt
writing top-level names to contact_localization_ros.egg-info/top_level.txt
writing manifest file 'contact_localization_ros.egg-info/SOURCES.txt'
reading manifest file 'contact_localization_ros.egg-info/SOURCES.txt'
writing manifest file 'contact_localization_ros.egg-info/SOURCES.txt'
running build_ext
Creating /home/paulav/contact_ws/src/install/contact_localization_ros/lib/python3.10/site-packages/contact-localization-ros.egg-link (link to .)

Installed /home/paulav/contact_ws/src/build/contact_localization_ros
running symlink_data
creating /home/paulav/contact_ws/src/install/contact_localization_ros/share/ament_index
creating /home/paulav/contact_ws/src/install/contact_localization_ros/share/ament_index/resource_index
creating /home/paulav/contact_ws/src/install/contact_localization_ros/share/ament_index/resource_index/packages
symbolically linking /home/paulav/contact_ws/src/build/contact_localization_ros/resource/contact_localization_ros -> /home/paulav/contact_ws/src/install/contact_localization_ros/share/ament_index/resource_index/packages
symbolically linking /home/paulav/contact_ws/src/build/contact_localization_ros/package.xml -> /home/paulav/contact_ws/src/install/contact_localization_ros/share/contact_localization_ros
