[0.341s] Invoking command in '/home/paulav/contact_ws/src/build/contact_localization_ros': PYTHONPATH=/home/paulav/contact_ws/src/build/contact_localization_ros/prefix_override:/usr/lib/python3/dist-packages/colcon_core/task/python/colcon_distutils_commands:/home/paulav/contact_ws/src/install/contact_localization_ros/lib/python3.10/site-packages:${PYTHONPATH} /usr/bin/python3 -W ignore:setup.py install is deprecated -W ignore:easy_install command is deprecated setup.py develop --editable --build-directory /home/paulav/contact_ws/src/build/contact_localization_ros/build --no-deps symlink_data
[0.470s] running develop
[0.557s] running egg_info
[0.558s] creating contact_localization_ros.egg-info
[0.558s] writing contact_localization_ros.egg-info/PKG-INFO
[0.558s] writing dependency_links to contact_localization_ros.egg-info/dependency_links.txt
[0.558s] writing entry points to contact_localization_ros.egg-info/entry_points.txt
[0.558s] writing requirements to contact_localization_ros.egg-info/requires.txt
[0.558s] writing top-level names to contact_localization_ros.egg-info/top_level.txt
[0.558s] writing manifest file 'contact_localization_ros.egg-info/SOURCES.txt'
[0.558s] reading manifest file 'contact_localization_ros.egg-info/SOURCES.txt'
[0.559s] writing manifest file 'contact_localization_ros.egg-info/SOURCES.txt'
[0.559s] running build_ext
[0.559s] Creating /home/paulav/contact_ws/src/install/contact_localization_ros/lib/python3.10/site-packages/contact-localization-ros.egg-link (link to .)
[0.560s] 
[0.560s] Installed /home/paulav/contact_ws/src/build/contact_localization_ros
[0.560s] running symlink_data
[0.560s] creating /home/paulav/contact_ws/src/install/contact_localization_ros/share/ament_index
[0.560s] creating /home/paulav/contact_ws/src/install/contact_localization_ros/share/ament_index/resource_index
[0.560s] creating /home/paulav/contact_ws/src/install/contact_localization_ros/share/ament_index/resource_index/packages
[0.560s] symbolically linking /home/paulav/contact_ws/src/build/contact_localization_ros/resource/contact_localization_ros -> /home/paulav/contact_ws/src/install/contact_localization_ros/share/ament_index/resource_index/packages
[0.560s] symbolically linking /home/paulav/contact_ws/src/build/contact_localization_ros/package.xml -> /home/paulav/contact_ws/src/install/contact_localization_ros/share/contact_localization_ros
[0.572s] Invoked command in '/home/paulav/contact_ws/src/build/contact_localization_ros' returned '0': PYTHONPATH=/home/paulav/contact_ws/src/build/contact_localization_ros/prefix_override:/usr/lib/python3/dist-packages/colcon_core/task/python/colcon_distutils_commands:/home/paulav/contact_ws/src/install/contact_localization_ros/lib/python3.10/site-packages:${PYTHONPATH} /usr/bin/python3 -W ignore:setup.py install is deprecated -W ignore:easy_install command is deprecated setup.py develop --editable --build-directory /home/paulav/contact_ws/src/build/contact_localization_ros/build --no-deps symlink_data
