[0.051s] DEBUG:colcon:Command line arguments: ['/usr/bin/colcon', 'build', '--packages-select', 'messages', 'contact_localization_ros', '--symlink-install']
[0.051s] DEBUG:colcon:Parsed command line arguments: Namespace(log_base=None, log_level=None, verb_name='build', build_base='build', install_base='install', merge_install=False, symlink_install=True, test_result_base=None, continue_on_error=False, executor='parallel', parallel_workers=24, event_handlers=None, ignore_user_meta=False, metas=['./colcon.meta'], base_paths=['.'], packages_ignore=None, packages_ignore_regex=None, paths=None, packages_up_to=None, packages_up_to_regex=None, packages_above=None, packages_above_and_dependencies=None, packages_above_depth=None, packages_select_by_dep=None, packages_skip_by_dep=None, packages_skip_up_to=None, packages_select_build_failed=False, packages_skip_build_finished=False, packages_select_test_failures=False, packages_skip_test_passed=False, packages_select=['messages', 'contact_localization_ros'], packages_skip=None, packages_select_regex=None, packages_skip_regex=None, packages_start=None, packages_end=None, allow_overriding=[], cmake_args=None, cmake_target=None, cmake_target_skip_unavailable=False, cmake_clean_cache=False, cmake_clean_first=False, cmake_force_configure=False, ament_cmake_args=None, catkin_cmake_args=None, catkin_skip_building_tests=False, mixin_files=None, mixin=None, verb_parser=<colcon_mixin.mixin.mixin_argument.MixinArgumentDecorator object at 0x7e6d86b3c9d0>, verb_extension=<colcon_core.verb.build.BuildVerb object at 0x7e6d86b13fd0>, main=<bound method BuildVerb.main of <colcon_core.verb.build.BuildVerb object at 0x7e6d86b13fd0>>, mixin_verb=('build',))
[0.133s] Level 1:colcon.colcon_core.package_discovery:discover_packages(colcon_meta) check parameters
[0.133s] Level 1:colcon.colcon_core.package_discovery:discover_packages(recursive) check parameters
[0.133s] Level 1:colcon.colcon_core.package_discovery:discover_packages(ignore) check parameters
[0.133s] Level 1:colcon.colcon_core.package_discovery:discover_packages(path) check parameters
[0.133s] Level 1:colcon.colcon_core.package_discovery:discover_packages(colcon_meta) discover
[0.133s] Level 1:colcon.colcon_core.package_discovery:discover_packages(recursive) discover
[0.133s] INFO:colcon.colcon_core.package_discovery:Crawling recursively for packages in '/home/paulav/contact_ws'
[0.133s] Level 1:colcon.colcon_core.package_identification:_identify(.) by extensions ['ignore', 'ignore_ament_install']
[0.133s] Level 1:colcon.colcon_core.package_identification:_identify(.) by extension 'ignore'
[0.133s] Level 1:colcon.colcon_core.package_identification:_identify(.) by extension 'ignore_ament_install'
[0.133s] Level 1:colcon.colcon_core.package_identification:_identify(.) by extensions ['colcon_pkg']
[0.133s] Level 1:colcon.colcon_core.package_identification:_identify(.) by extension 'colcon_pkg'
[0.133s] Level 1:colcon.colcon_core.package_identification:_identify(.) by extensions ['colcon_meta']
[0.133s] Level 1:colcon.colcon_core.package_identification:_identify(.) by extension 'colcon_meta'
[0.133s] Level 1:colcon.colcon_core.package_identification:_identify(.) by extensions ['ros']
[0.133s] Level 1:colcon.colcon_core.package_identification:_identify(.) by extension 'ros'
[0.142s] Level 1:colcon.colcon_core.package_identification:_identify(.) by extensions ['cmake', 'python']
[0.142s] Level 1:colcon.colcon_core.package_identification:_identify(.) by extension 'cmake'
[0.142s] Level 1:colcon.colcon_core.package_identification:_identify(.) by extension 'python'
[0.142s] Level 1:colcon.colcon_core.package_identification:_identify(.) by extensions ['python_setup_py']
[0.142s] Level 1:colcon.colcon_core.package_identification:_identify(.) by extension 'python_setup_py'
[0.142s] Level 1:colcon.colcon_core.package_identification:_identify(build) by extensions ['ignore', 'ignore_ament_install']
[0.142s] Level 1:colcon.colcon_core.package_identification:_identify(build) by extension 'ignore'
[0.142s] Level 1:colcon.colcon_core.package_identification:_identify(build) ignored
[0.143s] Level 1:colcon.colcon_core.package_identification:_identify(install) by extensions ['ignore', 'ignore_ament_install']
[0.143s] Level 1:colcon.colcon_core.package_identification:_identify(install) by extension 'ignore'
[0.143s] Level 1:colcon.colcon_core.package_identification:_identify(install) ignored
[0.143s] Level 1:colcon.colcon_core.package_identification:_identify(log) by extensions ['ignore', 'ignore_ament_install']
[0.143s] Level 1:colcon.colcon_core.package_identification:_identify(log) by extension 'ignore'
[0.143s] Level 1:colcon.colcon_core.package_identification:_identify(log) ignored
[0.143s] Level 1:colcon.colcon_core.package_identification:_identify(src) by extensions ['ignore', 'ignore_ament_install']
[0.143s] Level 1:colcon.colcon_core.package_identification:_identify(src) by extension 'ignore'
[0.143s] Level 1:colcon.colcon_core.package_identification:_identify(src) by extension 'ignore_ament_install'
[0.143s] Level 1:colcon.colcon_core.package_identification:_identify(src) by extensions ['colcon_pkg']
[0.143s] Level 1:colcon.colcon_core.package_identification:_identify(src) by extension 'colcon_pkg'
[0.143s] Level 1:colcon.colcon_core.package_identification:_identify(src) by extensions ['colcon_meta']
[0.143s] Level 1:colcon.colcon_core.package_identification:_identify(src) by extension 'colcon_meta'
[0.143s] Level 1:colcon.colcon_core.package_identification:_identify(src) by extensions ['ros']
[0.143s] Level 1:colcon.colcon_core.package_identification:_identify(src) by extension 'ros'
[0.143s] Level 1:colcon.colcon_core.package_identification:_identify(src) by extensions ['cmake', 'python']
[0.143s] Level 1:colcon.colcon_core.package_identification:_identify(src) by extension 'cmake'
[0.143s] Level 1:colcon.colcon_core.package_identification:_identify(src) by extension 'python'
[0.143s] Level 1:colcon.colcon_core.package_identification:_identify(src) by extensions ['python_setup_py']
[0.143s] Level 1:colcon.colcon_core.package_identification:_identify(src) by extension 'python_setup_py'
[0.143s] Level 1:colcon.colcon_core.package_identification:_identify(src/contact_localization_ros) by extensions ['ignore', 'ignore_ament_install']
[0.143s] Level 1:colcon.colcon_core.package_identification:_identify(src/contact_localization_ros) by extension 'ignore'
[0.143s] Level 1:colcon.colcon_core.package_identification:_identify(src/contact_localization_ros) by extension 'ignore_ament_install'
[0.143s] Level 1:colcon.colcon_core.package_identification:_identify(src/contact_localization_ros) by extensions ['colcon_pkg']
[0.143s] Level 1:colcon.colcon_core.package_identification:_identify(src/contact_localization_ros) by extension 'colcon_pkg'
[0.143s] Level 1:colcon.colcon_core.package_identification:_identify(src/contact_localization_ros) by extensions ['colcon_meta']
[0.143s] Level 1:colcon.colcon_core.package_identification:_identify(src/contact_localization_ros) by extension 'colcon_meta'
[0.143s] Level 1:colcon.colcon_core.package_identification:_identify(src/contact_localization_ros) by extensions ['ros']
[0.143s] Level 1:colcon.colcon_core.package_identification:_identify(src/contact_localization_ros) by extension 'ros'
[0.144s] DEBUG:colcon.colcon_core.package_identification:Package 'src/contact_localization_ros' with type 'ros.ament_python' and name 'contact_localization_ros'
[0.144s] Level 1:colcon.colcon_core.package_identification:_identify(src/force_location) by extensions ['ignore', 'ignore_ament_install']
[0.144s] Level 1:colcon.colcon_core.package_identification:_identify(src/force_location) by extension 'ignore'
[0.144s] Level 1:colcon.colcon_core.package_identification:_identify(src/force_location) by extension 'ignore_ament_install'
[0.145s] Level 1:colcon.colcon_core.package_identification:_identify(src/force_location) by extensions ['colcon_pkg']
[0.145s] Level 1:colcon.colcon_core.package_identification:_identify(src/force_location) by extension 'colcon_pkg'
[0.145s] Level 1:colcon.colcon_core.package_identification:_identify(src/force_location) by extensions ['colcon_meta']
[0.145s] Level 1:colcon.colcon_core.package_identification:_identify(src/force_location) by extension 'colcon_meta'
[0.145s] Level 1:colcon.colcon_core.package_identification:_identify(src/force_location) by extensions ['ros']
[0.145s] Level 1:colcon.colcon_core.package_identification:_identify(src/force_location) by extension 'ros'
[0.145s] Level 1:colcon.colcon_core.package_identification:_identify(src/force_location) by extensions ['cmake', 'python']
[0.145s] Level 1:colcon.colcon_core.package_identification:_identify(src/force_location) by extension 'cmake'
[0.145s] Level 1:colcon.colcon_core.package_identification:_identify(src/force_location) by extension 'python'
[0.145s] Level 1:colcon.colcon_core.package_identification:_identify(src/force_location) by extensions ['python_setup_py']
[0.145s] Level 1:colcon.colcon_core.package_identification:_identify(src/force_location) by extension 'python_setup_py'
[0.145s] Level 1:colcon.colcon_core.package_identification:_identify(src/force_location/diffusion) by extensions ['ignore', 'ignore_ament_install']
[0.145s] Level 1:colcon.colcon_core.package_identification:_identify(src/force_location/diffusion) by extension 'ignore'
[0.145s] Level 1:colcon.colcon_core.package_identification:_identify(src/force_location/diffusion) by extension 'ignore_ament_install'
[0.145s] Level 1:colcon.colcon_core.package_identification:_identify(src/force_location/diffusion) by extensions ['colcon_pkg']
[0.145s] Level 1:colcon.colcon_core.package_identification:_identify(src/force_location/diffusion) by extension 'colcon_pkg'
[0.145s] Level 1:colcon.colcon_core.package_identification:_identify(src/force_location/diffusion) by extensions ['colcon_meta']
[0.145s] Level 1:colcon.colcon_core.package_identification:_identify(src/force_location/diffusion) by extension 'colcon_meta'
[0.145s] Level 1:colcon.colcon_core.package_identification:_identify(src/force_location/diffusion) by extensions ['ros']
[0.145s] Level 1:colcon.colcon_core.package_identification:_identify(src/force_location/diffusion) by extension 'ros'
[0.145s] Level 1:colcon.colcon_core.package_identification:_identify(src/force_location/diffusion) by extensions ['cmake', 'python']
[0.145s] Level 1:colcon.colcon_core.package_identification:_identify(src/force_location/diffusion) by extension 'cmake'
[0.145s] Level 1:colcon.colcon_core.package_identification:_identify(src/force_location/diffusion) by extension 'python'
[0.145s] Level 1:colcon.colcon_core.package_identification:_identify(src/force_location/diffusion) by extensions ['python_setup_py']
[0.145s] Level 1:colcon.colcon_core.package_identification:_identify(src/force_location/diffusion) by extension 'python_setup_py'
[0.145s] Level 1:colcon.colcon_core.package_identification:_identify(src/force_location/diffusion/peg_trainingset) by extensions ['ignore', 'ignore_ament_install']
[0.145s] Level 1:colcon.colcon_core.package_identification:_identify(src/force_location/diffusion/peg_trainingset) by extension 'ignore'
[0.145s] Level 1:colcon.colcon_core.package_identification:_identify(src/force_location/diffusion/peg_trainingset) by extension 'ignore_ament_install'
[0.145s] Level 1:colcon.colcon_core.package_identification:_identify(src/force_location/diffusion/peg_trainingset) by extensions ['colcon_pkg']
[0.145s] Level 1:colcon.colcon_core.package_identification:_identify(src/force_location/diffusion/peg_trainingset) by extension 'colcon_pkg'
[0.145s] Level 1:colcon.colcon_core.package_identification:_identify(src/force_location/diffusion/peg_trainingset) by extensions ['colcon_meta']
[0.145s] Level 1:colcon.colcon_core.package_identification:_identify(src/force_location/diffusion/peg_trainingset) by extension 'colcon_meta'
[0.145s] Level 1:colcon.colcon_core.package_identification:_identify(src/force_location/diffusion/peg_trainingset) by extensions ['ros']
[0.145s] Level 1:colcon.colcon_core.package_identification:_identify(src/force_location/diffusion/peg_trainingset) by extension 'ros'
[0.145s] Level 1:colcon.colcon_core.package_identification:_identify(src/force_location/diffusion/peg_trainingset) by extensions ['cmake', 'python']
[0.145s] Level 1:colcon.colcon_core.package_identification:_identify(src/force_location/diffusion/peg_trainingset) by extension 'cmake'
[0.145s] Level 1:colcon.colcon_core.package_identification:_identify(src/force_location/diffusion/peg_trainingset) by extension 'python'
[0.145s] Level 1:colcon.colcon_core.package_identification:_identify(src/force_location/diffusion/peg_trainingset) by extensions ['python_setup_py']
[0.145s] Level 1:colcon.colcon_core.package_identification:_identify(src/force_location/diffusion/peg_trainingset) by extension 'python_setup_py'
[0.145s] Level 1:colcon.colcon_core.package_identification:_identify(src/force_location/force_application) by extensions ['ignore', 'ignore_ament_install']
[0.145s] Level 1:colcon.colcon_core.package_identification:_identify(src/force_location/force_application) by extension 'ignore'
[0.145s] Level 1:colcon.colcon_core.package_identification:_identify(src/force_location/force_application) by extension 'ignore_ament_install'
[0.145s] Level 1:colcon.colcon_core.package_identification:_identify(src/force_location/force_application) by extensions ['colcon_pkg']
[0.145s] Level 1:colcon.colcon_core.package_identification:_identify(src/force_location/force_application) by extension 'colcon_pkg'
[0.145s] Level 1:colcon.colcon_core.package_identification:_identify(src/force_location/force_application) by extensions ['colcon_meta']
[0.145s] Level 1:colcon.colcon_core.package_identification:_identify(src/force_location/force_application) by extension 'colcon_meta'
[0.145s] Level 1:colcon.colcon_core.package_identification:_identify(src/force_location/force_application) by extensions ['ros']
[0.145s] Level 1:colcon.colcon_core.package_identification:_identify(src/force_location/force_application) by extension 'ros'
[0.145s] Level 1:colcon.colcon_core.package_identification:_identify(src/force_location/force_application) by extensions ['cmake', 'python']
[0.145s] Level 1:colcon.colcon_core.package_identification:_identify(src/force_location/force_application) by extension 'cmake'
[0.145s] Level 1:colcon.colcon_core.package_identification:_identify(src/force_location/force_application) by extension 'python'
[0.145s] Level 1:colcon.colcon_core.package_identification:_identify(src/force_location/force_application) by extensions ['python_setup_py']
[0.145s] Level 1:colcon.colcon_core.package_identification:_identify(src/force_location/force_application) by extension 'python_setup_py'
[0.146s] Level 1:colcon.colcon_core.package_identification:_identify(src/force_location/force_application/pointcloud) by extensions ['ignore', 'ignore_ament_install']
[0.146s] Level 1:colcon.colcon_core.package_identification:_identify(src/force_location/force_application/pointcloud) by extension 'ignore'
[0.146s] Level 1:colcon.colcon_core.package_identification:_identify(src/force_location/force_application/pointcloud) by extension 'ignore_ament_install'
[0.146s] Level 1:colcon.colcon_core.package_identification:_identify(src/force_location/force_application/pointcloud) by extensions ['colcon_pkg']
[0.146s] Level 1:colcon.colcon_core.package_identification:_identify(src/force_location/force_application/pointcloud) by extension 'colcon_pkg'
[0.146s] Level 1:colcon.colcon_core.package_identification:_identify(src/force_location/force_application/pointcloud) by extensions ['colcon_meta']
[0.146s] Level 1:colcon.colcon_core.package_identification:_identify(src/force_location/force_application/pointcloud) by extension 'colcon_meta'
[0.146s] Level 1:colcon.colcon_core.package_identification:_identify(src/force_location/force_application/pointcloud) by extensions ['ros']
[0.146s] Level 1:colcon.colcon_core.package_identification:_identify(src/force_location/force_application/pointcloud) by extension 'ros'
[0.146s] Level 1:colcon.colcon_core.package_identification:_identify(src/force_location/force_application/pointcloud) by extensions ['cmake', 'python']
[0.146s] Level 1:colcon.colcon_core.package_identification:_identify(src/force_location/force_application/pointcloud) by extension 'cmake'
[0.146s] Level 1:colcon.colcon_core.package_identification:_identify(src/force_location/force_application/pointcloud) by extension 'python'
[0.146s] Level 1:colcon.colcon_core.package_identification:_identify(src/force_location/force_application/pointcloud) by extensions ['python_setup_py']
[0.146s] Level 1:colcon.colcon_core.package_identification:_identify(src/force_location/force_application/pointcloud) by extension 'python_setup_py'
[0.146s] Level 1:colcon.colcon_core.package_identification:_identify(src/messages) by extensions ['ignore', 'ignore_ament_install']
[0.146s] Level 1:colcon.colcon_core.package_identification:_identify(src/messages) by extension 'ignore'
[0.146s] Level 1:colcon.colcon_core.package_identification:_identify(src/messages) by extension 'ignore_ament_install'
[0.146s] Level 1:colcon.colcon_core.package_identification:_identify(src/messages) by extensions ['colcon_pkg']
[0.146s] Level 1:colcon.colcon_core.package_identification:_identify(src/messages) by extension 'colcon_pkg'
[0.146s] Level 1:colcon.colcon_core.package_identification:_identify(src/messages) by extensions ['colcon_meta']
[0.146s] Level 1:colcon.colcon_core.package_identification:_identify(src/messages) by extension 'colcon_meta'
[0.146s] Level 1:colcon.colcon_core.package_identification:_identify(src/messages) by extensions ['ros']
[0.146s] Level 1:colcon.colcon_core.package_identification:_identify(src/messages) by extension 'ros'
[0.146s] DEBUG:colcon.colcon_core.package_identification:Package 'src/messages' with type 'ros.ament_cmake' and name 'messages'
[0.146s] Level 1:colcon.colcon_core.package_identification:_identify(src/trust_contact) by extensions ['ignore', 'ignore_ament_install']
[0.146s] Level 1:colcon.colcon_core.package_identification:_identify(src/trust_contact) by extension 'ignore'
[0.146s] Level 1:colcon.colcon_core.package_identification:_identify(src/trust_contact) by extension 'ignore_ament_install'
[0.146s] Level 1:colcon.colcon_core.package_identification:_identify(src/trust_contact) by extensions ['colcon_pkg']
[0.146s] Level 1:colcon.colcon_core.package_identification:_identify(src/trust_contact) by extension 'colcon_pkg'
[0.146s] Level 1:colcon.colcon_core.package_identification:_identify(src/trust_contact) by extensions ['colcon_meta']
[0.146s] Level 1:colcon.colcon_core.package_identification:_identify(src/trust_contact) by extension 'colcon_meta'
[0.146s] Level 1:colcon.colcon_core.package_identification:_identify(src/trust_contact) by extensions ['ros']
[0.146s] Level 1:colcon.colcon_core.package_identification:_identify(src/trust_contact) by extension 'ros'
[0.147s] DEBUG:colcon.colcon_core.package_identification:Package 'src/trust_contact' with type 'ros.ament_python' and name 'trust_contact'
[0.147s] Level 1:colcon.colcon_core.package_identification:_identify(src/trust_contact_change) by extensions ['ignore', 'ignore_ament_install']
[0.147s] Level 1:colcon.colcon_core.package_identification:_identify(src/trust_contact_change) by extension 'ignore'
[0.147s] Level 1:colcon.colcon_core.package_identification:_identify(src/trust_contact_change) by extension 'ignore_ament_install'
[0.147s] Level 1:colcon.colcon_core.package_identification:_identify(src/trust_contact_change) by extensions ['colcon_pkg']
[0.147s] Level 1:colcon.colcon_core.package_identification:_identify(src/trust_contact_change) by extension 'colcon_pkg'
[0.147s] Level 1:colcon.colcon_core.package_identification:_identify(src/trust_contact_change) by extensions ['colcon_meta']
[0.147s] Level 1:colcon.colcon_core.package_identification:_identify(src/trust_contact_change) by extension 'colcon_meta'
[0.147s] Level 1:colcon.colcon_core.package_identification:_identify(src/trust_contact_change) by extensions ['ros']
[0.147s] Level 1:colcon.colcon_core.package_identification:_identify(src/trust_contact_change) by extension 'ros'
[0.147s] Level 1:colcon.colcon_core.package_identification:_identify(src/trust_contact_change) by extensions ['cmake', 'python']
[0.147s] Level 1:colcon.colcon_core.package_identification:_identify(src/trust_contact_change) by extension 'cmake'
[0.147s] Level 1:colcon.colcon_core.package_identification:_identify(src/trust_contact_change) by extension 'python'
[0.147s] Level 1:colcon.colcon_core.package_identification:_identify(src/trust_contact_change) by extensions ['python_setup_py']
[0.147s] Level 1:colcon.colcon_core.package_identification:_identify(src/trust_contact_change) by extension 'python_setup_py'
[0.147s] Level 1:colcon.colcon_core.package_identification:_identify(src/trust_contact_change/build) by extensions ['ignore', 'ignore_ament_install']
[0.147s] Level 1:colcon.colcon_core.package_identification:_identify(src/trust_contact_change/build) by extension 'ignore'
[0.147s] Level 1:colcon.colcon_core.package_identification:_identify(src/trust_contact_change/build) ignored
[0.147s] Level 1:colcon.colcon_core.package_identification:_identify(src/trust_contact_change/install) by extensions ['ignore', 'ignore_ament_install']
[0.147s] Level 1:colcon.colcon_core.package_identification:_identify(src/trust_contact_change/install) by extension 'ignore'
[0.147s] Level 1:colcon.colcon_core.package_identification:_identify(src/trust_contact_change/install) ignored
[0.147s] Level 1:colcon.colcon_core.package_identification:_identify(src/trust_contact_change/log) by extensions ['ignore', 'ignore_ament_install']
[0.147s] Level 1:colcon.colcon_core.package_identification:_identify(src/trust_contact_change/log) by extension 'ignore'
[0.147s] Level 1:colcon.colcon_core.package_identification:_identify(src/trust_contact_change/log) ignored
[0.147s] Level 1:colcon.colcon_core.package_identification:_identify(src/trust_contact_change/models) by extensions ['ignore', 'ignore_ament_install']
[0.147s] Level 1:colcon.colcon_core.package_identification:_identify(src/trust_contact_change/models) by extension 'ignore'
[0.147s] Level 1:colcon.colcon_core.package_identification:_identify(src/trust_contact_change/models) by extension 'ignore_ament_install'
[0.147s] Level 1:colcon.colcon_core.package_identification:_identify(src/trust_contact_change/models) by extensions ['colcon_pkg']
[0.147s] Level 1:colcon.colcon_core.package_identification:_identify(src/trust_contact_change/models) by extension 'colcon_pkg'
[0.147s] Level 1:colcon.colcon_core.package_identification:_identify(src/trust_contact_change/models) by extensions ['colcon_meta']
[0.147s] Level 1:colcon.colcon_core.package_identification:_identify(src/trust_contact_change/models) by extension 'colcon_meta'
[0.147s] Level 1:colcon.colcon_core.package_identification:_identify(src/trust_contact_change/models) by extensions ['ros']
[0.147s] Level 1:colcon.colcon_core.package_identification:_identify(src/trust_contact_change/models) by extension 'ros'
[0.147s] Level 1:colcon.colcon_core.package_identification:_identify(src/trust_contact_change/models) by extensions ['cmake', 'python']
[0.147s] Level 1:colcon.colcon_core.package_identification:_identify(src/trust_contact_change/models) by extension 'cmake'
[0.147s] Level 1:colcon.colcon_core.package_identification:_identify(src/trust_contact_change/models) by extension 'python'
[0.147s] Level 1:colcon.colcon_core.package_identification:_identify(src/trust_contact_change/models) by extensions ['python_setup_py']
[0.147s] Level 1:colcon.colcon_core.package_identification:_identify(src/trust_contact_change/models) by extension 'python_setup_py'
[0.147s] Level 1:colcon.colcon_core.package_identification:_identify(src/trust_contact_change/models/assets) by extensions ['ignore', 'ignore_ament_install']
[0.148s] Level 1:colcon.colcon_core.package_identification:_identify(src/trust_contact_change/models/assets) by extension 'ignore'
[0.148s] Level 1:colcon.colcon_core.package_identification:_identify(src/trust_contact_change/models/assets) by extension 'ignore_ament_install'
[0.148s] Level 1:colcon.colcon_core.package_identification:_identify(src/trust_contact_change/models/assets) by extensions ['colcon_pkg']
[0.148s] Level 1:colcon.colcon_core.package_identification:_identify(src/trust_contact_change/models/assets) by extension 'colcon_pkg'
[0.148s] Level 1:colcon.colcon_core.package_identification:_identify(src/trust_contact_change/models/assets) by extensions ['colcon_meta']
[0.148s] Level 1:colcon.colcon_core.package_identification:_identify(src/trust_contact_change/models/assets) by extension 'colcon_meta'
[0.148s] Level 1:colcon.colcon_core.package_identification:_identify(src/trust_contact_change/models/assets) by extensions ['ros']
[0.148s] Level 1:colcon.colcon_core.package_identification:_identify(src/trust_contact_change/models/assets) by extension 'ros'
[0.148s] Level 1:colcon.colcon_core.package_identification:_identify(src/trust_contact_change/models/assets) by extensions ['cmake', 'python']
[0.148s] Level 1:colcon.colcon_core.package_identification:_identify(src/trust_contact_change/models/assets) by extension 'cmake'
[0.148s] Level 1:colcon.colcon_core.package_identification:_identify(src/trust_contact_change/models/assets) by extension 'python'
[0.148s] Level 1:colcon.colcon_core.package_identification:_identify(src/trust_contact_change/models/assets) by extensions ['python_setup_py']
[0.148s] Level 1:colcon.colcon_core.package_identification:_identify(src/trust_contact_change/models/assets) by extension 'python_setup_py'
[0.148s] Level 1:colcon.colcon_core.package_discovery:discover_packages(recursive) using defaults
[0.148s] Level 1:colcon.colcon_core.package_discovery:discover_packages(ignore) discover
[0.148s] Level 1:colcon.colcon_core.package_discovery:discover_packages(ignore) using defaults
[0.148s] Level 1:colcon.colcon_core.package_discovery:discover_packages(path) discover
[0.148s] Level 1:colcon.colcon_core.package_discovery:discover_packages(path) using defaults
[0.157s] INFO:colcon.colcon_core.package_selection:Skipping not selected package 'trust_contact' in 'src/trust_contact'
[0.157s] Level 1:colcon.colcon_core.package_discovery:discover_packages(prefix_path) check parameters
[0.157s] Level 1:colcon.colcon_core.package_discovery:discover_packages(prefix_path) discover
[0.158s] WARNING:colcon.colcon_ros.prefix_path.ament:The path '/home/paulav/contact_ws/install/messages' in the environment variable AMENT_PREFIX_PATH doesn't exist
[0.158s] WARNING:colcon.colcon_ros.prefix_path.catkin:The path '/home/paulav/contact_ws/install/messages' in the environment variable CMAKE_PREFIX_PATH doesn't exist
[0.158s] DEBUG:colcon.colcon_installed_package_information.package_discovery:Found 2 installed packages in /home/paulav/contact_ws/install
[0.159s] DEBUG:colcon.colcon_installed_package_information.package_discovery:Found 378 installed packages in /opt/ros/humble
[0.160s] Level 1:colcon.colcon_core.package_discovery:discover_packages(prefix_path) using defaults
[0.180s] Level 5:colcon.colcon_core.verb:set package 'contact_localization_ros' build argument 'cmake_args' from command line to 'None'
[0.180s] Level 5:colcon.colcon_core.verb:set package 'contact_localization_ros' build argument 'cmake_target' from command line to 'None'
[0.180s] Level 5:colcon.colcon_core.verb:set package 'contact_localization_ros' build argument 'cmake_target_skip_unavailable' from command line to 'False'
[0.180s] Level 5:colcon.colcon_core.verb:set package 'contact_localization_ros' build argument 'cmake_clean_cache' from command line to 'False'
[0.180s] Level 5:colcon.colcon_core.verb:set package 'contact_localization_ros' build argument 'cmake_clean_first' from command line to 'False'
[0.180s] Level 5:colcon.colcon_core.verb:set package 'contact_localization_ros' build argument 'cmake_force_configure' from command line to 'False'
[0.180s] Level 5:colcon.colcon_core.verb:set package 'contact_localization_ros' build argument 'ament_cmake_args' from command line to 'None'
[0.180s] Level 5:colcon.colcon_core.verb:set package 'contact_localization_ros' build argument 'catkin_cmake_args' from command line to 'None'
[0.180s] Level 5:colcon.colcon_core.verb:set package 'contact_localization_ros' build argument 'catkin_skip_building_tests' from command line to 'False'
[0.180s] DEBUG:colcon.colcon_core.verb:Building package 'contact_localization_ros' with the following arguments: {'ament_cmake_args': None, 'build_base': '/home/paulav/contact_ws/build/contact_localization_ros', 'catkin_cmake_args': None, 'catkin_skip_building_tests': False, 'cmake_args': None, 'cmake_clean_cache': False, 'cmake_clean_first': False, 'cmake_force_configure': False, 'cmake_target': None, 'cmake_target_skip_unavailable': False, 'install_base': '/home/paulav/contact_ws/install/contact_localization_ros', 'merge_install': False, 'path': '/home/paulav/contact_ws/src/contact_localization_ros', 'symlink_install': True, 'test_result_base': None}
[0.180s] Level 5:colcon.colcon_core.verb:set package 'messages' build argument 'cmake_args' from command line to 'None'
[0.180s] Level 5:colcon.colcon_core.verb:set package 'messages' build argument 'cmake_target' from command line to 'None'
[0.180s] Level 5:colcon.colcon_core.verb:set package 'messages' build argument 'cmake_target_skip_unavailable' from command line to 'False'
[0.180s] Level 5:colcon.colcon_core.verb:set package 'messages' build argument 'cmake_clean_cache' from command line to 'False'
[0.180s] Level 5:colcon.colcon_core.verb:set package 'messages' build argument 'cmake_clean_first' from command line to 'False'
[0.180s] Level 5:colcon.colcon_core.verb:set package 'messages' build argument 'cmake_force_configure' from command line to 'False'
[0.180s] Level 5:colcon.colcon_core.verb:set package 'messages' build argument 'ament_cmake_args' from command line to 'None'
[0.180s] Level 5:colcon.colcon_core.verb:set package 'messages' build argument 'catkin_cmake_args' from command line to 'None'
[0.180s] Level 5:colcon.colcon_core.verb:set package 'messages' build argument 'catkin_skip_building_tests' from command line to 'False'
[0.180s] DEBUG:colcon.colcon_core.verb:Building package 'messages' with the following arguments: {'ament_cmake_args': None, 'build_base': '/home/paulav/contact_ws/build/messages', 'catkin_cmake_args': None, 'catkin_skip_building_tests': False, 'cmake_args': None, 'cmake_clean_cache': False, 'cmake_clean_first': False, 'cmake_force_configure': False, 'cmake_target': None, 'cmake_target_skip_unavailable': False, 'install_base': '/home/paulav/contact_ws/install/messages', 'merge_install': False, 'path': '/home/paulav/contact_ws/src/messages', 'symlink_install': True, 'test_result_base': None}
[0.180s] INFO:colcon.colcon_core.executor:Executing jobs using 'parallel' executor
[0.181s] DEBUG:colcon.colcon_parallel_executor.executor.parallel:run_until_complete
[0.181s] INFO:colcon.colcon_ros.task.ament_python.build:Building ROS package in '/home/paulav/contact_ws/src/contact_localization_ros' with build type 'ament_python'
[0.181s] Level 1:colcon.colcon_core.shell:create_environment_hook('contact_localization_ros', 'ament_prefix_path')
[0.182s] INFO:colcon.colcon_core.plugin_system:Skipping extension 'colcon_core.shell.bat': Not used on non-Windows systems
[0.182s] INFO:colcon.colcon_core.shell:Creating environment hook '/home/paulav/contact_ws/install/contact_localization_ros/share/contact_localization_ros/hook/ament_prefix_path.ps1'
[0.182s] INFO:colcon.colcon_core.shell:Creating environment descriptor '/home/paulav/contact_ws/install/contact_localization_ros/share/contact_localization_ros/hook/ament_prefix_path.dsv'
[0.182s] INFO:colcon.colcon_core.shell:Creating environment hook '/home/paulav/contact_ws/install/contact_localization_ros/share/contact_localization_ros/hook/ament_prefix_path.sh'
[0.183s] INFO:colcon.colcon_core.shell:Skip shell extension 'powershell' for command environment: Not usable outside of PowerShell
[0.183s] DEBUG:colcon.colcon_core.shell:Skip shell extension 'dsv' for command environment
[0.185s] INFO:colcon.colcon_ros.task.ament_cmake.build:Building ROS package in '/home/paulav/contact_ws/src/messages' with build type 'ament_cmake'
[0.185s] INFO:colcon.colcon_cmake.task.cmake.build:Building CMake package in '/home/paulav/contact_ws/src/messages'
[0.185s] INFO:colcon.colcon_core.shell:Skip shell extension 'powershell' for command environment: Not usable outside of PowerShell
[0.185s] DEBUG:colcon.colcon_core.shell:Skip shell extension 'dsv' for command environment
[0.326s] INFO:colcon.colcon_core.task.python.build:Building Python package in '/home/paulav/contact_ws/src/contact_localization_ros'
[0.326s] INFO:colcon.colcon_core.shell:Skip shell extension 'powershell' for command environment: Not usable outside of PowerShell
[0.326s] DEBUG:colcon.colcon_core.shell:Skip shell extension 'dsv' for command environment
[0.330s] DEBUG:colcon.colcon_core.event_handler.log_command:Invoking command in '/home/paulav/contact_ws/build/messages': CMAKE_PREFIX_PATH=${CMAKE_PREFIX_PATH}:/home/paulav/contact_ws/install/contact_localization_ros:/home/paulav/contact_ws/install/trust_contact:/opt/ros/humble /usr/bin/cmake /home/paulav/contact_ws/src/messages -DAMENT_CMAKE_SYMLINK_INSTALL=1 -DCMAKE_INSTALL_PREFIX=/home/paulav/contact_ws/install/messages
[0.530s] DEBUG:colcon.colcon_core.event_handler.log_command:Invoking command in '/home/paulav/contact_ws/build/contact_localization_ros': PYTHONPATH=/home/paulav/contact_ws/build/contact_localization_ros/prefix_override:/usr/lib/python3/dist-packages/colcon_core/task/python/colcon_distutils_commands:/home/paulav/contact_ws/install/contact_localization_ros/lib/python3.10/site-packages:${PYTHONPATH} /usr/bin/python3 -W ignore:setup.py install is deprecated -W ignore:easy_install command is deprecated setup.py develop --editable --build-directory /home/paulav/contact_ws/build/contact_localization_ros/build --no-deps symlink_data
[0.762s] Level 1:colcon.colcon_core.shell:create_environment_hook('contact_localization_ros', 'pythonpath_develop')
[0.762s] INFO:colcon.colcon_core.shell:Creating environment hook '/home/paulav/contact_ws/build/contact_localization_ros/share/contact_localization_ros/hook/pythonpath_develop.ps1'
[0.763s] DEBUG:colcon.colcon_core.event_handler.log_command:Invoked command in '/home/paulav/contact_ws/build/contact_localization_ros' returned '0': PYTHONPATH=/home/paulav/contact_ws/build/contact_localization_ros/prefix_override:/usr/lib/python3/dist-packages/colcon_core/task/python/colcon_distutils_commands:/home/paulav/contact_ws/install/contact_localization_ros/lib/python3.10/site-packages:${PYTHONPATH} /usr/bin/python3 -W ignore:setup.py install is deprecated -W ignore:easy_install command is deprecated setup.py develop --editable --build-directory /home/paulav/contact_ws/build/contact_localization_ros/build --no-deps symlink_data
[0.763s] INFO:colcon.colcon_core.shell:Creating environment descriptor '/home/paulav/contact_ws/build/contact_localization_ros/share/contact_localization_ros/hook/pythonpath_develop.dsv'
[0.763s] INFO:colcon.colcon_core.shell:Creating environment hook '/home/paulav/contact_ws/build/contact_localization_ros/share/contact_localization_ros/hook/pythonpath_develop.sh'
[0.765s] Level 1:colcon.colcon_core.environment:checking '/home/paulav/contact_ws/install/contact_localization_ros' for CMake module files
[0.765s] Level 1:colcon.colcon_core.environment:checking '/home/paulav/contact_ws/install/contact_localization_ros' for CMake config files
[0.765s] Level 1:colcon.colcon_core.environment:checking '/home/paulav/contact_ws/install/contact_localization_ros/lib'
[0.765s] Level 1:colcon.colcon_core.environment:checking '/home/paulav/contact_ws/install/contact_localization_ros/bin'
[0.765s] Level 1:colcon.colcon_core.environment:checking '/home/paulav/contact_ws/install/contact_localization_ros/lib/pkgconfig/contact_localization_ros.pc'
[0.765s] Level 1:colcon.colcon_core.environment:checking '/home/paulav/contact_ws/install/contact_localization_ros/lib/python3.10/site-packages'
[0.765s] Level 1:colcon.colcon_core.shell:create_environment_hook('contact_localization_ros', 'pythonpath')
[0.765s] INFO:colcon.colcon_core.shell:Creating environment hook '/home/paulav/contact_ws/install/contact_localization_ros/share/contact_localization_ros/hook/pythonpath.ps1'
[0.766s] INFO:colcon.colcon_core.shell:Creating environment descriptor '/home/paulav/contact_ws/install/contact_localization_ros/share/contact_localization_ros/hook/pythonpath.dsv'
[0.766s] INFO:colcon.colcon_core.shell:Creating environment hook '/home/paulav/contact_ws/install/contact_localization_ros/share/contact_localization_ros/hook/pythonpath.sh'
[0.766s] Level 1:colcon.colcon_core.environment:checking '/home/paulav/contact_ws/install/contact_localization_ros/bin'
[0.766s] Level 1:colcon.colcon_core.environment:create_environment_scripts_only(contact_localization_ros)
[0.766s] INFO:colcon.colcon_core.shell:Creating package script '/home/paulav/contact_ws/install/contact_localization_ros/share/contact_localization_ros/package.ps1'
[0.767s] INFO:colcon.colcon_core.shell:Creating package descriptor '/home/paulav/contact_ws/install/contact_localization_ros/share/contact_localization_ros/package.dsv'
[0.767s] INFO:colcon.colcon_core.shell:Creating package script '/home/paulav/contact_ws/install/contact_localization_ros/share/contact_localization_ros/package.sh'
[0.768s] INFO:colcon.colcon_core.shell:Creating package script '/home/paulav/contact_ws/install/contact_localization_ros/share/contact_localization_ros/package.bash'
[0.768s] INFO:colcon.colcon_core.shell:Creating package script '/home/paulav/contact_ws/install/contact_localization_ros/share/contact_localization_ros/package.zsh'
[0.768s] Level 1:colcon.colcon_core.environment:create_file_with_runtime_dependencies(/home/paulav/contact_ws/install/contact_localization_ros/share/colcon-core/packages/contact_localization_ros)
[1.471s] DEBUG:colcon.colcon_core.event_handler.log_command:Invoked command in '/home/paulav/contact_ws/build/messages' returned '0': CMAKE_PREFIX_PATH=${CMAKE_PREFIX_PATH}:/home/paulav/contact_ws/install/contact_localization_ros:/home/paulav/contact_ws/install/trust_contact:/opt/ros/humble /usr/bin/cmake /home/paulav/contact_ws/src/messages -DAMENT_CMAKE_SYMLINK_INSTALL=1 -DCMAKE_INSTALL_PREFIX=/home/paulav/contact_ws/install/messages
[1.471s] DEBUG:colcon.colcon_core.event_handler.log_command:Invoking command in '/home/paulav/contact_ws/build/messages': CMAKE_PREFIX_PATH=${CMAKE_PREFIX_PATH}:/home/paulav/contact_ws/install/contact_localization_ros:/home/paulav/contact_ws/install/trust_contact:/opt/ros/humble /usr/bin/cmake --build /home/paulav/contact_ws/build/messages -- -j24 -l24
[2.655s] DEBUG:colcon.colcon_core.event_handler.log_command:Invoked command in '/home/paulav/contact_ws/build/messages' returned '0': CMAKE_PREFIX_PATH=${CMAKE_PREFIX_PATH}:/home/paulav/contact_ws/install/contact_localization_ros:/home/paulav/contact_ws/install/trust_contact:/opt/ros/humble /usr/bin/cmake --build /home/paulav/contact_ws/build/messages -- -j24 -l24
[2.665s] DEBUG:colcon.colcon_core.event_handler.log_command:Invoking command in '/home/paulav/contact_ws/build/messages': CMAKE_PREFIX_PATH=${CMAKE_PREFIX_PATH}:/home/paulav/contact_ws/install/contact_localization_ros:/home/paulav/contact_ws/install/trust_contact:/opt/ros/humble /usr/bin/cmake --install /home/paulav/contact_ws/build/messages
[3.481s] Level 1:colcon.colcon_core.environment:create_environment_scripts_only(messages)
[3.482s] Level 1:colcon.colcon_core.environment:checking '/home/paulav/contact_ws/install/messages' for CMake module files
[3.482s] DEBUG:colcon.colcon_core.event_handler.log_command:Invoked command in '/home/paulav/contact_ws/build/messages' returned '0': CMAKE_PREFIX_PATH=${CMAKE_PREFIX_PATH}:/home/paulav/contact_ws/install/contact_localization_ros:/home/paulav/contact_ws/install/trust_contact:/opt/ros/humble /usr/bin/cmake --install /home/paulav/contact_ws/build/messages
[3.482s] Level 1:colcon.colcon_core.environment:checking '/home/paulav/contact_ws/install/messages' for CMake config files
[3.483s] Level 1:colcon.colcon_core.shell:create_environment_hook('messages', 'cmake_prefix_path')
[3.483s] INFO:colcon.colcon_core.shell:Creating environment hook '/home/paulav/contact_ws/install/messages/share/messages/hook/cmake_prefix_path.ps1'
[3.483s] INFO:colcon.colcon_core.shell:Creating environment descriptor '/home/paulav/contact_ws/install/messages/share/messages/hook/cmake_prefix_path.dsv'
[3.483s] INFO:colcon.colcon_core.shell:Creating environment hook '/home/paulav/contact_ws/install/messages/share/messages/hook/cmake_prefix_path.sh'
[3.484s] Level 1:colcon.colcon_core.environment:checking '/home/paulav/contact_ws/install/messages/lib'
[3.484s] Level 1:colcon.colcon_core.shell:create_environment_hook('messages', 'ld_library_path_lib')
[3.484s] INFO:colcon.colcon_core.shell:Creating environment hook '/home/paulav/contact_ws/install/messages/share/messages/hook/ld_library_path_lib.ps1'
[3.484s] INFO:colcon.colcon_core.shell:Creating environment descriptor '/home/paulav/contact_ws/install/messages/share/messages/hook/ld_library_path_lib.dsv'
[3.484s] INFO:colcon.colcon_core.shell:Creating environment hook '/home/paulav/contact_ws/install/messages/share/messages/hook/ld_library_path_lib.sh'
[3.485s] Level 1:colcon.colcon_core.environment:checking '/home/paulav/contact_ws/install/messages/bin'
[3.485s] Level 1:colcon.colcon_core.environment:checking '/home/paulav/contact_ws/install/messages/lib/pkgconfig/messages.pc'
[3.485s] Level 1:colcon.colcon_core.environment:checking '/home/paulav/contact_ws/install/messages/lib/python3.10/site-packages'
[3.485s] Level 1:colcon.colcon_core.environment:checking '/home/paulav/contact_ws/install/messages/bin'
[3.485s] INFO:colcon.colcon_core.shell:Creating package script '/home/paulav/contact_ws/install/messages/share/messages/package.ps1'
[3.485s] INFO:colcon.colcon_core.shell:Creating package descriptor '/home/paulav/contact_ws/install/messages/share/messages/package.dsv'
[3.486s] INFO:colcon.colcon_core.shell:Creating package script '/home/paulav/contact_ws/install/messages/share/messages/package.sh'
[3.486s] INFO:colcon.colcon_core.shell:Creating package script '/home/paulav/contact_ws/install/messages/share/messages/package.bash'
[3.486s] INFO:colcon.colcon_core.shell:Creating package script '/home/paulav/contact_ws/install/messages/share/messages/package.zsh'
[3.486s] Level 1:colcon.colcon_core.environment:create_file_with_runtime_dependencies(/home/paulav/contact_ws/install/messages/share/colcon-core/packages/messages)
[3.487s] Level 1:colcon.colcon_core.environment:create_environment_scripts_only(messages)
[3.487s] Level 1:colcon.colcon_core.environment:checking '/home/paulav/contact_ws/install/messages' for CMake module files
[3.487s] Level 1:colcon.colcon_core.environment:checking '/home/paulav/contact_ws/install/messages' for CMake config files
[3.487s] Level 1:colcon.colcon_core.shell:create_environment_hook('messages', 'cmake_prefix_path')
[3.487s] INFO:colcon.colcon_core.shell:Creating environment hook '/home/paulav/contact_ws/install/messages/share/messages/hook/cmake_prefix_path.ps1'
[3.487s] INFO:colcon.colcon_core.shell:Creating environment descriptor '/home/paulav/contact_ws/install/messages/share/messages/hook/cmake_prefix_path.dsv'
[3.488s] INFO:colcon.colcon_core.shell:Creating environment hook '/home/paulav/contact_ws/install/messages/share/messages/hook/cmake_prefix_path.sh'
[3.488s] Level 1:colcon.colcon_core.environment:checking '/home/paulav/contact_ws/install/messages/lib'
[3.488s] Level 1:colcon.colcon_core.shell:create_environment_hook('messages', 'ld_library_path_lib')
[3.488s] INFO:colcon.colcon_core.shell:Creating environment hook '/home/paulav/contact_ws/install/messages/share/messages/hook/ld_library_path_lib.ps1'
[3.488s] INFO:colcon.colcon_core.shell:Creating environment descriptor '/home/paulav/contact_ws/install/messages/share/messages/hook/ld_library_path_lib.dsv'
[3.489s] INFO:colcon.colcon_core.shell:Creating environment hook '/home/paulav/contact_ws/install/messages/share/messages/hook/ld_library_path_lib.sh'
[3.489s] Level 1:colcon.colcon_core.environment:checking '/home/paulav/contact_ws/install/messages/bin'
[3.489s] Level 1:colcon.colcon_core.environment:checking '/home/paulav/contact_ws/install/messages/lib/pkgconfig/messages.pc'
[3.489s] Level 1:colcon.colcon_core.environment:checking '/home/paulav/contact_ws/install/messages/lib/python3.10/site-packages'
[3.489s] Level 1:colcon.colcon_core.environment:checking '/home/paulav/contact_ws/install/messages/bin'
[3.490s] INFO:colcon.colcon_core.shell:Creating package script '/home/paulav/contact_ws/install/messages/share/messages/package.ps1'
[3.490s] INFO:colcon.colcon_core.shell:Creating package descriptor '/home/paulav/contact_ws/install/messages/share/messages/package.dsv'
[3.490s] INFO:colcon.colcon_core.shell:Creating package script '/home/paulav/contact_ws/install/messages/share/messages/package.sh'
[3.491s] INFO:colcon.colcon_core.shell:Creating package script '/home/paulav/contact_ws/install/messages/share/messages/package.bash'
[3.491s] INFO:colcon.colcon_core.shell:Creating package script '/home/paulav/contact_ws/install/messages/share/messages/package.zsh'
[3.491s] Level 1:colcon.colcon_core.environment:create_file_with_runtime_dependencies(/home/paulav/contact_ws/install/messages/share/colcon-core/packages/messages)
[3.491s] DEBUG:colcon.colcon_parallel_executor.executor.parallel:closing loop
[3.491s] DEBUG:colcon.colcon_parallel_executor.executor.parallel:loop closed
[3.492s] DEBUG:colcon.colcon_parallel_executor.executor.parallel:run_until_complete finished with '0'
[3.492s] DEBUG:colcon.colcon_core.event_reactor:joining thread
[3.495s] INFO:colcon.colcon_core.plugin_system:Skipping extension 'colcon_notification.desktop_notification.terminal_notifier': Not used on non-Darwin systems
[3.495s] INFO:colcon.colcon_core.plugin_system:Skipping extension 'colcon_notification.desktop_notification.win32': Not used on non-Windows systems
[3.495s] INFO:colcon.colcon_notification.desktop_notification:Sending desktop notification using 'notify2'
[3.523s] DEBUG:colcon.colcon_core.event_reactor:joined thread
[3.523s] INFO:colcon.colcon_core.shell:Creating prefix script '/home/paulav/contact_ws/install/local_setup.ps1'
[3.525s] INFO:colcon.colcon_core.shell:Creating prefix util module '/home/paulav/contact_ws/install/_local_setup_util_ps1.py'
[3.526s] INFO:colcon.colcon_core.shell:Creating prefix chain script '/home/paulav/contact_ws/install/setup.ps1'
[3.528s] INFO:colcon.colcon_core.shell:Creating prefix script '/home/paulav/contact_ws/install/local_setup.sh'
[3.529s] INFO:colcon.colcon_core.shell:Creating prefix util module '/home/paulav/contact_ws/install/_local_setup_util_sh.py'
[3.529s] INFO:colcon.colcon_core.shell:Creating prefix chain script '/home/paulav/contact_ws/install/setup.sh'
[3.531s] INFO:colcon.colcon_core.shell:Creating prefix script '/home/paulav/contact_ws/install/local_setup.bash'
[3.532s] INFO:colcon.colcon_core.shell:Creating prefix chain script '/home/paulav/contact_ws/install/setup.bash'
[3.533s] INFO:colcon.colcon_core.shell:Creating prefix script '/home/paulav/contact_ws/install/local_setup.zsh'
[3.534s] INFO:colcon.colcon_core.shell:Creating prefix chain script '/home/paulav/contact_ws/install/setup.zsh'
