[0.146s] Invoking command in '/home/paulav/contact_ws/build/messages': CMAKE_PREFIX_PATH=${CMAKE_PREFIX_PATH}:/home/paulav/contact_ws/install/contact_localization_ros:/home/paulav/contact_ws/install/trust_contact:/opt/ros/humble /usr/bin/cmake /home/paulav/contact_ws/src/messages -DAMENT_CMAKE_SYMLINK_INSTALL=1 -DCMAKE_INSTALL_PREFIX=/home/paulav/contact_ws/install/messages
[0.200s] -- The C compiler identification is GNU 11.4.0
[0.244s] -- The CXX compiler identification is GNU 11.4.0
[0.250s] -- Detecting C compiler ABI info
[0.310s] -- Detecting C compiler ABI info - done
[0.314s] -- Check for working C compiler: /usr/bin/cc - skipped
[0.315s] -- Detecting C compile features
[0.315s] -- Detecting C compile features - done
[0.317s] -- Detecting CXX compiler ABI info
[0.390s] -- Detecting CXX compiler ABI info - done
[0.395s] -- Check for working CXX compiler: /usr/bin/c++ - skipped
[0.395s] -- Detecting CXX compile features
[0.395s] -- Detecting CXX compile features - done
[0.397s] -- Found ament_cmake: 1.3.12 (/opt/ros/humble/share/ament_cmake/cmake)
[0.528s] -- Found Python3: /usr/bin/python3 (found version "3.10.12") found components: Interpreter 
[0.568s] -- Override CMake install command with custom implementation using symlinks instead of copying resources
[0.586s] -- Found rosidl_default_generators: 1.2.0 (/opt/ros/humble/share/rosidl_default_generators/cmake)
[0.588s] -- Using all available rosidl_typesupport_c: rosidl_typesupport_fastrtps_c;rosidl_typesupport_introspection_c
[0.591s] -- Found rosidl_adapter: 3.1.8 (/opt/ros/humble/share/rosidl_adapter/cmake)
[0.612s] -- Using all available rosidl_typesupport_cpp: rosidl_typesupport_fastrtps_cpp;rosidl_typesupport_introspection_cpp
[0.630s] -- Found builtin_interfaces: 1.2.2 (/opt/ros/humble/share/builtin_interfaces/cmake)
[0.811s] -- Found ament_cmake_ros: 0.10.0 (/opt/ros/humble/share/ament_cmake_ros/cmake)
[0.948s] -- Using all available rosidl_typesupport_c: rosidl_typesupport_fastrtps_c;rosidl_typesupport_introspection_c
[1.143s] -- Using all available rosidl_typesupport_cpp: rosidl_typesupport_fastrtps_cpp;rosidl_typesupport_introspection_cpp
[1.164s] -- Found PythonInterp: /usr/bin/python3 (found suitable version "3.10.12", minimum required is "3.6") 
[1.166s] -- Found python_cmake_module: 0.10.0 (/opt/ros/humble/share/python_cmake_module/cmake)
[1.199s] -- Found PythonLibs: /usr/lib/x86_64-linux-gnu/libpython3.10.so (found suitable version "3.10.12", minimum required is "3.5") 
[1.199s] -- Using PYTHON_EXECUTABLE: /usr/bin/python3
[1.199s] -- Using PYTHON_INCLUDE_DIRS: /usr/include/python3.10
[1.199s] -- Using PYTHON_LIBRARIES: /usr/lib/x86_64-linux-gnu/libpython3.10.so
[1.225s] -- Found PythonExtra: .so  
[1.254s] -- Found ament_lint_auto: 0.12.14 (/opt/ros/humble/share/ament_lint_auto/cmake)
[1.264s] -- Added test 'lint_cmake' to check CMake code style
[1.264s] -- Added test 'xmllint' to check XML markup files
[1.266s] -- Configuring done
[1.277s] -- Generating done
[1.282s] -- Build files have been written to: /home/paulav/contact_ws/build/messages
[1.286s] Invoked command in '/home/paulav/contact_ws/build/messages' returned '0': CMAKE_PREFIX_PATH=${CMAKE_PREFIX_PATH}:/home/paulav/contact_ws/install/contact_localization_ros:/home/paulav/contact_ws/install/trust_contact:/opt/ros/humble /usr/bin/cmake /home/paulav/contact_ws/src/messages -DAMENT_CMAKE_SYMLINK_INSTALL=1 -DCMAKE_INSTALL_PREFIX=/home/paulav/contact_ws/install/messages
[1.286s] Invoking command in '/home/paulav/contact_ws/build/messages': CMAKE_PREFIX_PATH=${CMAKE_PREFIX_PATH}:/home/paulav/contact_ws/install/contact_localization_ros:/home/paulav/contact_ws/install/trust_contact:/opt/ros/humble /usr/bin/cmake --build /home/paulav/contact_ws/build/messages -- -j24 -l24
[1.332s] [  3%] [34m[1mGenerating C code for ROS interfaces[0m
[1.347s] [  6%] [34m[1mGenerating C++ code for ROS interfaces[0m
[1.357s] [  6%] Built target ament_cmake_python_symlink_messages
[1.489s] [  6%] Built target messages__cpp
[1.494s] running egg_info
[1.494s] creating messages.egg-info
[1.495s] writing messages.egg-info/PKG-INFO
[1.495s] writing dependency_links to messages.egg-info/dependency_links.txt
[1.495s] writing top-level names to messages.egg-info/top_level.txt
[1.495s] writing manifest file 'messages.egg-info/SOURCES.txt'
[1.496s] reading manifest file 'messages.egg-info/SOURCES.txt'
[1.496s] writing manifest file 'messages.egg-info/SOURCES.txt'
[1.499s] [  9%] [34m[1mGenerating C++ type support for eProsima Fast-RTPS[0m
[1.499s] [ 12%] [34m[1mGenerating C++ type support dispatch for ROS interfaces[0m
[1.499s] [ 16%] [34m[1mGenerating C++ introspection for ROS interfaces[0m
[1.500s] [ 19%] [32mBuilding C object CMakeFiles/messages__rosidl_generator_c.dir/rosidl_generator_c/messages/msg/detail/force_event__functions.c.o[0m
[1.513s] [ 19%] Built target ament_cmake_python_build_messages_egg
[1.535s] [ 22%] [32m[1mLinking C shared library libmessages__rosidl_generator_c.so[0m
[1.567s] [ 22%] Built target messages__rosidl_generator_c
[1.579s] [ 32%] [34m[1mGenerating C type support dispatch for ROS interfaces[0m
[1.579s] [ 32%] [34m[1mGenerating C type support for eProsima Fast-RTPS[0m
[1.579s] [ 32%] [34m[1mGenerating C introspection for ROS interfaces[0m
[1.641s] [ 35%] [32mBuilding CXX object CMakeFiles/messages__rosidl_typesupport_fastrtps_cpp.dir/rosidl_typesupport_fastrtps_cpp/messages/msg/detail/dds_fastrtps/force_event__type_support.cpp.o[0m
[1.649s] [ 38%] [32mBuilding CXX object CMakeFiles/messages__rosidl_typesupport_cpp.dir/rosidl_typesupport_cpp/messages/msg/force_event__type_support.cpp.o[0m
[1.658s] [ 41%] [32mBuilding CXX object CMakeFiles/messages__rosidl_typesupport_introspection_cpp.dir/rosidl_typesupport_introspection_cpp/messages/msg/detail/force_event__type_support.cpp.o[0m
[1.735s] [ 45%] [32mBuilding C object CMakeFiles/messages__rosidl_typesupport_introspection_c.dir/rosidl_typesupport_introspection_c/messages/msg/detail/force_event__type_support.c.o[0m
[1.737s] [ 48%] [32mBuilding CXX object CMakeFiles/messages__rosidl_typesupport_c.dir/rosidl_typesupport_c/messages/msg/force_event__type_support.cpp.o[0m
[1.759s] [ 51%] [32mBuilding CXX object CMakeFiles/messages__rosidl_typesupport_fastrtps_c.dir/rosidl_typesupport_fastrtps_c/messages/msg/detail/force_event__type_support_c.cpp.o[0m
[1.765s] [ 54%] [32m[1mLinking CXX shared library libmessages__rosidl_typesupport_c.so[0m
[1.767s] [ 58%] [32m[1mLinking C shared library libmessages__rosidl_typesupport_introspection_c.so[0m
[1.796s] [ 61%] [32m[1mLinking CXX shared library libmessages__rosidl_typesupport_cpp.so[0m
[1.797s] [ 61%] Built target messages__rosidl_typesupport_introspection_c
[1.800s] [ 61%] Built target messages__rosidl_typesupport_c
[1.833s] [ 61%] Built target messages__rosidl_typesupport_cpp
[1.854s] [ 64%] [32m[1mLinking CXX shared library libmessages__rosidl_typesupport_introspection_cpp.so[0m
[1.879s] [ 67%] [32m[1mLinking CXX shared library libmessages__rosidl_typesupport_fastrtps_cpp.so[0m
[1.883s] [ 67%] Built target messages__rosidl_typesupport_introspection_cpp
[1.928s] [ 67%] Built target messages__rosidl_typesupport_fastrtps_cpp
[1.931s] [ 70%] [32m[1mLinking CXX shared library libmessages__rosidl_typesupport_fastrtps_c.so[0m
[1.984s] [ 70%] Built target messages__rosidl_typesupport_fastrtps_c
[2.011s] [ 70%] Built target messages
[2.044s] [ 74%] [34m[1mGenerating Python code for ROS interfaces[0m
[2.197s] [ 74%] Built target messages__py
[2.218s] [ 77%] [32mBuilding C object CMakeFiles/messages__rosidl_generator_py.dir/rosidl_generator_py/messages/msg/_force_event_s.c.o[0m
[2.293s] [ 80%] [32m[1mLinking C shared library rosidl_generator_py/messages/libmessages__rosidl_generator_py.so[0m
[2.346s] [ 80%] Built target messages__rosidl_generator_py
[2.369s] [ 83%] [32mBuilding C object CMakeFiles/messages__rosidl_typesupport_introspection_c__pyext.dir/rosidl_generator_py/messages/_messages_s.ep.rosidl_typesupport_introspection_c.c.o[0m
[2.369s] [ 87%] [32mBuilding C object CMakeFiles/messages__rosidl_typesupport_fastrtps_c__pyext.dir/rosidl_generator_py/messages/_messages_s.ep.rosidl_typesupport_fastrtps_c.c.o[0m
[2.370s] [ 90%] [32mBuilding C object CMakeFiles/messages__rosidl_typesupport_c__pyext.dir/rosidl_generator_py/messages/_messages_s.ep.rosidl_typesupport_c.c.o[0m
[2.428s] [ 96%] [32m[1mLinking C shared library rosidl_generator_py/messages/messages_s__rosidl_typesupport_c.cpython-310-x86_64-linux-gnu.so[0m
[2.428s] [ 96%] [32m[1mLinking C shared library rosidl_generator_py/messages/messages_s__rosidl_typesupport_fastrtps_c.cpython-310-x86_64-linux-gnu.so[0m
[2.429s] [100%] [32m[1mLinking C shared library rosidl_generator_py/messages/messages_s__rosidl_typesupport_introspection_c.cpython-310-x86_64-linux-gnu.so[0m
[2.457s] [100%] Built target messages__rosidl_typesupport_fastrtps_c__pyext
[2.458s] [100%] Built target messages__rosidl_typesupport_introspection_c__pyext
[2.462s] [100%] Built target messages__rosidl_typesupport_c__pyext
[2.470s] Invoked command in '/home/paulav/contact_ws/build/messages' returned '0': CMAKE_PREFIX_PATH=${CMAKE_PREFIX_PATH}:/home/paulav/contact_ws/install/contact_localization_ros:/home/paulav/contact_ws/install/trust_contact:/opt/ros/humble /usr/bin/cmake --build /home/paulav/contact_ws/build/messages -- -j24 -l24
[2.480s] Invoking command in '/home/paulav/contact_ws/build/messages': CMAKE_PREFIX_PATH=${CMAKE_PREFIX_PATH}:/home/paulav/contact_ws/install/contact_localization_ros:/home/paulav/contact_ws/install/trust_contact:/opt/ros/humble /usr/bin/cmake --install /home/paulav/contact_ws/build/messages
[2.489s] -- Install configuration: ""
[2.490s] -- Execute custom install script
[2.490s] -- Symlinking: /home/paulav/contact_ws/install/messages/share/ament_index/resource_index/rosidl_interfaces/messages
[2.504s] -- Symlinking: /home/paulav/contact_ws/install/messages/include/messages/messages/msg/detail/force_event__functions.h
[2.512s] -- Symlinking: /home/paulav/contact_ws/install/messages/include/messages/messages/msg/detail/force_event__struct.h
[2.523s] -- Symlinking: /home/paulav/contact_ws/install/messages/include/messages/messages/msg/detail/force_event__type_support.h
[2.534s] -- Symlinking: /home/paulav/contact_ws/install/messages/include/messages/messages/msg/force_event.h
[2.544s] -- Symlinking: /home/paulav/contact_ws/install/messages/include/messages/messages/msg/rosidl_generator_c__visibility_control.h
[2.557s] -- Symlinking: /home/paulav/contact_ws/install/messages/share/messages/environment/library_path.sh
[2.568s] -- Symlinking: /home/paulav/contact_ws/install/messages/share/messages/environment/library_path.dsv
[2.581s] -- Symlinking: /home/paulav/contact_ws/install/messages/include/messages/messages/msg/detail/force_event__rosidl_typesupport_fastrtps_c.h
[2.591s] -- Symlinking: /home/paulav/contact_ws/install/messages/include/messages/messages/msg/rosidl_typesupport_fastrtps_c__visibility_control.h
[2.603s] -- Symlinking: /home/paulav/contact_ws/install/messages/include/messages/messages/msg/detail/force_event__rosidl_typesupport_introspection_c.h
[2.611s] -- Symlinking: /home/paulav/contact_ws/install/messages/include/messages/messages/msg/rosidl_typesupport_introspection_c__visibility_control.h
[2.620s] -- Symlinking: /home/paulav/contact_ws/install/messages/include/messages/messages/msg/detail/force_event__builder.hpp
[2.629s] -- Symlinking: /home/paulav/contact_ws/install/messages/include/messages/messages/msg/detail/force_event__struct.hpp
[2.640s] -- Symlinking: /home/paulav/contact_ws/install/messages/include/messages/messages/msg/detail/force_event__traits.hpp
[2.652s] -- Symlinking: /home/paulav/contact_ws/install/messages/include/messages/messages/msg/detail/force_event__type_support.hpp
[2.664s] -- Symlinking: /home/paulav/contact_ws/install/messages/include/messages/messages/msg/force_event.hpp
[2.676s] -- Symlinking: /home/paulav/contact_ws/install/messages/include/messages/messages/msg/rosidl_generator_cpp__visibility_control.hpp
[2.687s] -- Symlinking: /home/paulav/contact_ws/install/messages/include/messages/messages/msg/detail/force_event__rosidl_typesupport_fastrtps_cpp.hpp
[2.699s] -- Symlinking: /home/paulav/contact_ws/install/messages/include/messages/messages/msg/rosidl_typesupport_fastrtps_cpp__visibility_control.h
[2.711s] -- Symlinking: /home/paulav/contact_ws/install/messages/include/messages/messages/msg/detail/force_event__rosidl_typesupport_introspection_cpp.hpp
[2.719s] -- Symlinking: /home/paulav/contact_ws/install/messages/share/messages/environment/pythonpath.sh
[2.729s] -- Symlinking: /home/paulav/contact_ws/install/messages/share/messages/environment/pythonpath.dsv
[2.740s] -- Symlinking: /home/paulav/contact_ws/install/messages/local/lib/python3.10/dist-packages/messages-0.0.0-py3.10.egg-info/PKG-INFO
[2.752s] -- Symlinking: /home/paulav/contact_ws/install/messages/local/lib/python3.10/dist-packages/messages-0.0.0-py3.10.egg-info/SOURCES.txt
[2.763s] -- Symlinking: /home/paulav/contact_ws/install/messages/local/lib/python3.10/dist-packages/messages-0.0.0-py3.10.egg-info/dependency_links.txt
[2.775s] -- Symlinking: /home/paulav/contact_ws/install/messages/local/lib/python3.10/dist-packages/messages-0.0.0-py3.10.egg-info/top_level.txt
[2.787s] -- Symlinking: /home/paulav/contact_ws/install/messages/local/lib/python3.10/dist-packages/messages/__init__.py
[2.799s] -- Symlinking: /home/paulav/contact_ws/install/messages/local/lib/python3.10/dist-packages/messages/_messages_s.ep.rosidl_typesupport_c.c
[2.811s] -- Symlinking: /home/paulav/contact_ws/install/messages/local/lib/python3.10/dist-packages/messages/_messages_s.ep.rosidl_typesupport_fastrtps_c.c
[2.823s] -- Symlinking: /home/paulav/contact_ws/install/messages/local/lib/python3.10/dist-packages/messages/_messages_s.ep.rosidl_typesupport_introspection_c.c
[2.836s] -- Symlinking: /home/paulav/contact_ws/install/messages/local/lib/python3.10/dist-packages/messages/libmessages__rosidl_generator_py.so
[2.848s] -- Symlinking: /home/paulav/contact_ws/install/messages/local/lib/python3.10/dist-packages/messages/messages_s__rosidl_typesupport_c.cpython-310-x86_64-linux-gnu.so
[2.860s] -- Symlinking: /home/paulav/contact_ws/install/messages/local/lib/python3.10/dist-packages/messages/messages_s__rosidl_typesupport_fastrtps_c.cpython-310-x86_64-linux-gnu.so
[2.871s] -- Symlinking: /home/paulav/contact_ws/install/messages/local/lib/python3.10/dist-packages/messages/messages_s__rosidl_typesupport_introspection_c.cpython-310-x86_64-linux-gnu.so
[2.883s] -- Symlinking: /home/paulav/contact_ws/install/messages/local/lib/python3.10/dist-packages/messages/msg/__init__.py
[2.894s] -- Symlinking: /home/paulav/contact_ws/install/messages/local/lib/python3.10/dist-packages/messages/msg/_force_event.py
[2.907s] -- Symlinking: /home/paulav/contact_ws/install/messages/local/lib/python3.10/dist-packages/messages/msg/_force_event_s.c
[2.918s] -- Up-to-date symlink: /home/paulav/contact_ws/install/messages/local/lib/python3.10/dist-packages/messages/messages_s__rosidl_typesupport_fastrtps_c.cpython-310-x86_64-linux-gnu.so
[2.919s] -- Up-to-date symlink: /home/paulav/contact_ws/install/messages/local/lib/python3.10/dist-packages/messages/messages_s__rosidl_typesupport_introspection_c.cpython-310-x86_64-linux-gnu.so
[2.919s] -- Up-to-date symlink: /home/paulav/contact_ws/install/messages/local/lib/python3.10/dist-packages/messages/messages_s__rosidl_typesupport_c.cpython-310-x86_64-linux-gnu.so
[2.919s] -- Symlinking: /home/paulav/contact_ws/install/messages/share/messages/msg/ForceEvent.idl
[2.932s] -- Symlinking: /home/paulav/contact_ws/install/messages/share/messages/msg/ForceEvent.msg
[2.946s] -- Symlinking: /home/paulav/contact_ws/install/messages/share/ament_index/resource_index/package_run_dependencies/messages
[2.961s] -- Symlinking: /home/paulav/contact_ws/install/messages/share/ament_index/resource_index/parent_prefix_path/messages
[2.975s] -- Symlinking: /home/paulav/contact_ws/install/messages/share/messages/environment/ament_prefix_path.sh
[2.989s] -- Symlinking: /home/paulav/contact_ws/install/messages/share/messages/environment/ament_prefix_path.dsv
[3.002s] -- Symlinking: /home/paulav/contact_ws/install/messages/share/messages/environment/path.sh
[3.017s] -- Symlinking: /home/paulav/contact_ws/install/messages/share/messages/environment/path.dsv
[3.034s] -- Symlinking: /home/paulav/contact_ws/install/messages/share/messages/local_setup.bash
[3.045s] -- Symlinking: /home/paulav/contact_ws/install/messages/share/messages/local_setup.sh
[3.057s] -- Symlinking: /home/paulav/contact_ws/install/messages/share/messages/local_setup.zsh
[3.070s] -- Symlinking: /home/paulav/contact_ws/install/messages/share/messages/local_setup.dsv
[3.083s] -- Symlinking: /home/paulav/contact_ws/install/messages/share/messages/package.dsv
[3.097s] -- Symlinking: /home/paulav/contact_ws/install/messages/share/ament_index/resource_index/packages/messages
[3.111s] -- Symlinking: /home/paulav/contact_ws/install/messages/share/messages/cmake/rosidl_cmake-extras.cmake
[3.124s] -- Symlinking: /home/paulav/contact_ws/install/messages/share/messages/cmake/ament_cmake_export_dependencies-extras.cmake
[3.133s] -- Symlinking: /home/paulav/contact_ws/install/messages/share/messages/cmake/ament_cmake_export_include_directories-extras.cmake
[3.147s] -- Symlinking: /home/paulav/contact_ws/install/messages/share/messages/cmake/ament_cmake_export_libraries-extras.cmake
[3.159s] -- Symlinking: /home/paulav/contact_ws/install/messages/share/messages/cmake/ament_cmake_export_targets-extras.cmake
[3.172s] -- Symlinking: /home/paulav/contact_ws/install/messages/share/messages/cmake/rosidl_cmake_export_typesupport_targets-extras.cmake
[3.184s] -- Symlinking: /home/paulav/contact_ws/install/messages/share/messages/cmake/rosidl_cmake_export_typesupport_libraries-extras.cmake
[3.197s] -- Symlinking: /home/paulav/contact_ws/install/messages/share/messages/cmake/messagesConfig.cmake
[3.210s] -- Symlinking: /home/paulav/contact_ws/install/messages/share/messages/cmake/messagesConfig-version.cmake
[3.222s] -- Symlinking: /home/paulav/contact_ws/install/messages/share/messages/package.xml
[3.235s] -- Installing: /home/paulav/contact_ws/install/messages/lib/libmessages__rosidl_generator_c.so
[3.235s] -- Set runtime path of "/home/paulav/contact_ws/install/messages/lib/libmessages__rosidl_generator_c.so" to ""
[3.235s] -- Installing: /home/paulav/contact_ws/install/messages/lib/libmessages__rosidl_typesupport_fastrtps_c.so
[3.236s] -- Set runtime path of "/home/paulav/contact_ws/install/messages/lib/libmessages__rosidl_typesupport_fastrtps_c.so" to ""
[3.236s] -- Installing: /home/paulav/contact_ws/install/messages/lib/libmessages__rosidl_typesupport_introspection_c.so
[3.236s] -- Set runtime path of "/home/paulav/contact_ws/install/messages/lib/libmessages__rosidl_typesupport_introspection_c.so" to ""
[3.236s] -- Installing: /home/paulav/contact_ws/install/messages/lib/libmessages__rosidl_typesupport_c.so
[3.237s] -- Set runtime path of "/home/paulav/contact_ws/install/messages/lib/libmessages__rosidl_typesupport_c.so" to ""
[3.237s] -- Installing: /home/paulav/contact_ws/install/messages/lib/libmessages__rosidl_typesupport_fastrtps_cpp.so
[3.237s] -- Set runtime path of "/home/paulav/contact_ws/install/messages/lib/libmessages__rosidl_typesupport_fastrtps_cpp.so" to ""
[3.237s] -- Installing: /home/paulav/contact_ws/install/messages/lib/libmessages__rosidl_typesupport_introspection_cpp.so
[3.238s] -- Set runtime path of "/home/paulav/contact_ws/install/messages/lib/libmessages__rosidl_typesupport_introspection_cpp.so" to ""
[3.238s] -- Installing: /home/paulav/contact_ws/install/messages/lib/libmessages__rosidl_typesupport_cpp.so
[3.238s] -- Set runtime path of "/home/paulav/contact_ws/install/messages/lib/libmessages__rosidl_typesupport_cpp.so" to ""
[3.292s] Listing '/home/paulav/contact_ws/install/messages/local/lib/python3.10/dist-packages/messages'...
[3.292s] Compiling '/home/paulav/contact_ws/install/messages/local/lib/python3.10/dist-packages/messages/__init__.py'...
[3.292s] Listing '/home/paulav/contact_ws/install/messages/local/lib/python3.10/dist-packages/messages/msg'...
[3.292s] Compiling '/home/paulav/contact_ws/install/messages/local/lib/python3.10/dist-packages/messages/msg/__init__.py'...
[3.292s] Compiling '/home/paulav/contact_ws/install/messages/local/lib/python3.10/dist-packages/messages/msg/_force_event.py'...
[3.294s] -- Installing: /home/paulav/contact_ws/install/messages/lib/libmessages__rosidl_generator_py.so
[3.294s] -- Set runtime path of "/home/paulav/contact_ws/install/messages/lib/libmessages__rosidl_generator_py.so" to ""
[3.294s] -- Installing: /home/paulav/contact_ws/install/messages/share/messages/cmake/export_messages__rosidl_generator_cExport.cmake
[3.295s] -- Installing: /home/paulav/contact_ws/install/messages/share/messages/cmake/export_messages__rosidl_generator_cExport-noconfig.cmake
[3.295s] -- Installing: /home/paulav/contact_ws/install/messages/share/messages/cmake/export_messages__rosidl_typesupport_fastrtps_cExport.cmake
[3.295s] -- Installing: /home/paulav/contact_ws/install/messages/share/messages/cmake/export_messages__rosidl_typesupport_fastrtps_cExport-noconfig.cmake
[3.295s] -- Installing: /home/paulav/contact_ws/install/messages/share/messages/cmake/messages__rosidl_typesupport_introspection_cExport.cmake
[3.295s] -- Installing: /home/paulav/contact_ws/install/messages/share/messages/cmake/messages__rosidl_typesupport_introspection_cExport-noconfig.cmake
[3.295s] -- Installing: /home/paulav/contact_ws/install/messages/share/messages/cmake/messages__rosidl_typesupport_cExport.cmake
[3.295s] -- Installing: /home/paulav/contact_ws/install/messages/share/messages/cmake/messages__rosidl_typesupport_cExport-noconfig.cmake
[3.295s] -- Installing: /home/paulav/contact_ws/install/messages/share/messages/cmake/export_messages__rosidl_generator_cppExport.cmake
[3.295s] -- Installing: /home/paulav/contact_ws/install/messages/share/messages/cmake/export_messages__rosidl_typesupport_fastrtps_cppExport.cmake
[3.295s] -- Installing: /home/paulav/contact_ws/install/messages/share/messages/cmake/export_messages__rosidl_typesupport_fastrtps_cppExport-noconfig.cmake
[3.295s] -- Installing: /home/paulav/contact_ws/install/messages/share/messages/cmake/messages__rosidl_typesupport_introspection_cppExport.cmake
[3.295s] -- Installing: /home/paulav/contact_ws/install/messages/share/messages/cmake/messages__rosidl_typesupport_introspection_cppExport-noconfig.cmake
[3.295s] -- Installing: /home/paulav/contact_ws/install/messages/share/messages/cmake/messages__rosidl_typesupport_cppExport.cmake
[3.295s] -- Installing: /home/paulav/contact_ws/install/messages/share/messages/cmake/messages__rosidl_typesupport_cppExport-noconfig.cmake
[3.295s] -- Installing: /home/paulav/contact_ws/install/messages/share/messages/cmake/export_messages__rosidl_generator_pyExport.cmake
[3.295s] -- Installing: /home/paulav/contact_ws/install/messages/share/messages/cmake/export_messages__rosidl_generator_pyExport-noconfig.cmake
[3.297s] Invoked command in '/home/paulav/contact_ws/build/messages' returned '0': CMAKE_PREFIX_PATH=${CMAKE_PREFIX_PATH}:/home/paulav/contact_ws/install/contact_localization_ros:/home/paulav/contact_ws/install/trust_contact:/opt/ros/humble /usr/bin/cmake --install /home/paulav/contact_ws/build/messages
