[0.324s] Invoking command in '/home/paulav/contact_ws/src/trust_contact': PYTHONPATH=/home/paulav/contact_ws/build/trust_contact/prefix_override:/usr/lib/python3/dist-packages/colcon_core/task/python/colcon_distutils_commands:/home/paulav/contact_ws/install/trust_contact/lib/python3.10/site-packages:${PYTHONPATH} /usr/bin/python3 -W ignore:setup.py install is deprecated -W ignore:easy_install command is deprecated setup.py egg_info --egg-base ../../build/trust_contact build --build-base /home/paulav/contact_ws/build/trust_contact/build install --record /home/paulav/contact_ws/build/trust_contact/install.log --single-version-externally-managed install_data
[0.438s] running egg_info
[0.438s] creating ../../build/trust_contact/trust_contact.egg-info
[0.439s] writing ../../build/trust_contact/trust_contact.egg-info/PKG-INFO
[0.439s] writing dependency_links to ../../build/trust_contact/trust_contact.egg-info/dependency_links.txt
[0.439s] writing entry points to ../../build/trust_contact/trust_contact.egg-info/entry_points.txt
[0.439s] writing requirements to ../../build/trust_contact/trust_contact.egg-info/requires.txt
[0.439s] writing top-level names to ../../build/trust_contact/trust_contact.egg-info/top_level.txt
[0.439s] writing manifest file '../../build/trust_contact/trust_contact.egg-info/SOURCES.txt'
[0.440s] reading manifest file '../../build/trust_contact/trust_contact.egg-info/SOURCES.txt'
[0.440s] writing manifest file '../../build/trust_contact/trust_contact.egg-info/SOURCES.txt'
[0.440s] running build
[0.440s] running build_py
[0.440s] creating /home/paulav/contact_ws/build/trust_contact/build
[0.440s] creating /home/paulav/contact_ws/build/trust_contact/build/lib
[0.440s] creating /home/paulav/contact_ws/build/trust_contact/build/lib/trust_contact
[0.440s] copying trust_contact/finite_state_machine.py -> /home/paulav/contact_ws/build/trust_contact/build/lib/trust_contact
[0.440s] copying trust_contact/contact_force.py -> /home/paulav/contact_ws/build/trust_contact/build/lib/trust_contact
[0.440s] copying trust_contact/__init__.py -> /home/paulav/contact_ws/build/trust_contact/build/lib/trust_contact
[0.440s] copying trust_contact/generating_data.py -> /home/paulav/contact_ws/build/trust_contact/build/lib/trust_contact
[0.440s] copying trust_contact/residual_node.py -> /home/paulav/contact_ws/build/trust_contact/build/lib/trust_contact
[0.440s] running install
[0.441s] running install_lib
[0.441s] creating /home/paulav/contact_ws/install/trust_contact/lib/python3.10/site-packages/trust_contact
[0.441s] copying /home/paulav/contact_ws/build/trust_contact/build/lib/trust_contact/finite_state_machine.py -> /home/paulav/contact_ws/install/trust_contact/lib/python3.10/site-packages/trust_contact
[0.441s] copying /home/paulav/contact_ws/build/trust_contact/build/lib/trust_contact/contact_force.py -> /home/paulav/contact_ws/install/trust_contact/lib/python3.10/site-packages/trust_contact
[0.441s] copying /home/paulav/contact_ws/build/trust_contact/build/lib/trust_contact/__init__.py -> /home/paulav/contact_ws/install/trust_contact/lib/python3.10/site-packages/trust_contact
[0.441s] copying /home/paulav/contact_ws/build/trust_contact/build/lib/trust_contact/generating_data.py -> /home/paulav/contact_ws/install/trust_contact/lib/python3.10/site-packages/trust_contact
[0.441s] copying /home/paulav/contact_ws/build/trust_contact/build/lib/trust_contact/residual_node.py -> /home/paulav/contact_ws/install/trust_contact/lib/python3.10/site-packages/trust_contact
[0.441s] byte-compiling /home/paulav/contact_ws/install/trust_contact/lib/python3.10/site-packages/trust_contact/finite_state_machine.py to finite_state_machine.cpython-310.pyc
[0.442s] byte-compiling /home/paulav/contact_ws/install/trust_contact/lib/python3.10/site-packages/trust_contact/contact_force.py to contact_force.cpython-310.pyc
[0.442s] byte-compiling /home/paulav/contact_ws/install/trust_contact/lib/python3.10/site-packages/trust_contact/__init__.py to __init__.cpython-310.pyc
[0.442s] byte-compiling /home/paulav/contact_ws/install/trust_contact/lib/python3.10/site-packages/trust_contact/generating_data.py to generating_data.cpython-310.pyc
[0.442s] byte-compiling /home/paulav/contact_ws/install/trust_contact/lib/python3.10/site-packages/trust_contact/residual_node.py to residual_node.cpython-310.pyc
[0.443s] running install_data
[0.443s] creating /home/paulav/contact_ws/install/trust_contact/share/ament_index
[0.443s] creating /home/paulav/contact_ws/install/trust_contact/share/ament_index/resource_index
[0.443s] creating /home/paulav/contact_ws/install/trust_contact/share/ament_index/resource_index/packages
[0.443s] copying resource/trust_contact -> /home/paulav/contact_ws/install/trust_contact/share/ament_index/resource_index/packages
[0.443s] copying package.xml -> /home/paulav/contact_ws/install/trust_contact/share/trust_contact
[0.443s] creating /home/paulav/contact_ws/install/trust_contact/share/trust_contact/models
[0.443s] copying trust_contact/models/peg.xml -> /home/paulav/contact_ws/install/trust_contact/share/trust_contact/models
[0.443s] copying trust_contact/models/panda_nohand.xml -> /home/paulav/contact_ws/install/trust_contact/share/trust_contact/models
[0.443s] copying trust_contact/models/scene.xml -> /home/paulav/contact_ws/install/trust_contact/share/trust_contact/models
[0.443s] copying trust_contact/models/panda_withpeg.xml -> /home/paulav/contact_ws/install/trust_contact/share/trust_contact/models
[0.443s] copying trust_contact/models/panda.urdf -> /home/paulav/contact_ws/install/trust_contact/share/trust_contact/models
[0.443s] creating /home/paulav/contact_ws/install/trust_contact/share/trust_contact/models/assets
[0.443s] copying trust_contact/models/assets/oldpeg.stl -> /home/paulav/contact_ws/install/trust_contact/share/trust_contact/models/assets
[0.443s] copying trust_contact/models/assets/link5_0.obj -> /home/paulav/contact_ws/install/trust_contact/share/trust_contact/models/assets
[0.444s] copying trust_contact/models/assets/link0_10.obj -> /home/paulav/contact_ws/install/trust_contact/share/trust_contact/models/assets
[0.444s] copying trust_contact/models/assets/link7_3.obj -> /home/paulav/contact_ws/install/trust_contact/share/trust_contact/models/assets
[0.444s] copying trust_contact/models/assets/finger_0.obj -> /home/paulav/contact_ws/install/trust_contact/share/trust_contact/models/assets
[0.444s] copying trust_contact/models/assets/link4_2.obj -> /home/paulav/contact_ws/install/trust_contact/share/trust_contact/models/assets
[0.444s] copying trust_contact/models/assets/link5_2.obj -> /home/paulav/contact_ws/install/trust_contact/share/trust_contact/models/assets
[0.446s] copying trust_contact/models/assets/link5_1.obj -> /home/paulav/contact_ws/install/trust_contact/share/trust_contact/models/assets
[0.446s] copying trust_contact/models/assets/finger_1.obj -> /home/paulav/contact_ws/install/trust_contact/share/trust_contact/models/assets
[0.446s] copying trust_contact/models/assets/link4_0.obj -> /home/paulav/contact_ws/install/trust_contact/share/trust_contact/models/assets
[0.446s] copying trust_contact/models/assets/link6_9.obj -> /home/paulav/contact_ws/install/trust_contact/share/trust_contact/models/assets
[0.446s] copying trust_contact/models/assets/link0_1.obj -> /home/paulav/contact_ws/install/trust_contact/share/trust_contact/models/assets
[0.446s] copying trust_contact/models/assets/link6.stl -> /home/paulav/contact_ws/install/trust_contact/share/trust_contact/models/assets
[0.446s] copying trust_contact/models/assets/link3_3.obj -> /home/paulav/contact_ws/install/trust_contact/share/trust_contact/models/assets
[0.446s] copying trust_contact/models/assets/hand_3.obj -> /home/paulav/contact_ws/install/trust_contact/share/trust_contact/models/assets
[0.447s] copying trust_contact/models/assets/hand_4.obj -> /home/paulav/contact_ws/install/trust_contact/share/trust_contact/models/assets
[0.447s] copying trust_contact/models/assets/link2.obj -> /home/paulav/contact_ws/install/trust_contact/share/trust_contact/models/assets
[0.448s] copying trust_contact/models/assets/link4_1.obj -> /home/paulav/contact_ws/install/trust_contact/share/trust_contact/models/assets
[0.449s] copying trust_contact/models/assets/link7.stl -> /home/paulav/contact_ws/install/trust_contact/share/trust_contact/models/assets
[0.449s] copying trust_contact/models/assets/link0_11.obj -> /home/paulav/contact_ws/install/trust_contact/share/trust_contact/models/assets
[0.449s] copying trust_contact/models/assets/link7_6.obj -> /home/paulav/contact_ws/install/trust_contact/share/trust_contact/models/assets
[0.449s] copying trust_contact/models/assets/link6_13.obj -> /home/paulav/contact_ws/install/trust_contact/share/trust_contact/models/assets
[0.450s] copying trust_contact/models/assets/link0_9.obj -> /home/paulav/contact_ws/install/trust_contact/share/trust_contact/models/assets
[0.450s] copying trust_contact/models/assets/hand_2.obj -> /home/paulav/contact_ws/install/trust_contact/share/trust_contact/models/assets
[0.450s] copying trust_contact/models/assets/link2.stl -> /home/paulav/contact_ws/install/trust_contact/share/trust_contact/models/assets
[0.450s] copying trust_contact/models/assets/link3_0.obj -> /home/paulav/contact_ws/install/trust_contact/share/trust_contact/models/assets
[0.451s] copying trust_contact/models/assets/oldpeg.obj -> /home/paulav/contact_ws/install/trust_contact/share/trust_contact/models/assets
[0.451s] copying trust_contact/models/assets/link0_8.obj -> /home/paulav/contact_ws/install/trust_contact/share/trust_contact/models/assets
[0.452s] copying trust_contact/models/assets/link0_7.obj -> /home/paulav/contact_ws/install/trust_contact/share/trust_contact/models/assets
[0.453s] copying trust_contact/models/assets/link4_3.obj -> /home/paulav/contact_ws/install/trust_contact/share/trust_contact/models/assets
[0.453s] copying trust_contact/models/assets/link6_4.obj -> /home/paulav/contact_ws/install/trust_contact/share/trust_contact/models/assets
[0.453s] copying trust_contact/models/assets/link6_3.obj -> /home/paulav/contact_ws/install/trust_contact/share/trust_contact/models/assets
[0.453s] copying trust_contact/models/assets/peg.stl -> /home/paulav/contact_ws/install/trust_contact/share/trust_contact/models/assets
[0.453s] copying trust_contact/models/assets/hand.stl -> /home/paulav/contact_ws/install/trust_contact/share/trust_contact/models/assets
[0.453s] copying trust_contact/models/assets/link7_5.obj -> /home/paulav/contact_ws/install/trust_contact/share/trust_contact/models/assets
[0.453s] copying trust_contact/models/assets/link6_1.obj -> /home/paulav/contact_ws/install/trust_contact/share/trust_contact/models/assets
[0.453s] copying trust_contact/models/assets/link6_15.obj -> /home/paulav/contact_ws/install/trust_contact/share/trust_contact/models/assets
[0.453s] copying trust_contact/models/assets/link0_3.obj -> /home/paulav/contact_ws/install/trust_contact/share/trust_contact/models/assets
[0.453s] copying trust_contact/models/assets/link3.stl -> /home/paulav/contact_ws/install/trust_contact/share/trust_contact/models/assets
[0.453s] copying trust_contact/models/assets/link0_4.obj -> /home/paulav/contact_ws/install/trust_contact/share/trust_contact/models/assets
[0.453s] copying trust_contact/models/assets/link4.stl -> /home/paulav/contact_ws/install/trust_contact/share/trust_contact/models/assets
[0.453s] copying trust_contact/models/assets/link1.obj -> /home/paulav/contact_ws/install/trust_contact/share/trust_contact/models/assets
[0.455s] copying trust_contact/models/assets/link6_12.obj -> /home/paulav/contact_ws/install/trust_contact/share/trust_contact/models/assets
[0.455s] copying trust_contact/models/assets/link3_1.obj -> /home/paulav/contact_ws/install/trust_contact/share/trust_contact/models/assets
[0.455s] copying trust_contact/models/assets/link0.stl -> /home/paulav/contact_ws/install/trust_contact/share/trust_contact/models/assets
[0.455s] copying trust_contact/models/assets/link7_2.obj -> /home/paulav/contact_ws/install/trust_contact/share/trust_contact/models/assets
[0.455s] copying trust_contact/models/assets/link6_10.obj -> /home/paulav/contact_ws/install/trust_contact/share/trust_contact/models/assets
[0.455s] copying trust_contact/models/assets/link0_0.obj -> /home/paulav/contact_ws/install/trust_contact/share/trust_contact/models/assets
[0.455s] copying trust_contact/models/assets/link6_16.obj -> /home/paulav/contact_ws/install/trust_contact/share/trust_contact/models/assets
[0.457s] copying trust_contact/models/assets/link5_collision_2.obj -> /home/paulav/contact_ws/install/trust_contact/share/trust_contact/models/assets
[0.457s] copying trust_contact/models/assets/link6_5.obj -> /home/paulav/contact_ws/install/trust_contact/share/trust_contact/models/assets
[0.457s] copying trust_contact/models/assets/link5_collision_0.obj -> /home/paulav/contact_ws/install/trust_contact/share/trust_contact/models/assets
[0.457s] copying trust_contact/models/assets/link6_7.obj -> /home/paulav/contact_ws/install/trust_contact/share/trust_contact/models/assets
[0.457s] copying trust_contact/models/assets/link3_2.obj -> /home/paulav/contact_ws/install/trust_contact/share/trust_contact/models/assets
[0.457s] copying trust_contact/models/assets/link0_2.obj -> /home/paulav/contact_ws/install/trust_contact/share/trust_contact/models/assets
[0.457s] copying trust_contact/models/assets/link6_6.obj -> /home/paulav/contact_ws/install/trust_contact/share/trust_contact/models/assets
[0.457s] copying trust_contact/models/assets/link6_11.obj -> /home/paulav/contact_ws/install/trust_contact/share/trust_contact/models/assets
[0.457s] copying trust_contact/models/assets/link7_0.obj -> /home/paulav/contact_ws/install/trust_contact/share/trust_contact/models/assets
[0.458s] copying trust_contact/models/assets/link6_14.obj -> /home/paulav/contact_ws/install/trust_contact/share/trust_contact/models/assets
[0.458s] copying trust_contact/models/assets/link5_collision_1.obj -> /home/paulav/contact_ws/install/trust_contact/share/trust_contact/models/assets
[0.458s] copying trust_contact/models/assets/link7_1.obj -> /home/paulav/contact_ws/install/trust_contact/share/trust_contact/models/assets
[0.458s] copying trust_contact/models/assets/hand_0.obj -> /home/paulav/contact_ws/install/trust_contact/share/trust_contact/models/assets
[0.458s] copying trust_contact/models/assets/link7_4.obj -> /home/paulav/contact_ws/install/trust_contact/share/trust_contact/models/assets
[0.458s] copying trust_contact/models/assets/link6_0.obj -> /home/paulav/contact_ws/install/trust_contact/share/trust_contact/models/assets
[0.458s] copying trust_contact/models/assets/link0_5.obj -> /home/paulav/contact_ws/install/trust_contact/share/trust_contact/models/assets
[0.458s] copying trust_contact/models/assets/link1.stl -> /home/paulav/contact_ws/install/trust_contact/share/trust_contact/models/assets
[0.458s] copying trust_contact/models/assets/link7_7.obj -> /home/paulav/contact_ws/install/trust_contact/share/trust_contact/models/assets
[0.459s] copying trust_contact/models/assets/peg.obj -> /home/paulav/contact_ws/install/trust_contact/share/trust_contact/models/assets
[0.459s] copying trust_contact/models/assets/hand_1.obj -> /home/paulav/contact_ws/install/trust_contact/share/trust_contact/models/assets
[0.459s] copying trust_contact/models/assets/link6_8.obj -> /home/paulav/contact_ws/install/trust_contact/share/trust_contact/models/assets
[0.459s] copying trust_contact/models/assets/link6_2.obj -> /home/paulav/contact_ws/install/trust_contact/share/trust_contact/models/assets
[0.459s] running install_egg_info
[0.460s] Copying ../../build/trust_contact/trust_contact.egg-info to /home/paulav/contact_ws/install/trust_contact/lib/python3.10/site-packages/trust_contact-0.0.0-py3.10.egg-info
[0.460s] running install_scripts
[0.470s] Installing contact_force script to /home/paulav/contact_ws/install/trust_contact/lib/trust_contact
[0.470s] Installing residual_node script to /home/paulav/contact_ws/install/trust_contact/lib/trust_contact
[0.470s] writing list of installed files to '/home/paulav/contact_ws/build/trust_contact/install.log'
[0.481s] Invoked command in '/home/paulav/contact_ws/src/trust_contact' returned '0': PYTHONPATH=/home/paulav/contact_ws/build/trust_contact/prefix_override:/usr/lib/python3/dist-packages/colcon_core/task/python/colcon_distutils_commands:/home/paulav/contact_ws/install/trust_contact/lib/python3.10/site-packages:${PYTHONPATH} /usr/bin/python3 -W ignore:setup.py install is deprecated -W ignore:easy_install command is deprecated setup.py egg_info --egg-base ../../build/trust_contact build --build-base /home/paulav/contact_ws/build/trust_contact/build install --record /home/paulav/contact_ws/build/trust_contact/install.log --single-version-externally-managed install_data
