-- Found ament_cmake: 1.3.12 (/opt/ros/humble/share/ament_cmake/cmake)
-- Override CMake install command with custom implementation using symlinks instead of copying resources
-- Found rosidl_default_generators: 1.2.0 (/opt/ros/humble/share/rosidl_default_generators/cmake)
-- Using all available rosidl_typesupport_c: rosidl_typesupport_fastrtps_c;rosidl_typesupport_introspection_c
-- Found rosidl_adapter: 3.1.8 (/opt/ros/humble/share/rosidl_adapter/cmake)
-- Using all available rosidl_typesupport_cpp: rosidl_typesupport_fastrtps_cpp;rosidl_typesupport_introspection_cpp
-- Found builtin_interfaces: 1.2.2 (/opt/ros/humble/share/builtin_interfaces/cmake)
-- Found ament_cmake_ros: 0.10.0 (/opt/ros/humble/share/ament_cmake_ros/cmake)
-- Using all available rosidl_typesupport_c: rosidl_typesupport_fastrtps_c;rosidl_typesupport_introspection_c
-- Using all available rosidl_typesupport_cpp: rosidl_typesupport_fastrtps_cpp;rosidl_typesupport_introspection_cpp
-- Found python_cmake_module: 0.10.0 (/opt/ros/humble/share/python_cmake_module/cmake)
-- Using PYTHON_EXECUTABLE: /usr/bin/python3
-- Using PYTHON_INCLUDE_DIRS: /usr/include/python3.10
-- Using PYTHON_LIBRARIES: /usr/lib/x86_64-linux-gnu/libpython3.10.so
-- Found ament_lint_auto: 0.12.14 (/opt/ros/humble/share/ament_lint_auto/cmake)
-- Added test 'lint_cmake' to check CMake code style
-- Added test 'xmllint' to check XML markup files
-- Configuring done
-- Generating done
-- Build files have been written to: /home/paulav/contact_ws/build/messages
[  3%] [34m[1mGenerating C code for ROS interfaces[0m
[  6%] [34m[1mGenerating C++ code for ROS interfaces[0m
[  6%] Built target ament_cmake_python_symlink_messages
[35m[1mConsolidate compiler generated dependencies of target messages__rosidl_generator_c[0m
[  6%] Built target messages__cpp
[  9%] [32mBuilding C object CMakeFiles/messages__rosidl_generator_c.dir/rosidl_generator_c/messages/msg/detail/force_event__functions.c.o[0m
running egg_info
writing messages.egg-info/PKG-INFO
[ 16%] [34m[1mGenerating C++ introspection for ROS interfaces[0m
[ 16%] [34m[1mGenerating C++ type support dispatch for ROS interfaces[0m
writing dependency_links to messages.egg-info/dependency_links.txt
writing top-level names to messages.egg-info/top_level.txt
[ 19%] [34m[1mGenerating C++ type support for eProsima Fast-RTPS[0m
reading manifest file 'messages.egg-info/SOURCES.txt'
writing manifest file 'messages.egg-info/SOURCES.txt'
[ 19%] Built target ament_cmake_python_build_messages_egg
[ 22%] [32m[1mLinking C shared library libmessages__rosidl_generator_c.so[0m
[ 22%] Built target messages__rosidl_generator_c
[ 25%] [34m[1mGenerating C type support dispatch for ROS interfaces[0m
[ 32%] [34m[1mGenerating C introspection for ROS interfaces[0m
[ 32%] [34m[1mGenerating C type support for eProsima Fast-RTPS[0m
[35m[1mConsolidate compiler generated dependencies of target messages__rosidl_typesupport_cpp[0m
[35m[1mConsolidate compiler generated dependencies of target messages__rosidl_typesupport_introspection_cpp[0m
[ 35%] [32mBuilding CXX object CMakeFiles/messages__rosidl_typesupport_cpp.dir/rosidl_typesupport_cpp/messages/msg/force_event__type_support.cpp.o[0m
[35m[1mConsolidate compiler generated dependencies of target messages__rosidl_typesupport_fastrtps_cpp[0m
[ 38%] [32mBuilding CXX object CMakeFiles/messages__rosidl_typesupport_introspection_cpp.dir/rosidl_typesupport_introspection_cpp/messages/msg/detail/force_event__type_support.cpp.o[0m
[ 41%] [32mBuilding CXX object CMakeFiles/messages__rosidl_typesupport_fastrtps_cpp.dir/rosidl_typesupport_fastrtps_cpp/messages/msg/detail/dds_fastrtps/force_event__type_support.cpp.o[0m
[35m[1mConsolidate compiler generated dependencies of target messages__rosidl_typesupport_c[0m
[ 45%] [32mBuilding CXX object CMakeFiles/messages__rosidl_typesupport_c.dir/rosidl_typesupport_c/messages/msg/force_event__type_support.cpp.o[0m
[35m[1mConsolidate compiler generated dependencies of target messages__rosidl_typesupport_introspection_c[0m
[35m[1mConsolidate compiler generated dependencies of target messages__rosidl_typesupport_fastrtps_c[0m
[ 48%] [32mBuilding CXX object CMakeFiles/messages__rosidl_typesupport_fastrtps_c.dir/rosidl_typesupport_fastrtps_c/messages/msg/detail/force_event__type_support_c.cpp.o[0m
[ 51%] [32mBuilding C object CMakeFiles/messages__rosidl_typesupport_introspection_c.dir/rosidl_typesupport_introspection_c/messages/msg/detail/force_event__type_support.c.o[0m
[ 54%] [32m[1mLinking CXX shared library libmessages__rosidl_typesupport_c.so[0m
[ 58%] [32m[1mLinking C shared library libmessages__rosidl_typesupport_introspection_c.so[0m
[ 58%] Built target messages__rosidl_typesupport_c
[ 61%] [32m[1mLinking CXX shared library libmessages__rosidl_typesupport_cpp.so[0m
[ 61%] Built target messages__rosidl_typesupport_introspection_c
[ 61%] Built target messages__rosidl_typesupport_cpp
[ 64%] [32m[1mLinking CXX shared library libmessages__rosidl_typesupport_introspection_cpp.so[0m
[ 67%] [32m[1mLinking CXX shared library libmessages__rosidl_typesupport_fastrtps_cpp.so[0m
[ 67%] Built target messages__rosidl_typesupport_introspection_cpp
[ 70%] [32m[1mLinking CXX shared library libmessages__rosidl_typesupport_fastrtps_c.so[0m
[ 70%] Built target messages__rosidl_typesupport_fastrtps_cpp
[ 70%] Built target messages__rosidl_typesupport_fastrtps_c
[ 70%] Built target messages
[ 74%] [34m[1mGenerating Python code for ROS interfaces[0m
[ 74%] Built target messages__py
[35m[1mConsolidate compiler generated dependencies of target messages__rosidl_generator_py[0m
[ 77%] [32mBuilding C object CMakeFiles/messages__rosidl_generator_py.dir/rosidl_generator_py/messages/msg/_force_event_s.c.o[0m
[ 80%] [32m[1mLinking C shared library rosidl_generator_py/messages/libmessages__rosidl_generator_py.so[0m
[ 80%] Built target messages__rosidl_generator_py
[35m[1mConsolidate compiler generated dependencies of target messages__rosidl_typesupport_c__pyext[0m
[35m[1mConsolidate compiler generated dependencies of target messages__rosidl_typesupport_fastrtps_c__pyext[0m
[35m[1mConsolidate compiler generated dependencies of target messages__rosidl_typesupport_introspection_c__pyext[0m
[ 83%] [32mBuilding C object CMakeFiles/messages__rosidl_typesupport_c__pyext.dir/rosidl_generator_py/messages/_messages_s.ep.rosidl_typesupport_c.c.o[0m
[ 87%] [32mBuilding C object CMakeFiles/messages__rosidl_typesupport_fastrtps_c__pyext.dir/rosidl_generator_py/messages/_messages_s.ep.rosidl_typesupport_fastrtps_c.c.o[0m
[ 90%] [32mBuilding C object CMakeFiles/messages__rosidl_typesupport_introspection_c__pyext.dir/rosidl_generator_py/messages/_messages_s.ep.rosidl_typesupport_introspection_c.c.o[0m
[ 93%] [32m[1mLinking C shared library rosidl_generator_py/messages/messages_s__rosidl_typesupport_fastrtps_c.cpython-310-x86_64-linux-gnu.so[0m
[ 96%] [32m[1mLinking C shared library rosidl_generator_py/messages/messages_s__rosidl_typesupport_c.cpython-310-x86_64-linux-gnu.so[0m
[100%] [32m[1mLinking C shared library rosidl_generator_py/messages/messages_s__rosidl_typesupport_introspection_c.cpython-310-x86_64-linux-gnu.so[0m
[100%] Built target messages__rosidl_typesupport_fastrtps_c__pyext
[100%] Built target messages__rosidl_typesupport_c__pyext
[100%] Built target messages__rosidl_typesupport_introspection_c__pyext
-- Install configuration: ""
-- Execute custom install script
-- Up-to-date symlink: /home/paulav/contact_ws/install/messages/share/ament_index/resource_index/rosidl_interfaces/messages
-- Up-to-date symlink: /home/paulav/contact_ws/install/messages/include/messages/messages/msg/detail/force_event__functions.h
-- Up-to-date symlink: /home/paulav/contact_ws/install/messages/include/messages/messages/msg/detail/force_event__struct.h
-- Up-to-date symlink: /home/paulav/contact_ws/install/messages/include/messages/messages/msg/detail/force_event__type_support.h
-- Up-to-date symlink: /home/paulav/contact_ws/install/messages/include/messages/messages/msg/force_event.h
-- Up-to-date symlink: /home/paulav/contact_ws/install/messages/include/messages/messages/msg/rosidl_generator_c__visibility_control.h
-- Up-to-date symlink: /home/paulav/contact_ws/install/messages/share/messages/environment/library_path.sh
-- Up-to-date symlink: /home/paulav/contact_ws/install/messages/share/messages/environment/library_path.dsv
-- Up-to-date symlink: /home/paulav/contact_ws/install/messages/include/messages/messages/msg/detail/force_event__rosidl_typesupport_fastrtps_c.h
-- Up-to-date symlink: /home/paulav/contact_ws/install/messages/include/messages/messages/msg/rosidl_typesupport_fastrtps_c__visibility_control.h
-- Up-to-date symlink: /home/paulav/contact_ws/install/messages/include/messages/messages/msg/detail/force_event__rosidl_typesupport_introspection_c.h
-- Up-to-date symlink: /home/paulav/contact_ws/install/messages/include/messages/messages/msg/rosidl_typesupport_introspection_c__visibility_control.h
-- Up-to-date symlink: /home/paulav/contact_ws/install/messages/include/messages/messages/msg/detail/force_event__builder.hpp
-- Up-to-date symlink: /home/paulav/contact_ws/install/messages/include/messages/messages/msg/detail/force_event__struct.hpp
-- Up-to-date symlink: /home/paulav/contact_ws/install/messages/include/messages/messages/msg/detail/force_event__traits.hpp
-- Up-to-date symlink: /home/paulav/contact_ws/install/messages/include/messages/messages/msg/detail/force_event__type_support.hpp
-- Up-to-date symlink: /home/paulav/contact_ws/install/messages/include/messages/messages/msg/force_event.hpp
-- Up-to-date symlink: /home/paulav/contact_ws/install/messages/include/messages/messages/msg/rosidl_generator_cpp__visibility_control.hpp
-- Up-to-date symlink: /home/paulav/contact_ws/install/messages/include/messages/messages/msg/detail/force_event__rosidl_typesupport_fastrtps_cpp.hpp
-- Up-to-date symlink: /home/paulav/contact_ws/install/messages/include/messages/messages/msg/rosidl_typesupport_fastrtps_cpp__visibility_control.h
-- Up-to-date symlink: /home/paulav/contact_ws/install/messages/include/messages/messages/msg/detail/force_event__rosidl_typesupport_introspection_cpp.hpp
-- Up-to-date symlink: /home/paulav/contact_ws/install/messages/share/messages/environment/pythonpath.sh
-- Up-to-date symlink: /home/paulav/contact_ws/install/messages/share/messages/environment/pythonpath.dsv
-- Up-to-date symlink: /home/paulav/contact_ws/install/messages/local/lib/python3.10/dist-packages/messages-0.0.0-py3.10.egg-info/PKG-INFO
-- Up-to-date symlink: /home/paulav/contact_ws/install/messages/local/lib/python3.10/dist-packages/messages-0.0.0-py3.10.egg-info/SOURCES.txt
-- Up-to-date symlink: /home/paulav/contact_ws/install/messages/local/lib/python3.10/dist-packages/messages-0.0.0-py3.10.egg-info/dependency_links.txt
-- Up-to-date symlink: /home/paulav/contact_ws/install/messages/local/lib/python3.10/dist-packages/messages-0.0.0-py3.10.egg-info/top_level.txt
-- Up-to-date symlink: /home/paulav/contact_ws/install/messages/local/lib/python3.10/dist-packages/messages/__init__.py
-- Up-to-date symlink: /home/paulav/contact_ws/install/messages/local/lib/python3.10/dist-packages/messages/_messages_s.ep.rosidl_typesupport_c.c
-- Up-to-date symlink: /home/paulav/contact_ws/install/messages/local/lib/python3.10/dist-packages/messages/_messages_s.ep.rosidl_typesupport_fastrtps_c.c
-- Up-to-date symlink: /home/paulav/contact_ws/install/messages/local/lib/python3.10/dist-packages/messages/_messages_s.ep.rosidl_typesupport_introspection_c.c
-- Up-to-date symlink: /home/paulav/contact_ws/install/messages/local/lib/python3.10/dist-packages/messages/libmessages__rosidl_generator_py.so
-- Up-to-date symlink: /home/paulav/contact_ws/install/messages/local/lib/python3.10/dist-packages/messages/messages_s__rosidl_typesupport_c.cpython-310-x86_64-linux-gnu.so
-- Up-to-date symlink: /home/paulav/contact_ws/install/messages/local/lib/python3.10/dist-packages/messages/messages_s__rosidl_typesupport_fastrtps_c.cpython-310-x86_64-linux-gnu.so
-- Up-to-date symlink: /home/paulav/contact_ws/install/messages/local/lib/python3.10/dist-packages/messages/messages_s__rosidl_typesupport_introspection_c.cpython-310-x86_64-linux-gnu.so
-- Up-to-date symlink: /home/paulav/contact_ws/install/messages/local/lib/python3.10/dist-packages/messages/msg/__init__.py
-- Up-to-date symlink: /home/paulav/contact_ws/install/messages/local/lib/python3.10/dist-packages/messages/msg/_force_event.py
-- Up-to-date symlink: /home/paulav/contact_ws/install/messages/local/lib/python3.10/dist-packages/messages/msg/_force_event_s.c
-- Up-to-date symlink: /home/paulav/contact_ws/install/messages/local/lib/python3.10/dist-packages/messages/messages_s__rosidl_typesupport_fastrtps_c.cpython-310-x86_64-linux-gnu.so
-- Up-to-date symlink: /home/paulav/contact_ws/install/messages/local/lib/python3.10/dist-packages/messages/messages_s__rosidl_typesupport_introspection_c.cpython-310-x86_64-linux-gnu.so
-- Up-to-date symlink: /home/paulav/contact_ws/install/messages/local/lib/python3.10/dist-packages/messages/messages_s__rosidl_typesupport_c.cpython-310-x86_64-linux-gnu.so
-- Up-to-date symlink: /home/paulav/contact_ws/install/messages/share/messages/msg/ForceEvent.idl
-- Up-to-date symlink: /home/paulav/contact_ws/install/messages/share/messages/msg/ForceEvent.msg
-- Up-to-date symlink: /home/paulav/contact_ws/install/messages/share/ament_index/resource_index/package_run_dependencies/messages
-- Up-to-date symlink: /home/paulav/contact_ws/install/messages/share/ament_index/resource_index/parent_prefix_path/messages
-- Up-to-date symlink: /home/paulav/contact_ws/install/messages/share/messages/environment/ament_prefix_path.sh
-- Up-to-date symlink: /home/paulav/contact_ws/install/messages/share/messages/environment/ament_prefix_path.dsv
-- Up-to-date symlink: /home/paulav/contact_ws/install/messages/share/messages/environment/path.sh
-- Up-to-date symlink: /home/paulav/contact_ws/install/messages/share/messages/environment/path.dsv
-- Up-to-date symlink: /home/paulav/contact_ws/install/messages/share/messages/local_setup.bash
-- Up-to-date symlink: /home/paulav/contact_ws/install/messages/share/messages/local_setup.sh
-- Up-to-date symlink: /home/paulav/contact_ws/install/messages/share/messages/local_setup.zsh
-- Up-to-date symlink: /home/paulav/contact_ws/install/messages/share/messages/local_setup.dsv
-- Symlinking: /home/paulav/contact_ws/install/messages/share/messages/package.dsv
-- Up-to-date symlink: /home/paulav/contact_ws/install/messages/share/ament_index/resource_index/packages/messages
-- Up-to-date symlink: /home/paulav/contact_ws/install/messages/share/messages/cmake/rosidl_cmake-extras.cmake
-- Up-to-date symlink: /home/paulav/contact_ws/install/messages/share/messages/cmake/ament_cmake_export_dependencies-extras.cmake
-- Up-to-date symlink: /home/paulav/contact_ws/install/messages/share/messages/cmake/ament_cmake_export_include_directories-extras.cmake
-- Up-to-date symlink: /home/paulav/contact_ws/install/messages/share/messages/cmake/ament_cmake_export_libraries-extras.cmake
-- Up-to-date symlink: /home/paulav/contact_ws/install/messages/share/messages/cmake/ament_cmake_export_targets-extras.cmake
-- Up-to-date symlink: /home/paulav/contact_ws/install/messages/share/messages/cmake/rosidl_cmake_export_typesupport_targets-extras.cmake
-- Up-to-date symlink: /home/paulav/contact_ws/install/messages/share/messages/cmake/rosidl_cmake_export_typesupport_libraries-extras.cmake
-- Up-to-date symlink: /home/paulav/contact_ws/install/messages/share/messages/cmake/messagesConfig.cmake
-- Up-to-date symlink: /home/paulav/contact_ws/install/messages/share/messages/cmake/messagesConfig-version.cmake
-- Up-to-date symlink: /home/paulav/contact_ws/install/messages/share/messages/package.xml
-- Installing: /home/paulav/contact_ws/install/messages/lib/libmessages__rosidl_generator_c.so
-- Set runtime path of "/home/paulav/contact_ws/install/messages/lib/libmessages__rosidl_generator_c.so" to ""
-- Installing: /home/paulav/contact_ws/install/messages/lib/libmessages__rosidl_typesupport_fastrtps_c.so
-- Set runtime path of "/home/paulav/contact_ws/install/messages/lib/libmessages__rosidl_typesupport_fastrtps_c.so" to ""
-- Installing: /home/paulav/contact_ws/install/messages/lib/libmessages__rosidl_typesupport_introspection_c.so
-- Set runtime path of "/home/paulav/contact_ws/install/messages/lib/libmessages__rosidl_typesupport_introspection_c.so" to ""
-- Installing: /home/paulav/contact_ws/install/messages/lib/libmessages__rosidl_typesupport_c.so
-- Set runtime path of "/home/paulav/contact_ws/install/messages/lib/libmessages__rosidl_typesupport_c.so" to ""
-- Installing: /home/paulav/contact_ws/install/messages/lib/libmessages__rosidl_typesupport_fastrtps_cpp.so
-- Set runtime path of "/home/paulav/contact_ws/install/messages/lib/libmessages__rosidl_typesupport_fastrtps_cpp.so" to ""
-- Installing: /home/paulav/contact_ws/install/messages/lib/libmessages__rosidl_typesupport_introspection_cpp.so
-- Set runtime path of "/home/paulav/contact_ws/install/messages/lib/libmessages__rosidl_typesupport_introspection_cpp.so" to ""
-- Installing: /home/paulav/contact_ws/install/messages/lib/libmessages__rosidl_typesupport_cpp.so
-- Set runtime path of "/home/paulav/contact_ws/install/messages/lib/libmessages__rosidl_typesupport_cpp.so" to ""
Listing '/home/paulav/contact_ws/install/messages/local/lib/python3.10/dist-packages/messages'...
Compiling '/home/paulav/contact_ws/install/messages/local/lib/python3.10/dist-packages/messages/__init__.py'...
Listing '/home/paulav/contact_ws/install/messages/local/lib/python3.10/dist-packages/messages/msg'...
Compiling '/home/paulav/contact_ws/install/messages/local/lib/python3.10/dist-packages/messages/msg/__init__.py'...
Compiling '/home/paulav/contact_ws/install/messages/local/lib/python3.10/dist-packages/messages/msg/_force_event.py'...
-- Installing: /home/paulav/contact_ws/install/messages/lib/libmessages__rosidl_generator_py.so
-- Set runtime path of "/home/paulav/contact_ws/install/messages/lib/libmessages__rosidl_generator_py.so" to ""
-- Up-to-date: /home/paulav/contact_ws/install/messages/share/messages/cmake/export_messages__rosidl_generator_cExport.cmake
-- Up-to-date: /home/paulav/contact_ws/install/messages/share/messages/cmake/export_messages__rosidl_generator_cExport-noconfig.cmake
-- Up-to-date: /home/paulav/contact_ws/install/messages/share/messages/cmake/export_messages__rosidl_typesupport_fastrtps_cExport.cmake
-- Up-to-date: /home/paulav/contact_ws/install/messages/share/messages/cmake/export_messages__rosidl_typesupport_fastrtps_cExport-noconfig.cmake
-- Up-to-date: /home/paulav/contact_ws/install/messages/share/messages/cmake/messages__rosidl_typesupport_introspection_cExport.cmake
-- Up-to-date: /home/paulav/contact_ws/install/messages/share/messages/cmake/messages__rosidl_typesupport_introspection_cExport-noconfig.cmake
-- Up-to-date: /home/paulav/contact_ws/install/messages/share/messages/cmake/messages__rosidl_typesupport_cExport.cmake
-- Up-to-date: /home/paulav/contact_ws/install/messages/share/messages/cmake/messages__rosidl_typesupport_cExport-noconfig.cmake
-- Up-to-date: /home/paulav/contact_ws/install/messages/share/messages/cmake/export_messages__rosidl_generator_cppExport.cmake
-- Up-to-date: /home/paulav/contact_ws/install/messages/share/messages/cmake/export_messages__rosidl_typesupport_fastrtps_cppExport.cmake
-- Up-to-date: /home/paulav/contact_ws/install/messages/share/messages/cmake/export_messages__rosidl_typesupport_fastrtps_cppExport-noconfig.cmake
-- Up-to-date: /home/paulav/contact_ws/install/messages/share/messages/cmake/messages__rosidl_typesupport_introspection_cppExport.cmake
-- Up-to-date: /home/paulav/contact_ws/install/messages/share/messages/cmake/messages__rosidl_typesupport_introspection_cppExport-noconfig.cmake
-- Up-to-date: /home/paulav/contact_ws/install/messages/share/messages/cmake/messages__rosidl_typesupport_cppExport.cmake
-- Up-to-date: /home/paulav/contact_ws/install/messages/share/messages/cmake/messages__rosidl_typesupport_cppExport-noconfig.cmake
-- Up-to-date: /home/paulav/contact_ws/install/messages/share/messages/cmake/export_messages__rosidl_generator_pyExport.cmake
-- Up-to-date: /home/paulav/contact_ws/install/messages/share/messages/cmake/export_messages__rosidl_generator_pyExport-noconfig.cmake
