[0.009s] Invoking command in '/home/paulav/contact_ws/build/messages': CMAKE_PREFIX_PATH=${CMAKE_PREFIX_PATH}:/home/paulav/contact_ws/src/trust_contact/install/trust_contact:/home/paulav/contact_ws/install/contact_localization_ros:/home/paulav/contact_ws/install/trust_contact:/opt/ros/humble /usr/bin/cmake --build /home/paulav/contact_ws/build/messages -- -j24 -l24
[0.028s] -- Found ament_cmake: 1.3.12 (/opt/ros/humble/share/ament_cmake/cmake)
[0.114s] -- Override CMake install command with custom implementation using symlinks instead of copying resources
[0.118s] -- Found rosidl_default_generators: 1.2.0 (/opt/ros/humble/share/rosidl_default_generators/cmake)
[0.119s] -- Using all available rosidl_typesupport_c: rosidl_typesupport_fastrtps_c;rosidl_typesupport_introspection_c
[0.121s] -- Found rosidl_adapter: 3.1.8 (/opt/ros/humble/share/rosidl_adapter/cmake)
[0.136s] -- Using all available rosidl_typesupport_cpp: rosidl_typesupport_fastrtps_cpp;rosidl_typesupport_introspection_cpp
[0.149s] -- Found builtin_interfaces: 1.2.2 (/opt/ros/humble/share/builtin_interfaces/cmake)
[0.308s] -- Found ament_cmake_ros: 0.10.0 (/opt/ros/humble/share/ament_cmake_ros/cmake)
[0.446s] -- Using all available rosidl_typesupport_c: rosidl_typesupport_fastrtps_c;rosidl_typesupport_introspection_c
[0.625s] -- Using all available rosidl_typesupport_cpp: rosidl_typesupport_fastrtps_cpp;rosidl_typesupport_introspection_cpp
[0.647s] -- Found python_cmake_module: 0.10.0 (/opt/ros/humble/share/python_cmake_module/cmake)
[0.666s] -- Using PYTHON_EXECUTABLE: /usr/bin/python3
[0.666s] -- Using PYTHON_INCLUDE_DIRS: /usr/include/python3.10
[0.666s] -- Using PYTHON_LIBRARIES: /usr/lib/x86_64-linux-gnu/libpython3.10.so
[0.673s] -- Found ament_lint_auto: 0.12.14 (/opt/ros/humble/share/ament_lint_auto/cmake)
[0.678s] -- Added test 'lint_cmake' to check CMake code style
[0.678s] -- Added test 'xmllint' to check XML markup files
[0.679s] -- Configuring done
[0.690s] -- Generating done
[0.695s] -- Build files have been written to: /home/paulav/contact_ws/build/messages
[0.715s] [  3%] [34m[1mGenerating C code for ROS interfaces[0m
[0.726s] [  6%] [34m[1mGenerating C++ code for ROS interfaces[0m
[0.734s] [  6%] Built target ament_cmake_python_symlink_messages
[0.855s] [35m[1mConsolidate compiler generated dependencies of target messages__rosidl_generator_c[0m
[0.863s] [  6%] Built target messages__cpp
[0.864s] [  9%] [32mBuilding C object CMakeFiles/messages__rosidl_generator_c.dir/rosidl_generator_c/messages/msg/detail/force_event__functions.c.o[0m
[0.874s] running egg_info
[0.874s] writing messages.egg-info/PKG-INFO
[0.874s] [ 16%] [34m[1mGenerating C++ introspection for ROS interfaces[0m
[0.874s] [ 16%] [34m[1mGenerating C++ type support dispatch for ROS interfaces[0m
[0.874s] writing dependency_links to messages.egg-info/dependency_links.txt
[0.874s] writing top-level names to messages.egg-info/top_level.txt
[0.875s] [ 19%] [34m[1mGenerating C++ type support for eProsima Fast-RTPS[0m
[0.875s] reading manifest file 'messages.egg-info/SOURCES.txt'
[0.876s] writing manifest file 'messages.egg-info/SOURCES.txt'
[0.892s] [ 19%] Built target ament_cmake_python_build_messages_egg
[0.900s] [ 22%] [32m[1mLinking C shared library libmessages__rosidl_generator_c.so[0m
[0.933s] [ 22%] Built target messages__rosidl_generator_c
[0.943s] [ 25%] [34m[1mGenerating C type support dispatch for ROS interfaces[0m
[0.944s] [ 32%] [34m[1mGenerating C introspection for ROS interfaces[0m
[0.944s] [ 32%] [34m[1mGenerating C type support for eProsima Fast-RTPS[0m
[1.008s] [35m[1mConsolidate compiler generated dependencies of target messages__rosidl_typesupport_cpp[0m
[1.017s] [35m[1mConsolidate compiler generated dependencies of target messages__rosidl_typesupport_introspection_cpp[0m
[1.020s] [ 35%] [32mBuilding CXX object CMakeFiles/messages__rosidl_typesupport_cpp.dir/rosidl_typesupport_cpp/messages/msg/force_event__type_support.cpp.o[0m
[1.025s] [35m[1mConsolidate compiler generated dependencies of target messages__rosidl_typesupport_fastrtps_cpp[0m
[1.030s] [ 38%] [32mBuilding CXX object CMakeFiles/messages__rosidl_typesupport_introspection_cpp.dir/rosidl_typesupport_introspection_cpp/messages/msg/detail/force_event__type_support.cpp.o[0m
[1.035s] [ 41%] [32mBuilding CXX object CMakeFiles/messages__rosidl_typesupport_fastrtps_cpp.dir/rosidl_typesupport_fastrtps_cpp/messages/msg/detail/dds_fastrtps/force_event__type_support.cpp.o[0m
[1.084s] [35m[1mConsolidate compiler generated dependencies of target messages__rosidl_typesupport_c[0m
[1.097s] [ 45%] [32mBuilding CXX object CMakeFiles/messages__rosidl_typesupport_c.dir/rosidl_typesupport_c/messages/msg/force_event__type_support.cpp.o[0m
[1.104s] [35m[1mConsolidate compiler generated dependencies of target messages__rosidl_typesupport_introspection_c[0m
[1.105s] [35m[1mConsolidate compiler generated dependencies of target messages__rosidl_typesupport_fastrtps_c[0m
[1.117s] [ 48%] [32mBuilding CXX object CMakeFiles/messages__rosidl_typesupport_fastrtps_c.dir/rosidl_typesupport_fastrtps_c/messages/msg/detail/force_event__type_support_c.cpp.o[0m
[1.118s] [ 51%] [32mBuilding C object CMakeFiles/messages__rosidl_typesupport_introspection_c.dir/rosidl_typesupport_introspection_c/messages/msg/detail/force_event__type_support.c.o[0m
[1.122s] [ 54%] [32m[1mLinking CXX shared library libmessages__rosidl_typesupport_c.so[0m
[1.147s] [ 58%] [32m[1mLinking C shared library libmessages__rosidl_typesupport_introspection_c.so[0m
[1.159s] [ 58%] Built target messages__rosidl_typesupport_c
[1.174s] [ 61%] [32m[1mLinking CXX shared library libmessages__rosidl_typesupport_cpp.so[0m
[1.176s] [ 61%] Built target messages__rosidl_typesupport_introspection_c
[1.209s] [ 61%] Built target messages__rosidl_typesupport_cpp
[1.234s] [ 64%] [32m[1mLinking CXX shared library libmessages__rosidl_typesupport_introspection_cpp.so[0m
[1.241s] [ 67%] [32m[1mLinking CXX shared library libmessages__rosidl_typesupport_fastrtps_cpp.so[0m
[1.279s] [ 67%] Built target messages__rosidl_typesupport_introspection_cpp
[1.286s] [ 70%] [32m[1mLinking CXX shared library libmessages__rosidl_typesupport_fastrtps_c.so[0m
[1.288s] [ 70%] Built target messages__rosidl_typesupport_fastrtps_cpp
[1.335s] [ 70%] Built target messages__rosidl_typesupport_fastrtps_c
[1.357s] [ 70%] Built target messages
[1.382s] [ 74%] [34m[1mGenerating Python code for ROS interfaces[0m
[1.550s] [ 74%] Built target messages__py
[1.560s] [35m[1mConsolidate compiler generated dependencies of target messages__rosidl_generator_py[0m
[1.574s] [ 77%] [32mBuilding C object CMakeFiles/messages__rosidl_generator_py.dir/rosidl_generator_py/messages/msg/_force_event_s.c.o[0m
[1.640s] [ 80%] [32m[1mLinking C shared library rosidl_generator_py/messages/libmessages__rosidl_generator_py.so[0m
[1.687s] [ 80%] Built target messages__rosidl_generator_py
[1.704s] [35m[1mConsolidate compiler generated dependencies of target messages__rosidl_typesupport_c__pyext[0m
[1.705s] [35m[1mConsolidate compiler generated dependencies of target messages__rosidl_typesupport_fastrtps_c__pyext[0m
[1.705s] [35m[1mConsolidate compiler generated dependencies of target messages__rosidl_typesupport_introspection_c__pyext[0m
[1.714s] [ 83%] [32mBuilding C object CMakeFiles/messages__rosidl_typesupport_c__pyext.dir/rosidl_generator_py/messages/_messages_s.ep.rosidl_typesupport_c.c.o[0m
[1.720s] [ 87%] [32mBuilding C object CMakeFiles/messages__rosidl_typesupport_fastrtps_c__pyext.dir/rosidl_generator_py/messages/_messages_s.ep.rosidl_typesupport_fastrtps_c.c.o[0m
[1.720s] [ 90%] [32mBuilding C object CMakeFiles/messages__rosidl_typesupport_introspection_c__pyext.dir/rosidl_generator_py/messages/_messages_s.ep.rosidl_typesupport_introspection_c.c.o[0m
[1.771s] [ 93%] [32m[1mLinking C shared library rosidl_generator_py/messages/messages_s__rosidl_typesupport_fastrtps_c.cpython-310-x86_64-linux-gnu.so[0m
[1.771s] [ 96%] [32m[1mLinking C shared library rosidl_generator_py/messages/messages_s__rosidl_typesupport_c.cpython-310-x86_64-linux-gnu.so[0m
[1.777s] [100%] [32m[1mLinking C shared library rosidl_generator_py/messages/messages_s__rosidl_typesupport_introspection_c.cpython-310-x86_64-linux-gnu.so[0m
[1.803s] [100%] Built target messages__rosidl_typesupport_fastrtps_c__pyext
[1.803s] [100%] Built target messages__rosidl_typesupport_c__pyext
[1.806s] [100%] Built target messages__rosidl_typesupport_introspection_c__pyext
[1.815s] Invoked command in '/home/paulav/contact_ws/build/messages' returned '0': CMAKE_PREFIX_PATH=${CMAKE_PREFIX_PATH}:/home/paulav/contact_ws/src/trust_contact/install/trust_contact:/home/paulav/contact_ws/install/contact_localization_ros:/home/paulav/contact_ws/install/trust_contact:/opt/ros/humble /usr/bin/cmake --build /home/paulav/contact_ws/build/messages -- -j24 -l24
[1.824s] Invoking command in '/home/paulav/contact_ws/build/messages': CMAKE_PREFIX_PATH=${CMAKE_PREFIX_PATH}:/home/paulav/contact_ws/src/trust_contact/install/trust_contact:/home/paulav/contact_ws/install/contact_localization_ros:/home/paulav/contact_ws/install/trust_contact:/opt/ros/humble /usr/bin/cmake --install /home/paulav/contact_ws/build/messages
[1.835s] -- Install configuration: ""
[1.836s] -- Execute custom install script
[1.836s] -- Up-to-date symlink: /home/paulav/contact_ws/install/messages/share/ament_index/resource_index/rosidl_interfaces/messages
[1.837s] -- Up-to-date symlink: /home/paulav/contact_ws/install/messages/include/messages/messages/msg/detail/force_event__functions.h
[1.837s] -- Up-to-date symlink: /home/paulav/contact_ws/install/messages/include/messages/messages/msg/detail/force_event__struct.h
[1.837s] -- Up-to-date symlink: /home/paulav/contact_ws/install/messages/include/messages/messages/msg/detail/force_event__type_support.h
[1.837s] -- Up-to-date symlink: /home/paulav/contact_ws/install/messages/include/messages/messages/msg/force_event.h
[1.837s] -- Up-to-date symlink: /home/paulav/contact_ws/install/messages/include/messages/messages/msg/rosidl_generator_c__visibility_control.h
[1.837s] -- Up-to-date symlink: /home/paulav/contact_ws/install/messages/share/messages/environment/library_path.sh
[1.837s] -- Up-to-date symlink: /home/paulav/contact_ws/install/messages/share/messages/environment/library_path.dsv
[1.838s] -- Up-to-date symlink: /home/paulav/contact_ws/install/messages/include/messages/messages/msg/detail/force_event__rosidl_typesupport_fastrtps_c.h
[1.838s] -- Up-to-date symlink: /home/paulav/contact_ws/install/messages/include/messages/messages/msg/rosidl_typesupport_fastrtps_c__visibility_control.h
[1.838s] -- Up-to-date symlink: /home/paulav/contact_ws/install/messages/include/messages/messages/msg/detail/force_event__rosidl_typesupport_introspection_c.h
[1.838s] -- Up-to-date symlink: /home/paulav/contact_ws/install/messages/include/messages/messages/msg/rosidl_typesupport_introspection_c__visibility_control.h
[1.838s] -- Up-to-date symlink: /home/paulav/contact_ws/install/messages/include/messages/messages/msg/detail/force_event__builder.hpp
[1.839s] -- Up-to-date symlink: /home/paulav/contact_ws/install/messages/include/messages/messages/msg/detail/force_event__struct.hpp
[1.839s] -- Up-to-date symlink: /home/paulav/contact_ws/install/messages/include/messages/messages/msg/detail/force_event__traits.hpp
[1.839s] -- Up-to-date symlink: /home/paulav/contact_ws/install/messages/include/messages/messages/msg/detail/force_event__type_support.hpp
[1.839s] -- Up-to-date symlink: /home/paulav/contact_ws/install/messages/include/messages/messages/msg/force_event.hpp
[1.839s] -- Up-to-date symlink: /home/paulav/contact_ws/install/messages/include/messages/messages/msg/rosidl_generator_cpp__visibility_control.hpp
[1.839s] -- Up-to-date symlink: /home/paulav/contact_ws/install/messages/include/messages/messages/msg/detail/force_event__rosidl_typesupport_fastrtps_cpp.hpp
[1.839s] -- Up-to-date symlink: /home/paulav/contact_ws/install/messages/include/messages/messages/msg/rosidl_typesupport_fastrtps_cpp__visibility_control.h
[1.840s] -- Up-to-date symlink: /home/paulav/contact_ws/install/messages/include/messages/messages/msg/detail/force_event__rosidl_typesupport_introspection_cpp.hpp
[1.840s] -- Up-to-date symlink: /home/paulav/contact_ws/install/messages/share/messages/environment/pythonpath.sh
[1.840s] -- Up-to-date symlink: /home/paulav/contact_ws/install/messages/share/messages/environment/pythonpath.dsv
[1.840s] -- Up-to-date symlink: /home/paulav/contact_ws/install/messages/local/lib/python3.10/dist-packages/messages-0.0.0-py3.10.egg-info/PKG-INFO
[1.840s] -- Up-to-date symlink: /home/paulav/contact_ws/install/messages/local/lib/python3.10/dist-packages/messages-0.0.0-py3.10.egg-info/SOURCES.txt
[1.840s] -- Up-to-date symlink: /home/paulav/contact_ws/install/messages/local/lib/python3.10/dist-packages/messages-0.0.0-py3.10.egg-info/dependency_links.txt
[1.840s] -- Up-to-date symlink: /home/paulav/contact_ws/install/messages/local/lib/python3.10/dist-packages/messages-0.0.0-py3.10.egg-info/top_level.txt
[1.841s] -- Up-to-date symlink: /home/paulav/contact_ws/install/messages/local/lib/python3.10/dist-packages/messages/__init__.py
[1.841s] -- Up-to-date symlink: /home/paulav/contact_ws/install/messages/local/lib/python3.10/dist-packages/messages/_messages_s.ep.rosidl_typesupport_c.c
[1.841s] -- Up-to-date symlink: /home/paulav/contact_ws/install/messages/local/lib/python3.10/dist-packages/messages/_messages_s.ep.rosidl_typesupport_fastrtps_c.c
[1.841s] -- Up-to-date symlink: /home/paulav/contact_ws/install/messages/local/lib/python3.10/dist-packages/messages/_messages_s.ep.rosidl_typesupport_introspection_c.c
[1.841s] -- Up-to-date symlink: /home/paulav/contact_ws/install/messages/local/lib/python3.10/dist-packages/messages/libmessages__rosidl_generator_py.so
[1.841s] -- Up-to-date symlink: /home/paulav/contact_ws/install/messages/local/lib/python3.10/dist-packages/messages/messages_s__rosidl_typesupport_c.cpython-310-x86_64-linux-gnu.so
[1.841s] -- Up-to-date symlink: /home/paulav/contact_ws/install/messages/local/lib/python3.10/dist-packages/messages/messages_s__rosidl_typesupport_fastrtps_c.cpython-310-x86_64-linux-gnu.so
[1.841s] -- Up-to-date symlink: /home/paulav/contact_ws/install/messages/local/lib/python3.10/dist-packages/messages/messages_s__rosidl_typesupport_introspection_c.cpython-310-x86_64-linux-gnu.so
[1.841s] -- Up-to-date symlink: /home/paulav/contact_ws/install/messages/local/lib/python3.10/dist-packages/messages/msg/__init__.py
[1.841s] -- Up-to-date symlink: /home/paulav/contact_ws/install/messages/local/lib/python3.10/dist-packages/messages/msg/_force_event.py
[1.841s] -- Up-to-date symlink: /home/paulav/contact_ws/install/messages/local/lib/python3.10/dist-packages/messages/msg/_force_event_s.c
[1.842s] -- Up-to-date symlink: /home/paulav/contact_ws/install/messages/local/lib/python3.10/dist-packages/messages/messages_s__rosidl_typesupport_fastrtps_c.cpython-310-x86_64-linux-gnu.so
[1.842s] -- Up-to-date symlink: /home/paulav/contact_ws/install/messages/local/lib/python3.10/dist-packages/messages/messages_s__rosidl_typesupport_introspection_c.cpython-310-x86_64-linux-gnu.so
[1.842s] -- Up-to-date symlink: /home/paulav/contact_ws/install/messages/local/lib/python3.10/dist-packages/messages/messages_s__rosidl_typesupport_c.cpython-310-x86_64-linux-gnu.so
[1.842s] -- Up-to-date symlink: /home/paulav/contact_ws/install/messages/share/messages/msg/ForceEvent.idl
[1.842s] -- Up-to-date symlink: /home/paulav/contact_ws/install/messages/share/messages/msg/ForceEvent.msg
[1.842s] -- Up-to-date symlink: /home/paulav/contact_ws/install/messages/share/ament_index/resource_index/package_run_dependencies/messages
[1.842s] -- Up-to-date symlink: /home/paulav/contact_ws/install/messages/share/ament_index/resource_index/parent_prefix_path/messages
[1.843s] -- Up-to-date symlink: /home/paulav/contact_ws/install/messages/share/messages/environment/ament_prefix_path.sh
[1.843s] -- Up-to-date symlink: /home/paulav/contact_ws/install/messages/share/messages/environment/ament_prefix_path.dsv
[1.843s] -- Up-to-date symlink: /home/paulav/contact_ws/install/messages/share/messages/environment/path.sh
[1.843s] -- Up-to-date symlink: /home/paulav/contact_ws/install/messages/share/messages/environment/path.dsv
[1.843s] -- Up-to-date symlink: /home/paulav/contact_ws/install/messages/share/messages/local_setup.bash
[1.843s] -- Up-to-date symlink: /home/paulav/contact_ws/install/messages/share/messages/local_setup.sh
[1.843s] -- Up-to-date symlink: /home/paulav/contact_ws/install/messages/share/messages/local_setup.zsh
[1.843s] -- Up-to-date symlink: /home/paulav/contact_ws/install/messages/share/messages/local_setup.dsv
[1.843s] -- Symlinking: /home/paulav/contact_ws/install/messages/share/messages/package.dsv
[1.853s] -- Up-to-date symlink: /home/paulav/contact_ws/install/messages/share/ament_index/resource_index/packages/messages
[1.853s] -- Up-to-date symlink: /home/paulav/contact_ws/install/messages/share/messages/cmake/rosidl_cmake-extras.cmake
[1.853s] -- Up-to-date symlink: /home/paulav/contact_ws/install/messages/share/messages/cmake/ament_cmake_export_dependencies-extras.cmake
[1.853s] -- Up-to-date symlink: /home/paulav/contact_ws/install/messages/share/messages/cmake/ament_cmake_export_include_directories-extras.cmake
[1.853s] -- Up-to-date symlink: /home/paulav/contact_ws/install/messages/share/messages/cmake/ament_cmake_export_libraries-extras.cmake
[1.853s] -- Up-to-date symlink: /home/paulav/contact_ws/install/messages/share/messages/cmake/ament_cmake_export_targets-extras.cmake
[1.853s] -- Up-to-date symlink: /home/paulav/contact_ws/install/messages/share/messages/cmake/rosidl_cmake_export_typesupport_targets-extras.cmake
[1.853s] -- Up-to-date symlink: /home/paulav/contact_ws/install/messages/share/messages/cmake/rosidl_cmake_export_typesupport_libraries-extras.cmake
[1.853s] -- Up-to-date symlink: /home/paulav/contact_ws/install/messages/share/messages/cmake/messagesConfig.cmake
[1.853s] -- Up-to-date symlink: /home/paulav/contact_ws/install/messages/share/messages/cmake/messagesConfig-version.cmake
[1.853s] -- Up-to-date symlink: /home/paulav/contact_ws/install/messages/share/messages/package.xml
[1.853s] -- Installing: /home/paulav/contact_ws/install/messages/lib/libmessages__rosidl_generator_c.so
[1.854s] -- Set runtime path of "/home/paulav/contact_ws/install/messages/lib/libmessages__rosidl_generator_c.so" to ""
[1.854s] -- Installing: /home/paulav/contact_ws/install/messages/lib/libmessages__rosidl_typesupport_fastrtps_c.so
[1.854s] -- Set runtime path of "/home/paulav/contact_ws/install/messages/lib/libmessages__rosidl_typesupport_fastrtps_c.so" to ""
[1.854s] -- Installing: /home/paulav/contact_ws/install/messages/lib/libmessages__rosidl_typesupport_introspection_c.so
[1.854s] -- Set runtime path of "/home/paulav/contact_ws/install/messages/lib/libmessages__rosidl_typesupport_introspection_c.so" to ""
[1.854s] -- Installing: /home/paulav/contact_ws/install/messages/lib/libmessages__rosidl_typesupport_c.so
[1.854s] -- Set runtime path of "/home/paulav/contact_ws/install/messages/lib/libmessages__rosidl_typesupport_c.so" to ""
[1.855s] -- Installing: /home/paulav/contact_ws/install/messages/lib/libmessages__rosidl_typesupport_fastrtps_cpp.so
[1.855s] -- Set runtime path of "/home/paulav/contact_ws/install/messages/lib/libmessages__rosidl_typesupport_fastrtps_cpp.so" to ""
[1.855s] -- Installing: /home/paulav/contact_ws/install/messages/lib/libmessages__rosidl_typesupport_introspection_cpp.so
[1.855s] -- Set runtime path of "/home/paulav/contact_ws/install/messages/lib/libmessages__rosidl_typesupport_introspection_cpp.so" to ""
[1.855s] -- Installing: /home/paulav/contact_ws/install/messages/lib/libmessages__rosidl_typesupport_cpp.so
[1.855s] -- Set runtime path of "/home/paulav/contact_ws/install/messages/lib/libmessages__rosidl_typesupport_cpp.so" to ""
[1.883s] Listing '/home/paulav/contact_ws/install/messages/local/lib/python3.10/dist-packages/messages'...
[1.883s] Compiling '/home/paulav/contact_ws/install/messages/local/lib/python3.10/dist-packages/messages/__init__.py'...
[1.883s] Listing '/home/paulav/contact_ws/install/messages/local/lib/python3.10/dist-packages/messages/msg'...
[1.883s] Compiling '/home/paulav/contact_ws/install/messages/local/lib/python3.10/dist-packages/messages/msg/__init__.py'...
[1.883s] Compiling '/home/paulav/contact_ws/install/messages/local/lib/python3.10/dist-packages/messages/msg/_force_event.py'...
[1.885s] -- Installing: /home/paulav/contact_ws/install/messages/lib/libmessages__rosidl_generator_py.so
[1.885s] -- Set runtime path of "/home/paulav/contact_ws/install/messages/lib/libmessages__rosidl_generator_py.so" to ""
[1.885s] -- Up-to-date: /home/paulav/contact_ws/install/messages/share/messages/cmake/export_messages__rosidl_generator_cExport.cmake
[1.885s] -- Up-to-date: /home/paulav/contact_ws/install/messages/share/messages/cmake/export_messages__rosidl_generator_cExport-noconfig.cmake
[1.885s] -- Up-to-date: /home/paulav/contact_ws/install/messages/share/messages/cmake/export_messages__rosidl_typesupport_fastrtps_cExport.cmake
[1.885s] -- Up-to-date: /home/paulav/contact_ws/install/messages/share/messages/cmake/export_messages__rosidl_typesupport_fastrtps_cExport-noconfig.cmake
[1.886s] -- Up-to-date: /home/paulav/contact_ws/install/messages/share/messages/cmake/messages__rosidl_typesupport_introspection_cExport.cmake
[1.886s] -- Up-to-date: /home/paulav/contact_ws/install/messages/share/messages/cmake/messages__rosidl_typesupport_introspection_cExport-noconfig.cmake
[1.886s] -- Up-to-date: /home/paulav/contact_ws/install/messages/share/messages/cmake/messages__rosidl_typesupport_cExport.cmake
[1.886s] -- Up-to-date: /home/paulav/contact_ws/install/messages/share/messages/cmake/messages__rosidl_typesupport_cExport-noconfig.cmake
[1.886s] -- Up-to-date: /home/paulav/contact_ws/install/messages/share/messages/cmake/export_messages__rosidl_generator_cppExport.cmake
[1.886s] -- Up-to-date: /home/paulav/contact_ws/install/messages/share/messages/cmake/export_messages__rosidl_typesupport_fastrtps_cppExport.cmake
[1.886s] -- Up-to-date: /home/paulav/contact_ws/install/messages/share/messages/cmake/export_messages__rosidl_typesupport_fastrtps_cppExport-noconfig.cmake
[1.886s] -- Up-to-date: /home/paulav/contact_ws/install/messages/share/messages/cmake/messages__rosidl_typesupport_introspection_cppExport.cmake
[1.886s] -- Up-to-date: /home/paulav/contact_ws/install/messages/share/messages/cmake/messages__rosidl_typesupport_introspection_cppExport-noconfig.cmake
[1.886s] -- Up-to-date: /home/paulav/contact_ws/install/messages/share/messages/cmake/messages__rosidl_typesupport_cppExport.cmake
[1.886s] -- Up-to-date: /home/paulav/contact_ws/install/messages/share/messages/cmake/messages__rosidl_typesupport_cppExport-noconfig.cmake
[1.886s] -- Up-to-date: /home/paulav/contact_ws/install/messages/share/messages/cmake/export_messages__rosidl_generator_pyExport.cmake
[1.886s] -- Up-to-date: /home/paulav/contact_ws/install/messages/share/messages/cmake/export_messages__rosidl_generator_pyExport-noconfig.cmake
[1.887s] Invoked command in '/home/paulav/contact_ws/build/messages' returned '0': CMAKE_PREFIX_PATH=${CMAKE_PREFIX_PATH}:/home/paulav/contact_ws/src/trust_contact/install/trust_contact:/home/paulav/contact_ws/install/contact_localization_ros:/home/paulav/contact_ws/install/trust_contact:/opt/ros/humble /usr/bin/cmake --install /home/paulav/contact_ws/build/messages
