[0.459s] Invoking command in '/home/paulav/contact_ws/src/contact_localization_ros': PYTHONPATH=/home/paulav/contact_ws/build/contact_localization_ros/prefix_override:/usr/lib/python3/dist-packages/colcon_core/task/python/colcon_distutils_commands:/home/paulav/contact_ws/install/contact_localization_ros/lib/python3.10/site-packages:${PYTHONPATH} /usr/bin/python3 -W ignore:setup.py install is deprecated -W ignore:easy_install command is deprecated setup.py egg_info --egg-base ../../build/contact_localization_ros build --build-base /home/paulav/contact_ws/build/contact_localization_ros/build install --record /home/paulav/contact_ws/build/contact_localization_ros/install.log --single-version-externally-managed install_data
[0.576s] running egg_info
[0.577s] writing ../../build/contact_localization_ros/contact_localization_ros.egg-info/PKG-INFO
[0.577s] writing dependency_links to ../../build/contact_localization_ros/contact_localization_ros.egg-info/dependency_links.txt
[0.577s] writing entry points to ../../build/contact_localization_ros/contact_localization_ros.egg-info/entry_points.txt
[0.577s] writing requirements to ../../build/contact_localization_ros/contact_localization_ros.egg-info/requires.txt
[0.577s] writing top-level names to ../../build/contact_localization_ros/contact_localization_ros.egg-info/top_level.txt
[0.578s] reading manifest file '../../build/contact_localization_ros/contact_localization_ros.egg-info/SOURCES.txt'
[0.578s] writing manifest file '../../build/contact_localization_ros/contact_localization_ros.egg-info/SOURCES.txt'
[0.578s] running build
[0.578s] running build_py
[0.578s] running install
[0.578s] running install_lib
[0.579s] running install_data
[0.579s] running install_egg_info
[0.580s] removing '/home/paulav/contact_ws/install/contact_localization_ros/lib/python3.10/site-packages/contact_localization_ros-0.0.0-py3.10.egg-info' (and everything under it)
[0.580s] Copying ../../build/contact_localization_ros/contact_localization_ros.egg-info to /home/paulav/contact_ws/install/contact_localization_ros/lib/python3.10/site-packages/contact_localization_ros-0.0.0-py3.10.egg-info
[0.580s] running install_scripts
[0.590s] writing list of installed files to '/home/paulav/contact_ws/build/contact_localization_ros/install.log'
[0.602s] Invoked command in '/home/paulav/contact_ws/src/contact_localization_ros' returned '0': PYTHONPATH=/home/paulav/contact_ws/build/contact_localization_ros/prefix_override:/usr/lib/python3/dist-packages/colcon_core/task/python/colcon_distutils_commands:/home/paulav/contact_ws/install/contact_localization_ros/lib/python3.10/site-packages:${PYTHONPATH} /usr/bin/python3 -W ignore:setup.py install is deprecated -W ignore:easy_install command is deprecated setup.py egg_info --egg-base ../../build/contact_localization_ros build --build-base /home/paulav/contact_ws/build/contact_localization_ros/build install --record /home/paulav/contact_ws/build/contact_localization_ros/install.log --single-version-externally-managed install_data
