running egg_info
writing ../../build/trust_contact/trust_contact.egg-info/PKG-INFO
writing dependency_links to ../../build/trust_contact/trust_contact.egg-info/dependency_links.txt
writing entry points to ../../build/trust_contact/trust_contact.egg-info/entry_points.txt
writing requirements to ../../build/trust_contact/trust_contact.egg-info/requires.txt
writing top-level names to ../../build/trust_contact/trust_contact.egg-info/top_level.txt
reading manifest file '../../build/trust_contact/trust_contact.egg-info/SOURCES.txt'
writing manifest file '../../build/trust_contact/trust_contact.egg-info/SOURCES.txt'
running build
running build_py
running install
running install_lib
running install_data
running install_egg_info
removing '/home/paulav/contact_ws/install/trust_contact/lib/python3.10/site-packages/trust_contact-0.0.0-py3.10.egg-info' (and everything under it)
Copying ../../build/trust_contact/trust_contact.egg-info to /home/paulav/contact_ws/install/trust_contact/lib/python3.10/site-packages/trust_contact-0.0.0-py3.10.egg-info
running install_scripts
Installing contact_force script to /home/paulav/contact_ws/install/trust_contact/lib/trust_contact
Installing residual_node script to /home/paulav/contact_ws/install/trust_contact/lib/trust_contact
writing list of installed files to '/home/paulav/contact_ws/build/trust_contact/install.log'
