running develop
running egg_info
writing trust_contact.egg-info/PKG-INFO
writing dependency_links to trust_contact.egg-info/dependency_links.txt
writing entry points to trust_contact.egg-info/entry_points.txt
writing requirements to trust_contact.egg-info/requires.txt
writing top-level names to trust_contact.egg-info/top_level.txt
reading manifest file 'trust_contact.egg-info/SOURCES.txt'
writing manifest file 'trust_contact.egg-info/SOURCES.txt'
running build_ext
Creating /home/paulav/contact_ws/install/trust_contact/lib/python3.10/site-packages/trust-contact.egg-link (link to .)
Installing contact_force script to /home/paulav/contact_ws/install/trust_contact/lib/trust_contact
Installing residual_node script to /home/paulav/contact_ws/install/trust_contact/lib/trust_contact

Installed /home/paulav/contact_ws/build/trust_contact
running symlink_data
creating /home/paulav/contact_ws/install/trust_contact/share/trust_contact/pointcloud
symbolically linking /home/paulav/contact_ws/build/trust_contact/trust_contact/pointcloud/link2_points.asc -> /home/paulav/contact_ws/install/trust_contact/share/trust_contact/pointcloud
symbolically linking /home/paulav/contact_ws/build/trust_contact/trust_contact/pointcloud/link5_points.asc -> /home/paulav/contact_ws/install/trust_contact/share/trust_contact/pointcloud
symbolically linking /home/paulav/contact_ws/build/trust_contact/trust_contact/pointcloud/peg_points.asc -> /home/paulav/contact_ws/install/trust_contact/share/trust_contact/pointcloud
symbolically linking /home/paulav/contact_ws/build/trust_contact/trust_contact/pointcloud/link7_points.asc -> /home/paulav/contact_ws/install/trust_contact/share/trust_contact/pointcloud
symbolically linking /home/paulav/contact_ws/build/trust_contact/trust_contact/pointcloud/link4_points.asc -> /home/paulav/contact_ws/install/trust_contact/share/trust_contact/pointcloud
symbolically linking /home/paulav/contact_ws/build/trust_contact/trust_contact/pointcloud/link1_points.asc -> /home/paulav/contact_ws/install/trust_contact/share/trust_contact/pointcloud
symbolically linking /home/paulav/contact_ws/build/trust_contact/trust_contact/pointcloud/link6_points.asc -> /home/paulav/contact_ws/install/trust_contact/share/trust_contact/pointcloud
symbolically linking /home/paulav/contact_ws/build/trust_contact/trust_contact/pointcloud/link3_points.asc -> /home/paulav/contact_ws/install/trust_contact/share/trust_contact/pointcloud
