[0.467s] Invoking command in '/home/paulav/contact_ws/build/trust_contact': PYTHONPATH=/home/paulav/contact_ws/build/trust_contact/prefix_override:/usr/lib/python3/dist-packages/colcon_core/task/python/colcon_distutils_commands:/home/paulav/contact_ws/install/trust_contact/lib/python3.10/site-packages:${PYTHONPATH} /usr/bin/python3 -W ignore:setup.py install is deprecated -W ignore:easy_install command is deprecated setup.py develop --editable --build-directory /home/paulav/contact_ws/build/trust_contact/build --no-deps symlink_data
[0.606s] running develop
[0.695s] running egg_info
[0.695s] writing trust_contact.egg-info/PKG-INFO
[0.695s] writing dependency_links to trust_contact.egg-info/dependency_links.txt
[0.695s] writing entry points to trust_contact.egg-info/entry_points.txt
[0.695s] writing requirements to trust_contact.egg-info/requires.txt
[0.695s] writing top-level names to trust_contact.egg-info/top_level.txt
[0.697s] reading manifest file 'trust_contact.egg-info/SOURCES.txt'
[0.697s] writing manifest file 'trust_contact.egg-info/SOURCES.txt'
[0.698s] running build_ext
[0.698s] Creating /home/paulav/contact_ws/install/trust_contact/lib/python3.10/site-packages/trust-contact.egg-link (link to .)
[0.699s] Installing contact_force script to /home/paulav/contact_ws/install/trust_contact/lib/trust_contact
[0.699s] Installing residual_node script to /home/paulav/contact_ws/install/trust_contact/lib/trust_contact
[0.699s] 
[0.699s] Installed /home/paulav/contact_ws/build/trust_contact
[0.699s] running symlink_data
[0.699s] creating /home/paulav/contact_ws/install/trust_contact/share/trust_contact/pointcloud
[0.699s] symbolically linking /home/paulav/contact_ws/build/trust_contact/trust_contact/pointcloud/link2_points.asc -> /home/paulav/contact_ws/install/trust_contact/share/trust_contact/pointcloud
[0.699s] symbolically linking /home/paulav/contact_ws/build/trust_contact/trust_contact/pointcloud/link5_points.asc -> /home/paulav/contact_ws/install/trust_contact/share/trust_contact/pointcloud
[0.699s] symbolically linking /home/paulav/contact_ws/build/trust_contact/trust_contact/pointcloud/peg_points.asc -> /home/paulav/contact_ws/install/trust_contact/share/trust_contact/pointcloud
[0.699s] symbolically linking /home/paulav/contact_ws/build/trust_contact/trust_contact/pointcloud/link7_points.asc -> /home/paulav/contact_ws/install/trust_contact/share/trust_contact/pointcloud
[0.699s] symbolically linking /home/paulav/contact_ws/build/trust_contact/trust_contact/pointcloud/link4_points.asc -> /home/paulav/contact_ws/install/trust_contact/share/trust_contact/pointcloud
[0.699s] symbolically linking /home/paulav/contact_ws/build/trust_contact/trust_contact/pointcloud/link1_points.asc -> /home/paulav/contact_ws/install/trust_contact/share/trust_contact/pointcloud
[0.699s] symbolically linking /home/paulav/contact_ws/build/trust_contact/trust_contact/pointcloud/link6_points.asc -> /home/paulav/contact_ws/install/trust_contact/share/trust_contact/pointcloud
[0.699s] symbolically linking /home/paulav/contact_ws/build/trust_contact/trust_contact/pointcloud/link3_points.asc -> /home/paulav/contact_ws/install/trust_contact/share/trust_contact/pointcloud
[0.713s] Invoked command in '/home/paulav/contact_ws/build/trust_contact' returned '0': PYTHONPATH=/home/paulav/contact_ws/build/trust_contact/prefix_override:/usr/lib/python3/dist-packages/colcon_core/task/python/colcon_distutils_commands:/home/paulav/contact_ws/install/trust_contact/lib/python3.10/site-packages:${PYTHONPATH} /usr/bin/python3 -W ignore:setup.py install is deprecated -W ignore:easy_install command is deprecated setup.py develop --editable --build-directory /home/paulav/contact_ws/build/trust_contact/build --no-deps symlink_data
