[0.009s] Invoking command in '/home/paulav/contact_ws/build/messages': CMAKE_PREFIX_PATH=${CMAKE_PREFIX_PATH}:/home/paulav/contact_ws/install/trust_contact:/home/paulav/contact_ws/install/contact_localization_ros:/opt/ros/humble /usr/bin/cmake --build /home/paulav/contact_ws/build/messages -- -j24 -l24
[0.059s] [  9%] Built target messages__rosidl_generator_c
[0.061s] [ 12%] Built target messages__cpp
[0.068s] [ 12%] Built target ament_cmake_python_symlink_messages
[0.077s] [ 29%] Built target messages__rosidl_typesupport_introspection_c
[0.077s] [ 32%] Built target messages__rosidl_typesupport_cpp
[0.078s] [ 41%] Built target messages__rosidl_typesupport_introspection_cpp
[0.079s] [ 51%] Built target messages__rosidl_typesupport_c
[0.081s] [ 61%] Built target messages__rosidl_typesupport_fastrtps_c
[0.081s] [ 70%] Built target messages__rosidl_typesupport_fastrtps_cpp
[0.099s] [ 70%] Built target messages
[0.120s] [ 74%] Built target messages__py
[0.140s] [ 80%] Built target messages__rosidl_generator_py
[0.160s] [ 87%] Built target messages__rosidl_typesupport_c__pyext
[0.162s] [ 93%] Built target messages__rosidl_typesupport_introspection_c__pyext
[0.162s] [100%] Built target messages__rosidl_typesupport_fastrtps_c__pyext
[0.204s] running egg_info
[0.204s] writing messages.egg-info/PKG-INFO
[0.204s] writing dependency_links to messages.egg-info/dependency_links.txt
[0.204s] writing top-level names to messages.egg-info/top_level.txt
[0.206s] reading manifest file 'messages.egg-info/SOURCES.txt'
[0.206s] writing manifest file 'messages.egg-info/SOURCES.txt'
[0.223s] [100%] Built target ament_cmake_python_build_messages_egg
[0.232s] Invoked command in '/home/paulav/contact_ws/build/messages' returned '0': CMAKE_PREFIX_PATH=${CMAKE_PREFIX_PATH}:/home/paulav/contact_ws/install/trust_contact:/home/paulav/contact_ws/install/contact_localization_ros:/opt/ros/humble /usr/bin/cmake --build /home/paulav/contact_ws/build/messages -- -j24 -l24
[0.243s] Invoking command in '/home/paulav/contact_ws/build/messages': CMAKE_PREFIX_PATH=${CMAKE_PREFIX_PATH}:/home/paulav/contact_ws/install/trust_contact:/home/paulav/contact_ws/install/contact_localization_ros:/opt/ros/humble /usr/bin/cmake --install /home/paulav/contact_ws/build/messages
[0.250s] -- Install configuration: ""
[0.251s] -- Execute custom install script
[0.251s] -- Up-to-date symlink: /home/paulav/contact_ws/install/messages/share/ament_index/resource_index/rosidl_interfaces/messages
[0.252s] -- Up-to-date symlink: /home/paulav/contact_ws/install/messages/include/messages/messages/msg/detail/force_event__functions.h
[0.252s] -- Up-to-date symlink: /home/paulav/contact_ws/install/messages/include/messages/messages/msg/detail/force_event__struct.h
[0.252s] -- Up-to-date symlink: /home/paulav/contact_ws/install/messages/include/messages/messages/msg/detail/force_event__type_support.h
[0.252s] -- Up-to-date symlink: /home/paulav/contact_ws/install/messages/include/messages/messages/msg/force_event.h
[0.252s] -- Up-to-date symlink: /home/paulav/contact_ws/install/messages/include/messages/messages/msg/rosidl_generator_c__visibility_control.h
[0.252s] -- Up-to-date symlink: /home/paulav/contact_ws/install/messages/share/messages/environment/library_path.sh
[0.252s] -- Up-to-date symlink: /home/paulav/contact_ws/install/messages/share/messages/environment/library_path.dsv
[0.253s] -- Up-to-date symlink: /home/paulav/contact_ws/install/messages/include/messages/messages/msg/detail/force_event__rosidl_typesupport_fastrtps_c.h
[0.253s] -- Up-to-date symlink: /home/paulav/contact_ws/install/messages/include/messages/messages/msg/rosidl_typesupport_fastrtps_c__visibility_control.h
[0.253s] -- Up-to-date symlink: /home/paulav/contact_ws/install/messages/include/messages/messages/msg/detail/force_event__rosidl_typesupport_introspection_c.h
[0.253s] -- Up-to-date symlink: /home/paulav/contact_ws/install/messages/include/messages/messages/msg/rosidl_typesupport_introspection_c__visibility_control.h
[0.253s] -- Up-to-date symlink: /home/paulav/contact_ws/install/messages/include/messages/messages/msg/detail/force_event__builder.hpp
[0.253s] -- Up-to-date symlink: /home/paulav/contact_ws/install/messages/include/messages/messages/msg/detail/force_event__struct.hpp
[0.254s] -- Up-to-date symlink: /home/paulav/contact_ws/install/messages/include/messages/messages/msg/detail/force_event__traits.hpp
[0.254s] -- Up-to-date symlink: /home/paulav/contact_ws/install/messages/include/messages/messages/msg/detail/force_event__type_support.hpp
[0.254s] -- Up-to-date symlink: /home/paulav/contact_ws/install/messages/include/messages/messages/msg/force_event.hpp
[0.254s] -- Up-to-date symlink: /home/paulav/contact_ws/install/messages/include/messages/messages/msg/rosidl_generator_cpp__visibility_control.hpp
[0.254s] -- Up-to-date symlink: /home/paulav/contact_ws/install/messages/include/messages/messages/msg/detail/force_event__rosidl_typesupport_fastrtps_cpp.hpp
[0.254s] -- Up-to-date symlink: /home/paulav/contact_ws/install/messages/include/messages/messages/msg/rosidl_typesupport_fastrtps_cpp__visibility_control.h
[0.254s] -- Up-to-date symlink: /home/paulav/contact_ws/install/messages/include/messages/messages/msg/detail/force_event__rosidl_typesupport_introspection_cpp.hpp
[0.254s] -- Up-to-date symlink: /home/paulav/contact_ws/install/messages/share/messages/environment/pythonpath.sh
[0.255s] -- Up-to-date symlink: /home/paulav/contact_ws/install/messages/share/messages/environment/pythonpath.dsv
[0.255s] -- Up-to-date symlink: /home/paulav/contact_ws/install/messages/local/lib/python3.10/dist-packages/messages-0.0.0-py3.10.egg-info/PKG-INFO
[0.255s] -- Up-to-date symlink: /home/paulav/contact_ws/install/messages/local/lib/python3.10/dist-packages/messages-0.0.0-py3.10.egg-info/SOURCES.txt
[0.255s] -- Up-to-date symlink: /home/paulav/contact_ws/install/messages/local/lib/python3.10/dist-packages/messages-0.0.0-py3.10.egg-info/dependency_links.txt
[0.255s] -- Up-to-date symlink: /home/paulav/contact_ws/install/messages/local/lib/python3.10/dist-packages/messages-0.0.0-py3.10.egg-info/top_level.txt
[0.256s] -- Up-to-date symlink: /home/paulav/contact_ws/install/messages/local/lib/python3.10/dist-packages/messages/__init__.py
[0.256s] -- Up-to-date symlink: /home/paulav/contact_ws/install/messages/local/lib/python3.10/dist-packages/messages/_messages_s.ep.rosidl_typesupport_c.c
[0.256s] -- Up-to-date symlink: /home/paulav/contact_ws/install/messages/local/lib/python3.10/dist-packages/messages/_messages_s.ep.rosidl_typesupport_fastrtps_c.c
[0.256s] -- Up-to-date symlink: /home/paulav/contact_ws/install/messages/local/lib/python3.10/dist-packages/messages/_messages_s.ep.rosidl_typesupport_introspection_c.c
[0.256s] -- Up-to-date symlink: /home/paulav/contact_ws/install/messages/local/lib/python3.10/dist-packages/messages/libmessages__rosidl_generator_py.so
[0.256s] -- Up-to-date symlink: /home/paulav/contact_ws/install/messages/local/lib/python3.10/dist-packages/messages/messages_s__rosidl_typesupport_c.cpython-310-x86_64-linux-gnu.so
[0.256s] -- Up-to-date symlink: /home/paulav/contact_ws/install/messages/local/lib/python3.10/dist-packages/messages/messages_s__rosidl_typesupport_fastrtps_c.cpython-310-x86_64-linux-gnu.so
[0.256s] -- Up-to-date symlink: /home/paulav/contact_ws/install/messages/local/lib/python3.10/dist-packages/messages/messages_s__rosidl_typesupport_introspection_c.cpython-310-x86_64-linux-gnu.so
[0.256s] -- Up-to-date symlink: /home/paulav/contact_ws/install/messages/local/lib/python3.10/dist-packages/messages/msg/__init__.py
[0.256s] -- Up-to-date symlink: /home/paulav/contact_ws/install/messages/local/lib/python3.10/dist-packages/messages/msg/_force_event.py
[0.256s] -- Up-to-date symlink: /home/paulav/contact_ws/install/messages/local/lib/python3.10/dist-packages/messages/msg/_force_event_s.c
[0.257s] -- Up-to-date symlink: /home/paulav/contact_ws/install/messages/local/lib/python3.10/dist-packages/messages/messages_s__rosidl_typesupport_fastrtps_c.cpython-310-x86_64-linux-gnu.so
[0.257s] -- Up-to-date symlink: /home/paulav/contact_ws/install/messages/local/lib/python3.10/dist-packages/messages/messages_s__rosidl_typesupport_introspection_c.cpython-310-x86_64-linux-gnu.so
[0.257s] -- Up-to-date symlink: /home/paulav/contact_ws/install/messages/local/lib/python3.10/dist-packages/messages/messages_s__rosidl_typesupport_c.cpython-310-x86_64-linux-gnu.so
[0.257s] -- Up-to-date symlink: /home/paulav/contact_ws/install/messages/share/messages/msg/ForceEvent.idl
[0.257s] -- Up-to-date symlink: /home/paulav/contact_ws/install/messages/share/messages/msg/ForceEvent.msg
[0.257s] -- Up-to-date symlink: /home/paulav/contact_ws/install/messages/share/ament_index/resource_index/package_run_dependencies/messages
[0.258s] -- Up-to-date symlink: /home/paulav/contact_ws/install/messages/share/ament_index/resource_index/parent_prefix_path/messages
[0.258s] -- Up-to-date symlink: /home/paulav/contact_ws/install/messages/share/messages/environment/ament_prefix_path.sh
[0.258s] -- Up-to-date symlink: /home/paulav/contact_ws/install/messages/share/messages/environment/ament_prefix_path.dsv
[0.258s] -- Up-to-date symlink: /home/paulav/contact_ws/install/messages/share/messages/environment/path.sh
[0.258s] -- Up-to-date symlink: /home/paulav/contact_ws/install/messages/share/messages/environment/path.dsv
[0.258s] -- Up-to-date symlink: /home/paulav/contact_ws/install/messages/share/messages/local_setup.bash
[0.258s] -- Up-to-date symlink: /home/paulav/contact_ws/install/messages/share/messages/local_setup.sh
[0.258s] -- Up-to-date symlink: /home/paulav/contact_ws/install/messages/share/messages/local_setup.zsh
[0.259s] -- Up-to-date symlink: /home/paulav/contact_ws/install/messages/share/messages/local_setup.dsv
[0.259s] -- Symlinking: /home/paulav/contact_ws/install/messages/share/messages/package.dsv
[0.270s] -- Up-to-date symlink: /home/paulav/contact_ws/install/messages/share/ament_index/resource_index/packages/messages
[0.271s] -- Up-to-date symlink: /home/paulav/contact_ws/install/messages/share/messages/cmake/rosidl_cmake-extras.cmake
[0.271s] -- Up-to-date symlink: /home/paulav/contact_ws/install/messages/share/messages/cmake/ament_cmake_export_dependencies-extras.cmake
[0.271s] -- Up-to-date symlink: /home/paulav/contact_ws/install/messages/share/messages/cmake/ament_cmake_export_include_directories-extras.cmake
[0.271s] -- Up-to-date symlink: /home/paulav/contact_ws/install/messages/share/messages/cmake/ament_cmake_export_libraries-extras.cmake
[0.271s] -- Up-to-date symlink: /home/paulav/contact_ws/install/messages/share/messages/cmake/ament_cmake_export_targets-extras.cmake
[0.271s] -- Up-to-date symlink: /home/paulav/contact_ws/install/messages/share/messages/cmake/rosidl_cmake_export_typesupport_targets-extras.cmake
[0.271s] -- Up-to-date symlink: /home/paulav/contact_ws/install/messages/share/messages/cmake/rosidl_cmake_export_typesupport_libraries-extras.cmake
[0.271s] -- Up-to-date symlink: /home/paulav/contact_ws/install/messages/share/messages/cmake/messagesConfig.cmake
[0.271s] -- Up-to-date symlink: /home/paulav/contact_ws/install/messages/share/messages/cmake/messagesConfig-version.cmake
[0.271s] -- Up-to-date symlink: /home/paulav/contact_ws/install/messages/share/messages/package.xml
[0.272s] -- Up-to-date: /home/paulav/contact_ws/install/messages/lib/libmessages__rosidl_generator_c.so
[0.272s] -- Up-to-date: /home/paulav/contact_ws/install/messages/lib/libmessages__rosidl_typesupport_fastrtps_c.so
[0.272s] -- Up-to-date: /home/paulav/contact_ws/install/messages/lib/libmessages__rosidl_typesupport_introspection_c.so
[0.272s] -- Up-to-date: /home/paulav/contact_ws/install/messages/lib/libmessages__rosidl_typesupport_c.so
[0.272s] -- Up-to-date: /home/paulav/contact_ws/install/messages/lib/libmessages__rosidl_typesupport_fastrtps_cpp.so
[0.273s] -- Up-to-date: /home/paulav/contact_ws/install/messages/lib/libmessages__rosidl_typesupport_introspection_cpp.so
[0.273s] -- Up-to-date: /home/paulav/contact_ws/install/messages/lib/libmessages__rosidl_typesupport_cpp.so
[0.304s] Listing '/home/paulav/contact_ws/install/messages/local/lib/python3.10/dist-packages/messages'...
[0.304s] Listing '/home/paulav/contact_ws/install/messages/local/lib/python3.10/dist-packages/messages/msg'...
[0.306s] -- Up-to-date: /home/paulav/contact_ws/install/messages/lib/libmessages__rosidl_generator_py.so
[0.306s] -- Up-to-date: /home/paulav/contact_ws/install/messages/share/messages/cmake/export_messages__rosidl_generator_cExport.cmake
[0.306s] -- Up-to-date: /home/paulav/contact_ws/install/messages/share/messages/cmake/export_messages__rosidl_generator_cExport-noconfig.cmake
[0.306s] -- Up-to-date: /home/paulav/contact_ws/install/messages/share/messages/cmake/export_messages__rosidl_typesupport_fastrtps_cExport.cmake
[0.306s] -- Up-to-date: /home/paulav/contact_ws/install/messages/share/messages/cmake/export_messages__rosidl_typesupport_fastrtps_cExport-noconfig.cmake
[0.306s] -- Up-to-date: /home/paulav/contact_ws/install/messages/share/messages/cmake/messages__rosidl_typesupport_introspection_cExport.cmake
[0.306s] -- Up-to-date: /home/paulav/contact_ws/install/messages/share/messages/cmake/messages__rosidl_typesupport_introspection_cExport-noconfig.cmake
[0.306s] -- Up-to-date: /home/paulav/contact_ws/install/messages/share/messages/cmake/messages__rosidl_typesupport_cExport.cmake
[0.306s] -- Up-to-date: /home/paulav/contact_ws/install/messages/share/messages/cmake/messages__rosidl_typesupport_cExport-noconfig.cmake
[0.306s] -- Up-to-date: /home/paulav/contact_ws/install/messages/share/messages/cmake/export_messages__rosidl_generator_cppExport.cmake
[0.306s] -- Up-to-date: /home/paulav/contact_ws/install/messages/share/messages/cmake/export_messages__rosidl_typesupport_fastrtps_cppExport.cmake
[0.306s] -- Up-to-date: /home/paulav/contact_ws/install/messages/share/messages/cmake/export_messages__rosidl_typesupport_fastrtps_cppExport-noconfig.cmake
[0.306s] -- Up-to-date: /home/paulav/contact_ws/install/messages/share/messages/cmake/messages__rosidl_typesupport_introspection_cppExport.cmake
[0.306s] -- Up-to-date: /home/paulav/contact_ws/install/messages/share/messages/cmake/messages__rosidl_typesupport_introspection_cppExport-noconfig.cmake
[0.306s] -- Up-to-date: /home/paulav/contact_ws/install/messages/share/messages/cmake/messages__rosidl_typesupport_cppExport.cmake
[0.306s] -- Up-to-date: /home/paulav/contact_ws/install/messages/share/messages/cmake/messages__rosidl_typesupport_cppExport-noconfig.cmake
[0.306s] -- Up-to-date: /home/paulav/contact_ws/install/messages/share/messages/cmake/export_messages__rosidl_generator_pyExport.cmake
[0.306s] -- Up-to-date: /home/paulav/contact_ws/install/messages/share/messages/cmake/export_messages__rosidl_generator_pyExport-noconfig.cmake
[0.308s] Invoked command in '/home/paulav/contact_ws/build/messages' returned '0': CMAKE_PREFIX_PATH=${CMAKE_PREFIX_PATH}:/home/paulav/contact_ws/install/trust_contact:/home/paulav/contact_ws/install/contact_localization_ros:/opt/ros/humble /usr/bin/cmake --install /home/paulav/contact_ws/build/messages
