[0.060s] DEBUG:colcon:Command line arguments: ['/usr/bin/colcon', 'build', '--symlink-install']
[0.061s] DEBUG:colcon:Parsed command line arguments: Namespace(log_base=None, log_level=None, verb_name='build', build_base='build', install_base='install', merge_install=False, symlink_install=True, test_result_base=None, continue_on_error=False, executor='parallel', parallel_workers=24, event_handlers=None, ignore_user_meta=False, metas=['./colcon.meta'], base_paths=['.'], packages_ignore=None, packages_ignore_regex=None, paths=None, packages_up_to=None, packages_up_to_regex=None, packages_above=None, packages_above_and_dependencies=None, packages_above_depth=None, packages_select_by_dep=None, packages_skip_by_dep=None, packages_skip_up_to=None, packages_select_build_failed=False, packages_skip_build_finished=False, packages_select_test_failures=False, packages_skip_test_passed=False, packages_select=None, packages_skip=None, packages_select_regex=None, packages_skip_regex=None, packages_start=None, packages_end=None, allow_overriding=[], cmake_args=None, cmake_target=None, cmake_target_skip_unavailable=False, cmake_clean_cache=False, cmake_clean_first=False, cmake_force_configure=False, ament_cmake_args=None, catkin_cmake_args=None, catkin_skip_building_tests=False, mixin_files=None, mixin=None, verb_parser=<colcon_mixin.mixin.mixin_argument.MixinArgumentDecorator object at 0x6ffdeeda81f0>, verb_extension=<colcon_core.verb.build.BuildVerb object at 0x6ffdeed837f0>, main=<bound method BuildVerb.main of <colcon_core.verb.build.BuildVerb object at 0x6ffdeed837f0>>, mixin_verb=('build',))
[0.157s] Level 1:colcon.colcon_core.package_discovery:discover_packages(colcon_meta) check parameters
[0.157s] Level 1:colcon.colcon_core.package_discovery:discover_packages(recursive) check parameters
[0.157s] Level 1:colcon.colcon_core.package_discovery:discover_packages(ignore) check parameters
[0.157s] Level 1:colcon.colcon_core.package_discovery:discover_packages(path) check parameters
[0.157s] Level 1:colcon.colcon_core.package_discovery:discover_packages(colcon_meta) discover
[0.157s] Level 1:colcon.colcon_core.package_discovery:discover_packages(recursive) discover
[0.157s] INFO:colcon.colcon_core.package_discovery:Crawling recursively for packages in '/home/paulav/contact_ws'
[0.157s] Level 1:colcon.colcon_core.package_identification:_identify(.) by extensions ['ignore', 'ignore_ament_install']
[0.158s] Level 1:colcon.colcon_core.package_identification:_identify(.) by extension 'ignore'
[0.158s] Level 1:colcon.colcon_core.package_identification:_identify(.) by extension 'ignore_ament_install'
[0.158s] Level 1:colcon.colcon_core.package_identification:_identify(.) by extensions ['colcon_pkg']
[0.158s] Level 1:colcon.colcon_core.package_identification:_identify(.) by extension 'colcon_pkg'
[0.158s] Level 1:colcon.colcon_core.package_identification:_identify(.) by extensions ['colcon_meta']
[0.158s] Level 1:colcon.colcon_core.package_identification:_identify(.) by extension 'colcon_meta'
[0.158s] Level 1:colcon.colcon_core.package_identification:_identify(.) by extensions ['ros']
[0.158s] Level 1:colcon.colcon_core.package_identification:_identify(.) by extension 'ros'
[0.169s] Level 1:colcon.colcon_core.package_identification:_identify(.) by extensions ['cmake', 'python']
[0.169s] Level 1:colcon.colcon_core.package_identification:_identify(.) by extension 'cmake'
[0.169s] Level 1:colcon.colcon_core.package_identification:_identify(.) by extension 'python'
[0.169s] Level 1:colcon.colcon_core.package_identification:_identify(.) by extensions ['python_setup_py']
[0.169s] Level 1:colcon.colcon_core.package_identification:_identify(.) by extension 'python_setup_py'
[0.169s] Level 1:colcon.colcon_core.package_identification:_identify(build) by extensions ['ignore', 'ignore_ament_install']
[0.169s] Level 1:colcon.colcon_core.package_identification:_identify(build) by extension 'ignore'
[0.169s] Level 1:colcon.colcon_core.package_identification:_identify(build) ignored
[0.169s] Level 1:colcon.colcon_core.package_identification:_identify(install) by extensions ['ignore', 'ignore_ament_install']
[0.169s] Level 1:colcon.colcon_core.package_identification:_identify(install) by extension 'ignore'
[0.169s] Level 1:colcon.colcon_core.package_identification:_identify(install) ignored
[0.169s] Level 1:colcon.colcon_core.package_identification:_identify(log) by extensions ['ignore', 'ignore_ament_install']
[0.169s] Level 1:colcon.colcon_core.package_identification:_identify(log) by extension 'ignore'
[0.169s] Level 1:colcon.colcon_core.package_identification:_identify(log) ignored
[0.169s] Level 1:colcon.colcon_core.package_identification:_identify(src) by extensions ['ignore', 'ignore_ament_install']
[0.169s] Level 1:colcon.colcon_core.package_identification:_identify(src) by extension 'ignore'
[0.169s] Level 1:colcon.colcon_core.package_identification:_identify(src) by extension 'ignore_ament_install'
[0.169s] Level 1:colcon.colcon_core.package_identification:_identify(src) by extensions ['colcon_pkg']
[0.169s] Level 1:colcon.colcon_core.package_identification:_identify(src) by extension 'colcon_pkg'
[0.169s] Level 1:colcon.colcon_core.package_identification:_identify(src) by extensions ['colcon_meta']
[0.169s] Level 1:colcon.colcon_core.package_identification:_identify(src) by extension 'colcon_meta'
[0.169s] Level 1:colcon.colcon_core.package_identification:_identify(src) by extensions ['ros']
[0.169s] Level 1:colcon.colcon_core.package_identification:_identify(src) by extension 'ros'
[0.169s] Level 1:colcon.colcon_core.package_identification:_identify(src) by extensions ['cmake', 'python']
[0.169s] Level 1:colcon.colcon_core.package_identification:_identify(src) by extension 'cmake'
[0.169s] Level 1:colcon.colcon_core.package_identification:_identify(src) by extension 'python'
[0.169s] Level 1:colcon.colcon_core.package_identification:_identify(src) by extensions ['python_setup_py']
[0.169s] Level 1:colcon.colcon_core.package_identification:_identify(src) by extension 'python_setup_py'
[0.169s] Level 1:colcon.colcon_core.package_identification:_identify(src/contact_localization_ros) by extensions ['ignore', 'ignore_ament_install']
[0.169s] Level 1:colcon.colcon_core.package_identification:_identify(src/contact_localization_ros) by extension 'ignore'
[0.170s] Level 1:colcon.colcon_core.package_identification:_identify(src/contact_localization_ros) by extension 'ignore_ament_install'
[0.170s] Level 1:colcon.colcon_core.package_identification:_identify(src/contact_localization_ros) by extensions ['colcon_pkg']
[0.170s] Level 1:colcon.colcon_core.package_identification:_identify(src/contact_localization_ros) by extension 'colcon_pkg'
[0.170s] Level 1:colcon.colcon_core.package_identification:_identify(src/contact_localization_ros) by extensions ['colcon_meta']
[0.170s] Level 1:colcon.colcon_core.package_identification:_identify(src/contact_localization_ros) by extension 'colcon_meta'
[0.170s] Level 1:colcon.colcon_core.package_identification:_identify(src/contact_localization_ros) by extensions ['ros']
[0.170s] Level 1:colcon.colcon_core.package_identification:_identify(src/contact_localization_ros) by extension 'ros'
[0.171s] DEBUG:colcon.colcon_core.package_identification:Package 'src/contact_localization_ros' with type 'ros.ament_python' and name 'contact_localization_ros'
[0.171s] Level 1:colcon.colcon_core.package_identification:_identify(src/force_location) by extensions ['ignore', 'ignore_ament_install']
[0.171s] Level 1:colcon.colcon_core.package_identification:_identify(src/force_location) by extension 'ignore'
[0.171s] Level 1:colcon.colcon_core.package_identification:_identify(src/force_location) by extension 'ignore_ament_install'
[0.171s] Level 1:colcon.colcon_core.package_identification:_identify(src/force_location) by extensions ['colcon_pkg']
[0.171s] Level 1:colcon.colcon_core.package_identification:_identify(src/force_location) by extension 'colcon_pkg'
[0.171s] Level 1:colcon.colcon_core.package_identification:_identify(src/force_location) by extensions ['colcon_meta']
[0.171s] Level 1:colcon.colcon_core.package_identification:_identify(src/force_location) by extension 'colcon_meta'
[0.171s] Level 1:colcon.colcon_core.package_identification:_identify(src/force_location) by extensions ['ros']
[0.171s] Level 1:colcon.colcon_core.package_identification:_identify(src/force_location) by extension 'ros'
[0.171s] Level 1:colcon.colcon_core.package_identification:_identify(src/force_location) by extensions ['cmake', 'python']
[0.171s] Level 1:colcon.colcon_core.package_identification:_identify(src/force_location) by extension 'cmake'
[0.171s] Level 1:colcon.colcon_core.package_identification:_identify(src/force_location) by extension 'python'
[0.171s] Level 1:colcon.colcon_core.package_identification:_identify(src/force_location) by extensions ['python_setup_py']
[0.171s] Level 1:colcon.colcon_core.package_identification:_identify(src/force_location) by extension 'python_setup_py'
[0.171s] Level 1:colcon.colcon_core.package_identification:_identify(src/force_location/diffusion) by extensions ['ignore', 'ignore_ament_install']
[0.172s] Level 1:colcon.colcon_core.package_identification:_identify(src/force_location/diffusion) by extension 'ignore'
[0.172s] Level 1:colcon.colcon_core.package_identification:_identify(src/force_location/diffusion) by extension 'ignore_ament_install'
[0.172s] Level 1:colcon.colcon_core.package_identification:_identify(src/force_location/diffusion) by extensions ['colcon_pkg']
[0.172s] Level 1:colcon.colcon_core.package_identification:_identify(src/force_location/diffusion) by extension 'colcon_pkg'
[0.172s] Level 1:colcon.colcon_core.package_identification:_identify(src/force_location/diffusion) by extensions ['colcon_meta']
[0.172s] Level 1:colcon.colcon_core.package_identification:_identify(src/force_location/diffusion) by extension 'colcon_meta'
[0.172s] Level 1:colcon.colcon_core.package_identification:_identify(src/force_location/diffusion) by extensions ['ros']
[0.172s] Level 1:colcon.colcon_core.package_identification:_identify(src/force_location/diffusion) by extension 'ros'
[0.172s] Level 1:colcon.colcon_core.package_identification:_identify(src/force_location/diffusion) by extensions ['cmake', 'python']
[0.172s] Level 1:colcon.colcon_core.package_identification:_identify(src/force_location/diffusion) by extension 'cmake'
[0.172s] Level 1:colcon.colcon_core.package_identification:_identify(src/force_location/diffusion) by extension 'python'
[0.172s] Level 1:colcon.colcon_core.package_identification:_identify(src/force_location/diffusion) by extensions ['python_setup_py']
[0.172s] Level 1:colcon.colcon_core.package_identification:_identify(src/force_location/diffusion) by extension 'python_setup_py'
[0.172s] Level 1:colcon.colcon_core.package_identification:_identify(src/force_location/diffusion/peg_trainingset) by extensions ['ignore', 'ignore_ament_install']
[0.172s] Level 1:colcon.colcon_core.package_identification:_identify(src/force_location/diffusion/peg_trainingset) by extension 'ignore'
[0.172s] Level 1:colcon.colcon_core.package_identification:_identify(src/force_location/diffusion/peg_trainingset) by extension 'ignore_ament_install'
[0.172s] Level 1:colcon.colcon_core.package_identification:_identify(src/force_location/diffusion/peg_trainingset) by extensions ['colcon_pkg']
[0.172s] Level 1:colcon.colcon_core.package_identification:_identify(src/force_location/diffusion/peg_trainingset) by extension 'colcon_pkg'
[0.172s] Level 1:colcon.colcon_core.package_identification:_identify(src/force_location/diffusion/peg_trainingset) by extensions ['colcon_meta']
[0.172s] Level 1:colcon.colcon_core.package_identification:_identify(src/force_location/diffusion/peg_trainingset) by extension 'colcon_meta'
[0.172s] Level 1:colcon.colcon_core.package_identification:_identify(src/force_location/diffusion/peg_trainingset) by extensions ['ros']
[0.172s] Level 1:colcon.colcon_core.package_identification:_identify(src/force_location/diffusion/peg_trainingset) by extension 'ros'
[0.172s] Level 1:colcon.colcon_core.package_identification:_identify(src/force_location/diffusion/peg_trainingset) by extensions ['cmake', 'python']
[0.172s] Level 1:colcon.colcon_core.package_identification:_identify(src/force_location/diffusion/peg_trainingset) by extension 'cmake'
[0.172s] Level 1:colcon.colcon_core.package_identification:_identify(src/force_location/diffusion/peg_trainingset) by extension 'python'
[0.172s] Level 1:colcon.colcon_core.package_identification:_identify(src/force_location/diffusion/peg_trainingset) by extensions ['python_setup_py']
[0.172s] Level 1:colcon.colcon_core.package_identification:_identify(src/force_location/diffusion/peg_trainingset) by extension 'python_setup_py'
[0.172s] Level 1:colcon.colcon_core.package_identification:_identify(src/force_location/force_application) by extensions ['ignore', 'ignore_ament_install']
[0.172s] Level 1:colcon.colcon_core.package_identification:_identify(src/force_location/force_application) by extension 'ignore'
[0.172s] Level 1:colcon.colcon_core.package_identification:_identify(src/force_location/force_application) by extension 'ignore_ament_install'
[0.172s] Level 1:colcon.colcon_core.package_identification:_identify(src/force_location/force_application) by extensions ['colcon_pkg']
[0.172s] Level 1:colcon.colcon_core.package_identification:_identify(src/force_location/force_application) by extension 'colcon_pkg'
[0.172s] Level 1:colcon.colcon_core.package_identification:_identify(src/force_location/force_application) by extensions ['colcon_meta']
[0.172s] Level 1:colcon.colcon_core.package_identification:_identify(src/force_location/force_application) by extension 'colcon_meta'
[0.172s] Level 1:colcon.colcon_core.package_identification:_identify(src/force_location/force_application) by extensions ['ros']
[0.172s] Level 1:colcon.colcon_core.package_identification:_identify(src/force_location/force_application) by extension 'ros'
[0.172s] Level 1:colcon.colcon_core.package_identification:_identify(src/force_location/force_application) by extensions ['cmake', 'python']
[0.172s] Level 1:colcon.colcon_core.package_identification:_identify(src/force_location/force_application) by extension 'cmake'
[0.172s] Level 1:colcon.colcon_core.package_identification:_identify(src/force_location/force_application) by extension 'python'
[0.172s] Level 1:colcon.colcon_core.package_identification:_identify(src/force_location/force_application) by extensions ['python_setup_py']
[0.172s] Level 1:colcon.colcon_core.package_identification:_identify(src/force_location/force_application) by extension 'python_setup_py'
[0.172s] Level 1:colcon.colcon_core.package_identification:_identify(src/force_location/force_application/pointcloud) by extensions ['ignore', 'ignore_ament_install']
[0.173s] Level 1:colcon.colcon_core.package_identification:_identify(src/force_location/force_application/pointcloud) by extension 'ignore'
[0.173s] Level 1:colcon.colcon_core.package_identification:_identify(src/force_location/force_application/pointcloud) by extension 'ignore_ament_install'
[0.173s] Level 1:colcon.colcon_core.package_identification:_identify(src/force_location/force_application/pointcloud) by extensions ['colcon_pkg']
[0.173s] Level 1:colcon.colcon_core.package_identification:_identify(src/force_location/force_application/pointcloud) by extension 'colcon_pkg'
[0.173s] Level 1:colcon.colcon_core.package_identification:_identify(src/force_location/force_application/pointcloud) by extensions ['colcon_meta']
[0.173s] Level 1:colcon.colcon_core.package_identification:_identify(src/force_location/force_application/pointcloud) by extension 'colcon_meta'
[0.173s] Level 1:colcon.colcon_core.package_identification:_identify(src/force_location/force_application/pointcloud) by extensions ['ros']
[0.173s] Level 1:colcon.colcon_core.package_identification:_identify(src/force_location/force_application/pointcloud) by extension 'ros'
[0.173s] Level 1:colcon.colcon_core.package_identification:_identify(src/force_location/force_application/pointcloud) by extensions ['cmake', 'python']
[0.173s] Level 1:colcon.colcon_core.package_identification:_identify(src/force_location/force_application/pointcloud) by extension 'cmake'
[0.173s] Level 1:colcon.colcon_core.package_identification:_identify(src/force_location/force_application/pointcloud) by extension 'python'
[0.173s] Level 1:colcon.colcon_core.package_identification:_identify(src/force_location/force_application/pointcloud) by extensions ['python_setup_py']
[0.173s] Level 1:colcon.colcon_core.package_identification:_identify(src/force_location/force_application/pointcloud) by extension 'python_setup_py'
[0.173s] Level 1:colcon.colcon_core.package_identification:_identify(src/trust_contact) by extensions ['ignore', 'ignore_ament_install']
[0.173s] Level 1:colcon.colcon_core.package_identification:_identify(src/trust_contact) by extension 'ignore'
[0.173s] Level 1:colcon.colcon_core.package_identification:_identify(src/trust_contact) by extension 'ignore_ament_install'
[0.173s] Level 1:colcon.colcon_core.package_identification:_identify(src/trust_contact) by extensions ['colcon_pkg']
[0.173s] Level 1:colcon.colcon_core.package_identification:_identify(src/trust_contact) by extension 'colcon_pkg'
[0.173s] Level 1:colcon.colcon_core.package_identification:_identify(src/trust_contact) by extensions ['colcon_meta']
[0.173s] Level 1:colcon.colcon_core.package_identification:_identify(src/trust_contact) by extension 'colcon_meta'
[0.173s] Level 1:colcon.colcon_core.package_identification:_identify(src/trust_contact) by extensions ['ros']
[0.173s] Level 1:colcon.colcon_core.package_identification:_identify(src/trust_contact) by extension 'ros'
[0.173s] DEBUG:colcon.colcon_core.package_identification:Package 'src/trust_contact' with type 'ros.ament_python' and name 'trust_contact'
[0.173s] Level 1:colcon.colcon_core.package_identification:_identify(src/trust_contact_change) by extensions ['ignore', 'ignore_ament_install']
[0.173s] Level 1:colcon.colcon_core.package_identification:_identify(src/trust_contact_change) by extension 'ignore'
[0.173s] Level 1:colcon.colcon_core.package_identification:_identify(src/trust_contact_change) by extension 'ignore_ament_install'
[0.173s] Level 1:colcon.colcon_core.package_identification:_identify(src/trust_contact_change) by extensions ['colcon_pkg']
[0.173s] Level 1:colcon.colcon_core.package_identification:_identify(src/trust_contact_change) by extension 'colcon_pkg'
[0.173s] Level 1:colcon.colcon_core.package_identification:_identify(src/trust_contact_change) by extensions ['colcon_meta']
[0.173s] Level 1:colcon.colcon_core.package_identification:_identify(src/trust_contact_change) by extension 'colcon_meta'
[0.173s] Level 1:colcon.colcon_core.package_identification:_identify(src/trust_contact_change) by extensions ['ros']
[0.173s] Level 1:colcon.colcon_core.package_identification:_identify(src/trust_contact_change) by extension 'ros'
[0.174s] Level 1:colcon.colcon_core.package_identification:_identify(src/trust_contact_change) by extensions ['cmake', 'python']
[0.174s] Level 1:colcon.colcon_core.package_identification:_identify(src/trust_contact_change) by extension 'cmake'
[0.174s] Level 1:colcon.colcon_core.package_identification:_identify(src/trust_contact_change) by extension 'python'
[0.174s] Level 1:colcon.colcon_core.package_identification:_identify(src/trust_contact_change) by extensions ['python_setup_py']
[0.174s] Level 1:colcon.colcon_core.package_identification:_identify(src/trust_contact_change) by extension 'python_setup_py'
[0.174s] Level 1:colcon.colcon_core.package_identification:_identify(src/trust_contact_change/build) by extensions ['ignore', 'ignore_ament_install']
[0.174s] Level 1:colcon.colcon_core.package_identification:_identify(src/trust_contact_change/build) by extension 'ignore'
[0.174s] Level 1:colcon.colcon_core.package_identification:_identify(src/trust_contact_change/build) ignored
[0.174s] Level 1:colcon.colcon_core.package_identification:_identify(src/trust_contact_change/install) by extensions ['ignore', 'ignore_ament_install']
[0.174s] Level 1:colcon.colcon_core.package_identification:_identify(src/trust_contact_change/install) by extension 'ignore'
[0.174s] Level 1:colcon.colcon_core.package_identification:_identify(src/trust_contact_change/install) ignored
[0.174s] Level 1:colcon.colcon_core.package_identification:_identify(src/trust_contact_change/log) by extensions ['ignore', 'ignore_ament_install']
[0.174s] Level 1:colcon.colcon_core.package_identification:_identify(src/trust_contact_change/log) by extension 'ignore'
[0.174s] Level 1:colcon.colcon_core.package_identification:_identify(src/trust_contact_change/log) ignored
[0.174s] Level 1:colcon.colcon_core.package_identification:_identify(src/trust_contact_change/models) by extensions ['ignore', 'ignore_ament_install']
[0.174s] Level 1:colcon.colcon_core.package_identification:_identify(src/trust_contact_change/models) by extension 'ignore'
[0.174s] Level 1:colcon.colcon_core.package_identification:_identify(src/trust_contact_change/models) by extension 'ignore_ament_install'
[0.174s] Level 1:colcon.colcon_core.package_identification:_identify(src/trust_contact_change/models) by extensions ['colcon_pkg']
[0.174s] Level 1:colcon.colcon_core.package_identification:_identify(src/trust_contact_change/models) by extension 'colcon_pkg'
[0.174s] Level 1:colcon.colcon_core.package_identification:_identify(src/trust_contact_change/models) by extensions ['colcon_meta']
[0.174s] Level 1:colcon.colcon_core.package_identification:_identify(src/trust_contact_change/models) by extension 'colcon_meta'
[0.174s] Level 1:colcon.colcon_core.package_identification:_identify(src/trust_contact_change/models) by extensions ['ros']
[0.174s] Level 1:colcon.colcon_core.package_identification:_identify(src/trust_contact_change/models) by extension 'ros'
[0.174s] Level 1:colcon.colcon_core.package_identification:_identify(src/trust_contact_change/models) by extensions ['cmake', 'python']
[0.174s] Level 1:colcon.colcon_core.package_identification:_identify(src/trust_contact_change/models) by extension 'cmake'
[0.174s] Level 1:colcon.colcon_core.package_identification:_identify(src/trust_contact_change/models) by extension 'python'
[0.174s] Level 1:colcon.colcon_core.package_identification:_identify(src/trust_contact_change/models) by extensions ['python_setup_py']
[0.174s] Level 1:colcon.colcon_core.package_identification:_identify(src/trust_contact_change/models) by extension 'python_setup_py'
[0.174s] Level 1:colcon.colcon_core.package_identification:_identify(src/trust_contact_change/models/assets) by extensions ['ignore', 'ignore_ament_install']
[0.174s] Level 1:colcon.colcon_core.package_identification:_identify(src/trust_contact_change/models/assets) by extension 'ignore'
[0.174s] Level 1:colcon.colcon_core.package_identification:_identify(src/trust_contact_change/models/assets) by extension 'ignore_ament_install'
[0.174s] Level 1:colcon.colcon_core.package_identification:_identify(src/trust_contact_change/models/assets) by extensions ['colcon_pkg']
[0.174s] Level 1:colcon.colcon_core.package_identification:_identify(src/trust_contact_change/models/assets) by extension 'colcon_pkg'
[0.174s] Level 1:colcon.colcon_core.package_identification:_identify(src/trust_contact_change/models/assets) by extensions ['colcon_meta']
[0.174s] Level 1:colcon.colcon_core.package_identification:_identify(src/trust_contact_change/models/assets) by extension 'colcon_meta'
[0.174s] Level 1:colcon.colcon_core.package_identification:_identify(src/trust_contact_change/models/assets) by extensions ['ros']
[0.174s] Level 1:colcon.colcon_core.package_identification:_identify(src/trust_contact_change/models/assets) by extension 'ros'
[0.174s] Level 1:colcon.colcon_core.package_identification:_identify(src/trust_contact_change/models/assets) by extensions ['cmake', 'python']
[0.174s] Level 1:colcon.colcon_core.package_identification:_identify(src/trust_contact_change/models/assets) by extension 'cmake'
[0.174s] Level 1:colcon.colcon_core.package_identification:_identify(src/trust_contact_change/models/assets) by extension 'python'
[0.175s] Level 1:colcon.colcon_core.package_identification:_identify(src/trust_contact_change/models/assets) by extensions ['python_setup_py']
[0.175s] Level 1:colcon.colcon_core.package_identification:_identify(src/trust_contact_change/models/assets) by extension 'python_setup_py'
[0.175s] Level 1:colcon.colcon_core.package_discovery:discover_packages(recursive) using defaults
[0.175s] Level 1:colcon.colcon_core.package_discovery:discover_packages(ignore) discover
[0.175s] Level 1:colcon.colcon_core.package_discovery:discover_packages(ignore) using defaults
[0.175s] Level 1:colcon.colcon_core.package_discovery:discover_packages(path) discover
[0.175s] Level 1:colcon.colcon_core.package_discovery:discover_packages(path) using defaults
[0.186s] Level 1:colcon.colcon_core.package_discovery:discover_packages(prefix_path) check parameters
[0.186s] Level 1:colcon.colcon_core.package_discovery:discover_packages(prefix_path) discover
[0.186s] DEBUG:colcon.colcon_installed_package_information.package_discovery:Found 2 installed packages in /home/paulav/contact_ws/install
[0.187s] DEBUG:colcon.colcon_installed_package_information.package_discovery:Found 378 installed packages in /opt/ros/humble
[0.189s] Level 1:colcon.colcon_core.package_discovery:discover_packages(prefix_path) using defaults
[0.212s] Level 5:colcon.colcon_core.verb:set package 'contact_localization_ros' build argument 'cmake_args' from command line to 'None'
[0.212s] Level 5:colcon.colcon_core.verb:set package 'contact_localization_ros' build argument 'cmake_target' from command line to 'None'
[0.212s] Level 5:colcon.colcon_core.verb:set package 'contact_localization_ros' build argument 'cmake_target_skip_unavailable' from command line to 'False'
[0.212s] Level 5:colcon.colcon_core.verb:set package 'contact_localization_ros' build argument 'cmake_clean_cache' from command line to 'False'
[0.212s] Level 5:colcon.colcon_core.verb:set package 'contact_localization_ros' build argument 'cmake_clean_first' from command line to 'False'
[0.212s] Level 5:colcon.colcon_core.verb:set package 'contact_localization_ros' build argument 'cmake_force_configure' from command line to 'False'
[0.212s] Level 5:colcon.colcon_core.verb:set package 'contact_localization_ros' build argument 'ament_cmake_args' from command line to 'None'
[0.212s] Level 5:colcon.colcon_core.verb:set package 'contact_localization_ros' build argument 'catkin_cmake_args' from command line to 'None'
[0.212s] Level 5:colcon.colcon_core.verb:set package 'contact_localization_ros' build argument 'catkin_skip_building_tests' from command line to 'False'
[0.212s] DEBUG:colcon.colcon_core.verb:Building package 'contact_localization_ros' with the following arguments: {'ament_cmake_args': None, 'build_base': '/home/paulav/contact_ws/build/contact_localization_ros', 'catkin_cmake_args': None, 'catkin_skip_building_tests': False, 'cmake_args': None, 'cmake_clean_cache': False, 'cmake_clean_first': False, 'cmake_force_configure': False, 'cmake_target': None, 'cmake_target_skip_unavailable': False, 'install_base': '/home/paulav/contact_ws/install/contact_localization_ros', 'merge_install': False, 'path': '/home/paulav/contact_ws/src/contact_localization_ros', 'symlink_install': True, 'test_result_base': None}
[0.212s] Level 5:colcon.colcon_core.verb:set package 'trust_contact' build argument 'cmake_args' from command line to 'None'
[0.212s] Level 5:colcon.colcon_core.verb:set package 'trust_contact' build argument 'cmake_target' from command line to 'None'
[0.212s] Level 5:colcon.colcon_core.verb:set package 'trust_contact' build argument 'cmake_target_skip_unavailable' from command line to 'False'
[0.212s] Level 5:colcon.colcon_core.verb:set package 'trust_contact' build argument 'cmake_clean_cache' from command line to 'False'
[0.212s] Level 5:colcon.colcon_core.verb:set package 'trust_contact' build argument 'cmake_clean_first' from command line to 'False'
[0.213s] Level 5:colcon.colcon_core.verb:set package 'trust_contact' build argument 'cmake_force_configure' from command line to 'False'
[0.213s] Level 5:colcon.colcon_core.verb:set package 'trust_contact' build argument 'ament_cmake_args' from command line to 'None'
[0.213s] Level 5:colcon.colcon_core.verb:set package 'trust_contact' build argument 'catkin_cmake_args' from command line to 'None'
[0.213s] Level 5:colcon.colcon_core.verb:set package 'trust_contact' build argument 'catkin_skip_building_tests' from command line to 'False'
[0.213s] DEBUG:colcon.colcon_core.verb:Building package 'trust_contact' with the following arguments: {'ament_cmake_args': None, 'build_base': '/home/paulav/contact_ws/build/trust_contact', 'catkin_cmake_args': None, 'catkin_skip_building_tests': False, 'cmake_args': None, 'cmake_clean_cache': False, 'cmake_clean_first': False, 'cmake_force_configure': False, 'cmake_target': None, 'cmake_target_skip_unavailable': False, 'install_base': '/home/paulav/contact_ws/install/trust_contact', 'merge_install': False, 'path': '/home/paulav/contact_ws/src/trust_contact', 'symlink_install': True, 'test_result_base': None}
[0.213s] INFO:colcon.colcon_core.executor:Executing jobs using 'parallel' executor
[0.214s] DEBUG:colcon.colcon_parallel_executor.executor.parallel:run_until_complete
[0.214s] INFO:colcon.colcon_ros.task.ament_python.build:Building ROS package in '/home/paulav/contact_ws/src/contact_localization_ros' with build type 'ament_python'
[0.214s] Level 1:colcon.colcon_core.shell:create_environment_hook('contact_localization_ros', 'ament_prefix_path')
[0.215s] INFO:colcon.colcon_core.plugin_system:Skipping extension 'colcon_core.shell.bat': Not used on non-Windows systems
[0.215s] INFO:colcon.colcon_core.shell:Creating environment hook '/home/paulav/contact_ws/install/contact_localization_ros/share/contact_localization_ros/hook/ament_prefix_path.ps1'
[0.215s] INFO:colcon.colcon_core.shell:Creating environment descriptor '/home/paulav/contact_ws/install/contact_localization_ros/share/contact_localization_ros/hook/ament_prefix_path.dsv'
[0.215s] INFO:colcon.colcon_core.shell:Creating environment hook '/home/paulav/contact_ws/install/contact_localization_ros/share/contact_localization_ros/hook/ament_prefix_path.sh'
[0.216s] INFO:colcon.colcon_core.shell:Skip shell extension 'powershell' for command environment: Not usable outside of PowerShell
[0.216s] DEBUG:colcon.colcon_core.shell:Skip shell extension 'dsv' for command environment
[0.218s] INFO:colcon.colcon_ros.task.ament_python.build:Building ROS package in '/home/paulav/contact_ws/src/trust_contact' with build type 'ament_python'
[0.218s] Level 1:colcon.colcon_core.shell:create_environment_hook('trust_contact', 'ament_prefix_path')
[0.218s] INFO:colcon.colcon_core.shell:Creating environment hook '/home/paulav/contact_ws/install/trust_contact/share/trust_contact/hook/ament_prefix_path.ps1'
[0.218s] INFO:colcon.colcon_core.shell:Creating environment descriptor '/home/paulav/contact_ws/install/trust_contact/share/trust_contact/hook/ament_prefix_path.dsv'
[0.218s] INFO:colcon.colcon_core.shell:Creating environment hook '/home/paulav/contact_ws/install/trust_contact/share/trust_contact/hook/ament_prefix_path.sh'
[0.219s] INFO:colcon.colcon_core.shell:Skip shell extension 'powershell' for command environment: Not usable outside of PowerShell
[0.219s] DEBUG:colcon.colcon_core.shell:Skip shell extension 'dsv' for command environment
[0.374s] INFO:colcon.colcon_core.task.python.build:Building Python package in '/home/paulav/contact_ws/src/contact_localization_ros'
[0.374s] INFO:colcon.colcon_core.shell:Skip shell extension 'powershell' for command environment: Not usable outside of PowerShell
[0.374s] DEBUG:colcon.colcon_core.shell:Skip shell extension 'dsv' for command environment
[0.530s] INFO:colcon.colcon_core.task.python.build:Building Python package in '/home/paulav/contact_ws/src/trust_contact'
[0.530s] INFO:colcon.colcon_core.shell:Skip shell extension 'powershell' for command environment: Not usable outside of PowerShell
[0.530s] DEBUG:colcon.colcon_core.shell:Skip shell extension 'dsv' for command environment
[0.725s] DEBUG:colcon.colcon_core.task.python.build:While undoing a previous installation files outside the Python library path are being ignored: /home/paulav/contact_ws/install/trust_contact/share/ament_index/resource_index/packages/trust_contact
[0.726s] DEBUG:colcon.colcon_core.task.python.build:While undoing a previous installation files outside the Python library path are being ignored: /home/paulav/contact_ws/install/trust_contact/share/trust_contact/package.xml
[0.726s] DEBUG:colcon.colcon_core.task.python.build:While undoing a previous installation files outside the Python library path are being ignored: /home/paulav/contact_ws/install/trust_contact/share/trust_contact/models/peg.xml
[0.726s] DEBUG:colcon.colcon_core.task.python.build:While undoing a previous installation files outside the Python library path are being ignored: /home/paulav/contact_ws/install/trust_contact/share/trust_contact/models/panda_nohand.xml
[0.726s] DEBUG:colcon.colcon_core.task.python.build:While undoing a previous installation files outside the Python library path are being ignored: /home/paulav/contact_ws/install/trust_contact/share/trust_contact/models/scene.xml
[0.726s] DEBUG:colcon.colcon_core.task.python.build:While undoing a previous installation files outside the Python library path are being ignored: /home/paulav/contact_ws/install/trust_contact/share/trust_contact/models/panda_withpeg.xml
[0.726s] DEBUG:colcon.colcon_core.task.python.build:While undoing a previous installation files outside the Python library path are being ignored: /home/paulav/contact_ws/install/trust_contact/share/trust_contact/models/panda.urdf
[0.726s] DEBUG:colcon.colcon_core.task.python.build:While undoing a previous installation files outside the Python library path are being ignored: /home/paulav/contact_ws/install/trust_contact/share/trust_contact/models/assets/oldpeg.stl
[0.726s] DEBUG:colcon.colcon_core.task.python.build:While undoing a previous installation files outside the Python library path are being ignored: /home/paulav/contact_ws/install/trust_contact/share/trust_contact/models/assets/link5_0.obj
[0.726s] DEBUG:colcon.colcon_core.task.python.build:While undoing a previous installation files outside the Python library path are being ignored: /home/paulav/contact_ws/install/trust_contact/share/trust_contact/models/assets/link0_10.obj
[0.726s] DEBUG:colcon.colcon_core.task.python.build:While undoing a previous installation files outside the Python library path are being ignored: /home/paulav/contact_ws/install/trust_contact/share/trust_contact/models/assets/link7_3.obj
[0.726s] DEBUG:colcon.colcon_core.task.python.build:While undoing a previous installation files outside the Python library path are being ignored: /home/paulav/contact_ws/install/trust_contact/share/trust_contact/models/assets/finger_0.obj
[0.726s] DEBUG:colcon.colcon_core.task.python.build:While undoing a previous installation files outside the Python library path are being ignored: /home/paulav/contact_ws/install/trust_contact/share/trust_contact/models/assets/link4_2.obj
[0.726s] DEBUG:colcon.colcon_core.task.python.build:While undoing a previous installation files outside the Python library path are being ignored: /home/paulav/contact_ws/install/trust_contact/share/trust_contact/models/assets/link5_2.obj
[0.726s] DEBUG:colcon.colcon_core.task.python.build:While undoing a previous installation files outside the Python library path are being ignored: /home/paulav/contact_ws/install/trust_contact/share/trust_contact/models/assets/link5_1.obj
[0.726s] DEBUG:colcon.colcon_core.task.python.build:While undoing a previous installation files outside the Python library path are being ignored: /home/paulav/contact_ws/install/trust_contact/share/trust_contact/models/assets/finger_1.obj
[0.726s] DEBUG:colcon.colcon_core.task.python.build:While undoing a previous installation files outside the Python library path are being ignored: /home/paulav/contact_ws/install/trust_contact/share/trust_contact/models/assets/link4_0.obj
[0.726s] DEBUG:colcon.colcon_core.task.python.build:While undoing a previous installation files outside the Python library path are being ignored: /home/paulav/contact_ws/install/trust_contact/share/trust_contact/models/assets/link6_9.obj
[0.726s] DEBUG:colcon.colcon_core.task.python.build:While undoing a previous installation files outside the Python library path are being ignored: /home/paulav/contact_ws/install/trust_contact/share/trust_contact/models/assets/link0_1.obj
[0.726s] DEBUG:colcon.colcon_core.task.python.build:While undoing a previous installation files outside the Python library path are being ignored: /home/paulav/contact_ws/install/trust_contact/share/trust_contact/models/assets/link6.stl
[0.726s] DEBUG:colcon.colcon_core.task.python.build:While undoing a previous installation files outside the Python library path are being ignored: /home/paulav/contact_ws/install/trust_contact/share/trust_contact/models/assets/link3_3.obj
[0.726s] DEBUG:colcon.colcon_core.task.python.build:While undoing a previous installation files outside the Python library path are being ignored: /home/paulav/contact_ws/install/trust_contact/share/trust_contact/models/assets/hand_3.obj
[0.726s] DEBUG:colcon.colcon_core.task.python.build:While undoing a previous installation files outside the Python library path are being ignored: /home/paulav/contact_ws/install/trust_contact/share/trust_contact/models/assets/hand_4.obj
[0.726s] DEBUG:colcon.colcon_core.task.python.build:While undoing a previous installation files outside the Python library path are being ignored: /home/paulav/contact_ws/install/trust_contact/share/trust_contact/models/assets/link2.obj
[0.726s] DEBUG:colcon.colcon_core.task.python.build:While undoing a previous installation files outside the Python library path are being ignored: /home/paulav/contact_ws/install/trust_contact/share/trust_contact/models/assets/link4_1.obj
[0.726s] DEBUG:colcon.colcon_core.task.python.build:While undoing a previous installation files outside the Python library path are being ignored: /home/paulav/contact_ws/install/trust_contact/share/trust_contact/models/assets/link7.stl
[0.726s] DEBUG:colcon.colcon_core.task.python.build:While undoing a previous installation files outside the Python library path are being ignored: /home/paulav/contact_ws/install/trust_contact/share/trust_contact/models/assets/link0_11.obj
[0.726s] DEBUG:colcon.colcon_core.task.python.build:While undoing a previous installation files outside the Python library path are being ignored: /home/paulav/contact_ws/install/trust_contact/share/trust_contact/models/assets/link7_6.obj
[0.726s] DEBUG:colcon.colcon_core.task.python.build:While undoing a previous installation files outside the Python library path are being ignored: /home/paulav/contact_ws/install/trust_contact/share/trust_contact/models/assets/link6_13.obj
[0.726s] DEBUG:colcon.colcon_core.task.python.build:While undoing a previous installation files outside the Python library path are being ignored: /home/paulav/contact_ws/install/trust_contact/share/trust_contact/models/assets/link0_9.obj
[0.726s] DEBUG:colcon.colcon_core.task.python.build:While undoing a previous installation files outside the Python library path are being ignored: /home/paulav/contact_ws/install/trust_contact/share/trust_contact/models/assets/hand_2.obj
[0.726s] DEBUG:colcon.colcon_core.task.python.build:While undoing a previous installation files outside the Python library path are being ignored: /home/paulav/contact_ws/install/trust_contact/share/trust_contact/models/assets/link2.stl
[0.726s] DEBUG:colcon.colcon_core.task.python.build:While undoing a previous installation files outside the Python library path are being ignored: /home/paulav/contact_ws/install/trust_contact/share/trust_contact/models/assets/link3_0.obj
[0.726s] DEBUG:colcon.colcon_core.task.python.build:While undoing a previous installation files outside the Python library path are being ignored: /home/paulav/contact_ws/install/trust_contact/share/trust_contact/models/assets/oldpeg.obj
[0.726s] DEBUG:colcon.colcon_core.task.python.build:While undoing a previous installation files outside the Python library path are being ignored: /home/paulav/contact_ws/install/trust_contact/share/trust_contact/models/assets/link0_8.obj
[0.726s] DEBUG:colcon.colcon_core.task.python.build:While undoing a previous installation files outside the Python library path are being ignored: /home/paulav/contact_ws/install/trust_contact/share/trust_contact/models/assets/link0_7.obj
[0.726s] DEBUG:colcon.colcon_core.task.python.build:While undoing a previous installation files outside the Python library path are being ignored: /home/paulav/contact_ws/install/trust_contact/share/trust_contact/models/assets/link4_3.obj
[0.726s] DEBUG:colcon.colcon_core.task.python.build:While undoing a previous installation files outside the Python library path are being ignored: /home/paulav/contact_ws/install/trust_contact/share/trust_contact/models/assets/link6_4.obj
[0.726s] DEBUG:colcon.colcon_core.task.python.build:While undoing a previous installation files outside the Python library path are being ignored: /home/paulav/contact_ws/install/trust_contact/share/trust_contact/models/assets/link6_3.obj
[0.726s] DEBUG:colcon.colcon_core.task.python.build:While undoing a previous installation files outside the Python library path are being ignored: /home/paulav/contact_ws/install/trust_contact/share/trust_contact/models/assets/peg.stl
[0.726s] DEBUG:colcon.colcon_core.task.python.build:While undoing a previous installation files outside the Python library path are being ignored: /home/paulav/contact_ws/install/trust_contact/share/trust_contact/models/assets/hand.stl
[0.726s] DEBUG:colcon.colcon_core.task.python.build:While undoing a previous installation files outside the Python library path are being ignored: /home/paulav/contact_ws/install/trust_contact/share/trust_contact/models/assets/link7_5.obj
[0.726s] DEBUG:colcon.colcon_core.task.python.build:While undoing a previous installation files outside the Python library path are being ignored: /home/paulav/contact_ws/install/trust_contact/share/trust_contact/models/assets/link6_1.obj
[0.726s] DEBUG:colcon.colcon_core.task.python.build:While undoing a previous installation files outside the Python library path are being ignored: /home/paulav/contact_ws/install/trust_contact/share/trust_contact/models/assets/link6_15.obj
[0.726s] DEBUG:colcon.colcon_core.task.python.build:While undoing a previous installation files outside the Python library path are being ignored: /home/paulav/contact_ws/install/trust_contact/share/trust_contact/models/assets/link0_3.obj
[0.726s] DEBUG:colcon.colcon_core.task.python.build:While undoing a previous installation files outside the Python library path are being ignored: /home/paulav/contact_ws/install/trust_contact/share/trust_contact/models/assets/link3.stl
[0.726s] DEBUG:colcon.colcon_core.task.python.build:While undoing a previous installation files outside the Python library path are being ignored: /home/paulav/contact_ws/install/trust_contact/share/trust_contact/models/assets/link0_4.obj
[0.726s] DEBUG:colcon.colcon_core.task.python.build:While undoing a previous installation files outside the Python library path are being ignored: /home/paulav/contact_ws/install/trust_contact/share/trust_contact/models/assets/link4.stl
[0.726s] DEBUG:colcon.colcon_core.task.python.build:While undoing a previous installation files outside the Python library path are being ignored: /home/paulav/contact_ws/install/trust_contact/share/trust_contact/models/assets/link1.obj
[0.726s] DEBUG:colcon.colcon_core.task.python.build:While undoing a previous installation files outside the Python library path are being ignored: /home/paulav/contact_ws/install/trust_contact/share/trust_contact/models/assets/link6_12.obj
[0.726s] DEBUG:colcon.colcon_core.task.python.build:While undoing a previous installation files outside the Python library path are being ignored: /home/paulav/contact_ws/install/trust_contact/share/trust_contact/models/assets/link3_1.obj
[0.726s] DEBUG:colcon.colcon_core.task.python.build:While undoing a previous installation files outside the Python library path are being ignored: /home/paulav/contact_ws/install/trust_contact/share/trust_contact/models/assets/link0.stl
[0.726s] DEBUG:colcon.colcon_core.task.python.build:While undoing a previous installation files outside the Python library path are being ignored: /home/paulav/contact_ws/install/trust_contact/share/trust_contact/models/assets/link7_2.obj
[0.726s] DEBUG:colcon.colcon_core.task.python.build:While undoing a previous installation files outside the Python library path are being ignored: /home/paulav/contact_ws/install/trust_contact/share/trust_contact/models/assets/link6_10.obj
[0.726s] DEBUG:colcon.colcon_core.task.python.build:While undoing a previous installation files outside the Python library path are being ignored: /home/paulav/contact_ws/install/trust_contact/share/trust_contact/models/assets/link0_0.obj
[0.726s] DEBUG:colcon.colcon_core.task.python.build:While undoing a previous installation files outside the Python library path are being ignored: /home/paulav/contact_ws/install/trust_contact/share/trust_contact/models/assets/link6_16.obj
[0.726s] DEBUG:colcon.colcon_core.task.python.build:While undoing a previous installation files outside the Python library path are being ignored: /home/paulav/contact_ws/install/trust_contact/share/trust_contact/models/assets/link5_collision_2.obj
[0.726s] DEBUG:colcon.colcon_core.task.python.build:While undoing a previous installation files outside the Python library path are being ignored: /home/paulav/contact_ws/install/trust_contact/share/trust_contact/models/assets/link6_5.obj
[0.726s] DEBUG:colcon.colcon_core.task.python.build:While undoing a previous installation files outside the Python library path are being ignored: /home/paulav/contact_ws/install/trust_contact/share/trust_contact/models/assets/link5_collision_0.obj
[0.726s] DEBUG:colcon.colcon_core.task.python.build:While undoing a previous installation files outside the Python library path are being ignored: /home/paulav/contact_ws/install/trust_contact/share/trust_contact/models/assets/link6_7.obj
[0.726s] DEBUG:colcon.colcon_core.task.python.build:While undoing a previous installation files outside the Python library path are being ignored: /home/paulav/contact_ws/install/trust_contact/share/trust_contact/models/assets/link3_2.obj
[0.726s] DEBUG:colcon.colcon_core.task.python.build:While undoing a previous installation files outside the Python library path are being ignored: /home/paulav/contact_ws/install/trust_contact/share/trust_contact/models/assets/link0_2.obj
[0.726s] DEBUG:colcon.colcon_core.task.python.build:While undoing a previous installation files outside the Python library path are being ignored: /home/paulav/contact_ws/install/trust_contact/share/trust_contact/models/assets/link6_6.obj
[0.726s] DEBUG:colcon.colcon_core.task.python.build:While undoing a previous installation files outside the Python library path are being ignored: /home/paulav/contact_ws/install/trust_contact/share/trust_contact/models/assets/link6_11.obj
[0.726s] DEBUG:colcon.colcon_core.task.python.build:While undoing a previous installation files outside the Python library path are being ignored: /home/paulav/contact_ws/install/trust_contact/share/trust_contact/models/assets/link7_0.obj
[0.726s] DEBUG:colcon.colcon_core.task.python.build:While undoing a previous installation files outside the Python library path are being ignored: /home/paulav/contact_ws/install/trust_contact/share/trust_contact/models/assets/link6_14.obj
[0.726s] DEBUG:colcon.colcon_core.task.python.build:While undoing a previous installation files outside the Python library path are being ignored: /home/paulav/contact_ws/install/trust_contact/share/trust_contact/models/assets/link5_collision_1.obj
[0.726s] DEBUG:colcon.colcon_core.task.python.build:While undoing a previous installation files outside the Python library path are being ignored: /home/paulav/contact_ws/install/trust_contact/share/trust_contact/models/assets/link7_1.obj
[0.726s] DEBUG:colcon.colcon_core.task.python.build:While undoing a previous installation files outside the Python library path are being ignored: /home/paulav/contact_ws/install/trust_contact/share/trust_contact/models/assets/hand_0.obj
[0.726s] DEBUG:colcon.colcon_core.task.python.build:While undoing a previous installation files outside the Python library path are being ignored: /home/paulav/contact_ws/install/trust_contact/share/trust_contact/models/assets/link7_4.obj
[0.726s] DEBUG:colcon.colcon_core.task.python.build:While undoing a previous installation files outside the Python library path are being ignored: /home/paulav/contact_ws/install/trust_contact/share/trust_contact/models/assets/link6_0.obj
[0.726s] DEBUG:colcon.colcon_core.task.python.build:While undoing a previous installation files outside the Python library path are being ignored: /home/paulav/contact_ws/install/trust_contact/share/trust_contact/models/assets/link0_5.obj
[0.726s] DEBUG:colcon.colcon_core.task.python.build:While undoing a previous installation files outside the Python library path are being ignored: /home/paulav/contact_ws/install/trust_contact/share/trust_contact/models/assets/link1.stl
[0.726s] DEBUG:colcon.colcon_core.task.python.build:While undoing a previous installation files outside the Python library path are being ignored: /home/paulav/contact_ws/install/trust_contact/share/trust_contact/models/assets/link7_7.obj
[0.726s] DEBUG:colcon.colcon_core.task.python.build:While undoing a previous installation files outside the Python library path are being ignored: /home/paulav/contact_ws/install/trust_contact/share/trust_contact/models/assets/peg.obj
[0.726s] DEBUG:colcon.colcon_core.task.python.build:While undoing a previous installation files outside the Python library path are being ignored: /home/paulav/contact_ws/install/trust_contact/share/trust_contact/models/assets/hand_1.obj
[0.726s] DEBUG:colcon.colcon_core.task.python.build:While undoing a previous installation files outside the Python library path are being ignored: /home/paulav/contact_ws/install/trust_contact/share/trust_contact/models/assets/link6_8.obj
[0.726s] DEBUG:colcon.colcon_core.task.python.build:While undoing a previous installation files outside the Python library path are being ignored: /home/paulav/contact_ws/install/trust_contact/share/trust_contact/models/assets/link6_2.obj
[0.726s] DEBUG:colcon.colcon_core.task.python.build:While undoing a previous installation files outside the Python library path are being ignored: /home/paulav/contact_ws/install/trust_contact/lib/trust_contact/contact_force
[0.726s] DEBUG:colcon.colcon_core.task.python.build:While undoing a previous installation files outside the Python library path are being ignored: /home/paulav/contact_ws/install/trust_contact/lib/trust_contact/residual_node
[0.736s] DEBUG:colcon.colcon_core.event_handler.log_command:Invoking command in '/home/paulav/contact_ws/build/trust_contact': PYTHONPATH=/home/paulav/contact_ws/build/trust_contact/prefix_override:/usr/lib/python3/dist-packages/colcon_core/task/python/colcon_distutils_commands:/home/paulav/contact_ws/install/trust_contact/lib/python3.10/site-packages:${PYTHONPATH} /usr/bin/python3 -W ignore:setup.py install is deprecated -W ignore:easy_install command is deprecated setup.py develop --editable --build-directory /home/paulav/contact_ws/build/trust_contact/build --no-deps symlink_data --force
[0.751s] DEBUG:colcon.colcon_core.task.python.build:While undoing a previous installation files outside the Python library path are being ignored: /home/paulav/contact_ws/install/contact_localization_ros/share/ament_index/resource_index/packages/contact_localization_ros
[0.751s] DEBUG:colcon.colcon_core.task.python.build:While undoing a previous installation files outside the Python library path are being ignored: /home/paulav/contact_ws/install/contact_localization_ros/share/contact_localization_ros/package.xml
[0.752s] DEBUG:colcon.colcon_core.event_handler.log_command:Invoking command in '/home/paulav/contact_ws/build/contact_localization_ros': PYTHONPATH=/home/paulav/contact_ws/build/contact_localization_ros/prefix_override:/usr/lib/python3/dist-packages/colcon_core/task/python/colcon_distutils_commands:/home/paulav/contact_ws/install/contact_localization_ros/lib/python3.10/site-packages:${PYTHONPATH} /usr/bin/python3 -W ignore:setup.py install is deprecated -W ignore:easy_install command is deprecated setup.py develop --editable --build-directory /home/paulav/contact_ws/build/contact_localization_ros/build --no-deps symlink_data --force
[0.982s] Level 1:colcon.colcon_core.shell:create_environment_hook('trust_contact', 'pythonpath_develop')
[0.982s] INFO:colcon.colcon_core.shell:Creating environment hook '/home/paulav/contact_ws/build/trust_contact/share/trust_contact/hook/pythonpath_develop.ps1'
[0.983s] DEBUG:colcon.colcon_core.event_handler.log_command:Invoked command in '/home/paulav/contact_ws/build/trust_contact' returned '0': PYTHONPATH=/home/paulav/contact_ws/build/trust_contact/prefix_override:/usr/lib/python3/dist-packages/colcon_core/task/python/colcon_distutils_commands:/home/paulav/contact_ws/install/trust_contact/lib/python3.10/site-packages:${PYTHONPATH} /usr/bin/python3 -W ignore:setup.py install is deprecated -W ignore:easy_install command is deprecated setup.py develop --editable --build-directory /home/paulav/contact_ws/build/trust_contact/build --no-deps symlink_data --force
[0.983s] INFO:colcon.colcon_core.shell:Creating environment descriptor '/home/paulav/contact_ws/build/trust_contact/share/trust_contact/hook/pythonpath_develop.dsv'
[0.983s] INFO:colcon.colcon_core.shell:Creating environment hook '/home/paulav/contact_ws/build/trust_contact/share/trust_contact/hook/pythonpath_develop.sh'
[0.984s] Level 1:colcon.colcon_core.environment:checking '/home/paulav/contact_ws/install/trust_contact' for CMake module files
[0.984s] Level 1:colcon.colcon_core.environment:checking '/home/paulav/contact_ws/install/trust_contact' for CMake config files
[0.985s] Level 1:colcon.colcon_core.environment:checking '/home/paulav/contact_ws/install/trust_contact/lib'
[0.985s] Level 1:colcon.colcon_core.environment:checking '/home/paulav/contact_ws/install/trust_contact/bin'
[0.985s] Level 1:colcon.colcon_core.environment:checking '/home/paulav/contact_ws/install/trust_contact/lib/pkgconfig/trust_contact.pc'
[0.985s] Level 1:colcon.colcon_core.environment:checking '/home/paulav/contact_ws/install/trust_contact/lib/python3.10/site-packages'
[0.985s] Level 1:colcon.colcon_core.shell:create_environment_hook('trust_contact', 'pythonpath')
[0.985s] INFO:colcon.colcon_core.shell:Creating environment hook '/home/paulav/contact_ws/install/trust_contact/share/trust_contact/hook/pythonpath.ps1'
[0.985s] INFO:colcon.colcon_core.shell:Creating environment descriptor '/home/paulav/contact_ws/install/trust_contact/share/trust_contact/hook/pythonpath.dsv'
[0.986s] INFO:colcon.colcon_core.shell:Creating environment hook '/home/paulav/contact_ws/install/trust_contact/share/trust_contact/hook/pythonpath.sh'
[0.986s] Level 1:colcon.colcon_core.environment:checking '/home/paulav/contact_ws/install/trust_contact/bin'
[0.986s] Level 1:colcon.colcon_core.environment:create_environment_scripts_only(trust_contact)
[0.986s] INFO:colcon.colcon_core.shell:Creating package script '/home/paulav/contact_ws/install/trust_contact/share/trust_contact/package.ps1'
[0.987s] INFO:colcon.colcon_core.shell:Creating package descriptor '/home/paulav/contact_ws/install/trust_contact/share/trust_contact/package.dsv'
[0.987s] INFO:colcon.colcon_core.shell:Creating package script '/home/paulav/contact_ws/install/trust_contact/share/trust_contact/package.sh'
[0.987s] INFO:colcon.colcon_core.shell:Creating package script '/home/paulav/contact_ws/install/trust_contact/share/trust_contact/package.bash'
[0.987s] INFO:colcon.colcon_core.shell:Creating package script '/home/paulav/contact_ws/install/trust_contact/share/trust_contact/package.zsh'
[0.988s] Level 1:colcon.colcon_core.environment:create_file_with_runtime_dependencies(/home/paulav/contact_ws/install/trust_contact/share/colcon-core/packages/trust_contact)
[1.023s] Level 1:colcon.colcon_core.shell:create_environment_hook('contact_localization_ros', 'pythonpath_develop')
[1.024s] INFO:colcon.colcon_core.shell:Creating environment hook '/home/paulav/contact_ws/build/contact_localization_ros/share/contact_localization_ros/hook/pythonpath_develop.ps1'
[1.024s] DEBUG:colcon.colcon_core.event_handler.log_command:Invoked command in '/home/paulav/contact_ws/build/contact_localization_ros' returned '0': PYTHONPATH=/home/paulav/contact_ws/build/contact_localization_ros/prefix_override:/usr/lib/python3/dist-packages/colcon_core/task/python/colcon_distutils_commands:/home/paulav/contact_ws/install/contact_localization_ros/lib/python3.10/site-packages:${PYTHONPATH} /usr/bin/python3 -W ignore:setup.py install is deprecated -W ignore:easy_install command is deprecated setup.py develop --editable --build-directory /home/paulav/contact_ws/build/contact_localization_ros/build --no-deps symlink_data --force
[1.024s] INFO:colcon.colcon_core.shell:Creating environment descriptor '/home/paulav/contact_ws/build/contact_localization_ros/share/contact_localization_ros/hook/pythonpath_develop.dsv'
[1.024s] INFO:colcon.colcon_core.shell:Creating environment hook '/home/paulav/contact_ws/build/contact_localization_ros/share/contact_localization_ros/hook/pythonpath_develop.sh'
[1.025s] Level 1:colcon.colcon_core.environment:checking '/home/paulav/contact_ws/install/contact_localization_ros' for CMake module files
[1.025s] Level 1:colcon.colcon_core.environment:checking '/home/paulav/contact_ws/install/contact_localization_ros' for CMake config files
[1.025s] Level 1:colcon.colcon_core.environment:checking '/home/paulav/contact_ws/install/contact_localization_ros/lib'
[1.025s] Level 1:colcon.colcon_core.environment:checking '/home/paulav/contact_ws/install/contact_localization_ros/bin'
[1.025s] Level 1:colcon.colcon_core.environment:checking '/home/paulav/contact_ws/install/contact_localization_ros/lib/pkgconfig/contact_localization_ros.pc'
[1.025s] Level 1:colcon.colcon_core.environment:checking '/home/paulav/contact_ws/install/contact_localization_ros/lib/python3.10/site-packages'
[1.025s] Level 1:colcon.colcon_core.shell:create_environment_hook('contact_localization_ros', 'pythonpath')
[1.025s] INFO:colcon.colcon_core.shell:Creating environment hook '/home/paulav/contact_ws/install/contact_localization_ros/share/contact_localization_ros/hook/pythonpath.ps1'
[1.026s] INFO:colcon.colcon_core.shell:Creating environment descriptor '/home/paulav/contact_ws/install/contact_localization_ros/share/contact_localization_ros/hook/pythonpath.dsv'
[1.026s] INFO:colcon.colcon_core.shell:Creating environment hook '/home/paulav/contact_ws/install/contact_localization_ros/share/contact_localization_ros/hook/pythonpath.sh'
[1.026s] Level 1:colcon.colcon_core.environment:checking '/home/paulav/contact_ws/install/contact_localization_ros/bin'
[1.026s] Level 1:colcon.colcon_core.environment:create_environment_scripts_only(contact_localization_ros)
[1.026s] INFO:colcon.colcon_core.shell:Creating package script '/home/paulav/contact_ws/install/contact_localization_ros/share/contact_localization_ros/package.ps1'
[1.027s] INFO:colcon.colcon_core.shell:Creating package descriptor '/home/paulav/contact_ws/install/contact_localization_ros/share/contact_localization_ros/package.dsv'
[1.027s] INFO:colcon.colcon_core.shell:Creating package script '/home/paulav/contact_ws/install/contact_localization_ros/share/contact_localization_ros/package.sh'
[1.027s] INFO:colcon.colcon_core.shell:Creating package script '/home/paulav/contact_ws/install/contact_localization_ros/share/contact_localization_ros/package.bash'
[1.027s] INFO:colcon.colcon_core.shell:Creating package script '/home/paulav/contact_ws/install/contact_localization_ros/share/contact_localization_ros/package.zsh'
[1.027s] Level 1:colcon.colcon_core.environment:create_file_with_runtime_dependencies(/home/paulav/contact_ws/install/contact_localization_ros/share/colcon-core/packages/contact_localization_ros)
[1.028s] DEBUG:colcon.colcon_parallel_executor.executor.parallel:closing loop
[1.028s] DEBUG:colcon.colcon_parallel_executor.executor.parallel:loop closed
[1.028s] DEBUG:colcon.colcon_parallel_executor.executor.parallel:run_until_complete finished with '0'
[1.028s] DEBUG:colcon.colcon_core.event_reactor:joining thread
[1.030s] INFO:colcon.colcon_core.plugin_system:Skipping extension 'colcon_notification.desktop_notification.terminal_notifier': Not used on non-Darwin systems
[1.030s] INFO:colcon.colcon_core.plugin_system:Skipping extension 'colcon_notification.desktop_notification.win32': Not used on non-Windows systems
[1.031s] INFO:colcon.colcon_notification.desktop_notification:Sending desktop notification using 'notify2'
[1.037s] DEBUG:colcon.colcon_core.event_reactor:joined thread
[1.037s] INFO:colcon.colcon_core.shell:Creating prefix script '/home/paulav/contact_ws/install/local_setup.ps1'
[1.038s] INFO:colcon.colcon_core.shell:Creating prefix util module '/home/paulav/contact_ws/install/_local_setup_util_ps1.py'
[1.038s] INFO:colcon.colcon_core.shell:Creating prefix chain script '/home/paulav/contact_ws/install/setup.ps1'
[1.039s] INFO:colcon.colcon_core.shell:Creating prefix script '/home/paulav/contact_ws/install/local_setup.sh'
[1.039s] INFO:colcon.colcon_core.shell:Creating prefix util module '/home/paulav/contact_ws/install/_local_setup_util_sh.py'
[1.039s] INFO:colcon.colcon_core.shell:Creating prefix chain script '/home/paulav/contact_ws/install/setup.sh'
[1.040s] INFO:colcon.colcon_core.shell:Creating prefix script '/home/paulav/contact_ws/install/local_setup.bash'
[1.040s] INFO:colcon.colcon_core.shell:Creating prefix chain script '/home/paulav/contact_ws/install/setup.bash'
[1.041s] INFO:colcon.colcon_core.shell:Creating prefix script '/home/paulav/contact_ws/install/local_setup.zsh'
[1.041s] INFO:colcon.colcon_core.shell:Creating prefix chain script '/home/paulav/contact_ws/install/setup.zsh'
