[0.009s] Invoking command in '/home/paulav/contact_ws/build/messages': CMAKE_PREFIX_PATH=${CMAKE_PREFIX_PATH}:/home/paulav/contact_ws/install/trust_contact:/home/paulav/contact_ws/install/contact_localization_ros:/opt/ros/humble /usr/bin/cmake /home/paulav/contact_ws/src/messages -DAMENT_CMAKE_SYMLINK_INSTALL=1 -DCMAKE_INSTALL_PREFIX=/home/paulav/contact_ws/install/messages
[0.019s] -- Found ament_cmake: 1.3.12 (/opt/ros/humble/share/ament_cmake/cmake)
[0.093s] -- Override CMake install command with custom implementation using symlinks instead of copying resources
[0.097s] -- Found rosidl_default_generators: 1.2.0 (/opt/ros/humble/share/rosidl_default_generators/cmake)
[0.098s] -- Using all available rosidl_typesupport_c: rosidl_typesupport_fastrtps_c;rosidl_typesupport_introspection_c
[0.099s] -- Found rosidl_adapter: 3.1.8 (/opt/ros/humble/share/rosidl_adapter/cmake)
[0.115s] -- Using all available rosidl_typesupport_cpp: rosidl_typesupport_fastrtps_cpp;rosidl_typesupport_introspection_cpp
[0.127s] -- Found builtin_interfaces: 1.2.2 (/opt/ros/humble/share/builtin_interfaces/cmake)
[0.308s] -- Found ament_cmake_ros: 0.10.0 (/opt/ros/humble/share/ament_cmake_ros/cmake)
[0.450s] -- Using all available rosidl_typesupport_c: rosidl_typesupport_fastrtps_c;rosidl_typesupport_introspection_c
[0.641s] -- Using all available rosidl_typesupport_cpp: rosidl_typesupport_fastrtps_cpp;rosidl_typesupport_introspection_cpp
[0.659s] -- Found python_cmake_module: 0.10.0 (/opt/ros/humble/share/python_cmake_module/cmake)
[0.676s] -- Using PYTHON_EXECUTABLE: /usr/bin/python3
[0.676s] -- Using PYTHON_INCLUDE_DIRS: /usr/include/python3.10
[0.676s] -- Using PYTHON_LIBRARIES: /usr/lib/x86_64-linux-gnu/libpython3.10.so
[0.683s] -- Found ament_lint_auto: 0.12.14 (/opt/ros/humble/share/ament_lint_auto/cmake)
[0.688s] -- Added test 'lint_cmake' to check CMake code style
[0.689s] -- Added test 'xmllint' to check XML markup files
[0.690s] -- Configuring done
[0.702s] -- Generating done
[0.706s] -- Build files have been written to: /home/paulav/contact_ws/build/messages
[0.711s] Invoked command in '/home/paulav/contact_ws/build/messages' returned '0': CMAKE_PREFIX_PATH=${CMAKE_PREFIX_PATH}:/home/paulav/contact_ws/install/trust_contact:/home/paulav/contact_ws/install/contact_localization_ros:/opt/ros/humble /usr/bin/cmake /home/paulav/contact_ws/src/messages -DAMENT_CMAKE_SYMLINK_INSTALL=1 -DCMAKE_INSTALL_PREFIX=/home/paulav/contact_ws/install/messages
[0.711s] Invoking command in '/home/paulav/contact_ws/build/messages': CMAKE_PREFIX_PATH=${CMAKE_PREFIX_PATH}:/home/paulav/contact_ws/install/trust_contact:/home/paulav/contact_ws/install/contact_localization_ros:/opt/ros/humble /usr/bin/cmake --build /home/paulav/contact_ws/build/messages -- -j24 -l24
[0.755s] [35m[1mConsolidate compiler generated dependencies of target messages__rosidl_generator_c[0m
[0.766s] [  3%] Built target messages__cpp
[0.769s] [ 12%] Built target messages__rosidl_generator_c
[0.772s] [ 12%] Built target ament_cmake_python_symlink_messages
[0.775s] [35m[1mConsolidate compiler generated dependencies of target messages__rosidl_typesupport_fastrtps_cpp[0m
[0.778s] [35m[1mConsolidate compiler generated dependencies of target messages__rosidl_typesupport_c[0m
[0.779s] [35m[1mConsolidate compiler generated dependencies of target messages__rosidl_typesupport_cpp[0m
[0.779s] [35m[1mConsolidate compiler generated dependencies of target messages__rosidl_typesupport_introspection_cpp[0m
[0.780s] [35m[1mConsolidate compiler generated dependencies of target messages__rosidl_typesupport_fastrtps_c[0m
[0.780s] [35m[1mConsolidate compiler generated dependencies of target messages__rosidl_typesupport_introspection_c[0m
[0.793s] [ 22%] Built target messages__rosidl_typesupport_introspection_c
[0.794s] [ 32%] Built target messages__rosidl_typesupport_fastrtps_c
[0.795s] [ 41%] Built target messages__rosidl_typesupport_introspection_cpp
[0.796s] [ 51%] Built target messages__rosidl_typesupport_c
[0.796s] [ 61%] Built target messages__rosidl_typesupport_fastrtps_cpp
[0.797s] [ 70%] Built target messages__rosidl_typesupport_cpp
[0.816s] [ 70%] Built target messages
[0.833s] [ 74%] Built target messages__py
[0.843s] [35m[1mConsolidate compiler generated dependencies of target messages__rosidl_generator_py[0m
[0.856s] [ 80%] Built target messages__rosidl_generator_py
[0.866s] [35m[1mConsolidate compiler generated dependencies of target messages__rosidl_typesupport_introspection_c__pyext[0m
[0.867s] [35m[1mConsolidate compiler generated dependencies of target messages__rosidl_typesupport_c__pyext[0m
[0.867s] [35m[1mConsolidate compiler generated dependencies of target messages__rosidl_typesupport_fastrtps_c__pyext[0m
[0.877s] [ 87%] Built target messages__rosidl_typesupport_fastrtps_c__pyext
[0.879s] [ 93%] Built target messages__rosidl_typesupport_introspection_c__pyext
[0.879s] [100%] Built target messages__rosidl_typesupport_c__pyext
[0.910s] running egg_info
[0.910s] writing messages.egg-info/PKG-INFO
[0.911s] writing dependency_links to messages.egg-info/dependency_links.txt
[0.911s] writing top-level names to messages.egg-info/top_level.txt
[0.912s] reading manifest file 'messages.egg-info/SOURCES.txt'
[0.912s] writing manifest file 'messages.egg-info/SOURCES.txt'
[0.929s] [100%] Built target ament_cmake_python_build_messages_egg
[0.940s] Invoked command in '/home/paulav/contact_ws/build/messages' returned '0': CMAKE_PREFIX_PATH=${CMAKE_PREFIX_PATH}:/home/paulav/contact_ws/install/trust_contact:/home/paulav/contact_ws/install/contact_localization_ros:/opt/ros/humble /usr/bin/cmake --build /home/paulav/contact_ws/build/messages -- -j24 -l24
[0.949s] Invoking command in '/home/paulav/contact_ws/build/messages': CMAKE_PREFIX_PATH=${CMAKE_PREFIX_PATH}:/home/paulav/contact_ws/install/trust_contact:/home/paulav/contact_ws/install/contact_localization_ros:/opt/ros/humble /usr/bin/cmake --install /home/paulav/contact_ws/build/messages
[0.957s] -- Install configuration: ""
[0.958s] -- Execute custom install script
[0.958s] -- Up-to-date symlink: /home/paulav/contact_ws/install/messages/share/ament_index/resource_index/rosidl_interfaces/messages
[0.959s] -- Up-to-date symlink: /home/paulav/contact_ws/install/messages/include/messages/messages/msg/detail/force_event__functions.h
[0.959s] -- Up-to-date symlink: /home/paulav/contact_ws/install/messages/include/messages/messages/msg/detail/force_event__struct.h
[0.959s] -- Up-to-date symlink: /home/paulav/contact_ws/install/messages/include/messages/messages/msg/detail/force_event__type_support.h
[0.959s] -- Up-to-date symlink: /home/paulav/contact_ws/install/messages/include/messages/messages/msg/force_event.h
[0.959s] -- Up-to-date symlink: /home/paulav/contact_ws/install/messages/include/messages/messages/msg/rosidl_generator_c__visibility_control.h
[0.959s] -- Up-to-date symlink: /home/paulav/contact_ws/install/messages/share/messages/environment/library_path.sh
[0.959s] -- Up-to-date symlink: /home/paulav/contact_ws/install/messages/share/messages/environment/library_path.dsv
[0.960s] -- Up-to-date symlink: /home/paulav/contact_ws/install/messages/include/messages/messages/msg/detail/force_event__rosidl_typesupport_fastrtps_c.h
[0.960s] -- Up-to-date symlink: /home/paulav/contact_ws/install/messages/include/messages/messages/msg/rosidl_typesupport_fastrtps_c__visibility_control.h
[0.960s] -- Up-to-date symlink: /home/paulav/contact_ws/install/messages/include/messages/messages/msg/detail/force_event__rosidl_typesupport_introspection_c.h
[0.960s] -- Up-to-date symlink: /home/paulav/contact_ws/install/messages/include/messages/messages/msg/rosidl_typesupport_introspection_c__visibility_control.h
[0.960s] -- Up-to-date symlink: /home/paulav/contact_ws/install/messages/include/messages/messages/msg/detail/force_event__builder.hpp
[0.960s] -- Up-to-date symlink: /home/paulav/contact_ws/install/messages/include/messages/messages/msg/detail/force_event__struct.hpp
[0.961s] -- Up-to-date symlink: /home/paulav/contact_ws/install/messages/include/messages/messages/msg/detail/force_event__traits.hpp
[0.961s] -- Up-to-date symlink: /home/paulav/contact_ws/install/messages/include/messages/messages/msg/detail/force_event__type_support.hpp
[0.961s] -- Up-to-date symlink: /home/paulav/contact_ws/install/messages/include/messages/messages/msg/force_event.hpp
[0.961s] -- Up-to-date symlink: /home/paulav/contact_ws/install/messages/include/messages/messages/msg/rosidl_generator_cpp__visibility_control.hpp
[0.961s] -- Up-to-date symlink: /home/paulav/contact_ws/install/messages/include/messages/messages/msg/detail/force_event__rosidl_typesupport_fastrtps_cpp.hpp
[0.961s] -- Up-to-date symlink: /home/paulav/contact_ws/install/messages/include/messages/messages/msg/rosidl_typesupport_fastrtps_cpp__visibility_control.h
[0.962s] -- Up-to-date symlink: /home/paulav/contact_ws/install/messages/include/messages/messages/msg/detail/force_event__rosidl_typesupport_introspection_cpp.hpp
[0.962s] -- Up-to-date symlink: /home/paulav/contact_ws/install/messages/share/messages/environment/pythonpath.sh
[0.962s] -- Up-to-date symlink: /home/paulav/contact_ws/install/messages/share/messages/environment/pythonpath.dsv
[0.962s] -- Up-to-date symlink: /home/paulav/contact_ws/install/messages/local/lib/python3.10/dist-packages/messages-0.0.0-py3.10.egg-info/PKG-INFO
[0.962s] -- Up-to-date symlink: /home/paulav/contact_ws/install/messages/local/lib/python3.10/dist-packages/messages-0.0.0-py3.10.egg-info/SOURCES.txt
[0.962s] -- Up-to-date symlink: /home/paulav/contact_ws/install/messages/local/lib/python3.10/dist-packages/messages-0.0.0-py3.10.egg-info/dependency_links.txt
[0.962s] -- Up-to-date symlink: /home/paulav/contact_ws/install/messages/local/lib/python3.10/dist-packages/messages-0.0.0-py3.10.egg-info/top_level.txt
[0.963s] -- Up-to-date symlink: /home/paulav/contact_ws/install/messages/local/lib/python3.10/dist-packages/messages/__init__.py
[0.963s] -- Up-to-date symlink: /home/paulav/contact_ws/install/messages/local/lib/python3.10/dist-packages/messages/_messages_s.ep.rosidl_typesupport_c.c
[0.963s] -- Up-to-date symlink: /home/paulav/contact_ws/install/messages/local/lib/python3.10/dist-packages/messages/_messages_s.ep.rosidl_typesupport_fastrtps_c.c
[0.963s] -- Up-to-date symlink: /home/paulav/contact_ws/install/messages/local/lib/python3.10/dist-packages/messages/_messages_s.ep.rosidl_typesupport_introspection_c.c
[0.963s] -- Up-to-date symlink: /home/paulav/contact_ws/install/messages/local/lib/python3.10/dist-packages/messages/libmessages__rosidl_generator_py.so
[0.963s] -- Up-to-date symlink: /home/paulav/contact_ws/install/messages/local/lib/python3.10/dist-packages/messages/messages_s__rosidl_typesupport_c.cpython-310-x86_64-linux-gnu.so
[0.963s] -- Up-to-date symlink: /home/paulav/contact_ws/install/messages/local/lib/python3.10/dist-packages/messages/messages_s__rosidl_typesupport_fastrtps_c.cpython-310-x86_64-linux-gnu.so
[0.963s] -- Up-to-date symlink: /home/paulav/contact_ws/install/messages/local/lib/python3.10/dist-packages/messages/messages_s__rosidl_typesupport_introspection_c.cpython-310-x86_64-linux-gnu.so
[0.964s] -- Up-to-date symlink: /home/paulav/contact_ws/install/messages/local/lib/python3.10/dist-packages/messages/msg/__init__.py
[0.964s] -- Up-to-date symlink: /home/paulav/contact_ws/install/messages/local/lib/python3.10/dist-packages/messages/msg/_force_event.py
[0.964s] -- Up-to-date symlink: /home/paulav/contact_ws/install/messages/local/lib/python3.10/dist-packages/messages/msg/_force_event_s.c
[0.964s] -- Up-to-date symlink: /home/paulav/contact_ws/install/messages/local/lib/python3.10/dist-packages/messages/messages_s__rosidl_typesupport_fastrtps_c.cpython-310-x86_64-linux-gnu.so
[0.964s] -- Up-to-date symlink: /home/paulav/contact_ws/install/messages/local/lib/python3.10/dist-packages/messages/messages_s__rosidl_typesupport_introspection_c.cpython-310-x86_64-linux-gnu.so
[0.965s] -- Up-to-date symlink: /home/paulav/contact_ws/install/messages/local/lib/python3.10/dist-packages/messages/messages_s__rosidl_typesupport_c.cpython-310-x86_64-linux-gnu.so
[0.965s] -- Up-to-date symlink: /home/paulav/contact_ws/install/messages/share/messages/msg/ForceEvent.idl
[0.965s] -- Up-to-date symlink: /home/paulav/contact_ws/install/messages/share/messages/msg/ForceEvent.msg
[0.965s] -- Up-to-date symlink: /home/paulav/contact_ws/install/messages/share/ament_index/resource_index/package_run_dependencies/messages
[0.965s] -- Up-to-date symlink: /home/paulav/contact_ws/install/messages/share/ament_index/resource_index/parent_prefix_path/messages
[0.965s] -- Up-to-date symlink: /home/paulav/contact_ws/install/messages/share/messages/environment/ament_prefix_path.sh
[0.965s] -- Up-to-date symlink: /home/paulav/contact_ws/install/messages/share/messages/environment/ament_prefix_path.dsv
[0.966s] -- Up-to-date symlink: /home/paulav/contact_ws/install/messages/share/messages/environment/path.sh
[0.966s] -- Up-to-date symlink: /home/paulav/contact_ws/install/messages/share/messages/environment/path.dsv
[0.966s] -- Up-to-date symlink: /home/paulav/contact_ws/install/messages/share/messages/local_setup.bash
[0.966s] -- Up-to-date symlink: /home/paulav/contact_ws/install/messages/share/messages/local_setup.sh
[0.966s] -- Up-to-date symlink: /home/paulav/contact_ws/install/messages/share/messages/local_setup.zsh
[0.966s] -- Up-to-date symlink: /home/paulav/contact_ws/install/messages/share/messages/local_setup.dsv
[0.966s] -- Symlinking: /home/paulav/contact_ws/install/messages/share/messages/package.dsv
[0.979s] -- Up-to-date symlink: /home/paulav/contact_ws/install/messages/share/ament_index/resource_index/packages/messages
[0.979s] -- Up-to-date symlink: /home/paulav/contact_ws/install/messages/share/messages/cmake/rosidl_cmake-extras.cmake
[0.979s] -- Up-to-date symlink: /home/paulav/contact_ws/install/messages/share/messages/cmake/ament_cmake_export_dependencies-extras.cmake
[0.979s] -- Up-to-date symlink: /home/paulav/contact_ws/install/messages/share/messages/cmake/ament_cmake_export_include_directories-extras.cmake
[0.980s] -- Up-to-date symlink: /home/paulav/contact_ws/install/messages/share/messages/cmake/ament_cmake_export_libraries-extras.cmake
[0.980s] -- Up-to-date symlink: /home/paulav/contact_ws/install/messages/share/messages/cmake/ament_cmake_export_targets-extras.cmake
[0.980s] -- Up-to-date symlink: /home/paulav/contact_ws/install/messages/share/messages/cmake/rosidl_cmake_export_typesupport_targets-extras.cmake
[0.980s] -- Up-to-date symlink: /home/paulav/contact_ws/install/messages/share/messages/cmake/rosidl_cmake_export_typesupport_libraries-extras.cmake
[0.980s] -- Up-to-date symlink: /home/paulav/contact_ws/install/messages/share/messages/cmake/messagesConfig.cmake
[0.980s] -- Up-to-date symlink: /home/paulav/contact_ws/install/messages/share/messages/cmake/messagesConfig-version.cmake
[0.980s] -- Up-to-date symlink: /home/paulav/contact_ws/install/messages/share/messages/package.xml
[0.980s] -- Up-to-date: /home/paulav/contact_ws/install/messages/lib/libmessages__rosidl_generator_c.so
[0.980s] -- Up-to-date: /home/paulav/contact_ws/install/messages/lib/libmessages__rosidl_typesupport_fastrtps_c.so
[0.980s] -- Up-to-date: /home/paulav/contact_ws/install/messages/lib/libmessages__rosidl_typesupport_introspection_c.so
[0.981s] -- Up-to-date: /home/paulav/contact_ws/install/messages/lib/libmessages__rosidl_typesupport_c.so
[0.981s] -- Up-to-date: /home/paulav/contact_ws/install/messages/lib/libmessages__rosidl_typesupport_fastrtps_cpp.so
[0.981s] -- Up-to-date: /home/paulav/contact_ws/install/messages/lib/libmessages__rosidl_typesupport_introspection_cpp.so
[0.981s] -- Up-to-date: /home/paulav/contact_ws/install/messages/lib/libmessages__rosidl_typesupport_cpp.so
[1.015s] Listing '/home/paulav/contact_ws/install/messages/local/lib/python3.10/dist-packages/messages'...
[1.015s] Compiling '/home/paulav/contact_ws/install/messages/local/lib/python3.10/dist-packages/messages/__init__.py'...
[1.015s] Listing '/home/paulav/contact_ws/install/messages/local/lib/python3.10/dist-packages/messages/msg'...
[1.017s] -- Up-to-date: /home/paulav/contact_ws/install/messages/lib/libmessages__rosidl_generator_py.so
[1.017s] -- Up-to-date: /home/paulav/contact_ws/install/messages/share/messages/cmake/export_messages__rosidl_generator_cExport.cmake
[1.017s] -- Up-to-date: /home/paulav/contact_ws/install/messages/share/messages/cmake/export_messages__rosidl_generator_cExport-noconfig.cmake
[1.018s] -- Up-to-date: /home/paulav/contact_ws/install/messages/share/messages/cmake/export_messages__rosidl_typesupport_fastrtps_cExport.cmake
[1.018s] -- Up-to-date: /home/paulav/contact_ws/install/messages/share/messages/cmake/export_messages__rosidl_typesupport_fastrtps_cExport-noconfig.cmake
[1.018s] -- Up-to-date: /home/paulav/contact_ws/install/messages/share/messages/cmake/messages__rosidl_typesupport_introspection_cExport.cmake
[1.018s] -- Up-to-date: /home/paulav/contact_ws/install/messages/share/messages/cmake/messages__rosidl_typesupport_introspection_cExport-noconfig.cmake
[1.018s] -- Up-to-date: /home/paulav/contact_ws/install/messages/share/messages/cmake/messages__rosidl_typesupport_cExport.cmake
[1.018s] -- Up-to-date: /home/paulav/contact_ws/install/messages/share/messages/cmake/messages__rosidl_typesupport_cExport-noconfig.cmake
[1.018s] -- Up-to-date: /home/paulav/contact_ws/install/messages/share/messages/cmake/export_messages__rosidl_generator_cppExport.cmake
[1.018s] -- Up-to-date: /home/paulav/contact_ws/install/messages/share/messages/cmake/export_messages__rosidl_typesupport_fastrtps_cppExport.cmake
[1.018s] -- Up-to-date: /home/paulav/contact_ws/install/messages/share/messages/cmake/export_messages__rosidl_typesupport_fastrtps_cppExport-noconfig.cmake
[1.018s] -- Up-to-date: /home/paulav/contact_ws/install/messages/share/messages/cmake/messages__rosidl_typesupport_introspection_cppExport.cmake
[1.018s] -- Up-to-date: /home/paulav/contact_ws/install/messages/share/messages/cmake/messages__rosidl_typesupport_introspection_cppExport-noconfig.cmake
[1.018s] -- Up-to-date: /home/paulav/contact_ws/install/messages/share/messages/cmake/messages__rosidl_typesupport_cppExport.cmake
[1.018s] -- Up-to-date: /home/paulav/contact_ws/install/messages/share/messages/cmake/messages__rosidl_typesupport_cppExport-noconfig.cmake
[1.018s] -- Up-to-date: /home/paulav/contact_ws/install/messages/share/messages/cmake/export_messages__rosidl_generator_pyExport.cmake
[1.018s] -- Up-to-date: /home/paulav/contact_ws/install/messages/share/messages/cmake/export_messages__rosidl_generator_pyExport-noconfig.cmake
[1.019s] Invoked command in '/home/paulav/contact_ws/build/messages' returned '0': CMAKE_PREFIX_PATH=${CMAKE_PREFIX_PATH}:/home/paulav/contact_ws/install/trust_contact:/home/paulav/contact_ws/install/contact_localization_ros:/opt/ros/humble /usr/bin/cmake --install /home/paulav/contact_ws/build/messages
