[0.009s] Invoking command in '/home/paulav/contact_ws/build/messages': CMAKE_PREFIX_PATH=${CMAKE_PREFIX_PATH}:/home/paulav/contact_ws/install/trust_contact:/home/paulav/contact_ws/install/contact_localization_ros:/opt/ros/humble /usr/bin/cmake /home/paulav/contact_ws/src/messages -DCMAKE_INSTALL_PREFIX=/home/paulav/contact_ws/install/messages
[0.136s] -- The C compiler identification is GNU 11.4.0
[0.208s] -- The CXX compiler identification is GNU 11.4.0
[0.215s] -- Detecting C compiler ABI info
[0.299s] -- Detecting C compiler ABI info - done
[0.302s] -- Check for working C compiler: /usr/bin/cc - skipped
[0.302s] -- Detecting C compile features
[0.303s] -- Detecting C compile features - done
[0.305s] -- Detecting CXX compiler ABI info
[0.419s] -- Detecting CXX compiler ABI info - done
[0.428s] -- Check for working CXX compiler: /usr/bin/c++ - skipped
[0.429s] -- Detecting CXX compile features
[0.429s] -- Detecting CXX compile features - done
[0.438s] -- Found ament_cmake: 1.3.12 (/opt/ros/humble/share/ament_cmake/cmake)
[0.574s] -- Found Python3: /usr/bin/python3 (found version "3.10.12") found components: Interpreter 
[0.635s] -- Found rosidl_default_generators: 1.2.0 (/opt/ros/humble/share/rosidl_default_generators/cmake)
[0.640s] -- Using all available rosidl_typesupport_c: rosidl_typesupport_fastrtps_c;rosidl_typesupport_introspection_c
[0.651s] -- Found rosidl_adapter: 3.1.8 (/opt/ros/humble/share/rosidl_adapter/cmake)
[0.681s] -- Using all available rosidl_typesupport_cpp: rosidl_typesupport_fastrtps_cpp;rosidl_typesupport_introspection_cpp
[0.702s] -- Found builtin_interfaces: 1.2.2 (/opt/ros/humble/share/builtin_interfaces/cmake)
[0.869s] -- Found ament_cmake_ros: 0.10.0 (/opt/ros/humble/share/ament_cmake_ros/cmake)
[1.000s] -- Using all available rosidl_typesupport_c: rosidl_typesupport_fastrtps_c;rosidl_typesupport_introspection_c
[1.222s] -- Using all available rosidl_typesupport_cpp: rosidl_typesupport_fastrtps_cpp;rosidl_typesupport_introspection_cpp
[1.240s] -- Found PythonInterp: /usr/bin/python3 (found suitable version "3.10.12", minimum required is "3.6") 
[1.242s] -- Found python_cmake_module: 0.10.0 (/opt/ros/humble/share/python_cmake_module/cmake)
[1.271s] -- Found PythonLibs: /usr/lib/x86_64-linux-gnu/libpython3.10.so (found suitable version "3.10.12", minimum required is "3.5") 
[1.271s] -- Using PYTHON_EXECUTABLE: /usr/bin/python3
[1.271s] -- Using PYTHON_INCLUDE_DIRS: /usr/include/python3.10
[1.271s] -- Using PYTHON_LIBRARIES: /usr/lib/x86_64-linux-gnu/libpython3.10.so
[1.297s] -- Found PythonExtra: .so  
[1.322s] -- Found ament_lint_auto: 0.12.14 (/opt/ros/humble/share/ament_lint_auto/cmake)
[1.355s] -- Added test 'lint_cmake' to check CMake code style
[1.356s] -- Added test 'xmllint' to check XML markup files
[1.357s] -- Configuring done
[1.369s] -- Generating done
[1.373s] -- Build files have been written to: /home/paulav/contact_ws/build/messages
[1.377s] Invoked command in '/home/paulav/contact_ws/build/messages' returned '0': CMAKE_PREFIX_PATH=${CMAKE_PREFIX_PATH}:/home/paulav/contact_ws/install/trust_contact:/home/paulav/contact_ws/install/contact_localization_ros:/opt/ros/humble /usr/bin/cmake /home/paulav/contact_ws/src/messages -DCMAKE_INSTALL_PREFIX=/home/paulav/contact_ws/install/messages
[1.378s] Invoking command in '/home/paulav/contact_ws/build/messages': CMAKE_PREFIX_PATH=${CMAKE_PREFIX_PATH}:/home/paulav/contact_ws/install/trust_contact:/home/paulav/contact_ws/install/contact_localization_ros:/opt/ros/humble /usr/bin/cmake --build /home/paulav/contact_ws/build/messages -- -j24 -l24
[1.422s] [  3%] [34m[1mGenerating C code for ROS interfaces[0m
[1.432s] [  6%] [34m[1mGenerating C++ code for ROS interfaces[0m
[1.441s] [  6%] Built target ament_cmake_python_copy_messages
[1.558s] [  6%] Built target messages__cpp
[1.567s] [  9%] [34m[1mGenerating C++ type support dispatch for ROS interfaces[0m
[1.569s] [ 12%] [34m[1mGenerating C++ type support for eProsima Fast-RTPS[0m
[1.569s] [ 16%] [34m[1mGenerating C++ introspection for ROS interfaces[0m
[1.569s] [ 19%] [32mBuilding C object CMakeFiles/messages__rosidl_generator_c.dir/rosidl_generator_c/messages/msg/detail/force_event__functions.c.o[0m
[1.582s] running egg_info
[1.582s] creating messages.egg-info
[1.582s] writing messages.egg-info/PKG-INFO
[1.583s] writing dependency_links to messages.egg-info/dependency_links.txt
[1.583s] writing top-level names to messages.egg-info/top_level.txt
[1.583s] writing manifest file 'messages.egg-info/SOURCES.txt'
[1.584s] reading manifest file 'messages.egg-info/SOURCES.txt'
[1.584s] writing manifest file 'messages.egg-info/SOURCES.txt'
[1.605s] [ 19%] Built target ament_cmake_python_build_messages_egg
[1.616s] [ 22%] [32m[1mLinking C shared library libmessages__rosidl_generator_c.so[0m
[1.647s] [ 22%] Built target messages__rosidl_generator_c
[1.657s] [ 25%] [34m[1mGenerating C type support for eProsima Fast-RTPS[0m
[1.659s] [ 29%] [34m[1mGenerating C introspection for ROS interfaces[0m
[1.659s] [ 32%] [34m[1mGenerating C type support dispatch for ROS interfaces[0m
[1.702s] [ 35%] [32mBuilding CXX object CMakeFiles/messages__rosidl_typesupport_cpp.dir/rosidl_typesupport_cpp/messages/msg/force_event__type_support.cpp.o[0m
[1.719s] [ 38%] [32mBuilding CXX object CMakeFiles/messages__rosidl_typesupport_introspection_cpp.dir/rosidl_typesupport_introspection_cpp/messages/msg/detail/force_event__type_support.cpp.o[0m
[1.719s] [ 41%] [32mBuilding CXX object CMakeFiles/messages__rosidl_typesupport_fastrtps_cpp.dir/rosidl_typesupport_fastrtps_cpp/messages/msg/detail/dds_fastrtps/force_event__type_support.cpp.o[0m
[1.806s] [ 45%] [32mBuilding CXX object CMakeFiles/messages__rosidl_typesupport_c.dir/rosidl_typesupport_c/messages/msg/force_event__type_support.cpp.o[0m
[1.817s] [ 48%] [32mBuilding CXX object CMakeFiles/messages__rosidl_typesupport_fastrtps_c.dir/rosidl_typesupport_fastrtps_c/messages/msg/detail/force_event__type_support_c.cpp.o[0m
[1.817s] [ 51%] [32mBuilding C object CMakeFiles/messages__rosidl_typesupport_introspection_c.dir/rosidl_typesupport_introspection_c/messages/msg/detail/force_event__type_support.c.o[0m
[1.835s] [ 54%] [32m[1mLinking CXX shared library libmessages__rosidl_typesupport_c.so[0m
[1.849s] [ 58%] [32m[1mLinking C shared library libmessages__rosidl_typesupport_introspection_c.so[0m
[1.869s] [ 58%] Built target messages__rosidl_typesupport_c
[1.883s] [ 58%] Built target messages__rosidl_typesupport_introspection_c
[1.891s] [ 61%] [32m[1mLinking CXX shared library libmessages__rosidl_typesupport_cpp.so[0m
[1.928s] [ 61%] Built target messages__rosidl_typesupport_cpp
[1.930s] [ 64%] [32m[1mLinking CXX shared library libmessages__rosidl_typesupport_introspection_cpp.so[0m
[1.933s] [ 67%] [32m[1mLinking CXX shared library libmessages__rosidl_typesupport_fastrtps_cpp.so[0m
[1.963s] [ 67%] Built target messages__rosidl_typesupport_introspection_cpp
[1.981s] [ 67%] Built target messages__rosidl_typesupport_fastrtps_cpp
[1.985s] [ 70%] [32m[1mLinking CXX shared library libmessages__rosidl_typesupport_fastrtps_c.so[0m
[2.043s] [ 70%] Built target messages__rosidl_typesupport_fastrtps_c
[2.067s] [ 70%] Built target messages
[2.099s] [ 74%] [34m[1mGenerating Python code for ROS interfaces[0m
[2.243s] [ 74%] Built target messages__py
[2.273s] [ 77%] [32mBuilding C object CMakeFiles/messages__rosidl_generator_py.dir/rosidl_generator_py/messages/msg/_force_event_s.c.o[0m
[2.356s] [ 80%] [32m[1mLinking C shared library rosidl_generator_py/messages/libmessages__rosidl_generator_py.so[0m
[2.404s] [ 80%] Built target messages__rosidl_generator_py
[2.434s] [ 83%] [32mBuilding C object CMakeFiles/messages__rosidl_typesupport_introspection_c__pyext.dir/rosidl_generator_py/messages/_messages_s.ep.rosidl_typesupport_introspection_c.c.o[0m
[2.434s] [ 87%] [32mBuilding C object CMakeFiles/messages__rosidl_typesupport_c__pyext.dir/rosidl_generator_py/messages/_messages_s.ep.rosidl_typesupport_c.c.o[0m
[2.434s] [ 90%] [32mBuilding C object CMakeFiles/messages__rosidl_typesupport_fastrtps_c__pyext.dir/rosidl_generator_py/messages/_messages_s.ep.rosidl_typesupport_fastrtps_c.c.o[0m
[2.495s] [ 93%] [32m[1mLinking C shared library rosidl_generator_py/messages/messages_s__rosidl_typesupport_introspection_c.cpython-310-x86_64-linux-gnu.so[0m
[2.495s] [100%] [32m[1mLinking C shared library rosidl_generator_py/messages/messages_s__rosidl_typesupport_fastrtps_c.cpython-310-x86_64-linux-gnu.so[0m
[2.495s] [100%] [32m[1mLinking C shared library rosidl_generator_py/messages/messages_s__rosidl_typesupport_c.cpython-310-x86_64-linux-gnu.so[0m
[2.525s] [100%] Built target messages__rosidl_typesupport_c__pyext
[2.526s] [100%] Built target messages__rosidl_typesupport_fastrtps_c__pyext
[2.527s] [100%] Built target messages__rosidl_typesupport_introspection_c__pyext
[2.538s] Invoked command in '/home/paulav/contact_ws/build/messages' returned '0': CMAKE_PREFIX_PATH=${CMAKE_PREFIX_PATH}:/home/paulav/contact_ws/install/trust_contact:/home/paulav/contact_ws/install/contact_localization_ros:/opt/ros/humble /usr/bin/cmake --build /home/paulav/contact_ws/build/messages -- -j24 -l24
[2.549s] Invoking command in '/home/paulav/contact_ws/build/messages': CMAKE_PREFIX_PATH=${CMAKE_PREFIX_PATH}:/home/paulav/contact_ws/install/trust_contact:/home/paulav/contact_ws/install/contact_localization_ros:/opt/ros/humble /usr/bin/cmake --install /home/paulav/contact_ws/build/messages
[2.555s] -- Install configuration: ""
[2.555s] -- Installing: /home/paulav/contact_ws/install/messages/share/ament_index/resource_index/rosidl_interfaces/messages
[2.555s] -- Installing: /home/paulav/contact_ws/install/messages/include/messages/messages
[2.555s] -- Installing: /home/paulav/contact_ws/install/messages/include/messages/messages/msg
[2.555s] -- Installing: /home/paulav/contact_ws/install/messages/include/messages/messages/msg/rosidl_generator_c__visibility_control.h
[2.555s] -- Installing: /home/paulav/contact_ws/install/messages/include/messages/messages/msg/force_event.h
[2.555s] -- Installing: /home/paulav/contact_ws/install/messages/include/messages/messages/msg/detail
[2.556s] -- Installing: /home/paulav/contact_ws/install/messages/include/messages/messages/msg/detail/force_event__functions.h
[2.556s] -- Installing: /home/paulav/contact_ws/install/messages/include/messages/messages/msg/detail/force_event__struct.h
[2.556s] -- Installing: /home/paulav/contact_ws/install/messages/include/messages/messages/msg/detail/force_event__functions.c
[2.556s] -- Installing: /home/paulav/contact_ws/install/messages/include/messages/messages/msg/detail/force_event__type_support.h
[2.556s] -- Installing: /home/paulav/contact_ws/install/messages/share/messages/environment/library_path.sh
[2.556s] -- Installing: /home/paulav/contact_ws/install/messages/share/messages/environment/library_path.dsv
[2.556s] -- Installing: /home/paulav/contact_ws/install/messages/lib/libmessages__rosidl_generator_c.so
[2.556s] -- Set runtime path of "/home/paulav/contact_ws/install/messages/lib/libmessages__rosidl_generator_c.so" to ""
[2.556s] -- Up-to-date: /home/paulav/contact_ws/install/messages/include/messages/messages
[2.556s] -- Up-to-date: /home/paulav/contact_ws/install/messages/include/messages/messages/msg
[2.556s] -- Installing: /home/paulav/contact_ws/install/messages/include/messages/messages/msg/rosidl_typesupport_fastrtps_c__visibility_control.h
[2.556s] -- Up-to-date: /home/paulav/contact_ws/install/messages/include/messages/messages/msg/detail
[2.556s] -- Installing: /home/paulav/contact_ws/install/messages/include/messages/messages/msg/detail/force_event__rosidl_typesupport_fastrtps_c.h
[2.556s] -- Installing: /home/paulav/contact_ws/install/messages/lib/libmessages__rosidl_typesupport_fastrtps_c.so
[2.556s] -- Set runtime path of "/home/paulav/contact_ws/install/messages/lib/libmessages__rosidl_typesupport_fastrtps_c.so" to ""
[2.556s] -- Up-to-date: /home/paulav/contact_ws/install/messages/include/messages/messages
[2.556s] -- Up-to-date: /home/paulav/contact_ws/install/messages/include/messages/messages/msg
[2.556s] -- Installing: /home/paulav/contact_ws/install/messages/include/messages/messages/msg/rosidl_typesupport_introspection_c__visibility_control.h
[2.556s] -- Up-to-date: /home/paulav/contact_ws/install/messages/include/messages/messages/msg/detail
[2.556s] -- Installing: /home/paulav/contact_ws/install/messages/include/messages/messages/msg/detail/force_event__rosidl_typesupport_introspection_c.h
[2.556s] -- Installing: /home/paulav/contact_ws/install/messages/include/messages/messages/msg/detail/force_event__type_support.c
[2.556s] -- Installing: /home/paulav/contact_ws/install/messages/lib/libmessages__rosidl_typesupport_introspection_c.so
[2.556s] -- Set runtime path of "/home/paulav/contact_ws/install/messages/lib/libmessages__rosidl_typesupport_introspection_c.so" to ""
[2.556s] -- Installing: /home/paulav/contact_ws/install/messages/lib/libmessages__rosidl_typesupport_c.so
[2.557s] -- Set runtime path of "/home/paulav/contact_ws/install/messages/lib/libmessages__rosidl_typesupport_c.so" to ""
[2.557s] -- Up-to-date: /home/paulav/contact_ws/install/messages/include/messages/messages
[2.557s] -- Up-to-date: /home/paulav/contact_ws/install/messages/include/messages/messages/msg
[2.557s] -- Installing: /home/paulav/contact_ws/install/messages/include/messages/messages/msg/force_event.hpp
[2.557s] -- Installing: /home/paulav/contact_ws/install/messages/include/messages/messages/msg/rosidl_generator_cpp__visibility_control.hpp
[2.557s] -- Up-to-date: /home/paulav/contact_ws/install/messages/include/messages/messages/msg/detail
[2.557s] -- Installing: /home/paulav/contact_ws/install/messages/include/messages/messages/msg/detail/force_event__traits.hpp
[2.557s] -- Installing: /home/paulav/contact_ws/install/messages/include/messages/messages/msg/detail/force_event__struct.hpp
[2.557s] -- Installing: /home/paulav/contact_ws/install/messages/include/messages/messages/msg/detail/force_event__builder.hpp
[2.557s] -- Installing: /home/paulav/contact_ws/install/messages/include/messages/messages/msg/detail/force_event__type_support.hpp
[2.557s] -- Up-to-date: /home/paulav/contact_ws/install/messages/include/messages/messages
[2.557s] -- Up-to-date: /home/paulav/contact_ws/install/messages/include/messages/messages/msg
[2.557s] -- Up-to-date: /home/paulav/contact_ws/install/messages/include/messages/messages/msg/detail
[2.557s] -- Installing: /home/paulav/contact_ws/install/messages/include/messages/messages/msg/detail/force_event__rosidl_typesupport_fastrtps_cpp.hpp
[2.557s] -- Installing: /home/paulav/contact_ws/install/messages/include/messages/messages/msg/detail/dds_fastrtps
[2.557s] -- Installing: /home/paulav/contact_ws/install/messages/include/messages/messages/msg/rosidl_typesupport_fastrtps_cpp__visibility_control.h
[2.557s] -- Installing: /home/paulav/contact_ws/install/messages/lib/libmessages__rosidl_typesupport_fastrtps_cpp.so
[2.557s] -- Set runtime path of "/home/paulav/contact_ws/install/messages/lib/libmessages__rosidl_typesupport_fastrtps_cpp.so" to ""
[2.557s] -- Up-to-date: /home/paulav/contact_ws/install/messages/include/messages/messages
[2.557s] -- Up-to-date: /home/paulav/contact_ws/install/messages/include/messages/messages/msg
[2.557s] -- Up-to-date: /home/paulav/contact_ws/install/messages/include/messages/messages/msg/detail
[2.557s] -- Installing: /home/paulav/contact_ws/install/messages/include/messages/messages/msg/detail/force_event__type_support.cpp
[2.557s] -- Installing: /home/paulav/contact_ws/install/messages/include/messages/messages/msg/detail/force_event__rosidl_typesupport_introspection_cpp.hpp
[2.557s] -- Installing: /home/paulav/contact_ws/install/messages/lib/libmessages__rosidl_typesupport_introspection_cpp.so
[2.557s] -- Set runtime path of "/home/paulav/contact_ws/install/messages/lib/libmessages__rosidl_typesupport_introspection_cpp.so" to ""
[2.557s] -- Installing: /home/paulav/contact_ws/install/messages/lib/libmessages__rosidl_typesupport_cpp.so
[2.557s] -- Set runtime path of "/home/paulav/contact_ws/install/messages/lib/libmessages__rosidl_typesupport_cpp.so" to ""
[2.557s] -- Installing: /home/paulav/contact_ws/install/messages/share/messages/environment/pythonpath.sh
[2.557s] -- Installing: /home/paulav/contact_ws/install/messages/share/messages/environment/pythonpath.dsv
[2.557s] -- Installing: /home/paulav/contact_ws/install/messages/local/lib/python3.10/dist-packages/messages-0.0.0-py3.10.egg-info
[2.557s] -- Installing: /home/paulav/contact_ws/install/messages/local/lib/python3.10/dist-packages/messages-0.0.0-py3.10.egg-info/dependency_links.txt
[2.557s] -- Installing: /home/paulav/contact_ws/install/messages/local/lib/python3.10/dist-packages/messages-0.0.0-py3.10.egg-info/top_level.txt
[2.558s] -- Installing: /home/paulav/contact_ws/install/messages/local/lib/python3.10/dist-packages/messages-0.0.0-py3.10.egg-info/PKG-INFO
[2.558s] -- Installing: /home/paulav/contact_ws/install/messages/local/lib/python3.10/dist-packages/messages-0.0.0-py3.10.egg-info/SOURCES.txt
[2.558s] -- Installing: /home/paulav/contact_ws/install/messages/local/lib/python3.10/dist-packages/messages
[2.558s] -- Installing: /home/paulav/contact_ws/install/messages/local/lib/python3.10/dist-packages/messages/_messages_s.ep.rosidl_typesupport_c.c
[2.558s] -- Installing: /home/paulav/contact_ws/install/messages/local/lib/python3.10/dist-packages/messages/_messages_s.ep.rosidl_typesupport_fastrtps_c.c
[2.558s] -- Installing: /home/paulav/contact_ws/install/messages/local/lib/python3.10/dist-packages/messages/messages_s__rosidl_typesupport_introspection_c.cpython-310-x86_64-linux-gnu.so
[2.558s] -- Installing: /home/paulav/contact_ws/install/messages/local/lib/python3.10/dist-packages/messages/messages_s__rosidl_typesupport_fastrtps_c.cpython-310-x86_64-linux-gnu.so
[2.558s] -- Installing: /home/paulav/contact_ws/install/messages/local/lib/python3.10/dist-packages/messages/messages_s__rosidl_typesupport_c.cpython-310-x86_64-linux-gnu.so
[2.558s] -- Installing: /home/paulav/contact_ws/install/messages/local/lib/python3.10/dist-packages/messages/libmessages__rosidl_generator_py.so
[2.558s] -- Installing: /home/paulav/contact_ws/install/messages/local/lib/python3.10/dist-packages/messages/msg
[2.558s] -- Installing: /home/paulav/contact_ws/install/messages/local/lib/python3.10/dist-packages/messages/msg/_force_event_s.c
[2.558s] -- Installing: /home/paulav/contact_ws/install/messages/local/lib/python3.10/dist-packages/messages/msg/_force_event.py
[2.558s] -- Installing: /home/paulav/contact_ws/install/messages/local/lib/python3.10/dist-packages/messages/msg/__init__.py
[2.558s] -- Installing: /home/paulav/contact_ws/install/messages/local/lib/python3.10/dist-packages/messages/__init__.py
[2.558s] -- Installing: /home/paulav/contact_ws/install/messages/local/lib/python3.10/dist-packages/messages/_messages_s.ep.rosidl_typesupport_introspection_c.c
[2.580s] Listing '/home/paulav/contact_ws/install/messages/local/lib/python3.10/dist-packages/messages'...
[2.580s] Compiling '/home/paulav/contact_ws/install/messages/local/lib/python3.10/dist-packages/messages/__init__.py'...
[2.580s] Listing '/home/paulav/contact_ws/install/messages/local/lib/python3.10/dist-packages/messages/msg'...
[2.580s] Compiling '/home/paulav/contact_ws/install/messages/local/lib/python3.10/dist-packages/messages/msg/__init__.py'...
[2.580s] Compiling '/home/paulav/contact_ws/install/messages/local/lib/python3.10/dist-packages/messages/msg/_force_event.py'...
[2.582s] -- Installing: /home/paulav/contact_ws/install/messages/local/lib/python3.10/dist-packages/messages/messages_s__rosidl_typesupport_fastrtps_c.cpython-310-x86_64-linux-gnu.so
[2.582s] -- Set runtime path of "/home/paulav/contact_ws/install/messages/local/lib/python3.10/dist-packages/messages/messages_s__rosidl_typesupport_fastrtps_c.cpython-310-x86_64-linux-gnu.so" to ""
[2.583s] -- Installing: /home/paulav/contact_ws/install/messages/local/lib/python3.10/dist-packages/messages/messages_s__rosidl_typesupport_introspection_c.cpython-310-x86_64-linux-gnu.so
[2.583s] -- Set runtime path of "/home/paulav/contact_ws/install/messages/local/lib/python3.10/dist-packages/messages/messages_s__rosidl_typesupport_introspection_c.cpython-310-x86_64-linux-gnu.so" to ""
[2.583s] -- Installing: /home/paulav/contact_ws/install/messages/local/lib/python3.10/dist-packages/messages/messages_s__rosidl_typesupport_c.cpython-310-x86_64-linux-gnu.so
[2.583s] -- Set runtime path of "/home/paulav/contact_ws/install/messages/local/lib/python3.10/dist-packages/messages/messages_s__rosidl_typesupport_c.cpython-310-x86_64-linux-gnu.so" to ""
[2.583s] -- Installing: /home/paulav/contact_ws/install/messages/lib/libmessages__rosidl_generator_py.so
[2.583s] -- Set runtime path of "/home/paulav/contact_ws/install/messages/lib/libmessages__rosidl_generator_py.so" to ""
[2.583s] -- Installing: /home/paulav/contact_ws/install/messages/share/messages/msg/ForceEvent.idl
[2.583s] -- Installing: /home/paulav/contact_ws/install/messages/share/messages/msg/ForceEvent.msg
[2.583s] -- Installing: /home/paulav/contact_ws/install/messages/share/ament_index/resource_index/package_run_dependencies/messages
[2.583s] -- Installing: /home/paulav/contact_ws/install/messages/share/ament_index/resource_index/parent_prefix_path/messages
[2.583s] -- Installing: /home/paulav/contact_ws/install/messages/share/messages/environment/ament_prefix_path.sh
[2.583s] -- Installing: /home/paulav/contact_ws/install/messages/share/messages/environment/ament_prefix_path.dsv
[2.583s] -- Installing: /home/paulav/contact_ws/install/messages/share/messages/environment/path.sh
[2.583s] -- Installing: /home/paulav/contact_ws/install/messages/share/messages/environment/path.dsv
[2.583s] -- Installing: /home/paulav/contact_ws/install/messages/share/messages/local_setup.bash
[2.583s] -- Installing: /home/paulav/contact_ws/install/messages/share/messages/local_setup.sh
[2.583s] -- Installing: /home/paulav/contact_ws/install/messages/share/messages/local_setup.zsh
[2.583s] -- Installing: /home/paulav/contact_ws/install/messages/share/messages/local_setup.dsv
[2.583s] -- Installing: /home/paulav/contact_ws/install/messages/share/messages/package.dsv
[2.583s] -- Installing: /home/paulav/contact_ws/install/messages/share/ament_index/resource_index/packages/messages
[2.583s] -- Installing: /home/paulav/contact_ws/install/messages/share/messages/cmake/export_messages__rosidl_generator_cExport.cmake
[2.583s] -- Installing: /home/paulav/contact_ws/install/messages/share/messages/cmake/export_messages__rosidl_generator_cExport-noconfig.cmake
[2.583s] -- Installing: /home/paulav/contact_ws/install/messages/share/messages/cmake/export_messages__rosidl_typesupport_fastrtps_cExport.cmake
[2.583s] -- Installing: /home/paulav/contact_ws/install/messages/share/messages/cmake/export_messages__rosidl_typesupport_fastrtps_cExport-noconfig.cmake
[2.584s] -- Installing: /home/paulav/contact_ws/install/messages/share/messages/cmake/messages__rosidl_typesupport_introspection_cExport.cmake
[2.584s] -- Installing: /home/paulav/contact_ws/install/messages/share/messages/cmake/messages__rosidl_typesupport_introspection_cExport-noconfig.cmake
[2.584s] -- Installing: /home/paulav/contact_ws/install/messages/share/messages/cmake/messages__rosidl_typesupport_cExport.cmake
[2.584s] -- Installing: /home/paulav/contact_ws/install/messages/share/messages/cmake/messages__rosidl_typesupport_cExport-noconfig.cmake
[2.584s] -- Installing: /home/paulav/contact_ws/install/messages/share/messages/cmake/export_messages__rosidl_generator_cppExport.cmake
[2.584s] -- Installing: /home/paulav/contact_ws/install/messages/share/messages/cmake/export_messages__rosidl_typesupport_fastrtps_cppExport.cmake
[2.584s] -- Installing: /home/paulav/contact_ws/install/messages/share/messages/cmake/export_messages__rosidl_typesupport_fastrtps_cppExport-noconfig.cmake
[2.584s] -- Installing: /home/paulav/contact_ws/install/messages/share/messages/cmake/messages__rosidl_typesupport_introspection_cppExport.cmake
[2.584s] -- Installing: /home/paulav/contact_ws/install/messages/share/messages/cmake/messages__rosidl_typesupport_introspection_cppExport-noconfig.cmake
[2.584s] -- Installing: /home/paulav/contact_ws/install/messages/share/messages/cmake/messages__rosidl_typesupport_cppExport.cmake
[2.584s] -- Installing: /home/paulav/contact_ws/install/messages/share/messages/cmake/messages__rosidl_typesupport_cppExport-noconfig.cmake
[2.584s] -- Installing: /home/paulav/contact_ws/install/messages/share/messages/cmake/export_messages__rosidl_generator_pyExport.cmake
[2.584s] -- Installing: /home/paulav/contact_ws/install/messages/share/messages/cmake/export_messages__rosidl_generator_pyExport-noconfig.cmake
[2.584s] -- Installing: /home/paulav/contact_ws/install/messages/share/messages/cmake/rosidl_cmake-extras.cmake
[2.584s] -- Installing: /home/paulav/contact_ws/install/messages/share/messages/cmake/ament_cmake_export_dependencies-extras.cmake
[2.584s] -- Installing: /home/paulav/contact_ws/install/messages/share/messages/cmake/ament_cmake_export_include_directories-extras.cmake
[2.584s] -- Installing: /home/paulav/contact_ws/install/messages/share/messages/cmake/ament_cmake_export_libraries-extras.cmake
[2.584s] -- Installing: /home/paulav/contact_ws/install/messages/share/messages/cmake/ament_cmake_export_targets-extras.cmake
[2.584s] -- Installing: /home/paulav/contact_ws/install/messages/share/messages/cmake/rosidl_cmake_export_typesupport_targets-extras.cmake
[2.584s] -- Installing: /home/paulav/contact_ws/install/messages/share/messages/cmake/rosidl_cmake_export_typesupport_libraries-extras.cmake
[2.584s] -- Installing: /home/paulav/contact_ws/install/messages/share/messages/cmake/messagesConfig.cmake
[2.584s] -- Installing: /home/paulav/contact_ws/install/messages/share/messages/cmake/messagesConfig-version.cmake
[2.584s] -- Installing: /home/paulav/contact_ws/install/messages/share/messages/package.xml
[2.586s] Invoked command in '/home/paulav/contact_ws/build/messages' returned '0': CMAKE_PREFIX_PATH=${CMAKE_PREFIX_PATH}:/home/paulav/contact_ws/install/trust_contact:/home/paulav/contact_ws/install/contact_localization_ros:/opt/ros/humble /usr/bin/cmake --install /home/paulav/contact_ws/build/messages
