[0.050s] DEBUG:colcon:Command line arguments: ['/usr/bin/colcon', 'build']
[0.050s] DEBUG:colcon:Parsed command line arguments: Namespace(log_base=None, log_level=None, verb_name='build', build_base='build', install_base='install', merge_install=False, symlink_install=False, test_result_base=None, continue_on_error=False, executor='parallel', parallel_workers=24, event_handlers=None, ignore_user_meta=False, metas=['./colcon.meta'], base_paths=['.'], packages_ignore=None, packages_ignore_regex=None, paths=None, packages_up_to=None, packages_up_to_regex=None, packages_above=None, packages_above_and_dependencies=None, packages_above_depth=None, packages_select_by_dep=None, packages_skip_by_dep=None, packages_skip_up_to=None, packages_select_build_failed=False, packages_skip_build_finished=False, packages_select_test_failures=False, packages_skip_test_passed=False, packages_select=None, packages_skip=None, packages_select_regex=None, packages_skip_regex=None, packages_start=None, packages_end=None, allow_overriding=[], cmake_args=None, cmake_target=None, cmake_target_skip_unavailable=False, cmake_clean_cache=False, cmake_clean_first=False, cmake_force_configure=False, ament_cmake_args=None, catkin_cmake_args=None, catkin_skip_building_tests=False, mixin_files=None, mixin=None, verb_parser=<colcon_mixin.mixin.mixin_argument.MixinArgumentDecorator object at 0x73e4d6d3c9a0>, verb_extension=<colcon_core.verb.build.BuildVerb object at 0x73e4d6d0ffa0>, main=<bound method BuildVerb.main of <colcon_core.verb.build.BuildVerb object at 0x73e4d6d0ffa0>>, mixin_verb=('build',))
[0.132s] Level 1:colcon.colcon_core.package_discovery:discover_packages(colcon_meta) check parameters
[0.132s] Level 1:colcon.colcon_core.package_discovery:discover_packages(recursive) check parameters
[0.132s] Level 1:colcon.colcon_core.package_discovery:discover_packages(ignore) check parameters
[0.132s] Level 1:colcon.colcon_core.package_discovery:discover_packages(path) check parameters
[0.132s] Level 1:colcon.colcon_core.package_discovery:discover_packages(colcon_meta) discover
[0.132s] Level 1:colcon.colcon_core.package_discovery:discover_packages(recursive) discover
[0.132s] INFO:colcon.colcon_core.package_discovery:Crawling recursively for packages in '/home/paulav/contact_ws'
[0.132s] Level 1:colcon.colcon_core.package_identification:_identify(.) by extensions ['ignore', 'ignore_ament_install']
[0.132s] Level 1:colcon.colcon_core.package_identification:_identify(.) by extension 'ignore'
[0.132s] Level 1:colcon.colcon_core.package_identification:_identify(.) by extension 'ignore_ament_install'
[0.132s] Level 1:colcon.colcon_core.package_identification:_identify(.) by extensions ['colcon_pkg']
[0.132s] Level 1:colcon.colcon_core.package_identification:_identify(.) by extension 'colcon_pkg'
[0.132s] Level 1:colcon.colcon_core.package_identification:_identify(.) by extensions ['colcon_meta']
[0.132s] Level 1:colcon.colcon_core.package_identification:_identify(.) by extension 'colcon_meta'
[0.132s] Level 1:colcon.colcon_core.package_identification:_identify(.) by extensions ['ros']
[0.132s] Level 1:colcon.colcon_core.package_identification:_identify(.) by extension 'ros'
[0.141s] Level 1:colcon.colcon_core.package_identification:_identify(.) by extensions ['cmake', 'python']
[0.141s] Level 1:colcon.colcon_core.package_identification:_identify(.) by extension 'cmake'
[0.141s] Level 1:colcon.colcon_core.package_identification:_identify(.) by extension 'python'
[0.141s] Level 1:colcon.colcon_core.package_identification:_identify(.) by extensions ['python_setup_py']
[0.141s] Level 1:colcon.colcon_core.package_identification:_identify(.) by extension 'python_setup_py'
[0.141s] Level 1:colcon.colcon_core.package_identification:_identify(build) by extensions ['ignore', 'ignore_ament_install']
[0.141s] Level 1:colcon.colcon_core.package_identification:_identify(build) by extension 'ignore'
[0.141s] Level 1:colcon.colcon_core.package_identification:_identify(build) ignored
[0.141s] Level 1:colcon.colcon_core.package_identification:_identify(data) by extensions ['ignore', 'ignore_ament_install']
[0.141s] Level 1:colcon.colcon_core.package_identification:_identify(data) by extension 'ignore'
[0.141s] Level 1:colcon.colcon_core.package_identification:_identify(data) by extension 'ignore_ament_install'
[0.141s] Level 1:colcon.colcon_core.package_identification:_identify(data) by extensions ['colcon_pkg']
[0.141s] Level 1:colcon.colcon_core.package_identification:_identify(data) by extension 'colcon_pkg'
[0.141s] Level 1:colcon.colcon_core.package_identification:_identify(data) by extensions ['colcon_meta']
[0.141s] Level 1:colcon.colcon_core.package_identification:_identify(data) by extension 'colcon_meta'
[0.141s] Level 1:colcon.colcon_core.package_identification:_identify(data) by extensions ['ros']
[0.141s] Level 1:colcon.colcon_core.package_identification:_identify(data) by extension 'ros'
[0.141s] Level 1:colcon.colcon_core.package_identification:_identify(data) by extensions ['cmake', 'python']
[0.141s] Level 1:colcon.colcon_core.package_identification:_identify(data) by extension 'cmake'
[0.141s] Level 1:colcon.colcon_core.package_identification:_identify(data) by extension 'python'
[0.141s] Level 1:colcon.colcon_core.package_identification:_identify(data) by extensions ['python_setup_py']
[0.141s] Level 1:colcon.colcon_core.package_identification:_identify(data) by extension 'python_setup_py'
[0.142s] Level 1:colcon.colcon_core.package_identification:_identify(data/build) by extensions ['ignore', 'ignore_ament_install']
[0.142s] Level 1:colcon.colcon_core.package_identification:_identify(data/build) by extension 'ignore'
[0.142s] Level 1:colcon.colcon_core.package_identification:_identify(data/build) ignored
[0.142s] Level 1:colcon.colcon_core.package_identification:_identify(data/install) by extensions ['ignore', 'ignore_ament_install']
[0.142s] Level 1:colcon.colcon_core.package_identification:_identify(data/install) by extension 'ignore'
[0.142s] Level 1:colcon.colcon_core.package_identification:_identify(data/install) ignored
[0.142s] Level 1:colcon.colcon_core.package_identification:_identify(data/log) by extensions ['ignore', 'ignore_ament_install']
[0.142s] Level 1:colcon.colcon_core.package_identification:_identify(data/log) by extension 'ignore'
[0.142s] Level 1:colcon.colcon_core.package_identification:_identify(data/log) ignored
[0.142s] Level 1:colcon.colcon_core.package_identification:_identify(data/rosbag2_2026_04_01-18_12_05) by extensions ['ignore', 'ignore_ament_install']
[0.142s] Level 1:colcon.colcon_core.package_identification:_identify(data/rosbag2_2026_04_01-18_12_05) by extension 'ignore'
[0.142s] Level 1:colcon.colcon_core.package_identification:_identify(data/rosbag2_2026_04_01-18_12_05) by extension 'ignore_ament_install'
[0.142s] Level 1:colcon.colcon_core.package_identification:_identify(data/rosbag2_2026_04_01-18_12_05) by extensions ['colcon_pkg']
[0.142s] Level 1:colcon.colcon_core.package_identification:_identify(data/rosbag2_2026_04_01-18_12_05) by extension 'colcon_pkg'
[0.142s] Level 1:colcon.colcon_core.package_identification:_identify(data/rosbag2_2026_04_01-18_12_05) by extensions ['colcon_meta']
[0.142s] Level 1:colcon.colcon_core.package_identification:_identify(data/rosbag2_2026_04_01-18_12_05) by extension 'colcon_meta'
[0.142s] Level 1:colcon.colcon_core.package_identification:_identify(data/rosbag2_2026_04_01-18_12_05) by extensions ['ros']
[0.142s] Level 1:colcon.colcon_core.package_identification:_identify(data/rosbag2_2026_04_01-18_12_05) by extension 'ros'
[0.142s] Level 1:colcon.colcon_core.package_identification:_identify(data/rosbag2_2026_04_01-18_12_05) by extensions ['cmake', 'python']
[0.142s] Level 1:colcon.colcon_core.package_identification:_identify(data/rosbag2_2026_04_01-18_12_05) by extension 'cmake'
[0.142s] Level 1:colcon.colcon_core.package_identification:_identify(data/rosbag2_2026_04_01-18_12_05) by extension 'python'
[0.142s] Level 1:colcon.colcon_core.package_identification:_identify(data/rosbag2_2026_04_01-18_12_05) by extensions ['python_setup_py']
[0.142s] Level 1:colcon.colcon_core.package_identification:_identify(data/rosbag2_2026_04_01-18_12_05) by extension 'python_setup_py'
[0.142s] Level 1:colcon.colcon_core.package_identification:_identify(data/rosbag2_2026_04_01-18_21_57) by extensions ['ignore', 'ignore_ament_install']
[0.142s] Level 1:colcon.colcon_core.package_identification:_identify(data/rosbag2_2026_04_01-18_21_57) by extension 'ignore'
[0.142s] Level 1:colcon.colcon_core.package_identification:_identify(data/rosbag2_2026_04_01-18_21_57) by extension 'ignore_ament_install'
[0.142s] Level 1:colcon.colcon_core.package_identification:_identify(data/rosbag2_2026_04_01-18_21_57) by extensions ['colcon_pkg']
[0.142s] Level 1:colcon.colcon_core.package_identification:_identify(data/rosbag2_2026_04_01-18_21_57) by extension 'colcon_pkg'
[0.142s] Level 1:colcon.colcon_core.package_identification:_identify(data/rosbag2_2026_04_01-18_21_57) by extensions ['colcon_meta']
[0.142s] Level 1:colcon.colcon_core.package_identification:_identify(data/rosbag2_2026_04_01-18_21_57) by extension 'colcon_meta'
[0.142s] Level 1:colcon.colcon_core.package_identification:_identify(data/rosbag2_2026_04_01-18_21_57) by extensions ['ros']
[0.142s] Level 1:colcon.colcon_core.package_identification:_identify(data/rosbag2_2026_04_01-18_21_57) by extension 'ros'
[0.142s] Level 1:colcon.colcon_core.package_identification:_identify(data/rosbag2_2026_04_01-18_21_57) by extensions ['cmake', 'python']
[0.142s] Level 1:colcon.colcon_core.package_identification:_identify(data/rosbag2_2026_04_01-18_21_57) by extension 'cmake'
[0.142s] Level 1:colcon.colcon_core.package_identification:_identify(data/rosbag2_2026_04_01-18_21_57) by extension 'python'
[0.142s] Level 1:colcon.colcon_core.package_identification:_identify(data/rosbag2_2026_04_01-18_21_57) by extensions ['python_setup_py']
[0.142s] Level 1:colcon.colcon_core.package_identification:_identify(data/rosbag2_2026_04_01-18_21_57) by extension 'python_setup_py'
[0.142s] Level 1:colcon.colcon_core.package_identification:_identify(data/rosbag2_2026_04_01-18_35_56) by extensions ['ignore', 'ignore_ament_install']
[0.142s] Level 1:colcon.colcon_core.package_identification:_identify(data/rosbag2_2026_04_01-18_35_56) by extension 'ignore'
[0.142s] Level 1:colcon.colcon_core.package_identification:_identify(data/rosbag2_2026_04_01-18_35_56) by extension 'ignore_ament_install'
[0.142s] Level 1:colcon.colcon_core.package_identification:_identify(data/rosbag2_2026_04_01-18_35_56) by extensions ['colcon_pkg']
[0.142s] Level 1:colcon.colcon_core.package_identification:_identify(data/rosbag2_2026_04_01-18_35_56) by extension 'colcon_pkg'
[0.142s] Level 1:colcon.colcon_core.package_identification:_identify(data/rosbag2_2026_04_01-18_35_56) by extensions ['colcon_meta']
[0.142s] Level 1:colcon.colcon_core.package_identification:_identify(data/rosbag2_2026_04_01-18_35_56) by extension 'colcon_meta'
[0.142s] Level 1:colcon.colcon_core.package_identification:_identify(data/rosbag2_2026_04_01-18_35_56) by extensions ['ros']
[0.142s] Level 1:colcon.colcon_core.package_identification:_identify(data/rosbag2_2026_04_01-18_35_56) by extension 'ros'
[0.142s] Level 1:colcon.colcon_core.package_identification:_identify(data/rosbag2_2026_04_01-18_35_56) by extensions ['cmake', 'python']
[0.142s] Level 1:colcon.colcon_core.package_identification:_identify(data/rosbag2_2026_04_01-18_35_56) by extension 'cmake'
[0.142s] Level 1:colcon.colcon_core.package_identification:_identify(data/rosbag2_2026_04_01-18_35_56) by extension 'python'
[0.142s] Level 1:colcon.colcon_core.package_identification:_identify(data/rosbag2_2026_04_01-18_35_56) by extensions ['python_setup_py']
[0.142s] Level 1:colcon.colcon_core.package_identification:_identify(data/rosbag2_2026_04_01-18_35_56) by extension 'python_setup_py'
[0.142s] Level 1:colcon.colcon_core.package_identification:_identify(data/rosbag2_2026_04_01-18_46_36) by extensions ['ignore', 'ignore_ament_install']
[0.143s] Level 1:colcon.colcon_core.package_identification:_identify(data/rosbag2_2026_04_01-18_46_36) by extension 'ignore'
[0.143s] Level 1:colcon.colcon_core.package_identification:_identify(data/rosbag2_2026_04_01-18_46_36) by extension 'ignore_ament_install'
[0.143s] Level 1:colcon.colcon_core.package_identification:_identify(data/rosbag2_2026_04_01-18_46_36) by extensions ['colcon_pkg']
[0.143s] Level 1:colcon.colcon_core.package_identification:_identify(data/rosbag2_2026_04_01-18_46_36) by extension 'colcon_pkg'
[0.143s] Level 1:colcon.colcon_core.package_identification:_identify(data/rosbag2_2026_04_01-18_46_36) by extensions ['colcon_meta']
[0.143s] Level 1:colcon.colcon_core.package_identification:_identify(data/rosbag2_2026_04_01-18_46_36) by extension 'colcon_meta'
[0.143s] Level 1:colcon.colcon_core.package_identification:_identify(data/rosbag2_2026_04_01-18_46_36) by extensions ['ros']
[0.143s] Level 1:colcon.colcon_core.package_identification:_identify(data/rosbag2_2026_04_01-18_46_36) by extension 'ros'
[0.143s] Level 1:colcon.colcon_core.package_identification:_identify(data/rosbag2_2026_04_01-18_46_36) by extensions ['cmake', 'python']
[0.143s] Level 1:colcon.colcon_core.package_identification:_identify(data/rosbag2_2026_04_01-18_46_36) by extension 'cmake'
[0.143s] Level 1:colcon.colcon_core.package_identification:_identify(data/rosbag2_2026_04_01-18_46_36) by extension 'python'
[0.143s] Level 1:colcon.colcon_core.package_identification:_identify(data/rosbag2_2026_04_01-18_46_36) by extensions ['python_setup_py']
[0.143s] Level 1:colcon.colcon_core.package_identification:_identify(data/rosbag2_2026_04_01-18_46_36) by extension 'python_setup_py'
[0.143s] Level 1:colcon.colcon_core.package_identification:_identify(data/rosbag2_2026_04_01-19_02_25) by extensions ['ignore', 'ignore_ament_install']
[0.143s] Level 1:colcon.colcon_core.package_identification:_identify(data/rosbag2_2026_04_01-19_02_25) by extension 'ignore'
[0.143s] Level 1:colcon.colcon_core.package_identification:_identify(data/rosbag2_2026_04_01-19_02_25) by extension 'ignore_ament_install'
[0.143s] Level 1:colcon.colcon_core.package_identification:_identify(data/rosbag2_2026_04_01-19_02_25) by extensions ['colcon_pkg']
[0.143s] Level 1:colcon.colcon_core.package_identification:_identify(data/rosbag2_2026_04_01-19_02_25) by extension 'colcon_pkg'
[0.143s] Level 1:colcon.colcon_core.package_identification:_identify(data/rosbag2_2026_04_01-19_02_25) by extensions ['colcon_meta']
[0.143s] Level 1:colcon.colcon_core.package_identification:_identify(data/rosbag2_2026_04_01-19_02_25) by extension 'colcon_meta'
[0.143s] Level 1:colcon.colcon_core.package_identification:_identify(data/rosbag2_2026_04_01-19_02_25) by extensions ['ros']
[0.143s] Level 1:colcon.colcon_core.package_identification:_identify(data/rosbag2_2026_04_01-19_02_25) by extension 'ros'
[0.143s] Level 1:colcon.colcon_core.package_identification:_identify(data/rosbag2_2026_04_01-19_02_25) by extensions ['cmake', 'python']
[0.143s] Level 1:colcon.colcon_core.package_identification:_identify(data/rosbag2_2026_04_01-19_02_25) by extension 'cmake'
[0.143s] Level 1:colcon.colcon_core.package_identification:_identify(data/rosbag2_2026_04_01-19_02_25) by extension 'python'
[0.143s] Level 1:colcon.colcon_core.package_identification:_identify(data/rosbag2_2026_04_01-19_02_25) by extensions ['python_setup_py']
[0.143s] Level 1:colcon.colcon_core.package_identification:_identify(data/rosbag2_2026_04_01-19_02_25) by extension 'python_setup_py'
[0.143s] Level 1:colcon.colcon_core.package_identification:_identify(data/rosbag2_2026_04_01-19_07_44) by extensions ['ignore', 'ignore_ament_install']
[0.143s] Level 1:colcon.colcon_core.package_identification:_identify(data/rosbag2_2026_04_01-19_07_44) by extension 'ignore'
[0.143s] Level 1:colcon.colcon_core.package_identification:_identify(data/rosbag2_2026_04_01-19_07_44) by extension 'ignore_ament_install'
[0.143s] Level 1:colcon.colcon_core.package_identification:_identify(data/rosbag2_2026_04_01-19_07_44) by extensions ['colcon_pkg']
[0.143s] Level 1:colcon.colcon_core.package_identification:_identify(data/rosbag2_2026_04_01-19_07_44) by extension 'colcon_pkg'
[0.143s] Level 1:colcon.colcon_core.package_identification:_identify(data/rosbag2_2026_04_01-19_07_44) by extensions ['colcon_meta']
[0.143s] Level 1:colcon.colcon_core.package_identification:_identify(data/rosbag2_2026_04_01-19_07_44) by extension 'colcon_meta'
[0.143s] Level 1:colcon.colcon_core.package_identification:_identify(data/rosbag2_2026_04_01-19_07_44) by extensions ['ros']
[0.143s] Level 1:colcon.colcon_core.package_identification:_identify(data/rosbag2_2026_04_01-19_07_44) by extension 'ros'
[0.143s] Level 1:colcon.colcon_core.package_identification:_identify(data/rosbag2_2026_04_01-19_07_44) by extensions ['cmake', 'python']
[0.143s] Level 1:colcon.colcon_core.package_identification:_identify(data/rosbag2_2026_04_01-19_07_44) by extension 'cmake'
[0.143s] Level 1:colcon.colcon_core.package_identification:_identify(data/rosbag2_2026_04_01-19_07_44) by extension 'python'
[0.143s] Level 1:colcon.colcon_core.package_identification:_identify(data/rosbag2_2026_04_01-19_07_44) by extensions ['python_setup_py']
[0.143s] Level 1:colcon.colcon_core.package_identification:_identify(data/rosbag2_2026_04_01-19_07_44) by extension 'python_setup_py'
[0.143s] Level 1:colcon.colcon_core.package_identification:_identify(data/rosbag2_2026_04_01-19_09_13) by extensions ['ignore', 'ignore_ament_install']
[0.143s] Level 1:colcon.colcon_core.package_identification:_identify(data/rosbag2_2026_04_01-19_09_13) by extension 'ignore'
[0.143s] Level 1:colcon.colcon_core.package_identification:_identify(data/rosbag2_2026_04_01-19_09_13) by extension 'ignore_ament_install'
[0.143s] Level 1:colcon.colcon_core.package_identification:_identify(data/rosbag2_2026_04_01-19_09_13) by extensions ['colcon_pkg']
[0.143s] Level 1:colcon.colcon_core.package_identification:_identify(data/rosbag2_2026_04_01-19_09_13) by extension 'colcon_pkg'
[0.143s] Level 1:colcon.colcon_core.package_identification:_identify(data/rosbag2_2026_04_01-19_09_13) by extensions ['colcon_meta']
[0.143s] Level 1:colcon.colcon_core.package_identification:_identify(data/rosbag2_2026_04_01-19_09_13) by extension 'colcon_meta'
[0.143s] Level 1:colcon.colcon_core.package_identification:_identify(data/rosbag2_2026_04_01-19_09_13) by extensions ['ros']
[0.143s] Level 1:colcon.colcon_core.package_identification:_identify(data/rosbag2_2026_04_01-19_09_13) by extension 'ros'
[0.143s] Level 1:colcon.colcon_core.package_identification:_identify(data/rosbag2_2026_04_01-19_09_13) by extensions ['cmake', 'python']
[0.143s] Level 1:colcon.colcon_core.package_identification:_identify(data/rosbag2_2026_04_01-19_09_13) by extension 'cmake'
[0.143s] Level 1:colcon.colcon_core.package_identification:_identify(data/rosbag2_2026_04_01-19_09_13) by extension 'python'
[0.143s] Level 1:colcon.colcon_core.package_identification:_identify(data/rosbag2_2026_04_01-19_09_13) by extensions ['python_setup_py']
[0.143s] Level 1:colcon.colcon_core.package_identification:_identify(data/rosbag2_2026_04_01-19_09_13) by extension 'python_setup_py'
[0.143s] Level 1:colcon.colcon_core.package_identification:_identify(data/rosbag2_2026_04_02-08_59_14) by extensions ['ignore', 'ignore_ament_install']
[0.143s] Level 1:colcon.colcon_core.package_identification:_identify(data/rosbag2_2026_04_02-08_59_14) by extension 'ignore'
[0.143s] Level 1:colcon.colcon_core.package_identification:_identify(data/rosbag2_2026_04_02-08_59_14) by extension 'ignore_ament_install'
[0.143s] Level 1:colcon.colcon_core.package_identification:_identify(data/rosbag2_2026_04_02-08_59_14) by extensions ['colcon_pkg']
[0.144s] Level 1:colcon.colcon_core.package_identification:_identify(data/rosbag2_2026_04_02-08_59_14) by extension 'colcon_pkg'
[0.144s] Level 1:colcon.colcon_core.package_identification:_identify(data/rosbag2_2026_04_02-08_59_14) by extensions ['colcon_meta']
[0.144s] Level 1:colcon.colcon_core.package_identification:_identify(data/rosbag2_2026_04_02-08_59_14) by extension 'colcon_meta'
[0.144s] Level 1:colcon.colcon_core.package_identification:_identify(data/rosbag2_2026_04_02-08_59_14) by extensions ['ros']
[0.144s] Level 1:colcon.colcon_core.package_identification:_identify(data/rosbag2_2026_04_02-08_59_14) by extension 'ros'
[0.144s] Level 1:colcon.colcon_core.package_identification:_identify(data/rosbag2_2026_04_02-08_59_14) by extensions ['cmake', 'python']
[0.144s] Level 1:colcon.colcon_core.package_identification:_identify(data/rosbag2_2026_04_02-08_59_14) by extension 'cmake'
[0.144s] Level 1:colcon.colcon_core.package_identification:_identify(data/rosbag2_2026_04_02-08_59_14) by extension 'python'
[0.144s] Level 1:colcon.colcon_core.package_identification:_identify(data/rosbag2_2026_04_02-08_59_14) by extensions ['python_setup_py']
[0.144s] Level 1:colcon.colcon_core.package_identification:_identify(data/rosbag2_2026_04_02-08_59_14) by extension 'python_setup_py'
[0.144s] Level 1:colcon.colcon_core.package_identification:_identify(data/rosbag2_2026_04_02-09_09_22) by extensions ['ignore', 'ignore_ament_install']
[0.144s] Level 1:colcon.colcon_core.package_identification:_identify(data/rosbag2_2026_04_02-09_09_22) by extension 'ignore'
[0.144s] Level 1:colcon.colcon_core.package_identification:_identify(data/rosbag2_2026_04_02-09_09_22) by extension 'ignore_ament_install'
[0.144s] Level 1:colcon.colcon_core.package_identification:_identify(data/rosbag2_2026_04_02-09_09_22) by extensions ['colcon_pkg']
[0.144s] Level 1:colcon.colcon_core.package_identification:_identify(data/rosbag2_2026_04_02-09_09_22) by extension 'colcon_pkg'
[0.144s] Level 1:colcon.colcon_core.package_identification:_identify(data/rosbag2_2026_04_02-09_09_22) by extensions ['colcon_meta']
[0.144s] Level 1:colcon.colcon_core.package_identification:_identify(data/rosbag2_2026_04_02-09_09_22) by extension 'colcon_meta'
[0.144s] Level 1:colcon.colcon_core.package_identification:_identify(data/rosbag2_2026_04_02-09_09_22) by extensions ['ros']
[0.144s] Level 1:colcon.colcon_core.package_identification:_identify(data/rosbag2_2026_04_02-09_09_22) by extension 'ros'
[0.144s] Level 1:colcon.colcon_core.package_identification:_identify(data/rosbag2_2026_04_02-09_09_22) by extensions ['cmake', 'python']
[0.144s] Level 1:colcon.colcon_core.package_identification:_identify(data/rosbag2_2026_04_02-09_09_22) by extension 'cmake'
[0.144s] Level 1:colcon.colcon_core.package_identification:_identify(data/rosbag2_2026_04_02-09_09_22) by extension 'python'
[0.144s] Level 1:colcon.colcon_core.package_identification:_identify(data/rosbag2_2026_04_02-09_09_22) by extensions ['python_setup_py']
[0.144s] Level 1:colcon.colcon_core.package_identification:_identify(data/rosbag2_2026_04_02-09_09_22) by extension 'python_setup_py'
[0.144s] Level 1:colcon.colcon_core.package_identification:_identify(data/rosbag2_2026_04_02-11_25_23) by extensions ['ignore', 'ignore_ament_install']
[0.144s] Level 1:colcon.colcon_core.package_identification:_identify(data/rosbag2_2026_04_02-11_25_23) by extension 'ignore'
[0.144s] Level 1:colcon.colcon_core.package_identification:_identify(data/rosbag2_2026_04_02-11_25_23) by extension 'ignore_ament_install'
[0.144s] Level 1:colcon.colcon_core.package_identification:_identify(data/rosbag2_2026_04_02-11_25_23) by extensions ['colcon_pkg']
[0.144s] Level 1:colcon.colcon_core.package_identification:_identify(data/rosbag2_2026_04_02-11_25_23) by extension 'colcon_pkg'
[0.144s] Level 1:colcon.colcon_core.package_identification:_identify(data/rosbag2_2026_04_02-11_25_23) by extensions ['colcon_meta']
[0.144s] Level 1:colcon.colcon_core.package_identification:_identify(data/rosbag2_2026_04_02-11_25_23) by extension 'colcon_meta'
[0.144s] Level 1:colcon.colcon_core.package_identification:_identify(data/rosbag2_2026_04_02-11_25_23) by extensions ['ros']
[0.144s] Level 1:colcon.colcon_core.package_identification:_identify(data/rosbag2_2026_04_02-11_25_23) by extension 'ros'
[0.144s] Level 1:colcon.colcon_core.package_identification:_identify(data/rosbag2_2026_04_02-11_25_23) by extensions ['cmake', 'python']
[0.144s] Level 1:colcon.colcon_core.package_identification:_identify(data/rosbag2_2026_04_02-11_25_23) by extension 'cmake'
[0.144s] Level 1:colcon.colcon_core.package_identification:_identify(data/rosbag2_2026_04_02-11_25_23) by extension 'python'
[0.144s] Level 1:colcon.colcon_core.package_identification:_identify(data/rosbag2_2026_04_02-11_25_23) by extensions ['python_setup_py']
[0.144s] Level 1:colcon.colcon_core.package_identification:_identify(data/rosbag2_2026_04_02-11_25_23) by extension 'python_setup_py'
[0.144s] Level 1:colcon.colcon_core.package_identification:_identify(data/rosbag2_2026_04_02-11_36_31) by extensions ['ignore', 'ignore_ament_install']
[0.144s] Level 1:colcon.colcon_core.package_identification:_identify(data/rosbag2_2026_04_02-11_36_31) by extension 'ignore'
[0.144s] Level 1:colcon.colcon_core.package_identification:_identify(data/rosbag2_2026_04_02-11_36_31) by extension 'ignore_ament_install'
[0.144s] Level 1:colcon.colcon_core.package_identification:_identify(data/rosbag2_2026_04_02-11_36_31) by extensions ['colcon_pkg']
[0.144s] Level 1:colcon.colcon_core.package_identification:_identify(data/rosbag2_2026_04_02-11_36_31) by extension 'colcon_pkg'
[0.144s] Level 1:colcon.colcon_core.package_identification:_identify(data/rosbag2_2026_04_02-11_36_31) by extensions ['colcon_meta']
[0.144s] Level 1:colcon.colcon_core.package_identification:_identify(data/rosbag2_2026_04_02-11_36_31) by extension 'colcon_meta'
[0.144s] Level 1:colcon.colcon_core.package_identification:_identify(data/rosbag2_2026_04_02-11_36_31) by extensions ['ros']
[0.144s] Level 1:colcon.colcon_core.package_identification:_identify(data/rosbag2_2026_04_02-11_36_31) by extension 'ros'
[0.144s] Level 1:colcon.colcon_core.package_identification:_identify(data/rosbag2_2026_04_02-11_36_31) by extensions ['cmake', 'python']
[0.144s] Level 1:colcon.colcon_core.package_identification:_identify(data/rosbag2_2026_04_02-11_36_31) by extension 'cmake'
[0.144s] Level 1:colcon.colcon_core.package_identification:_identify(data/rosbag2_2026_04_02-11_36_31) by extension 'python'
[0.144s] Level 1:colcon.colcon_core.package_identification:_identify(data/rosbag2_2026_04_02-11_36_31) by extensions ['python_setup_py']
[0.144s] Level 1:colcon.colcon_core.package_identification:_identify(data/rosbag2_2026_04_02-11_36_31) by extension 'python_setup_py'
[0.144s] Level 1:colcon.colcon_core.package_identification:_identify(data/rosbag2_2026_04_02-12_36_31) by extensions ['ignore', 'ignore_ament_install']
[0.144s] Level 1:colcon.colcon_core.package_identification:_identify(data/rosbag2_2026_04_02-12_36_31) by extension 'ignore'
[0.144s] Level 1:colcon.colcon_core.package_identification:_identify(data/rosbag2_2026_04_02-12_36_31) by extension 'ignore_ament_install'
[0.145s] Level 1:colcon.colcon_core.package_identification:_identify(data/rosbag2_2026_04_02-12_36_31) by extensions ['colcon_pkg']
[0.145s] Level 1:colcon.colcon_core.package_identification:_identify(data/rosbag2_2026_04_02-12_36_31) by extension 'colcon_pkg'
[0.145s] Level 1:colcon.colcon_core.package_identification:_identify(data/rosbag2_2026_04_02-12_36_31) by extensions ['colcon_meta']
[0.145s] Level 1:colcon.colcon_core.package_identification:_identify(data/rosbag2_2026_04_02-12_36_31) by extension 'colcon_meta'
[0.145s] Level 1:colcon.colcon_core.package_identification:_identify(data/rosbag2_2026_04_02-12_36_31) by extensions ['ros']
[0.145s] Level 1:colcon.colcon_core.package_identification:_identify(data/rosbag2_2026_04_02-12_36_31) by extension 'ros'
[0.145s] Level 1:colcon.colcon_core.package_identification:_identify(data/rosbag2_2026_04_02-12_36_31) by extensions ['cmake', 'python']
[0.145s] Level 1:colcon.colcon_core.package_identification:_identify(data/rosbag2_2026_04_02-12_36_31) by extension 'cmake'
[0.145s] Level 1:colcon.colcon_core.package_identification:_identify(data/rosbag2_2026_04_02-12_36_31) by extension 'python'
[0.145s] Level 1:colcon.colcon_core.package_identification:_identify(data/rosbag2_2026_04_02-12_36_31) by extensions ['python_setup_py']
[0.145s] Level 1:colcon.colcon_core.package_identification:_identify(data/rosbag2_2026_04_02-12_36_31) by extension 'python_setup_py'
[0.145s] Level 1:colcon.colcon_core.package_identification:_identify(data/rosbag2_2026_04_02-12_50_38) by extensions ['ignore', 'ignore_ament_install']
[0.145s] Level 1:colcon.colcon_core.package_identification:_identify(data/rosbag2_2026_04_02-12_50_38) by extension 'ignore'
[0.145s] Level 1:colcon.colcon_core.package_identification:_identify(data/rosbag2_2026_04_02-12_50_38) by extension 'ignore_ament_install'
[0.145s] Level 1:colcon.colcon_core.package_identification:_identify(data/rosbag2_2026_04_02-12_50_38) by extensions ['colcon_pkg']
[0.145s] Level 1:colcon.colcon_core.package_identification:_identify(data/rosbag2_2026_04_02-12_50_38) by extension 'colcon_pkg'
[0.145s] Level 1:colcon.colcon_core.package_identification:_identify(data/rosbag2_2026_04_02-12_50_38) by extensions ['colcon_meta']
[0.145s] Level 1:colcon.colcon_core.package_identification:_identify(data/rosbag2_2026_04_02-12_50_38) by extension 'colcon_meta'
[0.145s] Level 1:colcon.colcon_core.package_identification:_identify(data/rosbag2_2026_04_02-12_50_38) by extensions ['ros']
[0.145s] Level 1:colcon.colcon_core.package_identification:_identify(data/rosbag2_2026_04_02-12_50_38) by extension 'ros'
[0.145s] Level 1:colcon.colcon_core.package_identification:_identify(data/rosbag2_2026_04_02-12_50_38) by extensions ['cmake', 'python']
[0.145s] Level 1:colcon.colcon_core.package_identification:_identify(data/rosbag2_2026_04_02-12_50_38) by extension 'cmake'
[0.145s] Level 1:colcon.colcon_core.package_identification:_identify(data/rosbag2_2026_04_02-12_50_38) by extension 'python'
[0.145s] Level 1:colcon.colcon_core.package_identification:_identify(data/rosbag2_2026_04_02-12_50_38) by extensions ['python_setup_py']
[0.145s] Level 1:colcon.colcon_core.package_identification:_identify(data/rosbag2_2026_04_02-12_50_38) by extension 'python_setup_py'
[0.145s] Level 1:colcon.colcon_core.package_identification:_identify(data/rosbag2_2026_04_02-13_10_34) by extensions ['ignore', 'ignore_ament_install']
[0.145s] Level 1:colcon.colcon_core.package_identification:_identify(data/rosbag2_2026_04_02-13_10_34) by extension 'ignore'
[0.145s] Level 1:colcon.colcon_core.package_identification:_identify(data/rosbag2_2026_04_02-13_10_34) by extension 'ignore_ament_install'
[0.145s] Level 1:colcon.colcon_core.package_identification:_identify(data/rosbag2_2026_04_02-13_10_34) by extensions ['colcon_pkg']
[0.145s] Level 1:colcon.colcon_core.package_identification:_identify(data/rosbag2_2026_04_02-13_10_34) by extension 'colcon_pkg'
[0.145s] Level 1:colcon.colcon_core.package_identification:_identify(data/rosbag2_2026_04_02-13_10_34) by extensions ['colcon_meta']
[0.145s] Level 1:colcon.colcon_core.package_identification:_identify(data/rosbag2_2026_04_02-13_10_34) by extension 'colcon_meta'
[0.145s] Level 1:colcon.colcon_core.package_identification:_identify(data/rosbag2_2026_04_02-13_10_34) by extensions ['ros']
[0.145s] Level 1:colcon.colcon_core.package_identification:_identify(data/rosbag2_2026_04_02-13_10_34) by extension 'ros'
[0.145s] Level 1:colcon.colcon_core.package_identification:_identify(data/rosbag2_2026_04_02-13_10_34) by extensions ['cmake', 'python']
[0.145s] Level 1:colcon.colcon_core.package_identification:_identify(data/rosbag2_2026_04_02-13_10_34) by extension 'cmake'
[0.145s] Level 1:colcon.colcon_core.package_identification:_identify(data/rosbag2_2026_04_02-13_10_34) by extension 'python'
[0.145s] Level 1:colcon.colcon_core.package_identification:_identify(data/rosbag2_2026_04_02-13_10_34) by extensions ['python_setup_py']
[0.145s] Level 1:colcon.colcon_core.package_identification:_identify(data/rosbag2_2026_04_02-13_10_34) by extension 'python_setup_py'
[0.145s] Level 1:colcon.colcon_core.package_identification:_identify(data/rosbag2_2026_04_02-13_12_40) by extensions ['ignore', 'ignore_ament_install']
[0.145s] Level 1:colcon.colcon_core.package_identification:_identify(data/rosbag2_2026_04_02-13_12_40) by extension 'ignore'
[0.145s] Level 1:colcon.colcon_core.package_identification:_identify(data/rosbag2_2026_04_02-13_12_40) by extension 'ignore_ament_install'
[0.145s] Level 1:colcon.colcon_core.package_identification:_identify(data/rosbag2_2026_04_02-13_12_40) by extensions ['colcon_pkg']
[0.145s] Level 1:colcon.colcon_core.package_identification:_identify(data/rosbag2_2026_04_02-13_12_40) by extension 'colcon_pkg'
[0.145s] Level 1:colcon.colcon_core.package_identification:_identify(data/rosbag2_2026_04_02-13_12_40) by extensions ['colcon_meta']
[0.145s] Level 1:colcon.colcon_core.package_identification:_identify(data/rosbag2_2026_04_02-13_12_40) by extension 'colcon_meta'
[0.145s] Level 1:colcon.colcon_core.package_identification:_identify(data/rosbag2_2026_04_02-13_12_40) by extensions ['ros']
[0.145s] Level 1:colcon.colcon_core.package_identification:_identify(data/rosbag2_2026_04_02-13_12_40) by extension 'ros'
[0.145s] Level 1:colcon.colcon_core.package_identification:_identify(data/rosbag2_2026_04_02-13_12_40) by extensions ['cmake', 'python']
[0.145s] Level 1:colcon.colcon_core.package_identification:_identify(data/rosbag2_2026_04_02-13_12_40) by extension 'cmake'
[0.145s] Level 1:colcon.colcon_core.package_identification:_identify(data/rosbag2_2026_04_02-13_12_40) by extension 'python'
[0.145s] Level 1:colcon.colcon_core.package_identification:_identify(data/rosbag2_2026_04_02-13_12_40) by extensions ['python_setup_py']
[0.145s] Level 1:colcon.colcon_core.package_identification:_identify(data/rosbag2_2026_04_02-13_12_40) by extension 'python_setup_py'
[0.145s] Level 1:colcon.colcon_core.package_identification:_identify(data/rosbag2_2026_04_02-19_53_53) by extensions ['ignore', 'ignore_ament_install']
[0.145s] Level 1:colcon.colcon_core.package_identification:_identify(data/rosbag2_2026_04_02-19_53_53) by extension 'ignore'
[0.145s] Level 1:colcon.colcon_core.package_identification:_identify(data/rosbag2_2026_04_02-19_53_53) by extension 'ignore_ament_install'
[0.145s] Level 1:colcon.colcon_core.package_identification:_identify(data/rosbag2_2026_04_02-19_53_53) by extensions ['colcon_pkg']
[0.145s] Level 1:colcon.colcon_core.package_identification:_identify(data/rosbag2_2026_04_02-19_53_53) by extension 'colcon_pkg'
[0.145s] Level 1:colcon.colcon_core.package_identification:_identify(data/rosbag2_2026_04_02-19_53_53) by extensions ['colcon_meta']
[0.145s] Level 1:colcon.colcon_core.package_identification:_identify(data/rosbag2_2026_04_02-19_53_53) by extension 'colcon_meta'
[0.145s] Level 1:colcon.colcon_core.package_identification:_identify(data/rosbag2_2026_04_02-19_53_53) by extensions ['ros']
[0.146s] Level 1:colcon.colcon_core.package_identification:_identify(data/rosbag2_2026_04_02-19_53_53) by extension 'ros'
[0.146s] Level 1:colcon.colcon_core.package_identification:_identify(data/rosbag2_2026_04_02-19_53_53) by extensions ['cmake', 'python']
[0.146s] Level 1:colcon.colcon_core.package_identification:_identify(data/rosbag2_2026_04_02-19_53_53) by extension 'cmake'
[0.146s] Level 1:colcon.colcon_core.package_identification:_identify(data/rosbag2_2026_04_02-19_53_53) by extension 'python'
[0.146s] Level 1:colcon.colcon_core.package_identification:_identify(data/rosbag2_2026_04_02-19_53_53) by extensions ['python_setup_py']
[0.146s] Level 1:colcon.colcon_core.package_identification:_identify(data/rosbag2_2026_04_02-19_53_53) by extension 'python_setup_py'
[0.146s] Level 1:colcon.colcon_core.package_identification:_identify(data/rosbag2_2026_04_02-20_58_02) by extensions ['ignore', 'ignore_ament_install']
[0.146s] Level 1:colcon.colcon_core.package_identification:_identify(data/rosbag2_2026_04_02-20_58_02) by extension 'ignore'
[0.146s] Level 1:colcon.colcon_core.package_identification:_identify(data/rosbag2_2026_04_02-20_58_02) by extension 'ignore_ament_install'
[0.146s] Level 1:colcon.colcon_core.package_identification:_identify(data/rosbag2_2026_04_02-20_58_02) by extensions ['colcon_pkg']
[0.146s] Level 1:colcon.colcon_core.package_identification:_identify(data/rosbag2_2026_04_02-20_58_02) by extension 'colcon_pkg'
[0.146s] Level 1:colcon.colcon_core.package_identification:_identify(data/rosbag2_2026_04_02-20_58_02) by extensions ['colcon_meta']
[0.146s] Level 1:colcon.colcon_core.package_identification:_identify(data/rosbag2_2026_04_02-20_58_02) by extension 'colcon_meta'
[0.146s] Level 1:colcon.colcon_core.package_identification:_identify(data/rosbag2_2026_04_02-20_58_02) by extensions ['ros']
[0.146s] Level 1:colcon.colcon_core.package_identification:_identify(data/rosbag2_2026_04_02-20_58_02) by extension 'ros'
[0.146s] Level 1:colcon.colcon_core.package_identification:_identify(data/rosbag2_2026_04_02-20_58_02) by extensions ['cmake', 'python']
[0.146s] Level 1:colcon.colcon_core.package_identification:_identify(data/rosbag2_2026_04_02-20_58_02) by extension 'cmake'
[0.146s] Level 1:colcon.colcon_core.package_identification:_identify(data/rosbag2_2026_04_02-20_58_02) by extension 'python'
[0.146s] Level 1:colcon.colcon_core.package_identification:_identify(data/rosbag2_2026_04_02-20_58_02) by extensions ['python_setup_py']
[0.146s] Level 1:colcon.colcon_core.package_identification:_identify(data/rosbag2_2026_04_02-20_58_02) by extension 'python_setup_py'
[0.146s] Level 1:colcon.colcon_core.package_identification:_identify(data/rosbag2_2026_04_02-21_03_09) by extensions ['ignore', 'ignore_ament_install']
[0.146s] Level 1:colcon.colcon_core.package_identification:_identify(data/rosbag2_2026_04_02-21_03_09) by extension 'ignore'
[0.146s] Level 1:colcon.colcon_core.package_identification:_identify(data/rosbag2_2026_04_02-21_03_09) by extension 'ignore_ament_install'
[0.146s] Level 1:colcon.colcon_core.package_identification:_identify(data/rosbag2_2026_04_02-21_03_09) by extensions ['colcon_pkg']
[0.146s] Level 1:colcon.colcon_core.package_identification:_identify(data/rosbag2_2026_04_02-21_03_09) by extension 'colcon_pkg'
[0.146s] Level 1:colcon.colcon_core.package_identification:_identify(data/rosbag2_2026_04_02-21_03_09) by extensions ['colcon_meta']
[0.146s] Level 1:colcon.colcon_core.package_identification:_identify(data/rosbag2_2026_04_02-21_03_09) by extension 'colcon_meta'
[0.146s] Level 1:colcon.colcon_core.package_identification:_identify(data/rosbag2_2026_04_02-21_03_09) by extensions ['ros']
[0.146s] Level 1:colcon.colcon_core.package_identification:_identify(data/rosbag2_2026_04_02-21_03_09) by extension 'ros'
[0.146s] Level 1:colcon.colcon_core.package_identification:_identify(data/rosbag2_2026_04_02-21_03_09) by extensions ['cmake', 'python']
[0.146s] Level 1:colcon.colcon_core.package_identification:_identify(data/rosbag2_2026_04_02-21_03_09) by extension 'cmake'
[0.146s] Level 1:colcon.colcon_core.package_identification:_identify(data/rosbag2_2026_04_02-21_03_09) by extension 'python'
[0.146s] Level 1:colcon.colcon_core.package_identification:_identify(data/rosbag2_2026_04_02-21_03_09) by extensions ['python_setup_py']
[0.146s] Level 1:colcon.colcon_core.package_identification:_identify(data/rosbag2_2026_04_02-21_03_09) by extension 'python_setup_py'
[0.146s] Level 1:colcon.colcon_core.package_identification:_identify(data/rosbag2_2026_04_02-21_06_50) by extensions ['ignore', 'ignore_ament_install']
[0.146s] Level 1:colcon.colcon_core.package_identification:_identify(data/rosbag2_2026_04_02-21_06_50) by extension 'ignore'
[0.146s] Level 1:colcon.colcon_core.package_identification:_identify(data/rosbag2_2026_04_02-21_06_50) by extension 'ignore_ament_install'
[0.146s] Level 1:colcon.colcon_core.package_identification:_identify(data/rosbag2_2026_04_02-21_06_50) by extensions ['colcon_pkg']
[0.146s] Level 1:colcon.colcon_core.package_identification:_identify(data/rosbag2_2026_04_02-21_06_50) by extension 'colcon_pkg'
[0.146s] Level 1:colcon.colcon_core.package_identification:_identify(data/rosbag2_2026_04_02-21_06_50) by extensions ['colcon_meta']
[0.146s] Level 1:colcon.colcon_core.package_identification:_identify(data/rosbag2_2026_04_02-21_06_50) by extension 'colcon_meta'
[0.146s] Level 1:colcon.colcon_core.package_identification:_identify(data/rosbag2_2026_04_02-21_06_50) by extensions ['ros']
[0.146s] Level 1:colcon.colcon_core.package_identification:_identify(data/rosbag2_2026_04_02-21_06_50) by extension 'ros'
[0.146s] Level 1:colcon.colcon_core.package_identification:_identify(data/rosbag2_2026_04_02-21_06_50) by extensions ['cmake', 'python']
[0.146s] Level 1:colcon.colcon_core.package_identification:_identify(data/rosbag2_2026_04_02-21_06_50) by extension 'cmake'
[0.146s] Level 1:colcon.colcon_core.package_identification:_identify(data/rosbag2_2026_04_02-21_06_50) by extension 'python'
[0.146s] Level 1:colcon.colcon_core.package_identification:_identify(data/rosbag2_2026_04_02-21_06_50) by extensions ['python_setup_py']
[0.146s] Level 1:colcon.colcon_core.package_identification:_identify(data/rosbag2_2026_04_02-21_06_50) by extension 'python_setup_py'
[0.146s] Level 1:colcon.colcon_core.package_identification:_identify(data/rosbag2_2026_04_02-21_08_02) by extensions ['ignore', 'ignore_ament_install']
[0.146s] Level 1:colcon.colcon_core.package_identification:_identify(data/rosbag2_2026_04_02-21_08_02) by extension 'ignore'
[0.146s] Level 1:colcon.colcon_core.package_identification:_identify(data/rosbag2_2026_04_02-21_08_02) by extension 'ignore_ament_install'
[0.146s] Level 1:colcon.colcon_core.package_identification:_identify(data/rosbag2_2026_04_02-21_08_02) by extensions ['colcon_pkg']
[0.146s] Level 1:colcon.colcon_core.package_identification:_identify(data/rosbag2_2026_04_02-21_08_02) by extension 'colcon_pkg'
[0.146s] Level 1:colcon.colcon_core.package_identification:_identify(data/rosbag2_2026_04_02-21_08_02) by extensions ['colcon_meta']
[0.146s] Level 1:colcon.colcon_core.package_identification:_identify(data/rosbag2_2026_04_02-21_08_02) by extension 'colcon_meta'
[0.146s] Level 1:colcon.colcon_core.package_identification:_identify(data/rosbag2_2026_04_02-21_08_02) by extensions ['ros']
[0.146s] Level 1:colcon.colcon_core.package_identification:_identify(data/rosbag2_2026_04_02-21_08_02) by extension 'ros'
[0.146s] Level 1:colcon.colcon_core.package_identification:_identify(data/rosbag2_2026_04_02-21_08_02) by extensions ['cmake', 'python']
[0.146s] Level 1:colcon.colcon_core.package_identification:_identify(data/rosbag2_2026_04_02-21_08_02) by extension 'cmake'
[0.146s] Level 1:colcon.colcon_core.package_identification:_identify(data/rosbag2_2026_04_02-21_08_02) by extension 'python'
[0.147s] Level 1:colcon.colcon_core.package_identification:_identify(data/rosbag2_2026_04_02-21_08_02) by extensions ['python_setup_py']
[0.147s] Level 1:colcon.colcon_core.package_identification:_identify(data/rosbag2_2026_04_02-21_08_02) by extension 'python_setup_py'
[0.147s] Level 1:colcon.colcon_core.package_identification:_identify(data/rosbag2_2026_04_02-21_09_30) by extensions ['ignore', 'ignore_ament_install']
[0.147s] Level 1:colcon.colcon_core.package_identification:_identify(data/rosbag2_2026_04_02-21_09_30) by extension 'ignore'
[0.147s] Level 1:colcon.colcon_core.package_identification:_identify(data/rosbag2_2026_04_02-21_09_30) by extension 'ignore_ament_install'
[0.147s] Level 1:colcon.colcon_core.package_identification:_identify(data/rosbag2_2026_04_02-21_09_30) by extensions ['colcon_pkg']
[0.147s] Level 1:colcon.colcon_core.package_identification:_identify(data/rosbag2_2026_04_02-21_09_30) by extension 'colcon_pkg'
[0.147s] Level 1:colcon.colcon_core.package_identification:_identify(data/rosbag2_2026_04_02-21_09_30) by extensions ['colcon_meta']
[0.147s] Level 1:colcon.colcon_core.package_identification:_identify(data/rosbag2_2026_04_02-21_09_30) by extension 'colcon_meta'
[0.147s] Level 1:colcon.colcon_core.package_identification:_identify(data/rosbag2_2026_04_02-21_09_30) by extensions ['ros']
[0.147s] Level 1:colcon.colcon_core.package_identification:_identify(data/rosbag2_2026_04_02-21_09_30) by extension 'ros'
[0.147s] Level 1:colcon.colcon_core.package_identification:_identify(data/rosbag2_2026_04_02-21_09_30) by extensions ['cmake', 'python']
[0.147s] Level 1:colcon.colcon_core.package_identification:_identify(data/rosbag2_2026_04_02-21_09_30) by extension 'cmake'
[0.147s] Level 1:colcon.colcon_core.package_identification:_identify(data/rosbag2_2026_04_02-21_09_30) by extension 'python'
[0.147s] Level 1:colcon.colcon_core.package_identification:_identify(data/rosbag2_2026_04_02-21_09_30) by extensions ['python_setup_py']
[0.147s] Level 1:colcon.colcon_core.package_identification:_identify(data/rosbag2_2026_04_02-21_09_30) by extension 'python_setup_py'
[0.147s] Level 1:colcon.colcon_core.package_identification:_identify(data/rosbag2_2026_04_02-21_11_03) by extensions ['ignore', 'ignore_ament_install']
[0.147s] Level 1:colcon.colcon_core.package_identification:_identify(data/rosbag2_2026_04_02-21_11_03) by extension 'ignore'
[0.147s] Level 1:colcon.colcon_core.package_identification:_identify(data/rosbag2_2026_04_02-21_11_03) by extension 'ignore_ament_install'
[0.147s] Level 1:colcon.colcon_core.package_identification:_identify(data/rosbag2_2026_04_02-21_11_03) by extensions ['colcon_pkg']
[0.147s] Level 1:colcon.colcon_core.package_identification:_identify(data/rosbag2_2026_04_02-21_11_03) by extension 'colcon_pkg'
[0.147s] Level 1:colcon.colcon_core.package_identification:_identify(data/rosbag2_2026_04_02-21_11_03) by extensions ['colcon_meta']
[0.147s] Level 1:colcon.colcon_core.package_identification:_identify(data/rosbag2_2026_04_02-21_11_03) by extension 'colcon_meta'
[0.147s] Level 1:colcon.colcon_core.package_identification:_identify(data/rosbag2_2026_04_02-21_11_03) by extensions ['ros']
[0.147s] Level 1:colcon.colcon_core.package_identification:_identify(data/rosbag2_2026_04_02-21_11_03) by extension 'ros'
[0.147s] Level 1:colcon.colcon_core.package_identification:_identify(data/rosbag2_2026_04_02-21_11_03) by extensions ['cmake', 'python']
[0.147s] Level 1:colcon.colcon_core.package_identification:_identify(data/rosbag2_2026_04_02-21_11_03) by extension 'cmake'
[0.147s] Level 1:colcon.colcon_core.package_identification:_identify(data/rosbag2_2026_04_02-21_11_03) by extension 'python'
[0.147s] Level 1:colcon.colcon_core.package_identification:_identify(data/rosbag2_2026_04_02-21_11_03) by extensions ['python_setup_py']
[0.147s] Level 1:colcon.colcon_core.package_identification:_identify(data/rosbag2_2026_04_02-21_11_03) by extension 'python_setup_py'
[0.147s] Level 1:colcon.colcon_core.package_identification:_identify(install) by extensions ['ignore', 'ignore_ament_install']
[0.147s] Level 1:colcon.colcon_core.package_identification:_identify(install) by extension 'ignore'
[0.147s] Level 1:colcon.colcon_core.package_identification:_identify(install) ignored
[0.147s] Level 1:colcon.colcon_core.package_identification:_identify(log) by extensions ['ignore', 'ignore_ament_install']
[0.147s] Level 1:colcon.colcon_core.package_identification:_identify(log) by extension 'ignore'
[0.147s] Level 1:colcon.colcon_core.package_identification:_identify(log) ignored
[0.147s] Level 1:colcon.colcon_core.package_identification:_identify(rosbag2_2026_04_01-17_02_02) by extensions ['ignore', 'ignore_ament_install']
[0.147s] Level 1:colcon.colcon_core.package_identification:_identify(rosbag2_2026_04_01-17_02_02) by extension 'ignore'
[0.147s] Level 1:colcon.colcon_core.package_identification:_identify(rosbag2_2026_04_01-17_02_02) by extension 'ignore_ament_install'
[0.147s] Level 1:colcon.colcon_core.package_identification:_identify(rosbag2_2026_04_01-17_02_02) by extensions ['colcon_pkg']
[0.147s] Level 1:colcon.colcon_core.package_identification:_identify(rosbag2_2026_04_01-17_02_02) by extension 'colcon_pkg'
[0.147s] Level 1:colcon.colcon_core.package_identification:_identify(rosbag2_2026_04_01-17_02_02) by extensions ['colcon_meta']
[0.147s] Level 1:colcon.colcon_core.package_identification:_identify(rosbag2_2026_04_01-17_02_02) by extension 'colcon_meta'
[0.147s] Level 1:colcon.colcon_core.package_identification:_identify(rosbag2_2026_04_01-17_02_02) by extensions ['ros']
[0.147s] Level 1:colcon.colcon_core.package_identification:_identify(rosbag2_2026_04_01-17_02_02) by extension 'ros'
[0.147s] Level 1:colcon.colcon_core.package_identification:_identify(rosbag2_2026_04_01-17_02_02) by extensions ['cmake', 'python']
[0.147s] Level 1:colcon.colcon_core.package_identification:_identify(rosbag2_2026_04_01-17_02_02) by extension 'cmake'
[0.147s] Level 1:colcon.colcon_core.package_identification:_identify(rosbag2_2026_04_01-17_02_02) by extension 'python'
[0.147s] Level 1:colcon.colcon_core.package_identification:_identify(rosbag2_2026_04_01-17_02_02) by extensions ['python_setup_py']
[0.147s] Level 1:colcon.colcon_core.package_identification:_identify(rosbag2_2026_04_01-17_02_02) by extension 'python_setup_py'
[0.147s] Level 1:colcon.colcon_core.package_identification:_identify(rosbag2_2026_04_01-17_02_18) by extensions ['ignore', 'ignore_ament_install']
[0.147s] Level 1:colcon.colcon_core.package_identification:_identify(rosbag2_2026_04_01-17_02_18) by extension 'ignore'
[0.147s] Level 1:colcon.colcon_core.package_identification:_identify(rosbag2_2026_04_01-17_02_18) by extension 'ignore_ament_install'
[0.148s] Level 1:colcon.colcon_core.package_identification:_identify(rosbag2_2026_04_01-17_02_18) by extensions ['colcon_pkg']
[0.148s] Level 1:colcon.colcon_core.package_identification:_identify(rosbag2_2026_04_01-17_02_18) by extension 'colcon_pkg'
[0.148s] Level 1:colcon.colcon_core.package_identification:_identify(rosbag2_2026_04_01-17_02_18) by extensions ['colcon_meta']
[0.148s] Level 1:colcon.colcon_core.package_identification:_identify(rosbag2_2026_04_01-17_02_18) by extension 'colcon_meta'
[0.148s] Level 1:colcon.colcon_core.package_identification:_identify(rosbag2_2026_04_01-17_02_18) by extensions ['ros']
[0.148s] Level 1:colcon.colcon_core.package_identification:_identify(rosbag2_2026_04_01-17_02_18) by extension 'ros'
[0.148s] Level 1:colcon.colcon_core.package_identification:_identify(rosbag2_2026_04_01-17_02_18) by extensions ['cmake', 'python']
[0.148s] Level 1:colcon.colcon_core.package_identification:_identify(rosbag2_2026_04_01-17_02_18) by extension 'cmake'
[0.148s] Level 1:colcon.colcon_core.package_identification:_identify(rosbag2_2026_04_01-17_02_18) by extension 'python'
[0.148s] Level 1:colcon.colcon_core.package_identification:_identify(rosbag2_2026_04_01-17_02_18) by extensions ['python_setup_py']
[0.148s] Level 1:colcon.colcon_core.package_identification:_identify(rosbag2_2026_04_01-17_02_18) by extension 'python_setup_py'
[0.148s] Level 1:colcon.colcon_core.package_identification:_identify(rosbag2_2026_04_01-17_11_57) by extensions ['ignore', 'ignore_ament_install']
[0.148s] Level 1:colcon.colcon_core.package_identification:_identify(rosbag2_2026_04_01-17_11_57) by extension 'ignore'
[0.148s] Level 1:colcon.colcon_core.package_identification:_identify(rosbag2_2026_04_01-17_11_57) by extension 'ignore_ament_install'
[0.148s] Level 1:colcon.colcon_core.package_identification:_identify(rosbag2_2026_04_01-17_11_57) by extensions ['colcon_pkg']
[0.148s] Level 1:colcon.colcon_core.package_identification:_identify(rosbag2_2026_04_01-17_11_57) by extension 'colcon_pkg'
[0.148s] Level 1:colcon.colcon_core.package_identification:_identify(rosbag2_2026_04_01-17_11_57) by extensions ['colcon_meta']
[0.148s] Level 1:colcon.colcon_core.package_identification:_identify(rosbag2_2026_04_01-17_11_57) by extension 'colcon_meta'
[0.148s] Level 1:colcon.colcon_core.package_identification:_identify(rosbag2_2026_04_01-17_11_57) by extensions ['ros']
[0.148s] Level 1:colcon.colcon_core.package_identification:_identify(rosbag2_2026_04_01-17_11_57) by extension 'ros'
[0.148s] Level 1:colcon.colcon_core.package_identification:_identify(rosbag2_2026_04_01-17_11_57) by extensions ['cmake', 'python']
[0.148s] Level 1:colcon.colcon_core.package_identification:_identify(rosbag2_2026_04_01-17_11_57) by extension 'cmake'
[0.148s] Level 1:colcon.colcon_core.package_identification:_identify(rosbag2_2026_04_01-17_11_57) by extension 'python'
[0.148s] Level 1:colcon.colcon_core.package_identification:_identify(rosbag2_2026_04_01-17_11_57) by extensions ['python_setup_py']
[0.148s] Level 1:colcon.colcon_core.package_identification:_identify(rosbag2_2026_04_01-17_11_57) by extension 'python_setup_py'
[0.148s] Level 1:colcon.colcon_core.package_identification:_identify(src) by extensions ['ignore', 'ignore_ament_install']
[0.148s] Level 1:colcon.colcon_core.package_identification:_identify(src) by extension 'ignore'
[0.148s] Level 1:colcon.colcon_core.package_identification:_identify(src) by extension 'ignore_ament_install'
[0.148s] Level 1:colcon.colcon_core.package_identification:_identify(src) by extensions ['colcon_pkg']
[0.148s] Level 1:colcon.colcon_core.package_identification:_identify(src) by extension 'colcon_pkg'
[0.148s] Level 1:colcon.colcon_core.package_identification:_identify(src) by extensions ['colcon_meta']
[0.148s] Level 1:colcon.colcon_core.package_identification:_identify(src) by extension 'colcon_meta'
[0.148s] Level 1:colcon.colcon_core.package_identification:_identify(src) by extensions ['ros']
[0.148s] Level 1:colcon.colcon_core.package_identification:_identify(src) by extension 'ros'
[0.148s] Level 1:colcon.colcon_core.package_identification:_identify(src) by extensions ['cmake', 'python']
[0.148s] Level 1:colcon.colcon_core.package_identification:_identify(src) by extension 'cmake'
[0.148s] Level 1:colcon.colcon_core.package_identification:_identify(src) by extension 'python'
[0.148s] Level 1:colcon.colcon_core.package_identification:_identify(src) by extensions ['python_setup_py']
[0.148s] Level 1:colcon.colcon_core.package_identification:_identify(src) by extension 'python_setup_py'
[0.148s] Level 1:colcon.colcon_core.package_identification:_identify(src/build) by extensions ['ignore', 'ignore_ament_install']
[0.148s] Level 1:colcon.colcon_core.package_identification:_identify(src/build) by extension 'ignore'
[0.148s] Level 1:colcon.colcon_core.package_identification:_identify(src/build) ignored
[0.148s] Level 1:colcon.colcon_core.package_identification:_identify(src/force_location) by extensions ['ignore', 'ignore_ament_install']
[0.148s] Level 1:colcon.colcon_core.package_identification:_identify(src/force_location) by extension 'ignore'
[0.148s] Level 1:colcon.colcon_core.package_identification:_identify(src/force_location) by extension 'ignore_ament_install'
[0.148s] Level 1:colcon.colcon_core.package_identification:_identify(src/force_location) by extensions ['colcon_pkg']
[0.148s] Level 1:colcon.colcon_core.package_identification:_identify(src/force_location) by extension 'colcon_pkg'
[0.148s] Level 1:colcon.colcon_core.package_identification:_identify(src/force_location) by extensions ['colcon_meta']
[0.148s] Level 1:colcon.colcon_core.package_identification:_identify(src/force_location) by extension 'colcon_meta'
[0.148s] Level 1:colcon.colcon_core.package_identification:_identify(src/force_location) by extensions ['ros']
[0.148s] Level 1:colcon.colcon_core.package_identification:_identify(src/force_location) by extension 'ros'
[0.148s] Level 1:colcon.colcon_core.package_identification:_identify(src/force_location) by extensions ['cmake', 'python']
[0.148s] Level 1:colcon.colcon_core.package_identification:_identify(src/force_location) by extension 'cmake'
[0.148s] Level 1:colcon.colcon_core.package_identification:_identify(src/force_location) by extension 'python'
[0.148s] Level 1:colcon.colcon_core.package_identification:_identify(src/force_location) by extensions ['python_setup_py']
[0.148s] Level 1:colcon.colcon_core.package_identification:_identify(src/force_location) by extension 'python_setup_py'
[0.148s] Level 1:colcon.colcon_core.package_identification:_identify(src/force_location/diffusion) by extensions ['ignore', 'ignore_ament_install']
[0.148s] Level 1:colcon.colcon_core.package_identification:_identify(src/force_location/diffusion) by extension 'ignore'
[0.149s] Level 1:colcon.colcon_core.package_identification:_identify(src/force_location/diffusion) by extension 'ignore_ament_install'
[0.149s] Level 1:colcon.colcon_core.package_identification:_identify(src/force_location/diffusion) by extensions ['colcon_pkg']
[0.149s] Level 1:colcon.colcon_core.package_identification:_identify(src/force_location/diffusion) by extension 'colcon_pkg'
[0.149s] Level 1:colcon.colcon_core.package_identification:_identify(src/force_location/diffusion) by extensions ['colcon_meta']
[0.149s] Level 1:colcon.colcon_core.package_identification:_identify(src/force_location/diffusion) by extension 'colcon_meta'
[0.149s] Level 1:colcon.colcon_core.package_identification:_identify(src/force_location/diffusion) by extensions ['ros']
[0.149s] Level 1:colcon.colcon_core.package_identification:_identify(src/force_location/diffusion) by extension 'ros'
[0.149s] Level 1:colcon.colcon_core.package_identification:_identify(src/force_location/diffusion) by extensions ['cmake', 'python']
[0.149s] Level 1:colcon.colcon_core.package_identification:_identify(src/force_location/diffusion) by extension 'cmake'
[0.149s] Level 1:colcon.colcon_core.package_identification:_identify(src/force_location/diffusion) by extension 'python'
[0.149s] Level 1:colcon.colcon_core.package_identification:_identify(src/force_location/diffusion) by extensions ['python_setup_py']
[0.149s] Level 1:colcon.colcon_core.package_identification:_identify(src/force_location/diffusion) by extension 'python_setup_py'
[0.149s] Level 1:colcon.colcon_core.package_identification:_identify(src/force_location/diffusion/peg_trainingset) by extensions ['ignore', 'ignore_ament_install']
[0.149s] Level 1:colcon.colcon_core.package_identification:_identify(src/force_location/diffusion/peg_trainingset) by extension 'ignore'
[0.149s] Level 1:colcon.colcon_core.package_identification:_identify(src/force_location/diffusion/peg_trainingset) by extension 'ignore_ament_install'
[0.149s] Level 1:colcon.colcon_core.package_identification:_identify(src/force_location/diffusion/peg_trainingset) by extensions ['colcon_pkg']
[0.149s] Level 1:colcon.colcon_core.package_identification:_identify(src/force_location/diffusion/peg_trainingset) by extension 'colcon_pkg'
[0.149s] Level 1:colcon.colcon_core.package_identification:_identify(src/force_location/diffusion/peg_trainingset) by extensions ['colcon_meta']
[0.149s] Level 1:colcon.colcon_core.package_identification:_identify(src/force_location/diffusion/peg_trainingset) by extension 'colcon_meta'
[0.149s] Level 1:colcon.colcon_core.package_identification:_identify(src/force_location/diffusion/peg_trainingset) by extensions ['ros']
[0.149s] Level 1:colcon.colcon_core.package_identification:_identify(src/force_location/diffusion/peg_trainingset) by extension 'ros'
[0.149s] Level 1:colcon.colcon_core.package_identification:_identify(src/force_location/diffusion/peg_trainingset) by extensions ['cmake', 'python']
[0.149s] Level 1:colcon.colcon_core.package_identification:_identify(src/force_location/diffusion/peg_trainingset) by extension 'cmake'
[0.149s] Level 1:colcon.colcon_core.package_identification:_identify(src/force_location/diffusion/peg_trainingset) by extension 'python'
[0.149s] Level 1:colcon.colcon_core.package_identification:_identify(src/force_location/diffusion/peg_trainingset) by extensions ['python_setup_py']
[0.149s] Level 1:colcon.colcon_core.package_identification:_identify(src/force_location/diffusion/peg_trainingset) by extension 'python_setup_py'
[0.149s] Level 1:colcon.colcon_core.package_identification:_identify(src/force_location/force_application) by extensions ['ignore', 'ignore_ament_install']
[0.149s] Level 1:colcon.colcon_core.package_identification:_identify(src/force_location/force_application) by extension 'ignore'
[0.149s] Level 1:colcon.colcon_core.package_identification:_identify(src/force_location/force_application) by extension 'ignore_ament_install'
[0.149s] Level 1:colcon.colcon_core.package_identification:_identify(src/force_location/force_application) by extensions ['colcon_pkg']
[0.149s] Level 1:colcon.colcon_core.package_identification:_identify(src/force_location/force_application) by extension 'colcon_pkg'
[0.149s] Level 1:colcon.colcon_core.package_identification:_identify(src/force_location/force_application) by extensions ['colcon_meta']
[0.149s] Level 1:colcon.colcon_core.package_identification:_identify(src/force_location/force_application) by extension 'colcon_meta'
[0.149s] Level 1:colcon.colcon_core.package_identification:_identify(src/force_location/force_application) by extensions ['ros']
[0.149s] Level 1:colcon.colcon_core.package_identification:_identify(src/force_location/force_application) by extension 'ros'
[0.149s] Level 1:colcon.colcon_core.package_identification:_identify(src/force_location/force_application) by extensions ['cmake', 'python']
[0.149s] Level 1:colcon.colcon_core.package_identification:_identify(src/force_location/force_application) by extension 'cmake'
[0.149s] Level 1:colcon.colcon_core.package_identification:_identify(src/force_location/force_application) by extension 'python'
[0.149s] Level 1:colcon.colcon_core.package_identification:_identify(src/force_location/force_application) by extensions ['python_setup_py']
[0.149s] Level 1:colcon.colcon_core.package_identification:_identify(src/force_location/force_application) by extension 'python_setup_py'
[0.149s] Level 1:colcon.colcon_core.package_identification:_identify(src/force_location/force_application/pointcloud) by extensions ['ignore', 'ignore_ament_install']
[0.149s] Level 1:colcon.colcon_core.package_identification:_identify(src/force_location/force_application/pointcloud) by extension 'ignore'
[0.149s] Level 1:colcon.colcon_core.package_identification:_identify(src/force_location/force_application/pointcloud) by extension 'ignore_ament_install'
[0.149s] Level 1:colcon.colcon_core.package_identification:_identify(src/force_location/force_application/pointcloud) by extensions ['colcon_pkg']
[0.149s] Level 1:colcon.colcon_core.package_identification:_identify(src/force_location/force_application/pointcloud) by extension 'colcon_pkg'
[0.149s] Level 1:colcon.colcon_core.package_identification:_identify(src/force_location/force_application/pointcloud) by extensions ['colcon_meta']
[0.149s] Level 1:colcon.colcon_core.package_identification:_identify(src/force_location/force_application/pointcloud) by extension 'colcon_meta'
[0.149s] Level 1:colcon.colcon_core.package_identification:_identify(src/force_location/force_application/pointcloud) by extensions ['ros']
[0.149s] Level 1:colcon.colcon_core.package_identification:_identify(src/force_location/force_application/pointcloud) by extension 'ros'
[0.149s] Level 1:colcon.colcon_core.package_identification:_identify(src/force_location/force_application/pointcloud) by extensions ['cmake', 'python']
[0.149s] Level 1:colcon.colcon_core.package_identification:_identify(src/force_location/force_application/pointcloud) by extension 'cmake'
[0.149s] Level 1:colcon.colcon_core.package_identification:_identify(src/force_location/force_application/pointcloud) by extension 'python'
[0.149s] Level 1:colcon.colcon_core.package_identification:_identify(src/force_location/force_application/pointcloud) by extensions ['python_setup_py']
[0.149s] Level 1:colcon.colcon_core.package_identification:_identify(src/force_location/force_application/pointcloud) by extension 'python_setup_py'
[0.149s] Level 1:colcon.colcon_core.package_identification:_identify(src/install) by extensions ['ignore', 'ignore_ament_install']
[0.150s] Level 1:colcon.colcon_core.package_identification:_identify(src/install) by extension 'ignore'
[0.150s] Level 1:colcon.colcon_core.package_identification:_identify(src/install) ignored
[0.150s] Level 1:colcon.colcon_core.package_identification:_identify(src/log) by extensions ['ignore', 'ignore_ament_install']
[0.150s] Level 1:colcon.colcon_core.package_identification:_identify(src/log) by extension 'ignore'
[0.150s] Level 1:colcon.colcon_core.package_identification:_identify(src/log) ignored
[0.150s] Level 1:colcon.colcon_core.package_identification:_identify(src/messages) by extensions ['ignore', 'ignore_ament_install']
[0.150s] Level 1:colcon.colcon_core.package_identification:_identify(src/messages) by extension 'ignore'
[0.150s] Level 1:colcon.colcon_core.package_identification:_identify(src/messages) by extension 'ignore_ament_install'
[0.150s] Level 1:colcon.colcon_core.package_identification:_identify(src/messages) by extensions ['colcon_pkg']
[0.150s] Level 1:colcon.colcon_core.package_identification:_identify(src/messages) by extension 'colcon_pkg'
[0.150s] Level 1:colcon.colcon_core.package_identification:_identify(src/messages) by extensions ['colcon_meta']
[0.150s] Level 1:colcon.colcon_core.package_identification:_identify(src/messages) by extension 'colcon_meta'
[0.150s] Level 1:colcon.colcon_core.package_identification:_identify(src/messages) by extensions ['ros']
[0.150s] Level 1:colcon.colcon_core.package_identification:_identify(src/messages) by extension 'ros'
[0.151s] DEBUG:colcon.colcon_core.package_identification:Package 'src/messages' with type 'ros.ament_cmake' and name 'messages'
[0.151s] Level 1:colcon.colcon_core.package_identification:_identify(src/trust_contact) by extensions ['ignore', 'ignore_ament_install']
[0.151s] Level 1:colcon.colcon_core.package_identification:_identify(src/trust_contact) by extension 'ignore'
[0.151s] Level 1:colcon.colcon_core.package_identification:_identify(src/trust_contact) by extension 'ignore_ament_install'
[0.151s] Level 1:colcon.colcon_core.package_identification:_identify(src/trust_contact) by extensions ['colcon_pkg']
[0.151s] Level 1:colcon.colcon_core.package_identification:_identify(src/trust_contact) by extension 'colcon_pkg'
[0.151s] Level 1:colcon.colcon_core.package_identification:_identify(src/trust_contact) by extensions ['colcon_meta']
[0.151s] Level 1:colcon.colcon_core.package_identification:_identify(src/trust_contact) by extension 'colcon_meta'
[0.151s] Level 1:colcon.colcon_core.package_identification:_identify(src/trust_contact) by extensions ['ros']
[0.151s] Level 1:colcon.colcon_core.package_identification:_identify(src/trust_contact) by extension 'ros'
[0.151s] DEBUG:colcon.colcon_core.package_identification:Package 'src/trust_contact' with type 'ros.ament_python' and name 'trust_contact'
[0.151s] Level 1:colcon.colcon_core.package_identification:_identify(src/trust_contact_change) by extensions ['ignore', 'ignore_ament_install']
[0.151s] Level 1:colcon.colcon_core.package_identification:_identify(src/trust_contact_change) by extension 'ignore'
[0.151s] Level 1:colcon.colcon_core.package_identification:_identify(src/trust_contact_change) by extension 'ignore_ament_install'
[0.151s] Level 1:colcon.colcon_core.package_identification:_identify(src/trust_contact_change) by extensions ['colcon_pkg']
[0.151s] Level 1:colcon.colcon_core.package_identification:_identify(src/trust_contact_change) by extension 'colcon_pkg'
[0.152s] Level 1:colcon.colcon_core.package_identification:_identify(src/trust_contact_change) by extensions ['colcon_meta']
[0.152s] Level 1:colcon.colcon_core.package_identification:_identify(src/trust_contact_change) by extension 'colcon_meta'
[0.152s] Level 1:colcon.colcon_core.package_identification:_identify(src/trust_contact_change) by extensions ['ros']
[0.152s] Level 1:colcon.colcon_core.package_identification:_identify(src/trust_contact_change) by extension 'ros'
[0.152s] Level 1:colcon.colcon_core.package_identification:_identify(src/trust_contact_change) by extensions ['cmake', 'python']
[0.152s] Level 1:colcon.colcon_core.package_identification:_identify(src/trust_contact_change) by extension 'cmake'
[0.152s] Level 1:colcon.colcon_core.package_identification:_identify(src/trust_contact_change) by extension 'python'
[0.152s] Level 1:colcon.colcon_core.package_identification:_identify(src/trust_contact_change) by extensions ['python_setup_py']
[0.152s] Level 1:colcon.colcon_core.package_identification:_identify(src/trust_contact_change) by extension 'python_setup_py'
[0.152s] Level 1:colcon.colcon_core.package_identification:_identify(src/trust_contact_change/build) by extensions ['ignore', 'ignore_ament_install']
[0.152s] Level 1:colcon.colcon_core.package_identification:_identify(src/trust_contact_change/build) by extension 'ignore'
[0.152s] Level 1:colcon.colcon_core.package_identification:_identify(src/trust_contact_change/build) ignored
[0.152s] Level 1:colcon.colcon_core.package_identification:_identify(src/trust_contact_change/install) by extensions ['ignore', 'ignore_ament_install']
[0.152s] Level 1:colcon.colcon_core.package_identification:_identify(src/trust_contact_change/install) by extension 'ignore'
[0.152s] Level 1:colcon.colcon_core.package_identification:_identify(src/trust_contact_change/install) ignored
[0.152s] Level 1:colcon.colcon_core.package_identification:_identify(src/trust_contact_change/log) by extensions ['ignore', 'ignore_ament_install']
[0.152s] Level 1:colcon.colcon_core.package_identification:_identify(src/trust_contact_change/log) by extension 'ignore'
[0.152s] Level 1:colcon.colcon_core.package_identification:_identify(src/trust_contact_change/log) ignored
[0.152s] Level 1:colcon.colcon_core.package_identification:_identify(src/trust_contact_change/models) by extensions ['ignore', 'ignore_ament_install']
[0.152s] Level 1:colcon.colcon_core.package_identification:_identify(src/trust_contact_change/models) by extension 'ignore'
[0.152s] Level 1:colcon.colcon_core.package_identification:_identify(src/trust_contact_change/models) by extension 'ignore_ament_install'
[0.152s] Level 1:colcon.colcon_core.package_identification:_identify(src/trust_contact_change/models) by extensions ['colcon_pkg']
[0.152s] Level 1:colcon.colcon_core.package_identification:_identify(src/trust_contact_change/models) by extension 'colcon_pkg'
[0.152s] Level 1:colcon.colcon_core.package_identification:_identify(src/trust_contact_change/models) by extensions ['colcon_meta']
[0.152s] Level 1:colcon.colcon_core.package_identification:_identify(src/trust_contact_change/models) by extension 'colcon_meta'
[0.152s] Level 1:colcon.colcon_core.package_identification:_identify(src/trust_contact_change/models) by extensions ['ros']
[0.152s] Level 1:colcon.colcon_core.package_identification:_identify(src/trust_contact_change/models) by extension 'ros'
[0.152s] Level 1:colcon.colcon_core.package_identification:_identify(src/trust_contact_change/models) by extensions ['cmake', 'python']
[0.152s] Level 1:colcon.colcon_core.package_identification:_identify(src/trust_contact_change/models) by extension 'cmake'
[0.152s] Level 1:colcon.colcon_core.package_identification:_identify(src/trust_contact_change/models) by extension 'python'
[0.152s] Level 1:colcon.colcon_core.package_identification:_identify(src/trust_contact_change/models) by extensions ['python_setup_py']
[0.152s] Level 1:colcon.colcon_core.package_identification:_identify(src/trust_contact_change/models) by extension 'python_setup_py'
[0.152s] Level 1:colcon.colcon_core.package_identification:_identify(src/trust_contact_change/models/assets) by extensions ['ignore', 'ignore_ament_install']
[0.152s] Level 1:colcon.colcon_core.package_identification:_identify(src/trust_contact_change/models/assets) by extension 'ignore'
[0.152s] Level 1:colcon.colcon_core.package_identification:_identify(src/trust_contact_change/models/assets) by extension 'ignore_ament_install'
[0.152s] Level 1:colcon.colcon_core.package_identification:_identify(src/trust_contact_change/models/assets) by extensions ['colcon_pkg']
[0.152s] Level 1:colcon.colcon_core.package_identification:_identify(src/trust_contact_change/models/assets) by extension 'colcon_pkg'
[0.152s] Level 1:colcon.colcon_core.package_identification:_identify(src/trust_contact_change/models/assets) by extensions ['colcon_meta']
[0.152s] Level 1:colcon.colcon_core.package_identification:_identify(src/trust_contact_change/models/assets) by extension 'colcon_meta'
[0.152s] Level 1:colcon.colcon_core.package_identification:_identify(src/trust_contact_change/models/assets) by extensions ['ros']
[0.152s] Level 1:colcon.colcon_core.package_identification:_identify(src/trust_contact_change/models/assets) by extension 'ros'
[0.152s] Level 1:colcon.colcon_core.package_identification:_identify(src/trust_contact_change/models/assets) by extensions ['cmake', 'python']
[0.152s] Level 1:colcon.colcon_core.package_identification:_identify(src/trust_contact_change/models/assets) by extension 'cmake'
[0.152s] Level 1:colcon.colcon_core.package_identification:_identify(src/trust_contact_change/models/assets) by extension 'python'
[0.152s] Level 1:colcon.colcon_core.package_identification:_identify(src/trust_contact_change/models/assets) by extensions ['python_setup_py']
[0.152s] Level 1:colcon.colcon_core.package_identification:_identify(src/trust_contact_change/models/assets) by extension 'python_setup_py'
[0.152s] Level 1:colcon.colcon_core.package_discovery:discover_packages(recursive) using defaults
[0.152s] Level 1:colcon.colcon_core.package_discovery:discover_packages(ignore) discover
[0.152s] Level 1:colcon.colcon_core.package_discovery:discover_packages(ignore) using defaults
[0.152s] Level 1:colcon.colcon_core.package_discovery:discover_packages(path) discover
[0.152s] Level 1:colcon.colcon_core.package_discovery:discover_packages(path) using defaults
[0.162s] Level 1:colcon.colcon_core.package_discovery:discover_packages(prefix_path) check parameters
[0.162s] Level 1:colcon.colcon_core.package_discovery:discover_packages(prefix_path) discover
[0.162s] DEBUG:colcon.colcon_installed_package_information.package_discovery:Found 3 installed packages in /home/paulav/contact_ws/install
[0.163s] DEBUG:colcon.colcon_installed_package_information.package_discovery:Found 384 installed packages in /opt/ros/humble
[0.164s] Level 1:colcon.colcon_core.package_discovery:discover_packages(prefix_path) using defaults
[0.184s] Level 5:colcon.colcon_core.verb:set package 'messages' build argument 'cmake_args' from command line to 'None'
[0.184s] Level 5:colcon.colcon_core.verb:set package 'messages' build argument 'cmake_target' from command line to 'None'
[0.184s] Level 5:colcon.colcon_core.verb:set package 'messages' build argument 'cmake_target_skip_unavailable' from command line to 'False'
[0.184s] Level 5:colcon.colcon_core.verb:set package 'messages' build argument 'cmake_clean_cache' from command line to 'False'
[0.184s] Level 5:colcon.colcon_core.verb:set package 'messages' build argument 'cmake_clean_first' from command line to 'False'
[0.184s] Level 5:colcon.colcon_core.verb:set package 'messages' build argument 'cmake_force_configure' from command line to 'False'
[0.184s] Level 5:colcon.colcon_core.verb:set package 'messages' build argument 'ament_cmake_args' from command line to 'None'
[0.184s] Level 5:colcon.colcon_core.verb:set package 'messages' build argument 'catkin_cmake_args' from command line to 'None'
[0.184s] Level 5:colcon.colcon_core.verb:set package 'messages' build argument 'catkin_skip_building_tests' from command line to 'False'
[0.184s] DEBUG:colcon.colcon_core.verb:Building package 'messages' with the following arguments: {'ament_cmake_args': None, 'build_base': '/home/paulav/contact_ws/build/messages', 'catkin_cmake_args': None, 'catkin_skip_building_tests': False, 'cmake_args': None, 'cmake_clean_cache': False, 'cmake_clean_first': False, 'cmake_force_configure': False, 'cmake_target': None, 'cmake_target_skip_unavailable': False, 'install_base': '/home/paulav/contact_ws/install/messages', 'merge_install': False, 'path': '/home/paulav/contact_ws/src/messages', 'symlink_install': False, 'test_result_base': None}
[0.184s] Level 5:colcon.colcon_core.verb:set package 'trust_contact' build argument 'cmake_args' from command line to 'None'
[0.184s] Level 5:colcon.colcon_core.verb:set package 'trust_contact' build argument 'cmake_target' from command line to 'None'
[0.184s] Level 5:colcon.colcon_core.verb:set package 'trust_contact' build argument 'cmake_target_skip_unavailable' from command line to 'False'
[0.184s] Level 5:colcon.colcon_core.verb:set package 'trust_contact' build argument 'cmake_clean_cache' from command line to 'False'
[0.184s] Level 5:colcon.colcon_core.verb:set package 'trust_contact' build argument 'cmake_clean_first' from command line to 'False'
[0.185s] Level 5:colcon.colcon_core.verb:set package 'trust_contact' build argument 'cmake_force_configure' from command line to 'False'
[0.185s] Level 5:colcon.colcon_core.verb:set package 'trust_contact' build argument 'ament_cmake_args' from command line to 'None'
[0.185s] Level 5:colcon.colcon_core.verb:set package 'trust_contact' build argument 'catkin_cmake_args' from command line to 'None'
[0.185s] Level 5:colcon.colcon_core.verb:set package 'trust_contact' build argument 'catkin_skip_building_tests' from command line to 'False'
[0.185s] DEBUG:colcon.colcon_core.verb:Building package 'trust_contact' with the following arguments: {'ament_cmake_args': None, 'build_base': '/home/paulav/contact_ws/build/trust_contact', 'catkin_cmake_args': None, 'catkin_skip_building_tests': False, 'cmake_args': None, 'cmake_clean_cache': False, 'cmake_clean_first': False, 'cmake_force_configure': False, 'cmake_target': None, 'cmake_target_skip_unavailable': False, 'install_base': '/home/paulav/contact_ws/install/trust_contact', 'merge_install': False, 'path': '/home/paulav/contact_ws/src/trust_contact', 'symlink_install': False, 'test_result_base': None}
[0.185s] INFO:colcon.colcon_core.executor:Executing jobs using 'parallel' executor
[0.185s] DEBUG:colcon.colcon_parallel_executor.executor.parallel:run_until_complete
[0.185s] INFO:colcon.colcon_ros.task.ament_cmake.build:Building ROS package in '/home/paulav/contact_ws/src/messages' with build type 'ament_cmake'
[0.185s] INFO:colcon.colcon_cmake.task.cmake.build:Building CMake package in '/home/paulav/contact_ws/src/messages'
[0.187s] INFO:colcon.colcon_core.plugin_system:Skipping extension 'colcon_core.shell.bat': Not used on non-Windows systems
[0.187s] INFO:colcon.colcon_core.shell:Skip shell extension 'powershell' for command environment: Not usable outside of PowerShell
[0.187s] DEBUG:colcon.colcon_core.shell:Skip shell extension 'dsv' for command environment
[0.193s] DEBUG:colcon.colcon_core.event_handler.log_command:Invoking command in '/home/paulav/contact_ws/build/messages': CMAKE_PREFIX_PATH=${CMAKE_PREFIX_PATH}:/home/paulav/contact_ws/install/trust_contact:/home/paulav/contact_ws/install/contact_localization_ros:/opt/ros/humble /usr/bin/cmake /home/paulav/contact_ws/src/messages -DCMAKE_INSTALL_PREFIX=/home/paulav/contact_ws/install/messages
[0.927s] DEBUG:colcon.colcon_core.event_handler.log_command:Invoked command in '/home/paulav/contact_ws/build/messages' returned '0': CMAKE_PREFIX_PATH=${CMAKE_PREFIX_PATH}:/home/paulav/contact_ws/install/trust_contact:/home/paulav/contact_ws/install/contact_localization_ros:/opt/ros/humble /usr/bin/cmake /home/paulav/contact_ws/src/messages -DCMAKE_INSTALL_PREFIX=/home/paulav/contact_ws/install/messages
[0.927s] DEBUG:colcon.colcon_core.event_handler.log_command:Invoking command in '/home/paulav/contact_ws/build/messages': CMAKE_PREFIX_PATH=${CMAKE_PREFIX_PATH}:/home/paulav/contact_ws/install/trust_contact:/home/paulav/contact_ws/install/contact_localization_ros:/opt/ros/humble /usr/bin/cmake --build /home/paulav/contact_ws/build/messages -- -j24 -l24
[1.183s] DEBUG:colcon.colcon_core.event_handler.log_command:Invoked command in '/home/paulav/contact_ws/build/messages' returned '0': CMAKE_PREFIX_PATH=${CMAKE_PREFIX_PATH}:/home/paulav/contact_ws/install/trust_contact:/home/paulav/contact_ws/install/contact_localization_ros:/opt/ros/humble /usr/bin/cmake --build /home/paulav/contact_ws/build/messages -- -j24 -l24
[1.192s] DEBUG:colcon.colcon_core.event_handler.log_command:Invoking command in '/home/paulav/contact_ws/build/messages': CMAKE_PREFIX_PATH=${CMAKE_PREFIX_PATH}:/home/paulav/contact_ws/install/trust_contact:/home/paulav/contact_ws/install/contact_localization_ros:/opt/ros/humble /usr/bin/cmake --install /home/paulav/contact_ws/build/messages
[1.238s] Level 1:colcon.colcon_core.environment:create_environment_scripts_only(messages)
[1.239s] DEBUG:colcon.colcon_core.event_handler.log_command:Invoked command in '/home/paulav/contact_ws/build/messages' returned '0': CMAKE_PREFIX_PATH=${CMAKE_PREFIX_PATH}:/home/paulav/contact_ws/install/trust_contact:/home/paulav/contact_ws/install/contact_localization_ros:/opt/ros/humble /usr/bin/cmake --install /home/paulav/contact_ws/build/messages
[1.240s] Level 1:colcon.colcon_core.environment:checking '/home/paulav/contact_ws/install/messages' for CMake module files
[1.240s] Level 1:colcon.colcon_core.environment:checking '/home/paulav/contact_ws/install/messages' for CMake config files
[1.240s] Level 1:colcon.colcon_core.shell:create_environment_hook('messages', 'cmake_prefix_path')
[1.241s] INFO:colcon.colcon_core.shell:Creating environment hook '/home/paulav/contact_ws/install/messages/share/messages/hook/cmake_prefix_path.ps1'
[1.241s] INFO:colcon.colcon_core.shell:Creating environment descriptor '/home/paulav/contact_ws/install/messages/share/messages/hook/cmake_prefix_path.dsv'
[1.241s] INFO:colcon.colcon_core.shell:Creating environment hook '/home/paulav/contact_ws/install/messages/share/messages/hook/cmake_prefix_path.sh'
[1.242s] Level 1:colcon.colcon_core.environment:checking '/home/paulav/contact_ws/install/messages/lib'
[1.242s] Level 1:colcon.colcon_core.shell:create_environment_hook('messages', 'ld_library_path_lib')
[1.242s] INFO:colcon.colcon_core.shell:Creating environment hook '/home/paulav/contact_ws/install/messages/share/messages/hook/ld_library_path_lib.ps1'
[1.242s] INFO:colcon.colcon_core.shell:Creating environment descriptor '/home/paulav/contact_ws/install/messages/share/messages/hook/ld_library_path_lib.dsv'
[1.242s] INFO:colcon.colcon_core.shell:Creating environment hook '/home/paulav/contact_ws/install/messages/share/messages/hook/ld_library_path_lib.sh'
[1.242s] Level 1:colcon.colcon_core.environment:checking '/home/paulav/contact_ws/install/messages/bin'
[1.242s] Level 1:colcon.colcon_core.environment:checking '/home/paulav/contact_ws/install/messages/lib/pkgconfig/messages.pc'
[1.242s] Level 1:colcon.colcon_core.environment:checking '/home/paulav/contact_ws/install/messages/lib/python3.10/site-packages'
[1.243s] Level 1:colcon.colcon_core.environment:checking '/home/paulav/contact_ws/install/messages/bin'
[1.243s] INFO:colcon.colcon_core.shell:Creating package script '/home/paulav/contact_ws/install/messages/share/messages/package.ps1'
[1.243s] INFO:colcon.colcon_core.shell:Creating package descriptor '/home/paulav/contact_ws/install/messages/share/messages/package.dsv'
[1.243s] INFO:colcon.colcon_core.shell:Creating package script '/home/paulav/contact_ws/install/messages/share/messages/package.sh'
[1.243s] INFO:colcon.colcon_core.shell:Creating package script '/home/paulav/contact_ws/install/messages/share/messages/package.bash'
[1.244s] INFO:colcon.colcon_core.shell:Creating package script '/home/paulav/contact_ws/install/messages/share/messages/package.zsh'
[1.244s] Level 1:colcon.colcon_core.environment:create_file_with_runtime_dependencies(/home/paulav/contact_ws/install/messages/share/colcon-core/packages/messages)
[1.244s] Level 1:colcon.colcon_core.environment:create_environment_scripts_only(messages)
[1.244s] Level 1:colcon.colcon_core.environment:checking '/home/paulav/contact_ws/install/messages' for CMake module files
[1.245s] Level 1:colcon.colcon_core.environment:checking '/home/paulav/contact_ws/install/messages' for CMake config files
[1.245s] Level 1:colcon.colcon_core.shell:create_environment_hook('messages', 'cmake_prefix_path')
[1.245s] INFO:colcon.colcon_core.shell:Creating environment hook '/home/paulav/contact_ws/install/messages/share/messages/hook/cmake_prefix_path.ps1'
[1.245s] INFO:colcon.colcon_core.shell:Creating environment descriptor '/home/paulav/contact_ws/install/messages/share/messages/hook/cmake_prefix_path.dsv'
[1.245s] INFO:colcon.colcon_core.shell:Creating environment hook '/home/paulav/contact_ws/install/messages/share/messages/hook/cmake_prefix_path.sh'
[1.245s] Level 1:colcon.colcon_core.environment:checking '/home/paulav/contact_ws/install/messages/lib'
[1.245s] Level 1:colcon.colcon_core.shell:create_environment_hook('messages', 'ld_library_path_lib')
[1.245s] INFO:colcon.colcon_core.shell:Creating environment hook '/home/paulav/contact_ws/install/messages/share/messages/hook/ld_library_path_lib.ps1'
[1.246s] INFO:colcon.colcon_core.shell:Creating environment descriptor '/home/paulav/contact_ws/install/messages/share/messages/hook/ld_library_path_lib.dsv'
[1.246s] INFO:colcon.colcon_core.shell:Creating environment hook '/home/paulav/contact_ws/install/messages/share/messages/hook/ld_library_path_lib.sh'
[1.246s] Level 1:colcon.colcon_core.environment:checking '/home/paulav/contact_ws/install/messages/bin'
[1.246s] Level 1:colcon.colcon_core.environment:checking '/home/paulav/contact_ws/install/messages/lib/pkgconfig/messages.pc'
[1.246s] Level 1:colcon.colcon_core.environment:checking '/home/paulav/contact_ws/install/messages/lib/python3.10/site-packages'
[1.246s] Level 1:colcon.colcon_core.environment:checking '/home/paulav/contact_ws/install/messages/bin'
[1.246s] INFO:colcon.colcon_core.shell:Creating package script '/home/paulav/contact_ws/install/messages/share/messages/package.ps1'
[1.246s] INFO:colcon.colcon_core.shell:Creating package descriptor '/home/paulav/contact_ws/install/messages/share/messages/package.dsv'
[1.247s] INFO:colcon.colcon_core.shell:Creating package script '/home/paulav/contact_ws/install/messages/share/messages/package.sh'
[1.247s] INFO:colcon.colcon_core.shell:Creating package script '/home/paulav/contact_ws/install/messages/share/messages/package.bash'
[1.247s] INFO:colcon.colcon_core.shell:Creating package script '/home/paulav/contact_ws/install/messages/share/messages/package.zsh'
[1.247s] Level 1:colcon.colcon_core.environment:create_file_with_runtime_dependencies(/home/paulav/contact_ws/install/messages/share/colcon-core/packages/messages)
[1.247s] INFO:colcon.colcon_ros.task.ament_python.build:Building ROS package in '/home/paulav/contact_ws/src/trust_contact' with build type 'ament_python'
[1.247s] Level 1:colcon.colcon_core.shell:create_environment_hook('trust_contact', 'ament_prefix_path')
[1.247s] INFO:colcon.colcon_core.shell:Creating environment hook '/home/paulav/contact_ws/install/trust_contact/share/trust_contact/hook/ament_prefix_path.ps1'
[1.248s] INFO:colcon.colcon_core.shell:Creating environment descriptor '/home/paulav/contact_ws/install/trust_contact/share/trust_contact/hook/ament_prefix_path.dsv'
[1.248s] INFO:colcon.colcon_core.shell:Creating environment hook '/home/paulav/contact_ws/install/trust_contact/share/trust_contact/hook/ament_prefix_path.sh'
[1.248s] INFO:colcon.colcon_core.shell:Skip shell extension 'powershell' for command environment: Not usable outside of PowerShell
[1.248s] DEBUG:colcon.colcon_core.shell:Skip shell extension 'dsv' for command environment
[1.384s] INFO:colcon.colcon_core.task.python.build:Building Python package in '/home/paulav/contact_ws/src/trust_contact'
[1.384s] INFO:colcon.colcon_core.shell:Skip shell extension 'powershell' for command environment: Not usable outside of PowerShell
[1.384s] DEBUG:colcon.colcon_core.shell:Skip shell extension 'dsv' for command environment
[1.572s] DEBUG:colcon.colcon_core.event_handler.log_command:Invoking command in '/home/paulav/contact_ws/build/trust_contact': CMAKE_PREFIX_PATH=/home/paulav/contact_ws/install/messages:/usr/local PYTHONPATH=/home/paulav/contact_ws/build/trust_contact/prefix_override:/usr/lib/python3/dist-packages/colcon_core/task/python/colcon_distutils_commands:/home/paulav/contact_ws/install/trust_contact/lib/python3.10/site-packages:${PYTHONPATH} /usr/bin/python3 -W ignore:setup.py install is deprecated -W ignore:easy_install command is deprecated setup.py develop --uninstall --editable --build-directory /home/paulav/contact_ws/build/trust_contact/build
[1.805s] DEBUG:colcon.colcon_core.event_handler.log_command:Invoked command in '/home/paulav/contact_ws/build/trust_contact' returned '0': CMAKE_PREFIX_PATH=/home/paulav/contact_ws/install/messages:/usr/local PYTHONPATH=/home/paulav/contact_ws/build/trust_contact/prefix_override:/usr/lib/python3/dist-packages/colcon_core/task/python/colcon_distutils_commands:/home/paulav/contact_ws/install/trust_contact/lib/python3.10/site-packages:${PYTHONPATH} /usr/bin/python3 -W ignore:setup.py install is deprecated -W ignore:easy_install command is deprecated setup.py develop --uninstall --editable --build-directory /home/paulav/contact_ws/build/trust_contact/build
[1.807s] DEBUG:colcon.colcon_core.event_handler.log_command:Invoking command in '/home/paulav/contact_ws/src/trust_contact': CMAKE_PREFIX_PATH=/home/paulav/contact_ws/install/messages:/usr/local PYTHONPATH=/home/paulav/contact_ws/build/trust_contact/prefix_override:/usr/lib/python3/dist-packages/colcon_core/task/python/colcon_distutils_commands:/home/paulav/contact_ws/install/trust_contact/lib/python3.10/site-packages:${PYTHONPATH} /usr/bin/python3 -W ignore:setup.py install is deprecated -W ignore:easy_install command is deprecated setup.py egg_info --egg-base ../../build/trust_contact build --build-base /home/paulav/contact_ws/build/trust_contact/build install --record /home/paulav/contact_ws/build/trust_contact/install.log --single-version-externally-managed install_data --force
[2.031s] Level 1:colcon.colcon_core.environment:checking '/home/paulav/contact_ws/install/trust_contact' for CMake module files
[2.031s] DEBUG:colcon.colcon_core.event_handler.log_command:Invoked command in '/home/paulav/contact_ws/src/trust_contact' returned '0': CMAKE_PREFIX_PATH=/home/paulav/contact_ws/install/messages:/usr/local PYTHONPATH=/home/paulav/contact_ws/build/trust_contact/prefix_override:/usr/lib/python3/dist-packages/colcon_core/task/python/colcon_distutils_commands:/home/paulav/contact_ws/install/trust_contact/lib/python3.10/site-packages:${PYTHONPATH} /usr/bin/python3 -W ignore:setup.py install is deprecated -W ignore:easy_install command is deprecated setup.py egg_info --egg-base ../../build/trust_contact build --build-base /home/paulav/contact_ws/build/trust_contact/build install --record /home/paulav/contact_ws/build/trust_contact/install.log --single-version-externally-managed install_data --force
[2.031s] Level 1:colcon.colcon_core.environment:checking '/home/paulav/contact_ws/install/trust_contact' for CMake config files
[2.032s] Level 1:colcon.colcon_core.environment:checking '/home/paulav/contact_ws/install/trust_contact/lib'
[2.032s] Level 1:colcon.colcon_core.environment:checking '/home/paulav/contact_ws/install/trust_contact/bin'
[2.032s] Level 1:colcon.colcon_core.environment:checking '/home/paulav/contact_ws/install/trust_contact/lib/pkgconfig/trust_contact.pc'
[2.032s] Level 1:colcon.colcon_core.environment:checking '/home/paulav/contact_ws/install/trust_contact/lib/python3.10/site-packages'
[2.032s] Level 1:colcon.colcon_core.shell:create_environment_hook('trust_contact', 'pythonpath')
[2.032s] INFO:colcon.colcon_core.shell:Creating environment hook '/home/paulav/contact_ws/install/trust_contact/share/trust_contact/hook/pythonpath.ps1'
[2.032s] INFO:colcon.colcon_core.shell:Creating environment descriptor '/home/paulav/contact_ws/install/trust_contact/share/trust_contact/hook/pythonpath.dsv'
[2.032s] INFO:colcon.colcon_core.shell:Creating environment hook '/home/paulav/contact_ws/install/trust_contact/share/trust_contact/hook/pythonpath.sh'
[2.033s] Level 1:colcon.colcon_core.environment:checking '/home/paulav/contact_ws/install/trust_contact/bin'
[2.033s] Level 1:colcon.colcon_core.environment:create_environment_scripts_only(trust_contact)
[2.033s] INFO:colcon.colcon_core.shell:Creating package script '/home/paulav/contact_ws/install/trust_contact/share/trust_contact/package.ps1'
[2.033s] INFO:colcon.colcon_core.shell:Creating package descriptor '/home/paulav/contact_ws/install/trust_contact/share/trust_contact/package.dsv'
[2.033s] INFO:colcon.colcon_core.shell:Creating package script '/home/paulav/contact_ws/install/trust_contact/share/trust_contact/package.sh'
[2.033s] INFO:colcon.colcon_core.shell:Creating package script '/home/paulav/contact_ws/install/trust_contact/share/trust_contact/package.bash'
[2.033s] INFO:colcon.colcon_core.shell:Creating package script '/home/paulav/contact_ws/install/trust_contact/share/trust_contact/package.zsh'
[2.034s] Level 1:colcon.colcon_core.environment:create_file_with_runtime_dependencies(/home/paulav/contact_ws/install/trust_contact/share/colcon-core/packages/trust_contact)
[2.034s] DEBUG:colcon.colcon_parallel_executor.executor.parallel:closing loop
[2.034s] DEBUG:colcon.colcon_parallel_executor.executor.parallel:loop closed
[2.034s] DEBUG:colcon.colcon_parallel_executor.executor.parallel:run_until_complete finished with '0'
[2.034s] DEBUG:colcon.colcon_core.event_reactor:joining thread
[2.037s] INFO:colcon.colcon_core.plugin_system:Skipping extension 'colcon_notification.desktop_notification.terminal_notifier': Not used on non-Darwin systems
[2.037s] INFO:colcon.colcon_core.plugin_system:Skipping extension 'colcon_notification.desktop_notification.win32': Not used on non-Windows systems
[2.037s] INFO:colcon.colcon_notification.desktop_notification:Sending desktop notification using 'notify2'
[2.044s] DEBUG:colcon.colcon_core.event_reactor:joined thread
[2.044s] INFO:colcon.colcon_core.shell:Creating prefix script '/home/paulav/contact_ws/install/local_setup.ps1'
[2.045s] INFO:colcon.colcon_core.shell:Creating prefix util module '/home/paulav/contact_ws/install/_local_setup_util_ps1.py'
[2.045s] INFO:colcon.colcon_core.shell:Creating prefix chain script '/home/paulav/contact_ws/install/setup.ps1'
[2.046s] INFO:colcon.colcon_core.shell:Creating prefix script '/home/paulav/contact_ws/install/local_setup.sh'
[2.046s] INFO:colcon.colcon_core.shell:Creating prefix util module '/home/paulav/contact_ws/install/_local_setup_util_sh.py'
[2.046s] INFO:colcon.colcon_core.shell:Creating prefix chain script '/home/paulav/contact_ws/install/setup.sh'
[2.047s] INFO:colcon.colcon_core.shell:Creating prefix script '/home/paulav/contact_ws/install/local_setup.bash'
[2.047s] INFO:colcon.colcon_core.shell:Creating prefix chain script '/home/paulav/contact_ws/install/setup.bash'
[2.047s] INFO:colcon.colcon_core.shell:Creating prefix script '/home/paulav/contact_ws/install/local_setup.zsh'
[2.047s] INFO:colcon.colcon_core.shell:Creating prefix chain script '/home/paulav/contact_ws/install/setup.zsh'
