[0.007s] Invoking command in '/home/paulav/contact_ws/build/messages': CMAKE_PREFIX_PATH=${CMAKE_PREFIX_PATH}:/home/paulav/contact_ws/install/trust_contact:/home/paulav/contact_ws/install/contact_localization_ros:/opt/ros/humble /usr/bin/cmake /home/paulav/contact_ws/src/messages -DCMAKE_INSTALL_PREFIX=/home/paulav/contact_ws/install/messages
[0.022s] -- Found ament_cmake: 1.3.12 (/opt/ros/humble/share/ament_cmake/cmake)
[0.104s] -- Override CMake install command with custom implementation using symlinks instead of copying resources
[0.110s] -- Found rosidl_default_generators: 1.2.0 (/opt/ros/humble/share/rosidl_default_generators/cmake)
[0.112s] -- Using all available rosidl_typesupport_c: rosidl_typesupport_fastrtps_c;rosidl_typesupport_introspection_c
[0.114s] -- Found rosidl_adapter: 3.1.8 (/opt/ros/humble/share/rosidl_adapter/cmake)
[0.133s] -- Using all available rosidl_typesupport_cpp: rosidl_typesupport_fastrtps_cpp;rosidl_typesupport_introspection_cpp
[0.148s] -- Found builtin_interfaces: 1.2.2 (/opt/ros/humble/share/builtin_interfaces/cmake)
[0.316s] -- Found ament_cmake_ros: 0.10.0 (/opt/ros/humble/share/ament_cmake_ros/cmake)
[0.448s] -- Using all available rosidl_typesupport_c: rosidl_typesupport_fastrtps_c;rosidl_typesupport_introspection_c
[0.628s] -- Using all available rosidl_typesupport_cpp: rosidl_typesupport_fastrtps_cpp;rosidl_typesupport_introspection_cpp
[0.646s] -- Found python_cmake_module: 0.10.0 (/opt/ros/humble/share/python_cmake_module/cmake)
[0.669s] -- Using PYTHON_EXECUTABLE: /usr/bin/python3
[0.669s] -- Using PYTHON_INCLUDE_DIRS: /usr/include/python3.10
[0.669s] -- Using PYTHON_LIBRARIES: /usr/lib/x86_64-linux-gnu/libpython3.10.so
[0.677s] -- Found ament_lint_auto: 0.12.14 (/opt/ros/humble/share/ament_lint_auto/cmake)
[0.684s] -- Added test 'lint_cmake' to check CMake code style
[0.685s] -- Added test 'xmllint' to check XML markup files
[0.686s] -- Configuring done
[0.699s] -- Generating done
[0.704s] -- Build files have been written to: /home/paulav/contact_ws/build/messages
[0.707s] Invoked command in '/home/paulav/contact_ws/build/messages' returned '0': CMAKE_PREFIX_PATH=${CMAKE_PREFIX_PATH}:/home/paulav/contact_ws/install/trust_contact:/home/paulav/contact_ws/install/contact_localization_ros:/opt/ros/humble /usr/bin/cmake /home/paulav/contact_ws/src/messages -DCMAKE_INSTALL_PREFIX=/home/paulav/contact_ws/install/messages
[0.708s] Invoking command in '/home/paulav/contact_ws/build/messages': CMAKE_PREFIX_PATH=${CMAKE_PREFIX_PATH}:/home/paulav/contact_ws/install/trust_contact:/home/paulav/contact_ws/install/contact_localization_ros:/opt/ros/humble /usr/bin/cmake --build /home/paulav/contact_ws/build/messages -- -j24 -l24
[0.746s] [35m[1mConsolidate compiler generated dependencies of target messages__rosidl_generator_c[0m
[0.760s] [  3%] Built target messages__cpp
[0.760s] [ 12%] Built target messages__rosidl_generator_c
[0.766s] [ 12%] Built target ament_cmake_python_symlink_messages
[0.772s] [35m[1mConsolidate compiler generated dependencies of target messages__rosidl_typesupport_fastrtps_cpp[0m
[0.772s] [35m[1mConsolidate compiler generated dependencies of target messages__rosidl_typesupport_cpp[0m
[0.774s] [35m[1mConsolidate compiler generated dependencies of target messages__rosidl_typesupport_introspection_cpp[0m
[0.774s] [35m[1mConsolidate compiler generated dependencies of target messages__rosidl_typesupport_c[0m
[0.775s] [35m[1mConsolidate compiler generated dependencies of target messages__rosidl_typesupport_introspection_c[0m
[0.776s] [35m[1mConsolidate compiler generated dependencies of target messages__rosidl_typesupport_fastrtps_c[0m
[0.783s] [ 22%] Built target messages__rosidl_typesupport_cpp
[0.783s] [ 32%] Built target messages__rosidl_typesupport_c
[0.784s] [ 41%] Built target messages__rosidl_typesupport_introspection_cpp
[0.785s] [ 51%] Built target messages__rosidl_typesupport_fastrtps_cpp
[0.787s] [ 61%] Built target messages__rosidl_typesupport_introspection_c
[0.790s] [ 70%] Built target messages__rosidl_typesupport_fastrtps_c
[0.811s] [ 70%] Built target messages
[0.831s] [ 74%] Built target messages__py
[0.843s] [35m[1mConsolidate compiler generated dependencies of target messages__rosidl_generator_py[0m
[0.854s] [ 80%] Built target messages__rosidl_generator_py
[0.863s] [35m[1mConsolidate compiler generated dependencies of target messages__rosidl_typesupport_introspection_c__pyext[0m
[0.865s] [35m[1mConsolidate compiler generated dependencies of target messages__rosidl_typesupport_fastrtps_c__pyext[0m
[0.866s] [35m[1mConsolidate compiler generated dependencies of target messages__rosidl_typesupport_c__pyext[0m
[0.875s] [ 87%] Built target messages__rosidl_typesupport_fastrtps_c__pyext
[0.875s] [ 93%] Built target messages__rosidl_typesupport_c__pyext
[0.876s] [100%] Built target messages__rosidl_typesupport_introspection_c__pyext
[0.902s] running egg_info
[0.903s] writing messages.egg-info/PKG-INFO
[0.903s] writing dependency_links to messages.egg-info/dependency_links.txt
[0.903s] writing top-level names to messages.egg-info/top_level.txt
[0.904s] reading manifest file 'messages.egg-info/SOURCES.txt'
[0.904s] writing manifest file 'messages.egg-info/SOURCES.txt'
[0.922s] [100%] Built target ament_cmake_python_build_messages_egg
[0.933s] Invoked command in '/home/paulav/contact_ws/build/messages' returned '0': CMAKE_PREFIX_PATH=${CMAKE_PREFIX_PATH}:/home/paulav/contact_ws/install/trust_contact:/home/paulav/contact_ws/install/contact_localization_ros:/opt/ros/humble /usr/bin/cmake --build /home/paulav/contact_ws/build/messages -- -j24 -l24
[0.943s] Invoking command in '/home/paulav/contact_ws/build/messages': CMAKE_PREFIX_PATH=${CMAKE_PREFIX_PATH}:/home/paulav/contact_ws/install/trust_contact:/home/paulav/contact_ws/install/contact_localization_ros:/opt/ros/humble /usr/bin/cmake --install /home/paulav/contact_ws/build/messages
[0.954s] -- Install configuration: ""
[0.954s] -- Execute custom install script
[0.954s] -- Up-to-date symlink: /home/paulav/contact_ws/install/messages/share/ament_index/resource_index/rosidl_interfaces/messages
[0.954s] -- Up-to-date symlink: /home/paulav/contact_ws/install/messages/include/messages/messages/msg/detail/force_event__functions.h
[0.954s] -- Up-to-date symlink: /home/paulav/contact_ws/install/messages/include/messages/messages/msg/detail/force_event__struct.h
[0.954s] -- Up-to-date symlink: /home/paulav/contact_ws/install/messages/include/messages/messages/msg/detail/force_event__type_support.h
[0.954s] -- Up-to-date symlink: /home/paulav/contact_ws/install/messages/include/messages/messages/msg/force_event.h
[0.955s] -- Up-to-date symlink: /home/paulav/contact_ws/install/messages/include/messages/messages/msg/rosidl_generator_c__visibility_control.h
[0.955s] -- Up-to-date symlink: /home/paulav/contact_ws/install/messages/share/messages/environment/library_path.sh
[0.955s] -- Up-to-date symlink: /home/paulav/contact_ws/install/messages/share/messages/environment/library_path.dsv
[0.955s] -- Up-to-date symlink: /home/paulav/contact_ws/install/messages/include/messages/messages/msg/detail/force_event__rosidl_typesupport_fastrtps_c.h
[0.955s] -- Up-to-date symlink: /home/paulav/contact_ws/install/messages/include/messages/messages/msg/rosidl_typesupport_fastrtps_c__visibility_control.h
[0.955s] -- Up-to-date symlink: /home/paulav/contact_ws/install/messages/include/messages/messages/msg/detail/force_event__rosidl_typesupport_introspection_c.h
[0.955s] -- Up-to-date symlink: /home/paulav/contact_ws/install/messages/include/messages/messages/msg/rosidl_typesupport_introspection_c__visibility_control.h
[0.955s] -- Up-to-date symlink: /home/paulav/contact_ws/install/messages/include/messages/messages/msg/detail/force_event__builder.hpp
[0.955s] -- Up-to-date symlink: /home/paulav/contact_ws/install/messages/include/messages/messages/msg/detail/force_event__struct.hpp
[0.955s] -- Up-to-date symlink: /home/paulav/contact_ws/install/messages/include/messages/messages/msg/detail/force_event__traits.hpp
[0.955s] -- Up-to-date symlink: /home/paulav/contact_ws/install/messages/include/messages/messages/msg/detail/force_event__type_support.hpp
[0.955s] -- Up-to-date symlink: /home/paulav/contact_ws/install/messages/include/messages/messages/msg/force_event.hpp
[0.955s] -- Up-to-date symlink: /home/paulav/contact_ws/install/messages/include/messages/messages/msg/rosidl_generator_cpp__visibility_control.hpp
[0.955s] -- Up-to-date symlink: /home/paulav/contact_ws/install/messages/include/messages/messages/msg/detail/force_event__rosidl_typesupport_fastrtps_cpp.hpp
[0.955s] -- Up-to-date symlink: /home/paulav/contact_ws/install/messages/include/messages/messages/msg/rosidl_typesupport_fastrtps_cpp__visibility_control.h
[0.956s] -- Up-to-date symlink: /home/paulav/contact_ws/install/messages/include/messages/messages/msg/detail/force_event__rosidl_typesupport_introspection_cpp.hpp
[0.956s] -- Up-to-date symlink: /home/paulav/contact_ws/install/messages/share/messages/environment/pythonpath.sh
[0.956s] -- Up-to-date symlink: /home/paulav/contact_ws/install/messages/share/messages/environment/pythonpath.dsv
[0.956s] -- Up-to-date symlink: /home/paulav/contact_ws/install/messages/local/lib/python3.10/dist-packages/messages-0.0.0-py3.10.egg-info/PKG-INFO
[0.956s] -- Up-to-date symlink: /home/paulav/contact_ws/install/messages/local/lib/python3.10/dist-packages/messages-0.0.0-py3.10.egg-info/SOURCES.txt
[0.956s] -- Up-to-date symlink: /home/paulav/contact_ws/install/messages/local/lib/python3.10/dist-packages/messages-0.0.0-py3.10.egg-info/dependency_links.txt
[0.956s] -- Up-to-date symlink: /home/paulav/contact_ws/install/messages/local/lib/python3.10/dist-packages/messages-0.0.0-py3.10.egg-info/top_level.txt
[0.956s] -- Up-to-date symlink: /home/paulav/contact_ws/install/messages/local/lib/python3.10/dist-packages/messages/__init__.py
[0.956s] -- Up-to-date symlink: /home/paulav/contact_ws/install/messages/local/lib/python3.10/dist-packages/messages/_messages_s.ep.rosidl_typesupport_c.c
[0.956s] -- Up-to-date symlink: /home/paulav/contact_ws/install/messages/local/lib/python3.10/dist-packages/messages/_messages_s.ep.rosidl_typesupport_fastrtps_c.c
[0.956s] -- Up-to-date symlink: /home/paulav/contact_ws/install/messages/local/lib/python3.10/dist-packages/messages/_messages_s.ep.rosidl_typesupport_introspection_c.c
[0.956s] -- Up-to-date symlink: /home/paulav/contact_ws/install/messages/local/lib/python3.10/dist-packages/messages/libmessages__rosidl_generator_py.so
[0.956s] -- Up-to-date symlink: /home/paulav/contact_ws/install/messages/local/lib/python3.10/dist-packages/messages/messages_s__rosidl_typesupport_c.cpython-310-x86_64-linux-gnu.so
[0.956s] -- Up-to-date symlink: /home/paulav/contact_ws/install/messages/local/lib/python3.10/dist-packages/messages/messages_s__rosidl_typesupport_fastrtps_c.cpython-310-x86_64-linux-gnu.so
[0.956s] -- Up-to-date symlink: /home/paulav/contact_ws/install/messages/local/lib/python3.10/dist-packages/messages/messages_s__rosidl_typesupport_introspection_c.cpython-310-x86_64-linux-gnu.so
[0.956s] -- Up-to-date symlink: /home/paulav/contact_ws/install/messages/local/lib/python3.10/dist-packages/messages/msg/__init__.py
[0.956s] -- Up-to-date symlink: /home/paulav/contact_ws/install/messages/local/lib/python3.10/dist-packages/messages/msg/_force_event.py
[0.956s] -- Up-to-date symlink: /home/paulav/contact_ws/install/messages/local/lib/python3.10/dist-packages/messages/msg/_force_event_s.c
[0.957s] -- Up-to-date symlink: /home/paulav/contact_ws/install/messages/local/lib/python3.10/dist-packages/messages/messages_s__rosidl_typesupport_fastrtps_c.cpython-310-x86_64-linux-gnu.so
[0.957s] -- Up-to-date symlink: /home/paulav/contact_ws/install/messages/local/lib/python3.10/dist-packages/messages/messages_s__rosidl_typesupport_introspection_c.cpython-310-x86_64-linux-gnu.so
[0.957s] -- Up-to-date symlink: /home/paulav/contact_ws/install/messages/local/lib/python3.10/dist-packages/messages/messages_s__rosidl_typesupport_c.cpython-310-x86_64-linux-gnu.so
[0.957s] -- Up-to-date symlink: /home/paulav/contact_ws/install/messages/share/messages/msg/ForceEvent.idl
[0.957s] -- Up-to-date symlink: /home/paulav/contact_ws/install/messages/share/messages/msg/ForceEvent.msg
[0.957s] -- Up-to-date symlink: /home/paulav/contact_ws/install/messages/share/ament_index/resource_index/package_run_dependencies/messages
[0.957s] -- Up-to-date symlink: /home/paulav/contact_ws/install/messages/share/ament_index/resource_index/parent_prefix_path/messages
[0.957s] -- Up-to-date symlink: /home/paulav/contact_ws/install/messages/share/messages/environment/ament_prefix_path.sh
[0.957s] -- Up-to-date symlink: /home/paulav/contact_ws/install/messages/share/messages/environment/ament_prefix_path.dsv
[0.957s] -- Up-to-date symlink: /home/paulav/contact_ws/install/messages/share/messages/environment/path.sh
[0.957s] -- Up-to-date symlink: /home/paulav/contact_ws/install/messages/share/messages/environment/path.dsv
[0.957s] -- Up-to-date symlink: /home/paulav/contact_ws/install/messages/share/messages/local_setup.bash
[0.957s] -- Up-to-date symlink: /home/paulav/contact_ws/install/messages/share/messages/local_setup.sh
[0.957s] -- Up-to-date symlink: /home/paulav/contact_ws/install/messages/share/messages/local_setup.zsh
[0.957s] -- Up-to-date symlink: /home/paulav/contact_ws/install/messages/share/messages/local_setup.dsv
[0.957s] -- Symlinking: /home/paulav/contact_ws/install/messages/share/messages/package.dsv
[0.969s] -- Up-to-date symlink: /home/paulav/contact_ws/install/messages/share/ament_index/resource_index/packages/messages
[0.969s] -- Up-to-date symlink: /home/paulav/contact_ws/install/messages/share/messages/cmake/rosidl_cmake-extras.cmake
[0.969s] -- Up-to-date symlink: /home/paulav/contact_ws/install/messages/share/messages/cmake/ament_cmake_export_dependencies-extras.cmake
[0.970s] -- Up-to-date symlink: /home/paulav/contact_ws/install/messages/share/messages/cmake/ament_cmake_export_include_directories-extras.cmake
[0.970s] -- Up-to-date symlink: /home/paulav/contact_ws/install/messages/share/messages/cmake/ament_cmake_export_libraries-extras.cmake
[0.970s] -- Up-to-date symlink: /home/paulav/contact_ws/install/messages/share/messages/cmake/ament_cmake_export_targets-extras.cmake
[0.970s] -- Up-to-date symlink: /home/paulav/contact_ws/install/messages/share/messages/cmake/rosidl_cmake_export_typesupport_targets-extras.cmake
[0.970s] -- Up-to-date symlink: /home/paulav/contact_ws/install/messages/share/messages/cmake/rosidl_cmake_export_typesupport_libraries-extras.cmake
[0.970s] -- Up-to-date symlink: /home/paulav/contact_ws/install/messages/share/messages/cmake/messagesConfig.cmake
[0.970s] -- Up-to-date symlink: /home/paulav/contact_ws/install/messages/share/messages/cmake/messagesConfig-version.cmake
[0.970s] -- Up-to-date symlink: /home/paulav/contact_ws/install/messages/share/messages/package.xml
[0.970s] -- Up-to-date: /home/paulav/contact_ws/install/messages/lib/libmessages__rosidl_generator_c.so
[0.971s] -- Up-to-date: /home/paulav/contact_ws/install/messages/lib/libmessages__rosidl_typesupport_fastrtps_c.so
[0.971s] -- Up-to-date: /home/paulav/contact_ws/install/messages/lib/libmessages__rosidl_typesupport_introspection_c.so
[0.971s] -- Up-to-date: /home/paulav/contact_ws/install/messages/lib/libmessages__rosidl_typesupport_c.so
[0.971s] -- Up-to-date: /home/paulav/contact_ws/install/messages/lib/libmessages__rosidl_typesupport_fastrtps_cpp.so
[0.971s] -- Up-to-date: /home/paulav/contact_ws/install/messages/lib/libmessages__rosidl_typesupport_introspection_cpp.so
[0.972s] -- Up-to-date: /home/paulav/contact_ws/install/messages/lib/libmessages__rosidl_typesupport_cpp.so
[1.005s] Listing '/home/paulav/contact_ws/install/messages/local/lib/python3.10/dist-packages/messages'...
[1.005s] Compiling '/home/paulav/contact_ws/install/messages/local/lib/python3.10/dist-packages/messages/__init__.py'...
[1.005s] Listing '/home/paulav/contact_ws/install/messages/local/lib/python3.10/dist-packages/messages/msg'...
[1.007s] -- Up-to-date: /home/paulav/contact_ws/install/messages/lib/libmessages__rosidl_generator_py.so
[1.007s] -- Up-to-date: /home/paulav/contact_ws/install/messages/share/messages/cmake/export_messages__rosidl_generator_cExport.cmake
[1.007s] -- Up-to-date: /home/paulav/contact_ws/install/messages/share/messages/cmake/export_messages__rosidl_generator_cExport-noconfig.cmake
[1.007s] -- Up-to-date: /home/paulav/contact_ws/install/messages/share/messages/cmake/export_messages__rosidl_typesupport_fastrtps_cExport.cmake
[1.007s] -- Up-to-date: /home/paulav/contact_ws/install/messages/share/messages/cmake/export_messages__rosidl_typesupport_fastrtps_cExport-noconfig.cmake
[1.007s] -- Up-to-date: /home/paulav/contact_ws/install/messages/share/messages/cmake/messages__rosidl_typesupport_introspection_cExport.cmake
[1.007s] -- Up-to-date: /home/paulav/contact_ws/install/messages/share/messages/cmake/messages__rosidl_typesupport_introspection_cExport-noconfig.cmake
[1.007s] -- Up-to-date: /home/paulav/contact_ws/install/messages/share/messages/cmake/messages__rosidl_typesupport_cExport.cmake
[1.007s] -- Up-to-date: /home/paulav/contact_ws/install/messages/share/messages/cmake/messages__rosidl_typesupport_cExport-noconfig.cmake
[1.007s] -- Up-to-date: /home/paulav/contact_ws/install/messages/share/messages/cmake/export_messages__rosidl_generator_cppExport.cmake
[1.007s] -- Up-to-date: /home/paulav/contact_ws/install/messages/share/messages/cmake/export_messages__rosidl_typesupport_fastrtps_cppExport.cmake
[1.007s] -- Up-to-date: /home/paulav/contact_ws/install/messages/share/messages/cmake/export_messages__rosidl_typesupport_fastrtps_cppExport-noconfig.cmake
[1.007s] -- Up-to-date: /home/paulav/contact_ws/install/messages/share/messages/cmake/messages__rosidl_typesupport_introspection_cppExport.cmake
[1.007s] -- Up-to-date: /home/paulav/contact_ws/install/messages/share/messages/cmake/messages__rosidl_typesupport_introspection_cppExport-noconfig.cmake
[1.007s] -- Up-to-date: /home/paulav/contact_ws/install/messages/share/messages/cmake/messages__rosidl_typesupport_cppExport.cmake
[1.007s] -- Up-to-date: /home/paulav/contact_ws/install/messages/share/messages/cmake/messages__rosidl_typesupport_cppExport-noconfig.cmake
[1.007s] -- Up-to-date: /home/paulav/contact_ws/install/messages/share/messages/cmake/export_messages__rosidl_generator_pyExport.cmake
[1.007s] -- Up-to-date: /home/paulav/contact_ws/install/messages/share/messages/cmake/export_messages__rosidl_generator_pyExport-noconfig.cmake
[1.009s] Invoked command in '/home/paulav/contact_ws/build/messages' returned '0': CMAKE_PREFIX_PATH=${CMAKE_PREFIX_PATH}:/home/paulav/contact_ws/install/trust_contact:/home/paulav/contact_ws/install/contact_localization_ros:/opt/ros/humble /usr/bin/cmake --install /home/paulav/contact_ws/build/messages
