[0.053s] DEBUG:colcon:Command line arguments: ['/usr/bin/colcon', 'build']
[0.053s] DEBUG:colcon:Parsed command line arguments: Namespace(log_base=None, log_level=None, verb_name='build', build_base='build', install_base='install', merge_install=False, symlink_install=False, test_result_base=None, continue_on_error=False, executor='parallel', parallel_workers=24, event_handlers=None, ignore_user_meta=False, metas=['./colcon.meta'], base_paths=['.'], packages_ignore=None, packages_ignore_regex=None, paths=None, packages_up_to=None, packages_up_to_regex=None, packages_above=None, packages_above_and_dependencies=None, packages_above_depth=None, packages_select_by_dep=None, packages_skip_by_dep=None, packages_skip_up_to=None, packages_select_build_failed=False, packages_skip_build_finished=False, packages_select_test_failures=False, packages_skip_test_passed=False, packages_select=None, packages_skip=None, packages_select_regex=None, packages_skip_regex=None, packages_start=None, packages_end=None, allow_overriding=[], cmake_args=None, cmake_target=None, cmake_target_skip_unavailable=False, cmake_clean_cache=False, cmake_clean_first=False, cmake_force_configure=False, ament_cmake_args=None, catkin_cmake_args=None, catkin_skip_building_tests=False, mixin_files=None, mixin=None, verb_parser=<colcon_mixin.mixin.mixin_argument.MixinArgumentDecorator object at 0x700ee35b41f0>, verb_extension=<colcon_core.verb.build.BuildVerb object at 0x700ee358f7f0>, main=<bound method BuildVerb.main of <colcon_core.verb.build.BuildVerb object at 0x700ee358f7f0>>, mixin_verb=('build',))
[0.138s] Level 1:colcon.colcon_core.package_discovery:discover_packages(colcon_meta) check parameters
[0.138s] Level 1:colcon.colcon_core.package_discovery:discover_packages(recursive) check parameters
[0.138s] Level 1:colcon.colcon_core.package_discovery:discover_packages(ignore) check parameters
[0.138s] Level 1:colcon.colcon_core.package_discovery:discover_packages(path) check parameters
[0.138s] Level 1:colcon.colcon_core.package_discovery:discover_packages(colcon_meta) discover
[0.138s] Level 1:colcon.colcon_core.package_discovery:discover_packages(recursive) discover
[0.138s] INFO:colcon.colcon_core.package_discovery:Crawling recursively for packages in '/home/paulav/contact_ws'
[0.138s] Level 1:colcon.colcon_core.package_identification:_identify(.) by extensions ['ignore', 'ignore_ament_install']
[0.138s] Level 1:colcon.colcon_core.package_identification:_identify(.) by extension 'ignore'
[0.138s] Level 1:colcon.colcon_core.package_identification:_identify(.) by extension 'ignore_ament_install'
[0.138s] Level 1:colcon.colcon_core.package_identification:_identify(.) by extensions ['colcon_pkg']
[0.138s] Level 1:colcon.colcon_core.package_identification:_identify(.) by extension 'colcon_pkg'
[0.138s] Level 1:colcon.colcon_core.package_identification:_identify(.) by extensions ['colcon_meta']
[0.138s] Level 1:colcon.colcon_core.package_identification:_identify(.) by extension 'colcon_meta'
[0.138s] Level 1:colcon.colcon_core.package_identification:_identify(.) by extensions ['ros']
[0.138s] Level 1:colcon.colcon_core.package_identification:_identify(.) by extension 'ros'
[0.148s] Level 1:colcon.colcon_core.package_identification:_identify(.) by extensions ['cmake', 'python']
[0.148s] Level 1:colcon.colcon_core.package_identification:_identify(.) by extension 'cmake'
[0.148s] Level 1:colcon.colcon_core.package_identification:_identify(.) by extension 'python'
[0.148s] Level 1:colcon.colcon_core.package_identification:_identify(.) by extensions ['python_setup_py']
[0.148s] Level 1:colcon.colcon_core.package_identification:_identify(.) by extension 'python_setup_py'
[0.148s] Level 1:colcon.colcon_core.package_identification:_identify(build) by extensions ['ignore', 'ignore_ament_install']
[0.148s] Level 1:colcon.colcon_core.package_identification:_identify(build) by extension 'ignore'
[0.148s] Level 1:colcon.colcon_core.package_identification:_identify(build) ignored
[0.148s] Level 1:colcon.colcon_core.package_identification:_identify(install) by extensions ['ignore', 'ignore_ament_install']
[0.148s] Level 1:colcon.colcon_core.package_identification:_identify(install) by extension 'ignore'
[0.148s] Level 1:colcon.colcon_core.package_identification:_identify(install) ignored
[0.148s] Level 1:colcon.colcon_core.package_identification:_identify(log) by extensions ['ignore', 'ignore_ament_install']
[0.148s] Level 1:colcon.colcon_core.package_identification:_identify(log) by extension 'ignore'
[0.148s] Level 1:colcon.colcon_core.package_identification:_identify(log) ignored
[0.148s] Level 1:colcon.colcon_core.package_identification:_identify(src) by extensions ['ignore', 'ignore_ament_install']
[0.148s] Level 1:colcon.colcon_core.package_identification:_identify(src) by extension 'ignore'
[0.148s] Level 1:colcon.colcon_core.package_identification:_identify(src) by extension 'ignore_ament_install'
[0.148s] Level 1:colcon.colcon_core.package_identification:_identify(src) by extensions ['colcon_pkg']
[0.149s] Level 1:colcon.colcon_core.package_identification:_identify(src) by extension 'colcon_pkg'
[0.149s] Level 1:colcon.colcon_core.package_identification:_identify(src) by extensions ['colcon_meta']
[0.149s] Level 1:colcon.colcon_core.package_identification:_identify(src) by extension 'colcon_meta'
[0.149s] Level 1:colcon.colcon_core.package_identification:_identify(src) by extensions ['ros']
[0.149s] Level 1:colcon.colcon_core.package_identification:_identify(src) by extension 'ros'
[0.149s] Level 1:colcon.colcon_core.package_identification:_identify(src) by extensions ['cmake', 'python']
[0.149s] Level 1:colcon.colcon_core.package_identification:_identify(src) by extension 'cmake'
[0.149s] Level 1:colcon.colcon_core.package_identification:_identify(src) by extension 'python'
[0.149s] Level 1:colcon.colcon_core.package_identification:_identify(src) by extensions ['python_setup_py']
[0.149s] Level 1:colcon.colcon_core.package_identification:_identify(src) by extension 'python_setup_py'
[0.149s] Level 1:colcon.colcon_core.package_identification:_identify(src/contact_localization_ros) by extensions ['ignore', 'ignore_ament_install']
[0.149s] Level 1:colcon.colcon_core.package_identification:_identify(src/contact_localization_ros) by extension 'ignore'
[0.149s] Level 1:colcon.colcon_core.package_identification:_identify(src/contact_localization_ros) by extension 'ignore_ament_install'
[0.149s] Level 1:colcon.colcon_core.package_identification:_identify(src/contact_localization_ros) by extensions ['colcon_pkg']
[0.149s] Level 1:colcon.colcon_core.package_identification:_identify(src/contact_localization_ros) by extension 'colcon_pkg'
[0.149s] Level 1:colcon.colcon_core.package_identification:_identify(src/contact_localization_ros) by extensions ['colcon_meta']
[0.149s] Level 1:colcon.colcon_core.package_identification:_identify(src/contact_localization_ros) by extension 'colcon_meta'
[0.149s] Level 1:colcon.colcon_core.package_identification:_identify(src/contact_localization_ros) by extensions ['ros']
[0.149s] Level 1:colcon.colcon_core.package_identification:_identify(src/contact_localization_ros) by extension 'ros'
[0.150s] DEBUG:colcon.colcon_core.package_identification:Package 'src/contact_localization_ros' with type 'ros.ament_python' and name 'contact_localization_ros'
[0.150s] Level 1:colcon.colcon_core.package_identification:_identify(src/force_location) by extensions ['ignore', 'ignore_ament_install']
[0.150s] Level 1:colcon.colcon_core.package_identification:_identify(src/force_location) by extension 'ignore'
[0.150s] Level 1:colcon.colcon_core.package_identification:_identify(src/force_location) by extension 'ignore_ament_install'
[0.150s] Level 1:colcon.colcon_core.package_identification:_identify(src/force_location) by extensions ['colcon_pkg']
[0.150s] Level 1:colcon.colcon_core.package_identification:_identify(src/force_location) by extension 'colcon_pkg'
[0.150s] Level 1:colcon.colcon_core.package_identification:_identify(src/force_location) by extensions ['colcon_meta']
[0.150s] Level 1:colcon.colcon_core.package_identification:_identify(src/force_location) by extension 'colcon_meta'
[0.150s] Level 1:colcon.colcon_core.package_identification:_identify(src/force_location) by extensions ['ros']
[0.150s] Level 1:colcon.colcon_core.package_identification:_identify(src/force_location) by extension 'ros'
[0.150s] Level 1:colcon.colcon_core.package_identification:_identify(src/force_location) by extensions ['cmake', 'python']
[0.150s] Level 1:colcon.colcon_core.package_identification:_identify(src/force_location) by extension 'cmake'
[0.150s] Level 1:colcon.colcon_core.package_identification:_identify(src/force_location) by extension 'python'
[0.150s] Level 1:colcon.colcon_core.package_identification:_identify(src/force_location) by extensions ['python_setup_py']
[0.150s] Level 1:colcon.colcon_core.package_identification:_identify(src/force_location) by extension 'python_setup_py'
[0.150s] Level 1:colcon.colcon_core.package_identification:_identify(src/force_location/diffusion) by extensions ['ignore', 'ignore_ament_install']
[0.151s] Level 1:colcon.colcon_core.package_identification:_identify(src/force_location/diffusion) by extension 'ignore'
[0.151s] Level 1:colcon.colcon_core.package_identification:_identify(src/force_location/diffusion) by extension 'ignore_ament_install'
[0.151s] Level 1:colcon.colcon_core.package_identification:_identify(src/force_location/diffusion) by extensions ['colcon_pkg']
[0.151s] Level 1:colcon.colcon_core.package_identification:_identify(src/force_location/diffusion) by extension 'colcon_pkg'
[0.151s] Level 1:colcon.colcon_core.package_identification:_identify(src/force_location/diffusion) by extensions ['colcon_meta']
[0.151s] Level 1:colcon.colcon_core.package_identification:_identify(src/force_location/diffusion) by extension 'colcon_meta'
[0.151s] Level 1:colcon.colcon_core.package_identification:_identify(src/force_location/diffusion) by extensions ['ros']
[0.151s] Level 1:colcon.colcon_core.package_identification:_identify(src/force_location/diffusion) by extension 'ros'
[0.151s] Level 1:colcon.colcon_core.package_identification:_identify(src/force_location/diffusion) by extensions ['cmake', 'python']
[0.151s] Level 1:colcon.colcon_core.package_identification:_identify(src/force_location/diffusion) by extension 'cmake'
[0.151s] Level 1:colcon.colcon_core.package_identification:_identify(src/force_location/diffusion) by extension 'python'
[0.151s] Level 1:colcon.colcon_core.package_identification:_identify(src/force_location/diffusion) by extensions ['python_setup_py']
[0.151s] Level 1:colcon.colcon_core.package_identification:_identify(src/force_location/diffusion) by extension 'python_setup_py'
[0.151s] Level 1:colcon.colcon_core.package_identification:_identify(src/force_location/diffusion/peg_trainingset) by extensions ['ignore', 'ignore_ament_install']
[0.151s] Level 1:colcon.colcon_core.package_identification:_identify(src/force_location/diffusion/peg_trainingset) by extension 'ignore'
[0.151s] Level 1:colcon.colcon_core.package_identification:_identify(src/force_location/diffusion/peg_trainingset) by extension 'ignore_ament_install'
[0.151s] Level 1:colcon.colcon_core.package_identification:_identify(src/force_location/diffusion/peg_trainingset) by extensions ['colcon_pkg']
[0.151s] Level 1:colcon.colcon_core.package_identification:_identify(src/force_location/diffusion/peg_trainingset) by extension 'colcon_pkg'
[0.151s] Level 1:colcon.colcon_core.package_identification:_identify(src/force_location/diffusion/peg_trainingset) by extensions ['colcon_meta']
[0.151s] Level 1:colcon.colcon_core.package_identification:_identify(src/force_location/diffusion/peg_trainingset) by extension 'colcon_meta'
[0.151s] Level 1:colcon.colcon_core.package_identification:_identify(src/force_location/diffusion/peg_trainingset) by extensions ['ros']
[0.151s] Level 1:colcon.colcon_core.package_identification:_identify(src/force_location/diffusion/peg_trainingset) by extension 'ros'
[0.151s] Level 1:colcon.colcon_core.package_identification:_identify(src/force_location/diffusion/peg_trainingset) by extensions ['cmake', 'python']
[0.151s] Level 1:colcon.colcon_core.package_identification:_identify(src/force_location/diffusion/peg_trainingset) by extension 'cmake'
[0.151s] Level 1:colcon.colcon_core.package_identification:_identify(src/force_location/diffusion/peg_trainingset) by extension 'python'
[0.151s] Level 1:colcon.colcon_core.package_identification:_identify(src/force_location/diffusion/peg_trainingset) by extensions ['python_setup_py']
[0.151s] Level 1:colcon.colcon_core.package_identification:_identify(src/force_location/diffusion/peg_trainingset) by extension 'python_setup_py'
[0.151s] Level 1:colcon.colcon_core.package_identification:_identify(src/force_location/force_application) by extensions ['ignore', 'ignore_ament_install']
[0.151s] Level 1:colcon.colcon_core.package_identification:_identify(src/force_location/force_application) by extension 'ignore'
[0.151s] Level 1:colcon.colcon_core.package_identification:_identify(src/force_location/force_application) by extension 'ignore_ament_install'
[0.151s] Level 1:colcon.colcon_core.package_identification:_identify(src/force_location/force_application) by extensions ['colcon_pkg']
[0.151s] Level 1:colcon.colcon_core.package_identification:_identify(src/force_location/force_application) by extension 'colcon_pkg'
[0.151s] Level 1:colcon.colcon_core.package_identification:_identify(src/force_location/force_application) by extensions ['colcon_meta']
[0.151s] Level 1:colcon.colcon_core.package_identification:_identify(src/force_location/force_application) by extension 'colcon_meta'
[0.151s] Level 1:colcon.colcon_core.package_identification:_identify(src/force_location/force_application) by extensions ['ros']
[0.151s] Level 1:colcon.colcon_core.package_identification:_identify(src/force_location/force_application) by extension 'ros'
[0.151s] Level 1:colcon.colcon_core.package_identification:_identify(src/force_location/force_application) by extensions ['cmake', 'python']
[0.151s] Level 1:colcon.colcon_core.package_identification:_identify(src/force_location/force_application) by extension 'cmake'
[0.151s] Level 1:colcon.colcon_core.package_identification:_identify(src/force_location/force_application) by extension 'python'
[0.151s] Level 1:colcon.colcon_core.package_identification:_identify(src/force_location/force_application) by extensions ['python_setup_py']
[0.151s] Level 1:colcon.colcon_core.package_identification:_identify(src/force_location/force_application) by extension 'python_setup_py'
[0.151s] Level 1:colcon.colcon_core.package_identification:_identify(src/force_location/force_application/pointcloud) by extensions ['ignore', 'ignore_ament_install']
[0.151s] Level 1:colcon.colcon_core.package_identification:_identify(src/force_location/force_application/pointcloud) by extension 'ignore'
[0.151s] Level 1:colcon.colcon_core.package_identification:_identify(src/force_location/force_application/pointcloud) by extension 'ignore_ament_install'
[0.151s] Level 1:colcon.colcon_core.package_identification:_identify(src/force_location/force_application/pointcloud) by extensions ['colcon_pkg']
[0.151s] Level 1:colcon.colcon_core.package_identification:_identify(src/force_location/force_application/pointcloud) by extension 'colcon_pkg'
[0.151s] Level 1:colcon.colcon_core.package_identification:_identify(src/force_location/force_application/pointcloud) by extensions ['colcon_meta']
[0.151s] Level 1:colcon.colcon_core.package_identification:_identify(src/force_location/force_application/pointcloud) by extension 'colcon_meta'
[0.151s] Level 1:colcon.colcon_core.package_identification:_identify(src/force_location/force_application/pointcloud) by extensions ['ros']
[0.151s] Level 1:colcon.colcon_core.package_identification:_identify(src/force_location/force_application/pointcloud) by extension 'ros'
[0.151s] Level 1:colcon.colcon_core.package_identification:_identify(src/force_location/force_application/pointcloud) by extensions ['cmake', 'python']
[0.151s] Level 1:colcon.colcon_core.package_identification:_identify(src/force_location/force_application/pointcloud) by extension 'cmake'
[0.151s] Level 1:colcon.colcon_core.package_identification:_identify(src/force_location/force_application/pointcloud) by extension 'python'
[0.151s] Level 1:colcon.colcon_core.package_identification:_identify(src/force_location/force_application/pointcloud) by extensions ['python_setup_py']
[0.152s] Level 1:colcon.colcon_core.package_identification:_identify(src/force_location/force_application/pointcloud) by extension 'python_setup_py'
[0.152s] Level 1:colcon.colcon_core.package_identification:_identify(src/trust_contact) by extensions ['ignore', 'ignore_ament_install']
[0.152s] Level 1:colcon.colcon_core.package_identification:_identify(src/trust_contact) by extension 'ignore'
[0.152s] Level 1:colcon.colcon_core.package_identification:_identify(src/trust_contact) by extension 'ignore_ament_install'
[0.152s] Level 1:colcon.colcon_core.package_identification:_identify(src/trust_contact) by extensions ['colcon_pkg']
[0.152s] Level 1:colcon.colcon_core.package_identification:_identify(src/trust_contact) by extension 'colcon_pkg'
[0.152s] Level 1:colcon.colcon_core.package_identification:_identify(src/trust_contact) by extensions ['colcon_meta']
[0.152s] Level 1:colcon.colcon_core.package_identification:_identify(src/trust_contact) by extension 'colcon_meta'
[0.152s] Level 1:colcon.colcon_core.package_identification:_identify(src/trust_contact) by extensions ['ros']
[0.152s] Level 1:colcon.colcon_core.package_identification:_identify(src/trust_contact) by extension 'ros'
[0.152s] DEBUG:colcon.colcon_core.package_identification:Package 'src/trust_contact' with type 'ros.ament_python' and name 'trust_contact'
[0.152s] Level 1:colcon.colcon_core.package_identification:_identify(src/trust_contact_change) by extensions ['ignore', 'ignore_ament_install']
[0.152s] Level 1:colcon.colcon_core.package_identification:_identify(src/trust_contact_change) by extension 'ignore'
[0.152s] Level 1:colcon.colcon_core.package_identification:_identify(src/trust_contact_change) by extension 'ignore_ament_install'
[0.152s] Level 1:colcon.colcon_core.package_identification:_identify(src/trust_contact_change) by extensions ['colcon_pkg']
[0.152s] Level 1:colcon.colcon_core.package_identification:_identify(src/trust_contact_change) by extension 'colcon_pkg'
[0.152s] Level 1:colcon.colcon_core.package_identification:_identify(src/trust_contact_change) by extensions ['colcon_meta']
[0.152s] Level 1:colcon.colcon_core.package_identification:_identify(src/trust_contact_change) by extension 'colcon_meta'
[0.152s] Level 1:colcon.colcon_core.package_identification:_identify(src/trust_contact_change) by extensions ['ros']
[0.152s] Level 1:colcon.colcon_core.package_identification:_identify(src/trust_contact_change) by extension 'ros'
[0.152s] Level 1:colcon.colcon_core.package_identification:_identify(src/trust_contact_change) by extensions ['cmake', 'python']
[0.152s] Level 1:colcon.colcon_core.package_identification:_identify(src/trust_contact_change) by extension 'cmake'
[0.152s] Level 1:colcon.colcon_core.package_identification:_identify(src/trust_contact_change) by extension 'python'
[0.152s] Level 1:colcon.colcon_core.package_identification:_identify(src/trust_contact_change) by extensions ['python_setup_py']
[0.152s] Level 1:colcon.colcon_core.package_identification:_identify(src/trust_contact_change) by extension 'python_setup_py'
[0.152s] Level 1:colcon.colcon_core.package_identification:_identify(src/trust_contact_change/build) by extensions ['ignore', 'ignore_ament_install']
[0.152s] Level 1:colcon.colcon_core.package_identification:_identify(src/trust_contact_change/build) by extension 'ignore'
[0.152s] Level 1:colcon.colcon_core.package_identification:_identify(src/trust_contact_change/build) ignored
[0.152s] Level 1:colcon.colcon_core.package_identification:_identify(src/trust_contact_change/install) by extensions ['ignore', 'ignore_ament_install']
[0.152s] Level 1:colcon.colcon_core.package_identification:_identify(src/trust_contact_change/install) by extension 'ignore'
[0.152s] Level 1:colcon.colcon_core.package_identification:_identify(src/trust_contact_change/install) ignored
[0.152s] Level 1:colcon.colcon_core.package_identification:_identify(src/trust_contact_change/log) by extensions ['ignore', 'ignore_ament_install']
[0.152s] Level 1:colcon.colcon_core.package_identification:_identify(src/trust_contact_change/log) by extension 'ignore'
[0.152s] Level 1:colcon.colcon_core.package_identification:_identify(src/trust_contact_change/log) ignored
[0.152s] Level 1:colcon.colcon_core.package_identification:_identify(src/trust_contact_change/models) by extensions ['ignore', 'ignore_ament_install']
[0.153s] Level 1:colcon.colcon_core.package_identification:_identify(src/trust_contact_change/models) by extension 'ignore'
[0.153s] Level 1:colcon.colcon_core.package_identification:_identify(src/trust_contact_change/models) by extension 'ignore_ament_install'
[0.153s] Level 1:colcon.colcon_core.package_identification:_identify(src/trust_contact_change/models) by extensions ['colcon_pkg']
[0.153s] Level 1:colcon.colcon_core.package_identification:_identify(src/trust_contact_change/models) by extension 'colcon_pkg'
[0.153s] Level 1:colcon.colcon_core.package_identification:_identify(src/trust_contact_change/models) by extensions ['colcon_meta']
[0.153s] Level 1:colcon.colcon_core.package_identification:_identify(src/trust_contact_change/models) by extension 'colcon_meta'
[0.153s] Level 1:colcon.colcon_core.package_identification:_identify(src/trust_contact_change/models) by extensions ['ros']
[0.153s] Level 1:colcon.colcon_core.package_identification:_identify(src/trust_contact_change/models) by extension 'ros'
[0.153s] Level 1:colcon.colcon_core.package_identification:_identify(src/trust_contact_change/models) by extensions ['cmake', 'python']
[0.153s] Level 1:colcon.colcon_core.package_identification:_identify(src/trust_contact_change/models) by extension 'cmake'
[0.153s] Level 1:colcon.colcon_core.package_identification:_identify(src/trust_contact_change/models) by extension 'python'
[0.153s] Level 1:colcon.colcon_core.package_identification:_identify(src/trust_contact_change/models) by extensions ['python_setup_py']
[0.153s] Level 1:colcon.colcon_core.package_identification:_identify(src/trust_contact_change/models) by extension 'python_setup_py'
[0.153s] Level 1:colcon.colcon_core.package_identification:_identify(src/trust_contact_change/models/assets) by extensions ['ignore', 'ignore_ament_install']
[0.153s] Level 1:colcon.colcon_core.package_identification:_identify(src/trust_contact_change/models/assets) by extension 'ignore'
[0.153s] Level 1:colcon.colcon_core.package_identification:_identify(src/trust_contact_change/models/assets) by extension 'ignore_ament_install'
[0.153s] Level 1:colcon.colcon_core.package_identification:_identify(src/trust_contact_change/models/assets) by extensions ['colcon_pkg']
[0.153s] Level 1:colcon.colcon_core.package_identification:_identify(src/trust_contact_change/models/assets) by extension 'colcon_pkg'
[0.153s] Level 1:colcon.colcon_core.package_identification:_identify(src/trust_contact_change/models/assets) by extensions ['colcon_meta']
[0.153s] Level 1:colcon.colcon_core.package_identification:_identify(src/trust_contact_change/models/assets) by extension 'colcon_meta'
[0.153s] Level 1:colcon.colcon_core.package_identification:_identify(src/trust_contact_change/models/assets) by extensions ['ros']
[0.153s] Level 1:colcon.colcon_core.package_identification:_identify(src/trust_contact_change/models/assets) by extension 'ros'
[0.153s] Level 1:colcon.colcon_core.package_identification:_identify(src/trust_contact_change/models/assets) by extensions ['cmake', 'python']
[0.153s] Level 1:colcon.colcon_core.package_identification:_identify(src/trust_contact_change/models/assets) by extension 'cmake'
[0.153s] Level 1:colcon.colcon_core.package_identification:_identify(src/trust_contact_change/models/assets) by extension 'python'
[0.153s] Level 1:colcon.colcon_core.package_identification:_identify(src/trust_contact_change/models/assets) by extensions ['python_setup_py']
[0.153s] Level 1:colcon.colcon_core.package_identification:_identify(src/trust_contact_change/models/assets) by extension 'python_setup_py'
[0.153s] Level 1:colcon.colcon_core.package_discovery:discover_packages(recursive) using defaults
[0.153s] Level 1:colcon.colcon_core.package_discovery:discover_packages(ignore) discover
[0.153s] Level 1:colcon.colcon_core.package_discovery:discover_packages(ignore) using defaults
[0.153s] Level 1:colcon.colcon_core.package_discovery:discover_packages(path) discover
[0.153s] Level 1:colcon.colcon_core.package_discovery:discover_packages(path) using defaults
[0.163s] Level 1:colcon.colcon_core.package_discovery:discover_packages(prefix_path) check parameters
[0.163s] Level 1:colcon.colcon_core.package_discovery:discover_packages(prefix_path) discover
[0.164s] DEBUG:colcon.colcon_installed_package_information.package_discovery:Found 2 installed packages in /home/paulav/contact_ws/install
[0.165s] DEBUG:colcon.colcon_installed_package_information.package_discovery:Found 378 installed packages in /opt/ros/humble
[0.166s] Level 1:colcon.colcon_core.package_discovery:discover_packages(prefix_path) using defaults
[0.187s] Level 5:colcon.colcon_core.verb:set package 'contact_localization_ros' build argument 'cmake_args' from command line to 'None'
[0.187s] Level 5:colcon.colcon_core.verb:set package 'contact_localization_ros' build argument 'cmake_target' from command line to 'None'
[0.187s] Level 5:colcon.colcon_core.verb:set package 'contact_localization_ros' build argument 'cmake_target_skip_unavailable' from command line to 'False'
[0.187s] Level 5:colcon.colcon_core.verb:set package 'contact_localization_ros' build argument 'cmake_clean_cache' from command line to 'False'
[0.187s] Level 5:colcon.colcon_core.verb:set package 'contact_localization_ros' build argument 'cmake_clean_first' from command line to 'False'
[0.187s] Level 5:colcon.colcon_core.verb:set package 'contact_localization_ros' build argument 'cmake_force_configure' from command line to 'False'
[0.187s] Level 5:colcon.colcon_core.verb:set package 'contact_localization_ros' build argument 'ament_cmake_args' from command line to 'None'
[0.187s] Level 5:colcon.colcon_core.verb:set package 'contact_localization_ros' build argument 'catkin_cmake_args' from command line to 'None'
[0.187s] Level 5:colcon.colcon_core.verb:set package 'contact_localization_ros' build argument 'catkin_skip_building_tests' from command line to 'False'
[0.187s] DEBUG:colcon.colcon_core.verb:Building package 'contact_localization_ros' with the following arguments: {'ament_cmake_args': None, 'build_base': '/home/paulav/contact_ws/build/contact_localization_ros', 'catkin_cmake_args': None, 'catkin_skip_building_tests': False, 'cmake_args': None, 'cmake_clean_cache': False, 'cmake_clean_first': False, 'cmake_force_configure': False, 'cmake_target': None, 'cmake_target_skip_unavailable': False, 'install_base': '/home/paulav/contact_ws/install/contact_localization_ros', 'merge_install': False, 'path': '/home/paulav/contact_ws/src/contact_localization_ros', 'symlink_install': False, 'test_result_base': None}
[0.188s] Level 5:colcon.colcon_core.verb:set package 'trust_contact' build argument 'cmake_args' from command line to 'None'
[0.188s] Level 5:colcon.colcon_core.verb:set package 'trust_contact' build argument 'cmake_target' from command line to 'None'
[0.188s] Level 5:colcon.colcon_core.verb:set package 'trust_contact' build argument 'cmake_target_skip_unavailable' from command line to 'False'
[0.188s] Level 5:colcon.colcon_core.verb:set package 'trust_contact' build argument 'cmake_clean_cache' from command line to 'False'
[0.188s] Level 5:colcon.colcon_core.verb:set package 'trust_contact' build argument 'cmake_clean_first' from command line to 'False'
[0.188s] Level 5:colcon.colcon_core.verb:set package 'trust_contact' build argument 'cmake_force_configure' from command line to 'False'
[0.188s] Level 5:colcon.colcon_core.verb:set package 'trust_contact' build argument 'ament_cmake_args' from command line to 'None'
[0.188s] Level 5:colcon.colcon_core.verb:set package 'trust_contact' build argument 'catkin_cmake_args' from command line to 'None'
[0.188s] Level 5:colcon.colcon_core.verb:set package 'trust_contact' build argument 'catkin_skip_building_tests' from command line to 'False'
[0.188s] DEBUG:colcon.colcon_core.verb:Building package 'trust_contact' with the following arguments: {'ament_cmake_args': None, 'build_base': '/home/paulav/contact_ws/build/trust_contact', 'catkin_cmake_args': None, 'catkin_skip_building_tests': False, 'cmake_args': None, 'cmake_clean_cache': False, 'cmake_clean_first': False, 'cmake_force_configure': False, 'cmake_target': None, 'cmake_target_skip_unavailable': False, 'install_base': '/home/paulav/contact_ws/install/trust_contact', 'merge_install': False, 'path': '/home/paulav/contact_ws/src/trust_contact', 'symlink_install': False, 'test_result_base': None}
[0.188s] INFO:colcon.colcon_core.executor:Executing jobs using 'parallel' executor
[0.188s] DEBUG:colcon.colcon_parallel_executor.executor.parallel:run_until_complete
[0.188s] INFO:colcon.colcon_ros.task.ament_python.build:Building ROS package in '/home/paulav/contact_ws/src/contact_localization_ros' with build type 'ament_python'
[0.188s] Level 1:colcon.colcon_core.shell:create_environment_hook('contact_localization_ros', 'ament_prefix_path')
[0.190s] INFO:colcon.colcon_core.plugin_system:Skipping extension 'colcon_core.shell.bat': Not used on non-Windows systems
[0.190s] INFO:colcon.colcon_core.shell:Creating environment hook '/home/paulav/contact_ws/install/contact_localization_ros/share/contact_localization_ros/hook/ament_prefix_path.ps1'
[0.190s] INFO:colcon.colcon_core.shell:Creating environment descriptor '/home/paulav/contact_ws/install/contact_localization_ros/share/contact_localization_ros/hook/ament_prefix_path.dsv'
[0.190s] INFO:colcon.colcon_core.shell:Creating environment hook '/home/paulav/contact_ws/install/contact_localization_ros/share/contact_localization_ros/hook/ament_prefix_path.sh'
[0.191s] INFO:colcon.colcon_core.shell:Skip shell extension 'powershell' for command environment: Not usable outside of PowerShell
[0.191s] DEBUG:colcon.colcon_core.shell:Skip shell extension 'dsv' for command environment
[0.192s] INFO:colcon.colcon_ros.task.ament_python.build:Building ROS package in '/home/paulav/contact_ws/src/trust_contact' with build type 'ament_python'
[0.192s] Level 1:colcon.colcon_core.shell:create_environment_hook('trust_contact', 'ament_prefix_path')
[0.192s] INFO:colcon.colcon_core.shell:Creating environment hook '/home/paulav/contact_ws/install/trust_contact/share/trust_contact/hook/ament_prefix_path.ps1'
[0.193s] INFO:colcon.colcon_core.shell:Creating environment descriptor '/home/paulav/contact_ws/install/trust_contact/share/trust_contact/hook/ament_prefix_path.dsv'
[0.193s] INFO:colcon.colcon_core.shell:Creating environment hook '/home/paulav/contact_ws/install/trust_contact/share/trust_contact/hook/ament_prefix_path.sh'
[0.193s] INFO:colcon.colcon_core.shell:Skip shell extension 'powershell' for command environment: Not usable outside of PowerShell
[0.193s] DEBUG:colcon.colcon_core.shell:Skip shell extension 'dsv' for command environment
[0.337s] INFO:colcon.colcon_core.task.python.build:Building Python package in '/home/paulav/contact_ws/src/contact_localization_ros'
[0.338s] INFO:colcon.colcon_core.shell:Skip shell extension 'powershell' for command environment: Not usable outside of PowerShell
[0.338s] DEBUG:colcon.colcon_core.shell:Skip shell extension 'dsv' for command environment
[0.473s] INFO:colcon.colcon_core.task.python.build:Building Python package in '/home/paulav/contact_ws/src/trust_contact'
[0.473s] INFO:colcon.colcon_core.shell:Skip shell extension 'powershell' for command environment: Not usable outside of PowerShell
[0.473s] DEBUG:colcon.colcon_core.shell:Skip shell extension 'dsv' for command environment
[0.678s] DEBUG:colcon.colcon_core.event_handler.log_command:Invoking command in '/home/paulav/contact_ws/src/trust_contact': PYTHONPATH=/home/paulav/contact_ws/build/trust_contact/prefix_override:/usr/lib/python3/dist-packages/colcon_core/task/python/colcon_distutils_commands:/home/paulav/contact_ws/install/trust_contact/lib/python3.10/site-packages:${PYTHONPATH} /usr/bin/python3 -W ignore:setup.py install is deprecated -W ignore:easy_install command is deprecated setup.py egg_info --egg-base ../../build/trust_contact build --build-base /home/paulav/contact_ws/build/trust_contact/build install --record /home/paulav/contact_ws/build/trust_contact/install.log --single-version-externally-managed install_data
[0.679s] DEBUG:colcon.colcon_core.event_handler.log_command:Invoking command in '/home/paulav/contact_ws/src/contact_localization_ros': PYTHONPATH=/home/paulav/contact_ws/build/contact_localization_ros/prefix_override:/usr/lib/python3/dist-packages/colcon_core/task/python/colcon_distutils_commands:/home/paulav/contact_ws/install/contact_localization_ros/lib/python3.10/site-packages:${PYTHONPATH} /usr/bin/python3 -W ignore:setup.py install is deprecated -W ignore:easy_install command is deprecated setup.py egg_info --egg-base ../../build/contact_localization_ros build --build-base /home/paulav/contact_ws/build/contact_localization_ros/build install --record /home/paulav/contact_ws/build/contact_localization_ros/install.log --single-version-externally-managed install_data
[0.831s] DEBUG:colcon.colcon_core.event_handler.log_command:Invoked command in '/home/paulav/contact_ws/src/contact_localization_ros' returned '0': PYTHONPATH=/home/paulav/contact_ws/build/contact_localization_ros/prefix_override:/usr/lib/python3/dist-packages/colcon_core/task/python/colcon_distutils_commands:/home/paulav/contact_ws/install/contact_localization_ros/lib/python3.10/site-packages:${PYTHONPATH} /usr/bin/python3 -W ignore:setup.py install is deprecated -W ignore:easy_install command is deprecated setup.py egg_info --egg-base ../../build/contact_localization_ros build --build-base /home/paulav/contact_ws/build/contact_localization_ros/build install --record /home/paulav/contact_ws/build/contact_localization_ros/install.log --single-version-externally-managed install_data
[0.834s] Level 1:colcon.colcon_core.environment:checking '/home/paulav/contact_ws/install/contact_localization_ros' for CMake module files
[0.834s] Level 1:colcon.colcon_core.environment:checking '/home/paulav/contact_ws/install/contact_localization_ros' for CMake config files
[0.835s] Level 1:colcon.colcon_core.environment:checking '/home/paulav/contact_ws/install/contact_localization_ros/lib'
[0.835s] Level 1:colcon.colcon_core.environment:checking '/home/paulav/contact_ws/install/contact_localization_ros/bin'
[0.835s] Level 1:colcon.colcon_core.environment:checking '/home/paulav/contact_ws/install/contact_localization_ros/lib/pkgconfig/contact_localization_ros.pc'
[0.835s] Level 1:colcon.colcon_core.environment:checking '/home/paulav/contact_ws/install/contact_localization_ros/lib/python3.10/site-packages'
[0.835s] Level 1:colcon.colcon_core.shell:create_environment_hook('contact_localization_ros', 'pythonpath')
[0.835s] INFO:colcon.colcon_core.shell:Creating environment hook '/home/paulav/contact_ws/install/contact_localization_ros/share/contact_localization_ros/hook/pythonpath.ps1'
[0.835s] INFO:colcon.colcon_core.shell:Creating environment descriptor '/home/paulav/contact_ws/install/contact_localization_ros/share/contact_localization_ros/hook/pythonpath.dsv'
[0.835s] INFO:colcon.colcon_core.shell:Creating environment hook '/home/paulav/contact_ws/install/contact_localization_ros/share/contact_localization_ros/hook/pythonpath.sh'
[0.836s] Level 1:colcon.colcon_core.environment:checking '/home/paulav/contact_ws/install/contact_localization_ros/bin'
[0.836s] Level 1:colcon.colcon_core.environment:create_environment_scripts_only(contact_localization_ros)
[0.836s] INFO:colcon.colcon_core.shell:Creating package script '/home/paulav/contact_ws/install/contact_localization_ros/share/contact_localization_ros/package.ps1'
[0.836s] INFO:colcon.colcon_core.shell:Creating package descriptor '/home/paulav/contact_ws/install/contact_localization_ros/share/contact_localization_ros/package.dsv'
[0.836s] INFO:colcon.colcon_core.shell:Creating package script '/home/paulav/contact_ws/install/contact_localization_ros/share/contact_localization_ros/package.sh'
[0.837s] INFO:colcon.colcon_core.shell:Creating package script '/home/paulav/contact_ws/install/contact_localization_ros/share/contact_localization_ros/package.bash'
[0.837s] INFO:colcon.colcon_core.shell:Creating package script '/home/paulav/contact_ws/install/contact_localization_ros/share/contact_localization_ros/package.zsh'
[0.837s] Level 1:colcon.colcon_core.environment:create_file_with_runtime_dependencies(/home/paulav/contact_ws/install/contact_localization_ros/share/colcon-core/packages/contact_localization_ros)
[0.838s] Level 1:colcon.colcon_core.environment:checking '/home/paulav/contact_ws/install/trust_contact' for CMake module files
[0.838s] DEBUG:colcon.colcon_core.event_handler.log_command:Invoked command in '/home/paulav/contact_ws/src/trust_contact' returned '0': PYTHONPATH=/home/paulav/contact_ws/build/trust_contact/prefix_override:/usr/lib/python3/dist-packages/colcon_core/task/python/colcon_distutils_commands:/home/paulav/contact_ws/install/trust_contact/lib/python3.10/site-packages:${PYTHONPATH} /usr/bin/python3 -W ignore:setup.py install is deprecated -W ignore:easy_install command is deprecated setup.py egg_info --egg-base ../../build/trust_contact build --build-base /home/paulav/contact_ws/build/trust_contact/build install --record /home/paulav/contact_ws/build/trust_contact/install.log --single-version-externally-managed install_data
[0.838s] Level 1:colcon.colcon_core.environment:checking '/home/paulav/contact_ws/install/trust_contact' for CMake config files
[0.839s] Level 1:colcon.colcon_core.environment:checking '/home/paulav/contact_ws/install/trust_contact/lib'
[0.839s] Level 1:colcon.colcon_core.environment:checking '/home/paulav/contact_ws/install/trust_contact/bin'
[0.839s] Level 1:colcon.colcon_core.environment:checking '/home/paulav/contact_ws/install/trust_contact/lib/pkgconfig/trust_contact.pc'
[0.839s] Level 1:colcon.colcon_core.environment:checking '/home/paulav/contact_ws/install/trust_contact/lib/python3.10/site-packages'
[0.839s] Level 1:colcon.colcon_core.shell:create_environment_hook('trust_contact', 'pythonpath')
[0.839s] INFO:colcon.colcon_core.shell:Creating environment hook '/home/paulav/contact_ws/install/trust_contact/share/trust_contact/hook/pythonpath.ps1'
[0.839s] INFO:colcon.colcon_core.shell:Creating environment descriptor '/home/paulav/contact_ws/install/trust_contact/share/trust_contact/hook/pythonpath.dsv'
[0.839s] INFO:colcon.colcon_core.shell:Creating environment hook '/home/paulav/contact_ws/install/trust_contact/share/trust_contact/hook/pythonpath.sh'
[0.840s] Level 1:colcon.colcon_core.environment:checking '/home/paulav/contact_ws/install/trust_contact/bin'
[0.840s] Level 1:colcon.colcon_core.environment:create_environment_scripts_only(trust_contact)
[0.840s] INFO:colcon.colcon_core.shell:Creating package script '/home/paulav/contact_ws/install/trust_contact/share/trust_contact/package.ps1'
[0.840s] INFO:colcon.colcon_core.shell:Creating package descriptor '/home/paulav/contact_ws/install/trust_contact/share/trust_contact/package.dsv'
[0.840s] INFO:colcon.colcon_core.shell:Creating package script '/home/paulav/contact_ws/install/trust_contact/share/trust_contact/package.sh'
[0.840s] INFO:colcon.colcon_core.shell:Creating package script '/home/paulav/contact_ws/install/trust_contact/share/trust_contact/package.bash'
[0.841s] INFO:colcon.colcon_core.shell:Creating package script '/home/paulav/contact_ws/install/trust_contact/share/trust_contact/package.zsh'
[0.841s] Level 1:colcon.colcon_core.environment:create_file_with_runtime_dependencies(/home/paulav/contact_ws/install/trust_contact/share/colcon-core/packages/trust_contact)
[0.841s] DEBUG:colcon.colcon_parallel_executor.executor.parallel:closing loop
[0.841s] DEBUG:colcon.colcon_parallel_executor.executor.parallel:loop closed
[0.841s] DEBUG:colcon.colcon_parallel_executor.executor.parallel:run_until_complete finished with '0'
[0.841s] DEBUG:colcon.colcon_core.event_reactor:joining thread
[0.844s] INFO:colcon.colcon_core.plugin_system:Skipping extension 'colcon_notification.desktop_notification.terminal_notifier': Not used on non-Darwin systems
[0.844s] INFO:colcon.colcon_core.plugin_system:Skipping extension 'colcon_notification.desktop_notification.win32': Not used on non-Windows systems
[0.844s] INFO:colcon.colcon_notification.desktop_notification:Sending desktop notification using 'notify2'
[0.853s] DEBUG:colcon.colcon_core.event_reactor:joined thread
[0.853s] INFO:colcon.colcon_core.shell:Creating prefix script '/home/paulav/contact_ws/install/local_setup.ps1'
[0.853s] INFO:colcon.colcon_core.shell:Creating prefix util module '/home/paulav/contact_ws/install/_local_setup_util_ps1.py'
[0.854s] INFO:colcon.colcon_core.shell:Creating prefix chain script '/home/paulav/contact_ws/install/setup.ps1'
[0.854s] INFO:colcon.colcon_core.shell:Creating prefix script '/home/paulav/contact_ws/install/local_setup.sh'
[0.855s] INFO:colcon.colcon_core.shell:Creating prefix util module '/home/paulav/contact_ws/install/_local_setup_util_sh.py'
[0.855s] INFO:colcon.colcon_core.shell:Creating prefix chain script '/home/paulav/contact_ws/install/setup.sh'
[0.855s] INFO:colcon.colcon_core.shell:Creating prefix script '/home/paulav/contact_ws/install/local_setup.bash'
[0.855s] INFO:colcon.colcon_core.shell:Creating prefix chain script '/home/paulav/contact_ws/install/setup.bash'
[0.856s] INFO:colcon.colcon_core.shell:Creating prefix script '/home/paulav/contact_ws/install/local_setup.zsh'
[0.856s] INFO:colcon.colcon_core.shell:Creating prefix chain script '/home/paulav/contact_ws/install/setup.zsh'
